  ELAPSED TIME: 2:38:53.452061 Simulations Completed

WRITTEN: 2017-07-03:

  RANDOM SEED = 0x3cbdab22 = 1,019,063,074
alpha(0.05) method(fdr_bh)
SETTINGS AND GO-DAG VERSION:
    Multitest Params: alpha(0.05) method(fdr_bh)
    GO-DAG version:   go-basic.obo: fmt(1.2) rel(2017-06-30) 48,928 GO Terms

ASSOCIATION INFORMATION:
    GOC Validation Date: 05/19/2017 $
    Submission Date: 5/19/2017
    gaf-version: 2.0
    Project_name: Mouse Genome Informatics (MGI)
    URL: http://www.informatics.jax.org/
    Contact Email: mgi-help@jax.org
    Funding: NHGRI of US National Institutes of Health
    software version: $Revision$
    date: 05/18/2017 $

18,651 GENES  IN ASSOCIATION
17,278 GO IDs IN ASSOCIATION
18,651 GENES  IN POPULATION
22,045 population genes (user)
18,651 population genes in assc.
   85% population genes coverage in assc.
   124 study genes (user)
   124 study genes in assc.
16,308 population genes - study buffer

SIMULATION PARAMETERS:
    randomize_truenull_assc rand_all
    perc_nulls      [100, 75, 50, 25, 0]
    num_genes_list  [4, 16, 64, 124]
    num_experiments 20
    num_sims        20


Summary of mean values and standard errors  for 20 sets of experiments

nul% #tests          fdr_actual         sensitivity         specificity        pos_pred_val        neg_pred_val
---- ------ ------------------- ------------------- ------------------- ------------------- -------------------
100%     4 0.0100 +/-0.000000 0.0000 +/-0.000000 0.9950 +/-0.000000 0.0000 +/-0.000000 1.0000 +/-0.000000 
100%    16 0.0075 +/-0.000000 0.0000 +/-0.000000 0.9969 +/-0.000000 0.0000 +/-0.000000 1.0000 +/-0.000000 
100%    64 0.0025 +/-0.000000 0.0000 +/-0.000000 0.9998 +/-0.000000 0.0000 +/-0.000000 1.0000 +/-0.000000 
100%   124 0.0125 +/-0.000000 0.0000 +/-0.000000 0.9996 +/-0.000000 0.0000 +/-0.000000 1.0000 +/-0.000000 
 75%     4 0.0000 +/-0.000000 0.0000 +/-0.000000 1.0000 +/-0.000000 0.0000 +/-0.000000 0.7500 +/-0.000000 
 75%    16 0.0075 +/-0.000000 0.0013 +/-0.000000 0.9985 +/-0.000000 0.0025 +/-0.000000 0.7499 +/-0.000000 
 75%    64 0.0040 +/-0.000000 0.0008 +/-0.000000 0.9997 +/-0.000000 0.0035 +/-0.000000 0.7501 +/-0.000000 
 75%   124 0.0061 +/-0.000000 0.0005 +/-0.000000 0.9994 +/-0.000000 0.0014 +/-0.000000 0.7500 +/-0.000000 
 50%     4 0.0000 +/-0.000000 0.0000 +/-0.000000 1.0000 +/-0.000000 0.0000 +/-0.000000 0.5000 +/-0.000000 
 50%    16 0.0042 +/-0.000000 0.0013 +/-0.000000 0.9984 +/-0.000000 0.0033 +/-0.000000 0.4999 +/-0.000000 
 50%    64 0.0029 +/-0.000000 0.0002 +/-0.000000 0.9997 +/-0.000000 0.0021 +/-0.000000 0.5000 +/-0.000000 
 50%   124 0.0038 +/-0.000000 0.0002 +/-0.000000 0.9998 +/-0.000000 0.0038 +/-0.000000 0.5000 +/-0.000000 
 25%     4 0.0008 +/-0.000000 0.0033 +/-0.000000 0.9975 +/-0.000000 0.0042 +/-0.000000 0.2500 +/-0.000000 
 25%    16 0.0000 +/-0.000000 0.0000 +/-0.000000 1.0000 +/-0.000000 0.0000 +/-0.000000 0.2500 +/-0.000000 
 25%    64 0.0030 +/-0.000000 0.0002 +/-0.000000 0.9994 +/-0.000000 0.0020 +/-0.000000 0.2499 +/-0.000000 
 25%   124 0.0019 +/-0.000000 0.0002 +/-0.000000 0.9997 +/-0.000000 0.0056 +/-0.000000 0.2500 +/-0.000000 
  0%     4 0.0000 +/-0.000000 0.0025 +/-0.000000 0.0000 +/-0.000000 0.0050 +/-0.000000 0.0000 +/-0.000000 
  0%    16 0.0000 +/-0.000000 0.0014 +/-0.000000 0.0000 +/-0.000000 0.0100 +/-0.000000 0.0000 +/-0.000000 
  0%    64 0.0000 +/-0.000000 0.0003 +/-0.000000 0.0000 +/-0.000000 0.0050 +/-0.000000 0.0000 +/-0.000000 
  0%   124 0.0000 +/-0.000000 0.0004 +/-0.000000 0.0000 +/-0.000000 0.0100 +/-0.000000 0.0000 +/-0.000000 


fdr_actual statistics:
Nul(% max) #pval #tests | # exps        | range                | 25th percentile |   median | 75th percentile |     mean | stddev
------------------------|---------------|----------------------|-----------------|----------|-----------------|----------|-------
100% 0.050     4 |            20 | 0.0000 to 0.0500     |          0.0000 |   0.0000 |          0.0000 |   0.0100 | 0.0205
100% 0.050    16 |            20 | 0.0000 to 0.0500     |          0.0000 |   0.0000 |          0.0000 |   0.0075 | 0.0183
100% 0.050    64 |            20 | 0.0000 to 0.0500     |          0.0000 |   0.0000 |          0.0000 |   0.0025 | 0.0112
100% 0.050   124 |            20 | 0.0000 to 0.1000     |          0.0000 |   0.0000 |          0.0000 |   0.0125 | 0.0275
 75% 0.038     4 |            20 | 0.0000 to 0.0000     |          0.0000 |   0.0000 |          0.0000 |   0.0000 | 0.0000
 75% 0.038    16 |            20 | 0.0000 to 0.0500     |          0.0000 |   0.0000 |          0.0000 |   0.0075 | 0.0164
 75% 0.038    64 |            20 | 0.0000 to 0.0375     |          0.0000 |   0.0000 |          0.0000 |   0.0040 | 0.0102
 75% 0.038   124 |            20 | 0.0000 to 0.0891     |          0.0000 |   0.0000 |          0.0000 |   0.0061 | 0.0209
 50% 0.025     4 |            20 | 0.0000 to 0.0000     |          0.0000 |   0.0000 |          0.0000 |   0.0000 | 0.0000
 50% 0.025    16 |            20 | 0.0000 to 0.0583     |          0.0000 |   0.0000 |          0.0000 |   0.0042 | 0.0139
 50% 0.025    64 |            20 | 0.0000 to 0.0583     |          0.0000 |   0.0000 |          0.0000 |   0.0029 | 0.0130
 50% 0.025   124 |            20 | 0.0000 to 0.0333     |          0.0000 |   0.0000 |          0.0000 |   0.0038 | 0.0095
 25% 0.013     4 |            20 | 0.0000 to 0.0167     |          0.0000 |   0.0000 |          0.0000 |   0.0008 | 0.0037
 25% 0.013    16 |            20 | 0.0000 to 0.0000     |          0.0000 |   0.0000 |          0.0000 |   0.0000 | 0.0000
 25% 0.013    64 |            20 | 0.0000 to 0.0500     |          0.0000 |   0.0000 |          0.0000 |   0.0030 | 0.0113
 25% 0.013   124 |            20 | 0.0000 to 0.0214     |          0.0000 |   0.0000 |          0.0000 |   0.0019 | 0.0059
  0% 0.000     4 |            20 | 0.0000 to 0.0000     |          0.0000 |   0.0000 |          0.0000 |   0.0000 | 0.0000
  0% 0.000    16 |            20 | 0.0000 to 0.0000     |          0.0000 |   0.0000 |          0.0000 |   0.0000 | 0.0000
  0% 0.000    64 |            20 | 0.0000 to 0.0000     |          0.0000 |   0.0000 |          0.0000 |   0.0000 | 0.0000
  0% 0.000   124 |            20 | 0.0000 to 0.0000     |          0.0000 |   0.0000 |          0.0000 |   0.0000 | 0.0000

sensitivity statistics:
Nul(% max) #pval #tests | # exps        | range                | 25th percentile |   median | 75th percentile |     mean | stddev
------------------------|---------------|----------------------|-----------------|----------|-----------------|----------|-------
100% 0.050     4 |            20 | 0.0000 to 0.0000     |          0.0000 |   0.0000 |          0.0000 |   0.0000 | 0.0000
100% 0.050    16 |            20 | 0.0000 to 0.0000     |          0.0000 |   0.0000 |          0.0000 |   0.0000 | 0.0000
100% 0.050    64 |            20 | 0.0000 to 0.0000     |          0.0000 |   0.0000 |          0.0000 |   0.0000 | 0.0000
100% 0.050   124 |            20 | 0.0000 to 0.0000     |          0.0000 |   0.0000 |          0.0000 |   0.0000 | 0.0000
 75% 0.038     4 |            20 | 0.0000 to 0.0000     |          0.0000 |   0.0000 |          0.0000 |   0.0000 | 0.0000
 75% 0.038    16 |            20 | 0.0000 to 0.0125     |          0.0000 |   0.0000 |          0.0000 |   0.0013 | 0.0038
 75% 0.038    64 |            20 | 0.0000 to 0.0063     |          0.0000 |   0.0000 |          0.0000 |   0.0008 | 0.0020
 75% 0.038   124 |            20 | 0.0000 to 0.0081     |          0.0000 |   0.0000 |          0.0000 |   0.0005 | 0.0018
 50% 0.025     4 |            20 | 0.0000 to 0.0000     |          0.0000 |   0.0000 |          0.0000 |   0.0000 | 0.0000
 50% 0.025    16 |            20 | 0.0000 to 0.0125     |          0.0000 |   0.0000 |          0.0000 |   0.0013 | 0.0038
 50% 0.025    64 |            20 | 0.0000 to 0.0047     |          0.0000 |   0.0000 |          0.0000 |   0.0002 | 0.0010
 50% 0.025   124 |            20 | 0.0000 to 0.0016     |          0.0000 |   0.0000 |          0.0000 |   0.0002 | 0.0005
 25% 0.013     4 |            20 | 0.0000 to 0.0333     |          0.0000 |   0.0000 |          0.0000 |   0.0033 | 0.0103
 25% 0.013    16 |            20 | 0.0000 to 0.0000     |          0.0000 |   0.0000 |          0.0000 |   0.0000 | 0.0000
 25% 0.013    64 |            20 | 0.0000 to 0.0042     |          0.0000 |   0.0000 |          0.0000 |   0.0002 | 0.0009
 25% 0.013   124 |            20 | 0.0000 to 0.0022     |          0.0000 |   0.0000 |          0.0000 |   0.0002 | 0.0006
  0% 0.000     4 |            20 | 0.0000 to 0.0250     |          0.0000 |   0.0000 |          0.0000 |   0.0025 | 0.0077
  0% 0.000    16 |            20 | 0.0000 to 0.0094     |          0.0000 |   0.0000 |          0.0000 |   0.0014 | 0.0030
  0% 0.000    64 |            20 | 0.0000 to 0.0063     |          0.0000 |   0.0000 |          0.0000 |   0.0003 | 0.0014
  0% 0.000   124 |            20 | 0.0000 to 0.0040     |          0.0000 |   0.0000 |          0.0000 |   0.0004 | 0.0011

specificity statistics:
Nul(% max) #pval #tests | # exps        | range                | 25th percentile |   median | 75th percentile |     mean | stddev
------------------------|---------------|----------------------|-----------------|----------|-----------------|----------|-------
100% 0.050     4 |            20 | 0.9750 to 1.0000     |          1.0000 |   1.0000 |          1.0000 |   0.9950 | 0.0103
100% 0.050    16 |            20 | 0.9594 to 1.0000     |          1.0000 |   1.0000 |          1.0000 |   0.9969 | 0.0096
100% 0.050    64 |            20 | 0.9961 to 1.0000     |          1.0000 |   1.0000 |          1.0000 |   0.9998 | 0.0009
100% 0.050   124 |            20 | 0.9964 to 1.0000     |          1.0000 |   1.0000 |          1.0000 |   0.9996 | 0.0009
 75% 0.038     4 |            20 | 1.0000 to 1.0000     |          1.0000 |   1.0000 |          1.0000 |   1.0000 | 0.0000
 75% 0.038    16 |            20 | 0.9875 to 1.0000     |          1.0000 |   1.0000 |          1.0000 |   0.9985 | 0.0034
 75% 0.038    64 |            20 | 0.9969 to 1.0000     |          1.0000 |   1.0000 |          1.0000 |   0.9997 | 0.0008
 75% 0.038   124 |            20 | 0.9887 to 1.0000     |          1.0000 |   1.0000 |          1.0000 |   0.9994 | 0.0025
 50% 0.025     4 |            20 | 1.0000 to 1.0000     |          1.0000 |   1.0000 |          1.0000 |   1.0000 | 0.0000
 50% 0.025    16 |            20 | 0.9812 to 1.0000     |          1.0000 |   1.0000 |          1.0000 |   0.9984 | 0.0049
 50% 0.025    64 |            20 | 0.9938 to 1.0000     |          1.0000 |   1.0000 |          1.0000 |   0.9997 | 0.0014
 50% 0.025   124 |            20 | 0.9984 to 1.0000     |          1.0000 |   1.0000 |          1.0000 |   0.9998 | 0.0005
 25% 0.013     4 |            20 | 0.9500 to 1.0000     |          1.0000 |   1.0000 |          1.0000 |   0.9975 | 0.0112
 25% 0.013    16 |            20 | 1.0000 to 1.0000     |          1.0000 |   1.0000 |          1.0000 |   1.0000 | 0.0000
 25% 0.013    64 |            20 | 0.9906 to 1.0000     |          1.0000 |   1.0000 |          1.0000 |   0.9994 | 0.0022
 25% 0.013   124 |            20 | 0.9952 to 1.0000     |          1.0000 |   1.0000 |          1.0000 |   0.9997 | 0.0011
  0% 0.000     4 |            20 | 0.0000 to 0.0000     |          0.0000 |   0.0000 |          0.0000 |   0.0000 | 0.0000
  0% 0.000    16 |            20 | 0.0000 to 0.0000     |          0.0000 |   0.0000 |          0.0000 |   0.0000 | 0.0000
  0% 0.000    64 |            20 | 0.0000 to 0.0000     |          0.0000 |   0.0000 |          0.0000 |   0.0000 | 0.0000
  0% 0.000   124 |            20 | 0.0000 to 0.0000     |          0.0000 |   0.0000 |          0.0000 |   0.0000 | 0.0000

pos_pred_val statistics:
Nul(% max) #pval #tests | # exps        | range                | 25th percentile |   median | 75th percentile |     mean | stddev
------------------------|---------------|----------------------|-----------------|----------|-----------------|----------|-------
100% 0.050     4 |            20 | 0.0000 to 0.0000     |          0.0000 |   0.0000 |          0.0000 |   0.0000 | 0.0000
100% 0.050    16 |            20 | 0.0000 to 0.0000     |          0.0000 |   0.0000 |          0.0000 |   0.0000 | 0.0000
100% 0.050    64 |            20 | 0.0000 to 0.0000     |          0.0000 |   0.0000 |          0.0000 |   0.0000 | 0.0000
100% 0.050   124 |            20 | 0.0000 to 0.0000     |          0.0000 |   0.0000 |          0.0000 |   0.0000 | 0.0000
 75% 0.038     4 |            20 | 0.0000 to 0.0000     |          0.0000 |   0.0000 |          0.0000 |   0.0000 | 0.0000
 75% 0.038    16 |            20 | 0.0000 to 0.0250     |          0.0000 |   0.0000 |          0.0000 |   0.0025 | 0.0077
 75% 0.038    64 |            20 | 0.0000 to 0.0333     |          0.0000 |   0.0000 |          0.0000 |   0.0035 | 0.0093
 75% 0.038   124 |            20 | 0.0000 to 0.0167     |          0.0000 |   0.0000 |          0.0000 |   0.0014 | 0.0043
 50% 0.025     4 |            20 | 0.0000 to 0.0000     |          0.0000 |   0.0000 |          0.0000 |   0.0000 | 0.0000
 50% 0.025    16 |            20 | 0.0000 to 0.0417     |          0.0000 |   0.0000 |          0.0000 |   0.0033 | 0.0106
 50% 0.025    64 |            20 | 0.0000 to 0.0417     |          0.0000 |   0.0000 |          0.0000 |   0.0021 | 0.0093
 50% 0.025   124 |            20 | 0.0000 to 0.0333     |          0.0000 |   0.0000 |          0.0000 |   0.0038 | 0.0095
 25% 0.013     4 |            20 | 0.0000 to 0.0500     |          0.0000 |   0.0000 |          0.0000 |   0.0042 | 0.0131
 25% 0.013    16 |            20 | 0.0000 to 0.0000     |          0.0000 |   0.0000 |          0.0000 |   0.0000 | 0.0000
 25% 0.013    64 |            20 | 0.0000 to 0.0400     |          0.0000 |   0.0000 |          0.0000 |   0.0020 | 0.0089
 25% 0.013   124 |            20 | 0.0000 to 0.0500     |          0.0000 |   0.0000 |          0.0000 |   0.0056 | 0.0141
  0% 0.000     4 |            20 | 0.0000 to 0.0500     |          0.0000 |   0.0000 |          0.0000 |   0.0050 | 0.0154
  0% 0.000    16 |            20 | 0.0000 to 0.0500     |          0.0000 |   0.0000 |          0.0000 |   0.0100 | 0.0205
  0% 0.000    64 |            20 | 0.0000 to 0.1000     |          0.0000 |   0.0000 |          0.0000 |   0.0050 | 0.0224
  0% 0.000   124 |            20 | 0.0000 to 0.1000     |          0.0000 |   0.0000 |          0.0000 |   0.0100 | 0.0262

neg_pred_val statistics:
Nul(% max) #pval #tests | # exps        | range                | 25th percentile |   median | 75th percentile |     mean | stddev
------------------------|---------------|----------------------|-----------------|----------|-----------------|----------|-------
100% 0.050     4 |            20 | 1.0000 to 1.0000     |          1.0000 |   1.0000 |          1.0000 |   1.0000 | 0.0000
100% 0.050    16 |            20 | 1.0000 to 1.0000     |          1.0000 |   1.0000 |          1.0000 |   1.0000 | 0.0000
100% 0.050    64 |            20 | 1.0000 to 1.0000     |          1.0000 |   1.0000 |          1.0000 |   1.0000 | 0.0000
100% 0.050   124 |            20 | 1.0000 to 1.0000     |          1.0000 |   1.0000 |          1.0000 |   1.0000 | 0.0000
 75% 0.038     4 |            20 | 0.7500 to 0.7500     |          0.7500 |   0.7500 |          0.7500 |   0.7500 | 0.0000
 75% 0.038    16 |            20 | 0.7471 to 0.7518     |          0.7500 |   0.7500 |          0.7500 |   0.7499 | 0.0010
 75% 0.038    64 |            20 | 0.7500 to 0.7510     |          0.7500 |   0.7500 |          0.7500 |   0.7501 | 0.0003
 75% 0.038   124 |            20 | 0.7493 to 0.7501     |          0.7500 |   0.7500 |          0.7500 |   0.7500 | 0.0002
 50% 0.025     4 |            20 | 0.5000 to 0.5000     |          0.5000 |   0.5000 |          0.5000 |   0.5000 | 0.0000
 50% 0.025    16 |            20 | 0.4981 to 0.5000     |          0.5000 |   0.5000 |          0.5000 |   0.4999 | 0.0004
 50% 0.025    64 |            20 | 0.4996 to 0.5000     |          0.5000 |   0.5000 |          0.5000 |   0.5000 | 0.0001
 50% 0.025   124 |            20 | 0.4998 to 0.5002     |          0.5000 |   0.5000 |          0.5000 |   0.5000 | 0.0001
 25% 0.013     4 |            20 | 0.2375 to 0.2625     |          0.2500 |   0.2500 |          0.2500 |   0.2500 | 0.0041
 25% 0.013    16 |            20 | 0.2500 to 0.2500     |          0.2500 |   0.2500 |          0.2500 |   0.2500 | 0.0000
 25% 0.013    64 |            20 | 0.2482 to 0.2502     |          0.2500 |   0.2500 |          0.2500 |   0.2499 | 0.0004
 25% 0.013   124 |            20 | 0.2495 to 0.2503     |          0.2500 |   0.2500 |          0.2500 |   0.2500 | 0.0001
  0% 0.000     4 |            20 | 0.0000 to 0.0000     |          0.0000 |   0.0000 |          0.0000 |   0.0000 | 0.0000
  0% 0.000    16 |            20 | 0.0000 to 0.0000     |          0.0000 |   0.0000 |          0.0000 |   0.0000 | 0.0000
  0% 0.000    64 |            20 | 0.0000 to 0.0000     |          0.0000 |   0.0000 |          0.0000 |   0.0000 | 0.0000
  0% 0.000   124 |            20 | 0.0000 to 0.0000     |          0.0000 |   0.0000 |          0.0000 |   0.0000 | 0.0000
  ELAPSED TIME: 2:38:56.328603 Simulations complete. Reports and plots generated.
