  ELAPSED TIME: 5:03:51.057828 Simulations Completed

WRITTEN: 2017-11-29:

  RANDOM SEED = 0xe56f2891 = 3,849,267,345
alpha(0.05) method(fdr_bh) propagate_counts(False)
SETTINGS AND GO-DAG VERSION:
    Multitest Params: alpha(0.05) method(fdr_bh) propagate_counts(False)
    GO-DAG version:   go-basic.obo: fmt(1.2) rel(2017-06-30) 46,830 GO Terms

ASSOCIATION INFORMATION:
    GOC Validation Date: 05/19/2017 $
    Submission Date: 5/19/2017
    gaf-version: 2.0
    Project_name: Mouse Genome Informatics (MGI)
    URL: http://www.informatics.jax.org/
    Contact Email: mgi-help@jax.org
    Funding: NHGRI of US National Institutes of Health
    software version: $Revision$
    date: 05/18/2017 $

18,676 GENES  IN ASSOCIATION
17,277 GO IDs IN ASSOCIATION
18,676 GENES  IN POPULATION
22,027 population genes (user)
18,676 population genes in assc.
   85% population genes coverage in assc.
   124 study genes (user)
   124 study genes in assc.
16,334 population genes - study buffer

TITLE: GOEAs recovering Humoral Response (HR) genes
SIMULATION PARAMETERS:
    randomize_truenull_assc orig_noprune_enriched_ntn2
    perc_nulls      [100, 75, 50, 25, 0]
    num_genes_list  [4, 8, 16, 20, 48, 64, 80, 96, 112, 124]
    num_experiments 20
    num_sims        20


Summary of genes mean values and standard errors for 50 sets of experiments

nul% #tests          fdr_actual         sensitivity         specificity        pos_pred_val        neg_pred_val
---- ------ ------------------- ------------------- ------------------- ------------------- -------------------
100%      4  0.0025 +/-0.000000  0.0000 +/-0.000000  0.9988 +/-0.000000  0.0000 +/-0.000000  1.0000 +/-0.000000
100%      8  0.0050 +/-0.000000  0.0000 +/-0.000000  0.9988 +/-0.000000  0.0000 +/-0.000000  1.0000 +/-0.000000
100%     16  0.0075 +/-0.000000  0.0000 +/-0.000000  0.9991 +/-0.000000  0.0000 +/-0.000000  1.0000 +/-0.000000
100%     20  0.0025 +/-0.000000  0.0000 +/-0.000000  0.9996 +/-0.000000  0.0000 +/-0.000000  1.0000 +/-0.000000
100%     48  0.0000 +/-0.000000  0.0000 +/-0.000000  1.0000 +/-0.000000  0.0000 +/-0.000000  1.0000 +/-0.000000
100%     64  0.0050 +/-0.000000  0.0000 +/-0.000000  0.9998 +/-0.000000  0.0000 +/-0.000000  1.0000 +/-0.000000
100%     80  0.0050 +/-0.000000  0.0000 +/-0.000000  0.9998 +/-0.000000  0.0000 +/-0.000000  1.0000 +/-0.000000
100%     96  0.0050 +/-0.000000  0.0000 +/-0.000000  0.9998 +/-0.000000  0.0000 +/-0.000000  1.0000 +/-0.000000
100%    112  0.0075 +/-0.000000  0.0000 +/-0.000000  0.9996 +/-0.000000  0.0000 +/-0.000000  1.0000 +/-0.000000
100%    124  0.0025 +/-0.000000  0.0000 +/-0.000000  0.9999 +/-0.000000  0.0000 +/-0.000000  1.0000 +/-0.000000
 75%      4  0.0000 +/-0.000000  0.0000 +/-0.000000  1.0000 +/-0.000000  0.0000 +/-0.000000  0.7500 +/-0.000000
 75%      8  0.0050 +/-0.000000  0.0025 +/-0.000000  0.9983 +/-0.000000  0.0025 +/-0.000000  0.7502 +/-0.000000
 75%     16  0.0038 +/-0.000000  0.0894 +/-0.000000  0.9994 +/-0.000000  0.1088 +/-0.000000  0.7711 +/-0.000000
 75%     20  0.0025 +/-0.000000  0.0955 +/-0.000000  0.9995 +/-0.000000  0.1150 +/-0.000000  0.7726 +/-0.000000
 75%     48  0.0015 +/-0.000000  0.5290 +/-0.000000  0.9995 +/-0.000000  0.9385 +/-0.000000  0.8675 +/-0.000000
 75%     64  0.0014 +/-0.000000  0.7378 +/-0.000000  0.9996 +/-0.000000  0.9986 +/-0.000000  0.9216 +/-0.000000
 75%     80  0.0025 +/-0.000000  0.8144 +/-0.000000  0.9992 +/-0.000000  0.9975 +/-0.000000  0.9433 +/-0.000000
 75%     96  0.0020 +/-0.000000  0.8209 +/-0.000000  0.9994 +/-0.000000  0.9980 +/-0.000000  0.9449 +/-0.000000
 75%    112  0.0011 +/-0.000000  0.8655 +/-0.000000  0.9997 +/-0.000000  0.9989 +/-0.000000  0.9578 +/-0.000000
 75%    124  0.0018 +/-0.000000  0.8831 +/-0.000000  0.9994 +/-0.000000  0.9982 +/-0.000000  0.9630 +/-0.000000
 50%      4  0.0025 +/-0.000000  0.0225 +/-0.000000  0.9975 +/-0.000000  0.0225 +/-0.000000  0.5100 +/-0.000000
 50%      8  0.0019 +/-0.000000  0.2144 +/-0.000000  0.9988 +/-0.000000  0.2781 +/-0.000000  0.5881 +/-0.000000
 50%     16  0.0016 +/-0.000000  0.4934 +/-0.000000  0.9991 +/-0.000000  0.8634 +/-0.000000  0.6837 +/-0.000000
 50%     20  0.0003 +/-0.000000  0.6270 +/-0.000000  0.9998 +/-0.000000  0.9297 +/-0.000000  0.7485 +/-0.000000
 50%     48  0.0017 +/-0.000000  0.8856 +/-0.000000  0.9982 +/-0.000000  0.9983 +/-0.000000  0.9016 +/-0.000000
 50%     64  0.0028 +/-0.000000  0.9288 +/-0.000000  0.9970 +/-0.000000  0.9972 +/-0.000000  0.9351 +/-0.000000
 50%     80  0.0017 +/-0.000000  0.9416 +/-0.000000  0.9983 +/-0.000000  0.9983 +/-0.000000  0.9458 +/-0.000000
 50%     96  0.0013 +/-0.000000  0.9479 +/-0.000000  0.9987 +/-0.000000  0.9987 +/-0.000000  0.9512 +/-0.000000
 50%    112  0.0018 +/-0.000000  0.9557 +/-0.000000  0.9982 +/-0.000000  0.9982 +/-0.000000  0.9581 +/-0.000000
 50%    124  0.0018 +/-0.000000  0.9604 +/-0.000000  0.9982 +/-0.000000  0.9982 +/-0.000000  0.9623 +/-0.000000
 25%      4  0.0000 +/-0.000000  0.1292 +/-0.000000  1.0000 +/-0.000000  0.1450 +/-0.000000  0.3350 +/-0.000000
 25%      8  0.0008 +/-0.000000  0.4187 +/-0.000000  0.9975 +/-0.000000  0.7017 +/-0.000000  0.4135 +/-0.000000
 25%     16  0.0017 +/-0.000000  0.7590 +/-0.000000  0.9956 +/-0.000000  0.9983 +/-0.000000  0.6217 +/-0.000000
 25%     20  0.0006 +/-0.000000  0.8310 +/-0.000000  0.9985 +/-0.000000  0.9994 +/-0.000000  0.6971 +/-0.000000
 25%     48  0.0015 +/-0.000000  0.9386 +/-0.000000  0.9956 +/-0.000000  0.9985 +/-0.000000  0.8515 +/-0.000000
 25%     64  0.0014 +/-0.000000  0.9584 +/-0.000000  0.9958 +/-0.000000  0.9986 +/-0.000000  0.8938 +/-0.000000
 25%     80  0.0023 +/-0.000000  0.9693 +/-0.000000  0.9931 +/-0.000000  0.9977 +/-0.000000  0.9181 +/-0.000000
 25%     96  0.0017 +/-0.000000  0.9765 +/-0.000000  0.9948 +/-0.000000  0.9983 +/-0.000000  0.9360 +/-0.000000
 25%    112  0.0017 +/-0.000000  0.9799 +/-0.000000  0.9949 +/-0.000000  0.9983 +/-0.000000  0.9442 +/-0.000000
 25%    124  0.0015 +/-0.000000  0.9836 +/-0.000000  0.9956 +/-0.000000  0.9985 +/-0.000000  0.9539 +/-0.000000
  0%      4  0.0000 +/-0.000000  0.2050 +/-0.000000  0.0000 +/-0.000000  0.2850 +/-0.000000  0.0000 +/-0.000000
  0%      8  0.0000 +/-0.000000  0.6247 +/-0.000000  0.0000 +/-0.000000  0.9750 +/-0.000000  0.0000 +/-0.000000
  0%     16  0.0000 +/-0.000000  0.8612 +/-0.000000  0.0000 +/-0.000000  1.0000 +/-0.000000  0.0000 +/-0.000000
  0%     20  0.0000 +/-0.000000  0.9029 +/-0.000000  0.0000 +/-0.000000  1.0000 +/-0.000000  0.0000 +/-0.000000
  0%     48  0.0000 +/-0.000000  0.9623 +/-0.000000  0.0000 +/-0.000000  1.0000 +/-0.000000  0.0000 +/-0.000000
  0%     64  0.0000 +/-0.000000  0.9721 +/-0.000000  0.0000 +/-0.000000  1.0000 +/-0.000000  0.0000 +/-0.000000
  0%     80  0.0000 +/-0.000000  0.9847 +/-0.000000  0.0000 +/-0.000000  1.0000 +/-0.000000  0.0000 +/-0.000000
  0%     96  0.0000 +/-0.000000  0.9910 +/-0.000000  0.0000 +/-0.000000  1.0000 +/-0.000000  0.0000 +/-0.000000
  0%    112  0.0000 +/-0.000000  0.9951 +/-0.000000  0.0000 +/-0.000000  1.0000 +/-0.000000  0.0000 +/-0.000000
  0%    124  0.0000 +/-0.000000  1.0000 +/-0.000000  0.0000 +/-0.000000  1.0000 +/-0.000000  0.0000 +/-0.000000


Summary of goids mean values and standard errors for 50 sets of experiments

nul% #tests          fdr_actual         sensitivity         specificity        pos_pred_val        neg_pred_val
---- ------ ------------------- ------------------- ------------------- ------------------- -------------------
100%      4  0.0025 +/-0.000000  0.0000 +/-0.000000  0.9999 +/-0.000000  0.0000 +/-0.000000  1.0000 +/-0.000000
100%      8  0.0050 +/-0.000000  0.0000 +/-0.000000  1.0000 +/-0.000000  0.0000 +/-0.000000  1.0000 +/-0.000000
100%     16  0.0075 +/-0.000000  0.0000 +/-0.000000  0.9999 +/-0.000000  0.0000 +/-0.000000  1.0000 +/-0.000000
100%     20  0.0025 +/-0.000000  0.0000 +/-0.000000  1.0000 +/-0.000000  0.0000 +/-0.000000  1.0000 +/-0.000000
100%     48  0.0000 +/-0.000000  0.0000 +/-0.000000  1.0000 +/-0.000000  0.0000 +/-0.000000  1.0000 +/-0.000000
100%     64  0.0050 +/-0.000000  0.0000 +/-0.000000  1.0000 +/-0.000000  0.0000 +/-0.000000  1.0000 +/-0.000000
100%     80  0.0050 +/-0.000000  0.0000 +/-0.000000  1.0000 +/-0.000000  0.0000 +/-0.000000  1.0000 +/-0.000000
100%     96  0.0050 +/-0.000000  0.0000 +/-0.000000  1.0000 +/-0.000000  0.0000 +/-0.000000  1.0000 +/-0.000000
100%    112  0.0075 +/-0.000000  0.0000 +/-0.000000  1.0000 +/-0.000000  0.0000 +/-0.000000  1.0000 +/-0.000000
100%    124  0.0025 +/-0.000000  0.0000 +/-0.000000  1.0000 +/-0.000000  0.0000 +/-0.000000  1.0000 +/-0.000000
 75%      4  0.0000 +/-0.000000  0.0000 +/-0.000000  1.0000 +/-0.000000  0.0000 +/-0.000000  0.9702 +/-0.000000
 75%      8  0.0050 +/-0.000000  0.0025 +/-0.000000  0.9999 +/-0.000000  0.0025 +/-0.000000  0.9762 +/-0.000000
 75%     16  0.0050 +/-0.000000  0.0561 +/-0.000000  1.0000 +/-0.000000  0.1075 +/-0.000000  0.9814 +/-0.000000
 75%     20  0.0025 +/-0.000000  0.0598 +/-0.000000  1.0000 +/-0.000000  0.1150 +/-0.000000  0.9822 +/-0.000000
 75%     48  0.0033 +/-0.000000  0.2484 +/-0.000000  1.0000 +/-0.000000  0.9367 +/-0.000000  0.9902 +/-0.000000
 75%     64  0.0030 +/-0.000000  0.3840 +/-0.000000  1.0000 +/-0.000000  0.9970 +/-0.000000  0.9931 +/-0.000000
 75%     80  0.0042 +/-0.000000  0.4356 +/-0.000000  1.0000 +/-0.000000  0.9958 +/-0.000000  0.9943 +/-0.000000
 75%     96  0.0055 +/-0.000000  0.4165 +/-0.000000  1.0000 +/-0.000000  0.9945 +/-0.000000  0.9946 +/-0.000000
 75%    112  0.0026 +/-0.000000  0.4449 +/-0.000000  1.0000 +/-0.000000  0.9974 +/-0.000000  0.9953 +/-0.000000
 75%    124  0.0037 +/-0.000000  0.4630 +/-0.000000  1.0000 +/-0.000000  0.9963 +/-0.000000  0.9956 +/-0.000000
 50%      4  0.0150 +/-0.000000  0.0046 +/-0.000000  0.9998 +/-0.000000  0.0100 +/-0.000000  0.9466 +/-0.000000
 50%      8  0.0033 +/-0.000000  0.1360 +/-0.000000  1.0000 +/-0.000000  0.2767 +/-0.000000  0.9649 +/-0.000000
 50%     16  0.0107 +/-0.000000  0.2545 +/-0.000000  0.9999 +/-0.000000  0.8543 +/-0.000000  0.9791 +/-0.000000
 50%     20  0.0025 +/-0.000000  0.3346 +/-0.000000  1.0000 +/-0.000000  0.9275 +/-0.000000  0.9828 +/-0.000000
 50%     48  0.0045 +/-0.000000  0.4898 +/-0.000000  1.0000 +/-0.000000  0.9955 +/-0.000000  0.9923 +/-0.000000
 50%     64  0.0110 +/-0.000000  0.5756 +/-0.000000  0.9999 +/-0.000000  0.9890 +/-0.000000  0.9946 +/-0.000000
 50%     80  0.0083 +/-0.000000  0.6017 +/-0.000000  0.9999 +/-0.000000  0.9917 +/-0.000000  0.9955 +/-0.000000
 50%     96  0.0052 +/-0.000000  0.6329 +/-0.000000  1.0000 +/-0.000000  0.9948 +/-0.000000  0.9964 +/-0.000000
 50%    112  0.0099 +/-0.000000  0.6537 +/-0.000000  0.9999 +/-0.000000  0.9901 +/-0.000000  0.9969 +/-0.000000
 50%    124  0.0088 +/-0.000000  0.6716 +/-0.000000  0.9999 +/-0.000000  0.9912 +/-0.000000  0.9973 +/-0.000000
 25%      4  0.0100 +/-0.000000  0.1058 +/-0.000000  0.9998 +/-0.000000  0.1350 +/-0.000000  0.9308 +/-0.000000
 25%      8  0.0096 +/-0.000000  0.2371 +/-0.000000  0.9999 +/-0.000000  0.6929 +/-0.000000  0.9583 +/-0.000000
 25%     16  0.0184 +/-0.000000  0.4220 +/-0.000000  0.9997 +/-0.000000  0.9816 +/-0.000000  0.9807 +/-0.000000
 25%     20  0.0110 +/-0.000000  0.4740 +/-0.000000  0.9998 +/-0.000000  0.9890 +/-0.000000  0.9855 +/-0.000000
 25%     48  0.0096 +/-0.000000  0.5961 +/-0.000000  0.9999 +/-0.000000  0.9904 +/-0.000000  0.9937 +/-0.000000
 25%     64  0.0096 +/-0.000000  0.6645 +/-0.000000  0.9999 +/-0.000000  0.9904 +/-0.000000  0.9956 +/-0.000000
 25%     80  0.0131 +/-0.000000  0.7254 +/-0.000000  0.9999 +/-0.000000  0.9869 +/-0.000000  0.9969 +/-0.000000
 25%     96  0.0117 +/-0.000000  0.7662 +/-0.000000  0.9999 +/-0.000000  0.9883 +/-0.000000  0.9978 +/-0.000000
 25%    112  0.0127 +/-0.000000  0.7800 +/-0.000000  0.9999 +/-0.000000  0.9873 +/-0.000000  0.9981 +/-0.000000
 25%    124  0.0103 +/-0.000000  0.8036 +/-0.000000  0.9999 +/-0.000000  0.9897 +/-0.000000  0.9984 +/-0.000000
  0%      4  0.0063 +/-0.000000  0.1292 +/-0.000000  0.9999 +/-0.000000  0.2787 +/-0.000000  0.9014 +/-0.000000
  0%      8  0.0316 +/-0.000000  0.3577 +/-0.000000  0.9993 +/-0.000000  0.9434 +/-0.000000  0.9601 +/-0.000000
  0%     16  0.0412 +/-0.000000  0.4996 +/-0.000000  0.9992 +/-0.000000  0.9588 +/-0.000000  0.9827 +/-0.000000
  0%     20  0.0446 +/-0.000000  0.5379 +/-0.000000  0.9992 +/-0.000000  0.9554 +/-0.000000  0.9862 +/-0.000000
  0%     48  0.0258 +/-0.000000  0.7063 +/-0.000000  0.9997 +/-0.000000  0.9742 +/-0.000000  0.9953 +/-0.000000
  0%     64  0.0074 +/-0.000000  0.7470 +/-0.000000  0.9999 +/-0.000000  0.9926 +/-0.000000  0.9967 +/-0.000000
  0%     80  0.0058 +/-0.000000  0.8117 +/-0.000000  0.9999 +/-0.000000  0.9942 +/-0.000000  0.9979 +/-0.000000
  0%     96  0.0000 +/-0.000000  0.8736 +/-0.000000  1.0000 +/-0.000000  1.0000 +/-0.000000  0.9988 +/-0.000000
  0%    112  0.0000 +/-0.000000  0.9229 +/-0.000000  1.0000 +/-0.000000  1.0000 +/-0.000000  0.9994 +/-0.000000
  0%    124  0.0000 +/-0.000000  1.0000 +/-0.000000  1.0000 +/-0.000000  1.0000 +/-0.000000  1.0000 +/-0.000000


fdr_actual statistics:
Nul(% max) #pval #tests | # exps        | range                | 25th percentile |   median | 75th percentile |     mean | stddev
-----------------------|---------------|----------------------|-----------------|----------|-----------------|----------|-------
100% 0.050     4 |            20 | 0.0000 to 0.0500     |          0.0000 |   0.0000 |          0.0000 |   0.0025 | 0.0112
100% 0.050     8 |            20 | 0.0000 to 0.0500     |          0.0000 |   0.0000 |          0.0000 |   0.0050 | 0.0154
100% 0.050    16 |            20 | 0.0000 to 0.0500     |          0.0000 |   0.0000 |          0.0000 |   0.0075 | 0.0183
100% 0.050    20 |            20 | 0.0000 to 0.0500     |          0.0000 |   0.0000 |          0.0000 |   0.0025 | 0.0112
100% 0.050    48 |            20 | 0.0000 to 0.0000     |          0.0000 |   0.0000 |          0.0000 |   0.0000 | 0.0000
100% 0.050    64 |            20 | 0.0000 to 0.0500     |          0.0000 |   0.0000 |          0.0000 |   0.0050 | 0.0154
100% 0.050    80 |            20 | 0.0000 to 0.0500     |          0.0000 |   0.0000 |          0.0000 |   0.0050 | 0.0154
100% 0.050    96 |            20 | 0.0000 to 0.0500     |          0.0000 |   0.0000 |          0.0000 |   0.0050 | 0.0154
100% 0.050   112 |            20 | 0.0000 to 0.0500     |          0.0000 |   0.0000 |          0.0000 |   0.0075 | 0.0183
100% 0.050   124 |            20 | 0.0000 to 0.0500     |          0.0000 |   0.0000 |          0.0000 |   0.0025 | 0.0112
 75% 0.038     4 |            20 | 0.0000 to 0.0000     |          0.0000 |   0.0000 |          0.0000 |   0.0000 | 0.0000
 75% 0.038     8 |            20 | 0.0000 to 0.0500     |          0.0000 |   0.0000 |          0.0000 |   0.0050 | 0.0154
 75% 0.038    16 |            20 | 0.0000 to 0.0500     |          0.0000 |   0.0000 |          0.0000 |   0.0038 | 0.0122
 75% 0.038    20 |            20 | 0.0000 to 0.0500     |          0.0000 |   0.0000 |          0.0000 |   0.0025 | 0.0112
 75% 0.038    48 |            20 | 0.0000 to 0.0100     |          0.0000 |   0.0000 |          0.0000 |   0.0015 | 0.0033
 75% 0.038    64 |            20 | 0.0000 to 0.0083     |          0.0000 |   0.0000 |          0.0000 |   0.0014 | 0.0030
 75% 0.038    80 |            20 | 0.0000 to 0.0088     |          0.0000 |   0.0000 |          0.0034 |   0.0025 | 0.0034
 75% 0.038    96 |            20 | 0.0000 to 0.0100     |          0.0000 |   0.0000 |          0.0037 |   0.0020 | 0.0033
 75% 0.038   112 |            20 | 0.0000 to 0.0071     |          0.0000 |   0.0000 |          0.0000 |   0.0011 | 0.0023
 75% 0.038   124 |            20 | 0.0000 to 0.0097     |          0.0000 |   0.0000 |          0.0031 |   0.0018 | 0.0027
 50% 0.025     4 |            20 | 0.0000 to 0.0250     |          0.0000 |   0.0000 |          0.0000 |   0.0025 | 0.0077
 50% 0.025     8 |            20 | 0.0000 to 0.0375     |          0.0000 |   0.0000 |          0.0000 |   0.0019 | 0.0084
 50% 0.025    16 |            20 | 0.0000 to 0.0167     |          0.0000 |   0.0000 |          0.0000 |   0.0016 | 0.0044
 50% 0.025    20 |            20 | 0.0000 to 0.0050     |          0.0000 |   0.0000 |          0.0000 |   0.0003 | 0.0011
 50% 0.025    48 |            20 | 0.0000 to 0.0083     |          0.0000 |   0.0000 |          0.0026 |   0.0017 | 0.0030
 50% 0.025    64 |            20 | 0.0000 to 0.0186     |          0.0000 |   0.0023 |          0.0031 |   0.0028 | 0.0042
 50% 0.025    80 |            20 | 0.0000 to 0.0073     |          0.0000 |   0.0013 |          0.0025 |   0.0017 | 0.0022
 50% 0.025    96 |            20 | 0.0000 to 0.0063     |          0.0000 |   0.0000 |          0.0021 |   0.0013 | 0.0019
 50% 0.025   112 |            20 | 0.0000 to 0.0103     |          0.0000 |   0.0009 |          0.0019 |   0.0018 | 0.0025
 50% 0.025   124 |            20 | 0.0000 to 0.0057     |          0.0006 |   0.0016 |          0.0024 |   0.0018 | 0.0016
 25% 0.013     4 |            20 | 0.0000 to 0.0000     |          0.0000 |   0.0000 |          0.0000 |   0.0000 | 0.0000
 25% 0.013     8 |            20 | 0.0000 to 0.0167     |          0.0000 |   0.0000 |          0.0000 |   0.0008 | 0.0037
 25% 0.013    16 |            20 | 0.0000 to 0.0111     |          0.0000 |   0.0000 |          0.0039 |   0.0017 | 0.0031
 25% 0.013    20 |            20 | 0.0000 to 0.0038     |          0.0000 |   0.0000 |          0.0000 |   0.0006 | 0.0014
 25% 0.013    48 |            20 | 0.0000 to 0.0041     |          0.0000 |   0.0014 |          0.0027 |   0.0015 | 0.0014
 25% 0.013    64 |            20 | 0.0000 to 0.0060     |          0.0000 |   0.0011 |          0.0021 |   0.0014 | 0.0015
 25% 0.013    80 |            20 | 0.0000 to 0.0057     |          0.0009 |   0.0017 |          0.0036 |   0.0023 | 0.0018
 25% 0.013    96 |            20 | 0.0000 to 0.0041     |          0.0005 |   0.0017 |          0.0027 |   0.0017 | 0.0013
 25% 0.013   112 |            20 | 0.0000 to 0.0051     |          0.0006 |   0.0012 |          0.0023 |   0.0017 | 0.0014
 25% 0.013   124 |            20 | 0.0000 to 0.0042     |          0.0000 |   0.0011 |          0.0023 |   0.0015 | 0.0014
  0% 0.000     4 |            20 | 0.0000 to 0.0000     |          0.0000 |   0.0000 |          0.0000 |   0.0000 | 0.0000
  0% 0.000     8 |            20 | 0.0000 to 0.0000     |          0.0000 |   0.0000 |          0.0000 |   0.0000 | 0.0000
  0% 0.000    16 |            20 | 0.0000 to 0.0000     |          0.0000 |   0.0000 |          0.0000 |   0.0000 | 0.0000
  0% 0.000    20 |            20 | 0.0000 to 0.0000     |          0.0000 |   0.0000 |          0.0000 |   0.0000 | 0.0000
  0% 0.000    48 |            20 | 0.0000 to 0.0000     |          0.0000 |   0.0000 |          0.0000 |   0.0000 | 0.0000
  0% 0.000    64 |            20 | 0.0000 to 0.0000     |          0.0000 |   0.0000 |          0.0000 |   0.0000 | 0.0000
  0% 0.000    80 |            20 | 0.0000 to 0.0000     |          0.0000 |   0.0000 |          0.0000 |   0.0000 | 0.0000
  0% 0.000    96 |            20 | 0.0000 to 0.0000     |          0.0000 |   0.0000 |          0.0000 |   0.0000 | 0.0000
  0% 0.000   112 |            20 | 0.0000 to 0.0000     |          0.0000 |   0.0000 |          0.0000 |   0.0000 | 0.0000
  0% 0.000   124 |            20 | 0.0000 to 0.0000     |          0.0000 |   0.0000 |          0.0000 |   0.0000 | 0.0000

sensitivity statistics:
Nul(% max) #pval #tests | # exps        | range                | 25th percentile |   median | 75th percentile |     mean | stddev
-----------------------|---------------|----------------------|-----------------|----------|-----------------|----------|-------
100% 0.050     4 |            20 | 0.0000 to 0.0000     |          0.0000 |   0.0000 |          0.0000 |   0.0000 | 0.0000
100% 0.050     8 |            20 | 0.0000 to 0.0000     |          0.0000 |   0.0000 |          0.0000 |   0.0000 | 0.0000
100% 0.050    16 |            20 | 0.0000 to 0.0000     |          0.0000 |   0.0000 |          0.0000 |   0.0000 | 0.0000
100% 0.050    20 |            20 | 0.0000 to 0.0000     |          0.0000 |   0.0000 |          0.0000 |   0.0000 | 0.0000
100% 0.050    48 |            20 | 0.0000 to 0.0000     |          0.0000 |   0.0000 |          0.0000 |   0.0000 | 0.0000
100% 0.050    64 |            20 | 0.0000 to 0.0000     |          0.0000 |   0.0000 |          0.0000 |   0.0000 | 0.0000
100% 0.050    80 |            20 | 0.0000 to 0.0000     |          0.0000 |   0.0000 |          0.0000 |   0.0000 | 0.0000
100% 0.050    96 |            20 | 0.0000 to 0.0000     |          0.0000 |   0.0000 |          0.0000 |   0.0000 | 0.0000
100% 0.050   112 |            20 | 0.0000 to 0.0000     |          0.0000 |   0.0000 |          0.0000 |   0.0000 | 0.0000
100% 0.050   124 |            20 | 0.0000 to 0.0000     |          0.0000 |   0.0000 |          0.0000 |   0.0000 | 0.0000
 75% 0.038     4 |            20 | 0.0000 to 0.0000     |          0.0000 |   0.0000 |          0.0000 |   0.0000 | 0.0000
 75% 0.038     8 |            20 | 0.0000 to 0.0500     |          0.0000 |   0.0000 |          0.0000 |   0.0025 | 0.0112
 75% 0.038    16 |            20 | 0.0000 to 0.2375     |          0.0375 |   0.0875 |          0.1250 |   0.0894 | 0.0662
 75% 0.038    20 |            20 | 0.0000 to 0.2800     |          0.0400 |   0.0850 |          0.1325 |   0.0955 | 0.0707
 75% 0.038    48 |            20 | 0.4542 to 0.6167     |          0.5031 |   0.5146 |          0.5521 |   0.5290 | 0.0462
 75% 0.038    64 |            20 | 0.6469 to 0.7969     |          0.7180 |   0.7437 |          0.7633 |   0.7378 | 0.0361
 75% 0.038    80 |            20 | 0.7375 to 0.8775     |          0.7962 |   0.8062 |          0.8400 |   0.8144 | 0.0351
 75% 0.038    96 |            20 | 0.7625 to 0.8833     |          0.8016 |   0.8240 |          0.8375 |   0.8209 | 0.0308
 75% 0.038   112 |            20 | 0.8411 to 0.9071     |          0.8527 |   0.8696 |          0.8719 |   0.8655 | 0.0176
 75% 0.038   124 |            20 | 0.8419 to 0.9113     |          0.8742 |   0.8831 |          0.8952 |   0.8831 | 0.0186
 50% 0.025     4 |            20 | 0.0000 to 0.1000     |          0.0000 |   0.0000 |          0.0500 |   0.0225 | 0.0333
 50% 0.025     8 |            20 | 0.0750 to 0.3500     |          0.1719 |   0.2250 |          0.2531 |   0.2144 | 0.0802
 50% 0.025    16 |            20 | 0.3812 to 0.6000     |          0.4562 |   0.4875 |          0.5312 |   0.4934 | 0.0580
 50% 0.025    20 |            20 | 0.4700 to 0.6950     |          0.6100 |   0.6550 |          0.6650 |   0.6270 | 0.0621
 50% 0.025    48 |            20 | 0.8542 to 0.9229     |          0.8724 |   0.8833 |          0.8990 |   0.8856 | 0.0202
 50% 0.025    64 |            20 | 0.9094 to 0.9437     |          0.9215 |   0.9305 |          0.9352 |   0.9288 | 0.0094
 50% 0.025    80 |            20 | 0.9287 to 0.9537     |          0.9372 |   0.9413 |          0.9466 |   0.9416 | 0.0073
 50% 0.025    96 |            20 | 0.9333 to 0.9646     |          0.9427 |   0.9495 |          0.9513 |   0.9479 | 0.0074
 50% 0.025   112 |            20 | 0.9455 to 0.9634     |          0.9525 |   0.9567 |          0.9592 |   0.9557 | 0.0051
 50% 0.025   124 |            20 | 0.9540 to 0.9694     |          0.9579 |   0.9605 |          0.9629 |   0.9604 | 0.0042
 25% 0.013     4 |            20 | 0.0333 to 0.3333     |          0.0833 |   0.1000 |          0.1583 |   0.1292 | 0.0798
 25% 0.013     8 |            20 | 0.3167 to 0.6000     |          0.3729 |   0.4042 |          0.4771 |   0.4187 | 0.0718
 25% 0.013    16 |            20 | 0.7042 to 0.8250     |          0.7365 |   0.7604 |          0.7802 |   0.7590 | 0.0312
 25% 0.013    20 |            20 | 0.7900 to 0.8700     |          0.8242 |   0.8283 |          0.8383 |   0.8310 | 0.0203
 25% 0.013    48 |            20 | 0.9222 to 0.9542     |          0.9326 |   0.9382 |          0.9458 |   0.9386 | 0.0088
 25% 0.013    64 |            20 | 0.9437 to 0.9698     |          0.9552 |   0.9578 |          0.9625 |   0.9584 | 0.0067
 25% 0.013    80 |            20 | 0.9592 to 0.9783     |          0.9650 |   0.9692 |          0.9733 |   0.9693 | 0.0050
 25% 0.013    96 |            20 | 0.9694 to 0.9833     |          0.9733 |   0.9771 |          0.9788 |   0.9765 | 0.0040
 25% 0.013   112 |            20 | 0.9756 to 0.9845     |          0.9780 |   0.9798 |          0.9817 |   0.9799 | 0.0025
 25% 0.013   124 |            20 | 0.9785 to 0.9871     |          0.9817 |   0.9844 |          0.9855 |   0.9836 | 0.0026
  0% 0.000     4 |            20 | 0.0875 to 0.3625     |          0.1625 |   0.1938 |          0.2375 |   0.2050 | 0.0667
  0% 0.000     8 |            20 | 0.5250 to 0.7000     |          0.6000 |   0.6312 |          0.6516 |   0.6247 | 0.0459
  0% 0.000    16 |            20 | 0.8313 to 0.9062     |          0.8430 |   0.8562 |          0.8766 |   0.8612 | 0.0230
  0% 0.000    20 |            20 | 0.8750 to 0.9250     |          0.8944 |   0.9025 |          0.9137 |   0.9029 | 0.0134
  0% 0.000    48 |            20 | 0.9521 to 0.9750     |          0.9591 |   0.9630 |          0.9646 |   0.9623 | 0.0052
  0% 0.000    64 |            20 | 0.9641 to 0.9836     |          0.9695 |   0.9719 |          0.9752 |   0.9721 | 0.0047
  0% 0.000    80 |            20 | 0.9800 to 0.9906     |          0.9825 |   0.9847 |          0.9864 |   0.9847 | 0.0030
  0% 0.000    96 |            20 | 0.9844 to 0.9958     |          0.9898 |   0.9909 |          0.9923 |   0.9910 | 0.0025
  0% 0.000   112 |            20 | 0.9920 to 0.9982     |          0.9945 |   0.9951 |          0.9960 |   0.9951 | 0.0014
  0% 0.000   124 |            20 | 1.0000 to 1.0000     |          1.0000 |   1.0000 |          1.0000 |   1.0000 | 0.0000

specificity statistics:
Nul(% max) #pval #tests | # exps        | range                | 25th percentile |   median | 75th percentile |     mean | stddev
-----------------------|---------------|----------------------|-----------------|----------|-----------------|----------|-------
100% 0.050     4 |            20 | 0.9750 to 1.0000     |          1.0000 |   1.0000 |          1.0000 |   0.9988 | 0.0056
100% 0.050     8 |            20 | 0.9875 to 1.0000     |          1.0000 |   1.0000 |          1.0000 |   0.9988 | 0.0038
100% 0.050    16 |            20 | 0.9938 to 1.0000     |          1.0000 |   1.0000 |          1.0000 |   0.9991 | 0.0023
100% 0.050    20 |            20 | 0.9925 to 1.0000     |          1.0000 |   1.0000 |          1.0000 |   0.9996 | 0.0017
100% 0.050    48 |            20 | 1.0000 to 1.0000     |          1.0000 |   1.0000 |          1.0000 |   1.0000 | 0.0000
100% 0.050    64 |            20 | 0.9977 to 1.0000     |          1.0000 |   1.0000 |          1.0000 |   0.9998 | 0.0007
100% 0.050    80 |            20 | 0.9975 to 1.0000     |          1.0000 |   1.0000 |          1.0000 |   0.9998 | 0.0008
100% 0.050    96 |            20 | 0.9974 to 1.0000     |          1.0000 |   1.0000 |          1.0000 |   0.9998 | 0.0007
100% 0.050   112 |            20 | 0.9951 to 1.0000     |          1.0000 |   1.0000 |          1.0000 |   0.9996 | 0.0011
100% 0.050   124 |            20 | 0.9988 to 1.0000     |          1.0000 |   1.0000 |          1.0000 |   0.9999 | 0.0003
 75% 0.038     4 |            20 | 1.0000 to 1.0000     |          1.0000 |   1.0000 |          1.0000 |   1.0000 | 0.0000
 75% 0.038     8 |            20 | 0.9833 to 1.0000     |          1.0000 |   1.0000 |          1.0000 |   0.9983 | 0.0051
 75% 0.038    16 |            20 | 0.9917 to 1.0000     |          1.0000 |   1.0000 |          1.0000 |   0.9994 | 0.0020
 75% 0.038    20 |            20 | 0.9900 to 1.0000     |          1.0000 |   1.0000 |          1.0000 |   0.9995 | 0.0022
 75% 0.038    48 |            20 | 0.9972 to 1.0000     |          1.0000 |   1.0000 |          1.0000 |   0.9995 | 0.0010
 75% 0.038    64 |            20 | 0.9969 to 1.0000     |          1.0000 |   1.0000 |          1.0000 |   0.9996 | 0.0009
 75% 0.038    80 |            20 | 0.9975 to 1.0000     |          0.9990 |   1.0000 |          1.0000 |   0.9992 | 0.0010
 75% 0.038    96 |            20 | 0.9972 to 1.0000     |          0.9991 |   1.0000 |          1.0000 |   0.9994 | 0.0009
 75% 0.038   112 |            20 | 0.9982 to 1.0000     |          1.0000 |   1.0000 |          1.0000 |   0.9997 | 0.0007
 75% 0.038   124 |            20 | 0.9968 to 1.0000     |          0.9989 |   1.0000 |          1.0000 |   0.9994 | 0.0009
 50% 0.025     4 |            20 | 0.9750 to 1.0000     |          1.0000 |   1.0000 |          1.0000 |   0.9975 | 0.0077
 50% 0.025     8 |            20 | 0.9750 to 1.0000     |          1.0000 |   1.0000 |          1.0000 |   0.9988 | 0.0056
 50% 0.025    16 |            20 | 0.9938 to 1.0000     |          1.0000 |   1.0000 |          1.0000 |   0.9991 | 0.0023
 50% 0.025    20 |            20 | 0.9950 to 1.0000     |          1.0000 |   1.0000 |          1.0000 |   0.9998 | 0.0011
 50% 0.025    48 |            20 | 0.9917 to 1.0000     |          0.9974 |   1.0000 |          1.0000 |   0.9982 | 0.0030
 50% 0.025    64 |            20 | 0.9781 to 1.0000     |          0.9969 |   0.9977 |          1.0000 |   0.9970 | 0.0048
 50% 0.025    80 |            20 | 0.9925 to 1.0000     |          0.9975 |   0.9988 |          1.0000 |   0.9983 | 0.0022
 50% 0.025    96 |            20 | 0.9937 to 1.0000     |          0.9979 |   1.0000 |          1.0000 |   0.9987 | 0.0019
 50% 0.025   112 |            20 | 0.9893 to 1.0000     |          0.9982 |   0.9991 |          1.0000 |   0.9982 | 0.0026
 50% 0.025   124 |            20 | 0.9944 to 1.0000     |          0.9976 |   0.9984 |          0.9994 |   0.9982 | 0.0016
 25% 0.013     4 |            20 | 1.0000 to 1.0000     |          1.0000 |   1.0000 |          1.0000 |   1.0000 | 0.0000
 25% 0.013     8 |            20 | 0.9500 to 1.0000     |          1.0000 |   1.0000 |          1.0000 |   0.9975 | 0.0112
 25% 0.013    16 |            20 | 0.9750 to 1.0000     |          0.9875 |   1.0000 |          1.0000 |   0.9956 | 0.0073
 25% 0.013    20 |            20 | 0.9900 to 1.0000     |          1.0000 |   1.0000 |          1.0000 |   0.9985 | 0.0037
 25% 0.013    48 |            20 | 0.9875 to 1.0000     |          0.9917 |   0.9958 |          1.0000 |   0.9956 | 0.0042
 25% 0.013    64 |            20 | 0.9812 to 1.0000     |          0.9938 |   0.9969 |          1.0000 |   0.9958 | 0.0047
 25% 0.013    80 |            20 | 0.9825 to 1.0000     |          0.9894 |   0.9950 |          0.9975 |   0.9931 | 0.0056
 25% 0.013    96 |            20 | 0.9875 to 1.0000     |          0.9917 |   0.9948 |          0.9984 |   0.9948 | 0.0040
 25% 0.013   112 |            20 | 0.9839 to 1.0000     |          0.9929 |   0.9964 |          0.9982 |   0.9949 | 0.0043
 25% 0.013   124 |            20 | 0.9871 to 1.0000     |          0.9931 |   0.9968 |          1.0000 |   0.9956 | 0.0044
  0% 0.000     4 |            20 | 0.0000 to 0.0000     |          0.0000 |   0.0000 |          0.0000 |   0.0000 | 0.0000
  0% 0.000     8 |            20 | 0.0000 to 0.0000     |          0.0000 |   0.0000 |          0.0000 |   0.0000 | 0.0000
  0% 0.000    16 |            20 | 0.0000 to 0.0000     |          0.0000 |   0.0000 |          0.0000 |   0.0000 | 0.0000
  0% 0.000    20 |            20 | 0.0000 to 0.0000     |          0.0000 |   0.0000 |          0.0000 |   0.0000 | 0.0000
  0% 0.000    48 |            20 | 0.0000 to 0.0000     |          0.0000 |   0.0000 |          0.0000 |   0.0000 | 0.0000
  0% 0.000    64 |            20 | 0.0000 to 0.0000     |          0.0000 |   0.0000 |          0.0000 |   0.0000 | 0.0000
  0% 0.000    80 |            20 | 0.0000 to 0.0000     |          0.0000 |   0.0000 |          0.0000 |   0.0000 | 0.0000
  0% 0.000    96 |            20 | 0.0000 to 0.0000     |          0.0000 |   0.0000 |          0.0000 |   0.0000 | 0.0000
  0% 0.000   112 |            20 | 0.0000 to 0.0000     |          0.0000 |   0.0000 |          0.0000 |   0.0000 | 0.0000
  0% 0.000   124 |            20 | 0.0000 to 0.0000     |          0.0000 |   0.0000 |          0.0000 |   0.0000 | 0.0000

pos_pred_val statistics:
Nul(% max) #pval #tests | # exps        | range                | 25th percentile |   median | 75th percentile |     mean | stddev
-----------------------|---------------|----------------------|-----------------|----------|-----------------|----------|-------
100% 0.050     4 |            20 | 0.0000 to 0.0000     |          0.0000 |   0.0000 |          0.0000 |   0.0000 | 0.0000
100% 0.050     8 |            20 | 0.0000 to 0.0000     |          0.0000 |   0.0000 |          0.0000 |   0.0000 | 0.0000
100% 0.050    16 |            20 | 0.0000 to 0.0000     |          0.0000 |   0.0000 |          0.0000 |   0.0000 | 0.0000
100% 0.050    20 |            20 | 0.0000 to 0.0000     |          0.0000 |   0.0000 |          0.0000 |   0.0000 | 0.0000
100% 0.050    48 |            20 | 0.0000 to 0.0000     |          0.0000 |   0.0000 |          0.0000 |   0.0000 | 0.0000
100% 0.050    64 |            20 | 0.0000 to 0.0000     |          0.0000 |   0.0000 |          0.0000 |   0.0000 | 0.0000
100% 0.050    80 |            20 | 0.0000 to 0.0000     |          0.0000 |   0.0000 |          0.0000 |   0.0000 | 0.0000
100% 0.050    96 |            20 | 0.0000 to 0.0000     |          0.0000 |   0.0000 |          0.0000 |   0.0000 | 0.0000
100% 0.050   112 |            20 | 0.0000 to 0.0000     |          0.0000 |   0.0000 |          0.0000 |   0.0000 | 0.0000
100% 0.050   124 |            20 | 0.0000 to 0.0000     |          0.0000 |   0.0000 |          0.0000 |   0.0000 | 0.0000
 75% 0.038     4 |            20 | 0.0000 to 0.0000     |          0.0000 |   0.0000 |          0.0000 |   0.0000 | 0.0000
 75% 0.038     8 |            20 | 0.0000 to 0.0500     |          0.0000 |   0.0000 |          0.0000 |   0.0025 | 0.0112
 75% 0.038    16 |            20 | 0.0000 to 0.2500     |          0.0500 |   0.1000 |          0.1500 |   0.1088 | 0.0766
 75% 0.038    20 |            20 | 0.0000 to 0.3500     |          0.0500 |   0.1000 |          0.1500 |   0.1150 | 0.0875
 75% 0.038    48 |            20 | 0.8000 to 1.0000     |          0.8989 |   0.9500 |          0.9942 |   0.9385 | 0.0558
 75% 0.038    64 |            20 | 0.9917 to 1.0000     |          1.0000 |   1.0000 |          1.0000 |   0.9986 | 0.0030
 75% 0.038    80 |            20 | 0.9912 to 1.0000     |          0.9966 |   1.0000 |          1.0000 |   0.9975 | 0.0034
 75% 0.038    96 |            20 | 0.9900 to 1.0000     |          0.9963 |   1.0000 |          1.0000 |   0.9980 | 0.0033
 75% 0.038   112 |            20 | 0.9929 to 1.0000     |          1.0000 |   1.0000 |          1.0000 |   0.9989 | 0.0023
 75% 0.038   124 |            20 | 0.9903 to 1.0000     |          0.9969 |   1.0000 |          1.0000 |   0.9982 | 0.0027
 50% 0.025     4 |            20 | 0.0000 to 0.1000     |          0.0000 |   0.0000 |          0.0500 |   0.0225 | 0.0333
 50% 0.025     8 |            20 | 0.1000 to 0.4500     |          0.2375 |   0.3000 |          0.3500 |   0.2781 | 0.1002
 50% 0.025    16 |            20 | 0.7000 to 1.0000     |          0.8000 |   0.8719 |          0.9000 |   0.8634 | 0.0785
 50% 0.025    20 |            20 | 0.7000 to 1.0000     |          0.9337 |   0.9500 |          1.0000 |   0.9297 | 0.0817
 50% 0.025    48 |            20 | 0.9917 to 1.0000     |          0.9974 |   1.0000 |          1.0000 |   0.9983 | 0.0030
 50% 0.025    64 |            20 | 0.9814 to 1.0000     |          0.9969 |   0.9977 |          1.0000 |   0.9972 | 0.0042
 50% 0.025    80 |            20 | 0.9927 to 1.0000     |          0.9975 |   0.9988 |          1.0000 |   0.9983 | 0.0022
 50% 0.025    96 |            20 | 0.9937 to 1.0000     |          0.9979 |   1.0000 |          1.0000 |   0.9987 | 0.0019
 50% 0.025   112 |            20 | 0.9897 to 1.0000     |          0.9981 |   0.9991 |          1.0000 |   0.9982 | 0.0025
 50% 0.025   124 |            20 | 0.9943 to 1.0000     |          0.9976 |   0.9984 |          0.9994 |   0.9982 | 0.0016
 25% 0.013     4 |            20 | 0.0500 to 0.3500     |          0.1000 |   0.1000 |          0.1625 |   0.1450 | 0.0841
 25% 0.013     8 |            20 | 0.5000 to 0.9500     |          0.6000 |   0.7250 |          0.7500 |   0.7017 | 0.1130
 25% 0.013    16 |            20 | 0.9889 to 1.0000     |          0.9961 |   1.0000 |          1.0000 |   0.9983 | 0.0031
 25% 0.013    20 |            20 | 0.9962 to 1.0000     |          1.0000 |   1.0000 |          1.0000 |   0.9994 | 0.0014
 25% 0.013    48 |            20 | 0.9959 to 1.0000     |          0.9973 |   0.9986 |          1.0000 |   0.9985 | 0.0014
 25% 0.013    64 |            20 | 0.9940 to 1.0000     |          0.9979 |   0.9989 |          1.0000 |   0.9986 | 0.0015
 25% 0.013    80 |            20 | 0.9943 to 1.0000     |          0.9964 |   0.9983 |          0.9991 |   0.9977 | 0.0018
 25% 0.013    96 |            20 | 0.9959 to 1.0000     |          0.9973 |   0.9983 |          0.9995 |   0.9983 | 0.0013
 25% 0.013   112 |            20 | 0.9949 to 1.0000     |          0.9977 |   0.9988 |          0.9994 |   0.9983 | 0.0014
 25% 0.013   124 |            20 | 0.9958 to 1.0000     |          0.9977 |   0.9989 |          1.0000 |   0.9985 | 0.0014
  0% 0.000     4 |            20 | 0.1500 to 0.5500     |          0.2500 |   0.2500 |          0.3125 |   0.2850 | 0.0988
  0% 0.000     8 |            20 | 0.9000 to 1.0000     |          0.9500 |   1.0000 |          1.0000 |   0.9750 | 0.0344
  0% 0.000    16 |            20 | 1.0000 to 1.0000     |          1.0000 |   1.0000 |          1.0000 |   1.0000 | 0.0000
  0% 0.000    20 |            20 | 1.0000 to 1.0000     |          1.0000 |   1.0000 |          1.0000 |   1.0000 | 0.0000
  0% 0.000    48 |            20 | 1.0000 to 1.0000     |          1.0000 |   1.0000 |          1.0000 |   1.0000 | 0.0000
  0% 0.000    64 |            20 | 1.0000 to 1.0000     |          1.0000 |   1.0000 |          1.0000 |   1.0000 | 0.0000
  0% 0.000    80 |            20 | 1.0000 to 1.0000     |          1.0000 |   1.0000 |          1.0000 |   1.0000 | 0.0000
  0% 0.000    96 |            20 | 1.0000 to 1.0000     |          1.0000 |   1.0000 |          1.0000 |   1.0000 | 0.0000
  0% 0.000   112 |            20 | 1.0000 to 1.0000     |          1.0000 |   1.0000 |          1.0000 |   1.0000 | 0.0000
  0% 0.000   124 |            20 | 1.0000 to 1.0000     |          1.0000 |   1.0000 |          1.0000 |   1.0000 | 0.0000

neg_pred_val statistics:
Nul(% max) #pval #tests | # exps        | range                | 25th percentile |   median | 75th percentile |     mean | stddev
-----------------------|---------------|----------------------|-----------------|----------|-----------------|----------|-------
100% 0.050     4 |            20 | 1.0000 to 1.0000     |          1.0000 |   1.0000 |          1.0000 |   1.0000 | 0.0000
100% 0.050     8 |            20 | 1.0000 to 1.0000     |          1.0000 |   1.0000 |          1.0000 |   1.0000 | 0.0000
100% 0.050    16 |            20 | 1.0000 to 1.0000     |          1.0000 |   1.0000 |          1.0000 |   1.0000 | 0.0000
100% 0.050    20 |            20 | 1.0000 to 1.0000     |          1.0000 |   1.0000 |          1.0000 |   1.0000 | 0.0000
100% 0.050    48 |            20 | 1.0000 to 1.0000     |          1.0000 |   1.0000 |          1.0000 |   1.0000 | 0.0000
100% 0.050    64 |            20 | 1.0000 to 1.0000     |          1.0000 |   1.0000 |          1.0000 |   1.0000 | 0.0000
100% 0.050    80 |            20 | 1.0000 to 1.0000     |          1.0000 |   1.0000 |          1.0000 |   1.0000 | 0.0000
100% 0.050    96 |            20 | 1.0000 to 1.0000     |          1.0000 |   1.0000 |          1.0000 |   1.0000 | 0.0000
100% 0.050   112 |            20 | 1.0000 to 1.0000     |          1.0000 |   1.0000 |          1.0000 |   1.0000 | 0.0000
100% 0.050   124 |            20 | 1.0000 to 1.0000     |          1.0000 |   1.0000 |          1.0000 |   1.0000 | 0.0000
 75% 0.038     4 |            20 | 0.7500 to 0.7500     |          0.7500 |   0.7500 |          0.7500 |   0.7500 | 0.0000
 75% 0.038     8 |            20 | 0.7458 to 0.7625     |          0.7500 |   0.7500 |          0.7500 |   0.7502 | 0.0032
 75% 0.038    16 |            20 | 0.7500 to 0.8069     |          0.7587 |   0.7712 |          0.7798 |   0.7711 | 0.0157
 75% 0.038    20 |            20 | 0.7500 to 0.8160     |          0.7594 |   0.7703 |          0.7820 |   0.7726 | 0.0168
 75% 0.038    48 |            20 | 0.8483 to 0.8903     |          0.8616 |   0.8644 |          0.8740 |   0.8675 | 0.0115
 75% 0.038    64 |            20 | 0.8964 to 0.9374     |          0.9166 |   0.9231 |          0.9288 |   0.9216 | 0.0101
 75% 0.038    80 |            20 | 0.9211 to 0.9615     |          0.9379 |   0.9406 |          0.9503 |   0.9433 | 0.0102
 75% 0.038    96 |            20 | 0.9273 to 0.9636     |          0.9392 |   0.9457 |          0.9499 |   0.9449 | 0.0091
 75% 0.038   112 |            20 | 0.9505 to 0.9705     |          0.9540 |   0.9589 |          0.9598 |   0.9578 | 0.0053
 75% 0.038   124 |            20 | 0.9507 to 0.9716     |          0.9603 |   0.9629 |          0.9667 |   0.9630 | 0.0056
 50% 0.025     4 |            20 | 0.5000 to 0.5500     |          0.5000 |   0.5000 |          0.5250 |   0.5100 | 0.0170
 50% 0.025     8 |            20 | 0.5300 to 0.6450     |          0.5696 |   0.5900 |          0.6063 |   0.5881 | 0.0339
 50% 0.025    16 |            20 | 0.6418 to 0.7323     |          0.6647 |   0.6800 |          0.7082 |   0.6837 | 0.0258
 50% 0.025    20 |            20 | 0.6881 to 0.7837     |          0.7386 |   0.7592 |          0.7638 |   0.7485 | 0.0274
 50% 0.025    48 |            20 | 0.8764 to 0.9314     |          0.8910 |   0.8987 |          0.9113 |   0.9016 | 0.0158
 50% 0.025    64 |            20 | 0.9182 to 0.9476     |          0.9293 |   0.9361 |          0.9403 |   0.9351 | 0.0080
 50% 0.025    80 |            20 | 0.9346 to 0.9566     |          0.9419 |   0.9454 |          0.9500 |   0.9458 | 0.0064
 50% 0.025    96 |            20 | 0.9383 to 0.9665     |          0.9472 |   0.9526 |          0.9543 |   0.9512 | 0.0067
 50% 0.025   112 |            20 | 0.9488 to 0.9654     |          0.9554 |   0.9589 |          0.9613 |   0.9581 | 0.0047
 50% 0.025   124 |            20 | 0.9564 to 0.9706     |          0.9599 |   0.9624 |          0.9647 |   0.9623 | 0.0039
 25% 0.013     4 |            20 | 0.2625 to 0.4875     |          0.3000 |   0.3250 |          0.3656 |   0.3350 | 0.0580
 25% 0.013     8 |            20 | 0.3575 to 0.4925     |          0.3821 |   0.4042 |          0.4367 |   0.4135 | 0.0397
 25% 0.013    16 |            20 | 0.5594 to 0.7173     |          0.5962 |   0.6238 |          0.6398 |   0.6217 | 0.0388
 25% 0.013    20 |            20 | 0.6483 to 0.7548     |          0.6814 |   0.6903 |          0.7039 |   0.6971 | 0.0285
 25% 0.013    48 |            20 | 0.8263 to 0.8875     |          0.8392 |   0.8499 |          0.8643 |   0.8515 | 0.0175
 25% 0.013    64 |            20 | 0.8597 to 0.9221     |          0.8864 |   0.8934 |          0.9041 |   0.8938 | 0.0160
 25% 0.013    80 |            20 | 0.8931 to 0.9406     |          0.9080 |   0.9178 |          0.9280 |   0.9181 | 0.0124
 25% 0.013    96 |            20 | 0.9177 to 0.9531     |          0.9277 |   0.9380 |          0.9426 |   0.9360 | 0.0101
 25% 0.013   112 |            20 | 0.9324 to 0.9567     |          0.9396 |   0.9440 |          0.9494 |   0.9442 | 0.0067
 25% 0.013   124 |            20 | 0.9401 to 0.9635     |          0.9492 |   0.9556 |          0.9588 |   0.9539 | 0.0070
  0% 0.000     4 |            20 | 0.0000 to 0.0000     |          0.0000 |   0.0000 |          0.0000 |   0.0000 | 0.0000
  0% 0.000     8 |            20 | 0.0000 to 0.0000     |          0.0000 |   0.0000 |          0.0000 |   0.0000 | 0.0000
  0% 0.000    16 |            20 | 0.0000 to 0.0000     |          0.0000 |   0.0000 |          0.0000 |   0.0000 | 0.0000
  0% 0.000    20 |            20 | 0.0000 to 0.0000     |          0.0000 |   0.0000 |          0.0000 |   0.0000 | 0.0000
  0% 0.000    48 |            20 | 0.0000 to 0.0000     |          0.0000 |   0.0000 |          0.0000 |   0.0000 | 0.0000
  0% 0.000    64 |            20 | 0.0000 to 0.0000     |          0.0000 |   0.0000 |          0.0000 |   0.0000 | 0.0000
  0% 0.000    80 |            20 | 0.0000 to 0.0000     |          0.0000 |   0.0000 |          0.0000 |   0.0000 | 0.0000
  0% 0.000    96 |            20 | 0.0000 to 0.0000     |          0.0000 |   0.0000 |          0.0000 |   0.0000 | 0.0000
  0% 0.000   112 |            20 | 0.0000 to 0.0000     |          0.0000 |   0.0000 |          0.0000 |   0.0000 | 0.0000
  0% 0.000   124 |            20 | 0.0000 to 0.0000     |          0.0000 |   0.0000 |          0.0000 |   0.0000 | 0.0000
  ELAPSED TIME: 5:04:07.212669 Simulations complete. Reports and plots generated.
