  ELAPSED TIME: 0:24:31.779607 Simulations Completed
num_sims         1000
max_sigpvals     [0.01, 0.03, 0.05]
multi_params     {'alpha': 0.05, 'method': 'fdr_bh'}
perc_nulls       [100, 75, 50, 25]
seed             None
num_experiments  100
num_hypoths_list [4, 16, 128]
  RANDOM SEED = 0xae1eee6b = 2,921,262,699

Summary of mean values and standard errors:

nul% maxSig #tests          fdr_actual         sensitivity         specificity        pos_pred_val        neg_pred_val
---- ------ ------ ------------------- ------------------- ------------------- ------------------- -------------------
100%  0.010      4     0.0508 +/-0.013     0.0000 +/-0.000     0.9864 +/-0.005     0.0000 +/-0.000     1.0000 +/-0.000 
100%  0.010     16     0.0491 +/-0.015     0.0000 +/-0.000     0.9967 +/-0.001     0.0000 +/-0.000     1.0000 +/-0.000 
100%  0.010    128     0.0516 +/-0.015     0.0000 +/-0.000     0.9996 +/-0.000     0.0000 +/-0.000     1.0000 +/-0.000 
100%  0.030      4     0.0495 +/-0.013     0.0000 +/-0.000     0.9867 +/-0.005     0.0000 +/-0.000     1.0000 +/-0.003 
100%  0.030     16     0.0509 +/-0.014     0.0000 +/-0.000     0.9965 +/-0.001     0.0000 +/-0.000     1.0000 +/-0.000 
100%  0.030    128     0.0501 +/-0.014     0.0000 +/-0.000     0.9996 +/-0.000     0.0000 +/-0.000     1.0000 +/-0.000 
100%  0.050      4     0.0501 +/-0.014     0.0000 +/-0.000     0.9865 +/-0.005     0.0000 +/-0.000     1.0000 +/-0.000 
100%  0.050     16     0.0490 +/-0.014     0.0000 +/-0.000     0.9966 +/-0.002     0.0000 +/-0.000     1.0000 +/-0.000 
100%  0.050    128     0.0506 +/-0.014     0.0000 +/-0.000     0.9996 +/-0.000     0.0000 +/-0.000     1.0000 +/-0.000 
 75%  0.010      4     0.0383 +/-0.008     1.0000 +/-0.000     0.9735 +/-0.006     0.9617 +/-0.008     0.9999 +/-0.009 
 75%  0.010     16     0.0374 +/-0.003     1.0000 +/-0.000     0.9837 +/-0.002     0.9626 +/-0.003     1.0000 +/-0.000 
 75%  0.010    128     0.0375 +/-0.001     1.0000 +/-0.000     0.9866 +/-0.000     0.9625 +/-0.001     1.0000 +/-0.000 
 75%  0.030      4     0.0379 +/-0.009     0.4468 +/-0.002     0.9758 +/-0.006     0.4148 +/-0.003     0.8611 +/-0.001 
 75%  0.030     16     0.0378 +/-0.013     0.2127 +/-0.006     0.9919 +/-0.002     0.4164 +/-0.003     0.7964 +/-0.002 
 75%  0.030    128     0.0378 +/-0.013     0.0400 +/-0.004     0.9987 +/-0.000     0.4161 +/-0.003     0.7576 +/-0.001 
 75%  0.050      4     0.0374 +/-0.013     0.2677 +/-0.007     0.9804 +/-0.007     0.2488 +/-0.008     0.8151 +/-0.002 
 75%  0.050     16     0.0362 +/-0.015     0.0992 +/-0.008     0.9945 +/-0.002     0.2495 +/-0.007     0.7703 +/-0.002 
 75%  0.050    128     0.0387 +/-0.013     0.0150 +/-0.002     0.9992 +/-0.000     0.2508 +/-0.007     0.7527 +/-0.000 
 50%  0.010      4     0.0252 +/-0.005     1.0000 +/-0.000     0.9616 +/-0.008     0.9748 +/-0.005     0.9974 +/-0.019 
 50%  0.010     16     0.0250 +/-0.002     1.0000 +/-0.000     0.9712 +/-0.002     0.9750 +/-0.002     1.0000 +/-0.000 
 50%  0.010    128     0.0250 +/-0.000     1.0000 +/-0.000     0.9739 +/-0.001     0.9750 +/-0.000     1.0000 +/-0.000 
 50%  0.030      4     0.0249 +/-0.005     0.7817 +/-0.008     0.9620 +/-0.008     0.8208 +/-0.009     0.8777 +/-0.004 
 50%  0.030     16     0.0250 +/-0.006     0.6286 +/-0.005     0.9744 +/-0.003     0.8333 +/-0.011     0.7794 +/-0.002 
 50%  0.030    128     0.0249 +/-0.010     0.2882 +/-0.005     0.9905 +/-0.001     0.8339 +/-0.011     0.5985 +/-0.003 
 50%  0.050      4     0.0249 +/-0.010     0.3991 +/-0.005     0.9691 +/-0.008     0.5019 +/-0.002     0.6736 +/-0.003 
 50%  0.050     16     0.0253 +/-0.011     0.1805 +/-0.007     0.9893 +/-0.003     0.5009 +/-0.001     0.5590 +/-0.004 
 50%  0.050    128     0.0253 +/-0.012     0.0320 +/-0.003     0.9983 +/-0.000     0.5008 +/-0.001     0.5081 +/-0.001 
 25%  0.010      4     0.0125 +/-0.004     1.0000 +/-0.000     0.9501 +/-0.015     0.9875 +/-0.004     0.9501 +/-0.015 
 25%  0.010     16     0.0124 +/-0.001     1.0000 +/-0.000     0.9593 +/-0.005     0.9876 +/-0.001     1.0000 +/-0.004 
 25%  0.010    128     0.0125 +/-0.000     1.0000 +/-0.000     0.9617 +/-0.001     0.9875 +/-0.000     1.0000 +/-0.000 
 25%  0.030      4     0.0124 +/-0.003     1.0000 +/-0.000     0.9502 +/-0.013     0.9876 +/-0.003     0.9502 +/-0.013 
 25%  0.030     16     0.0125 +/-0.001     1.0000 +/-0.000     0.9590 +/-0.004     0.9875 +/-0.001     1.0000 +/-0.000 
 25%  0.030    128     0.0126 +/-0.000     1.0000 +/-0.000     0.9615 +/-0.001     0.9874 +/-0.000     1.0000 +/-0.000 
 25%  0.050      4     0.0125 +/-0.004     0.6145 +/-0.006     0.9500 +/-0.015     0.7516 +/-0.009     0.5936 +/-0.003 
 25%  0.050     16     0.0126 +/-0.011     0.3794 +/-0.004     0.9761 +/-0.005     0.7517 +/-0.008     0.4075 +/-0.005 
 25%  0.050    128     0.0121 +/-0.011     0.1046 +/-0.004     0.9945 +/-0.001     0.7491 +/-0.008     0.2739 +/-0.002 


fdr_actual statistics:
Nul(% max) #pval #tests | # exps        | range                | 25th percentile |   median | 75th percentile |     mean | stddev
------------------------|---------------|----------------------|-----------------|----------|-----------------|----------|-------
100% 0.010 0.050     4 |           100 | 0.0360 to 0.0740     |          0.0460 |   0.0500 |          0.0550 |   0.0508 | 0.0067
100% 0.010 0.050    16 |           100 | 0.0350 to 0.0680     |          0.0440 |   0.0490 |          0.0530 |   0.0491 | 0.0072
100% 0.010 0.050   128 |           100 | 0.0330 to 0.0710     |          0.0470 |   0.0505 |          0.0560 |   0.0516 | 0.0075
100% 0.030 0.050     4 |           100 | 0.0360 to 0.0650     |          0.0450 |   0.0500 |          0.0532 |   0.0495 | 0.0064
100% 0.030 0.050    16 |           100 | 0.0360 to 0.0770     |          0.0460 |   0.0510 |          0.0560 |   0.0509 | 0.0068
100% 0.030 0.050   128 |           100 | 0.0350 to 0.0660     |          0.0450 |   0.0500 |          0.0550 |   0.0501 | 0.0067
100% 0.050 0.050     4 |           100 | 0.0330 to 0.0680     |          0.0460 |   0.0500 |          0.0540 |   0.0501 | 0.0067
100% 0.050 0.050    16 |           100 | 0.0340 to 0.0660     |          0.0447 |   0.0480 |          0.0520 |   0.0490 | 0.0067
100% 0.050 0.050   128 |           100 | 0.0370 to 0.0680     |          0.0450 |   0.0510 |          0.0560 |   0.0506 | 0.0071
 75% 0.010 0.038     4 |           100 | 0.0268 to 0.0508     |          0.0349 |   0.0380 |          0.0415 |   0.0383 | 0.0046
 75% 0.010 0.038    16 |           100 | 0.0298 to 0.0445     |          0.0358 |   0.0373 |          0.0390 |   0.0374 | 0.0030
 75% 0.010 0.038   128 |           100 | 0.0353 to 0.0404     |          0.0368 |   0.0374 |          0.0381 |   0.0375 | 0.0010
 75% 0.030 0.038     4 |           100 | 0.0265 to 0.0503     |          0.0352 |   0.0378 |          0.0407 |   0.0379 | 0.0042
 75% 0.030 0.038    16 |           100 | 0.0249 to 0.0516     |          0.0342 |   0.0377 |          0.0411 |   0.0378 | 0.0051
 75% 0.030 0.038   128 |           100 | 0.0259 to 0.0479     |          0.0340 |   0.0370 |          0.0413 |   0.0378 | 0.0048
 75% 0.050 0.038     4 |           100 | 0.0277 to 0.0528     |          0.0342 |   0.0369 |          0.0405 |   0.0374 | 0.0053
 75% 0.050 0.038    16 |           100 | 0.0243 to 0.0517     |          0.0321 |   0.0361 |          0.0397 |   0.0362 | 0.0060
 75% 0.050 0.038   128 |           100 | 0.0240 to 0.0524     |          0.0357 |   0.0385 |          0.0415 |   0.0387 | 0.0053
 50% 0.010 0.025     4 |           100 | 0.0200 to 0.0353     |          0.0228 |   0.0250 |          0.0268 |   0.0252 | 0.0031
 50% 0.010 0.025    16 |           100 | 0.0187 to 0.0281     |          0.0240 |   0.0252 |          0.0261 |   0.0250 | 0.0016
 50% 0.010 0.025   128 |           100 | 0.0236 to 0.0266     |          0.0247 |   0.0249 |          0.0255 |   0.0250 | 0.0006
 50% 0.030 0.025     4 |           100 | 0.0158 to 0.0307     |          0.0233 |   0.0248 |          0.0270 |   0.0249 | 0.0028
 50% 0.030 0.025    16 |           100 | 0.0205 to 0.0297     |          0.0235 |   0.0251 |          0.0264 |   0.0250 | 0.0020
 50% 0.030 0.025   128 |           100 | 0.0218 to 0.0296     |          0.0237 |   0.0246 |          0.0259 |   0.0249 | 0.0017
 50% 0.050 0.025     4 |           100 | 0.0173 to 0.0340     |          0.0220 |   0.0249 |          0.0272 |   0.0249 | 0.0036
 50% 0.050 0.025    16 |           100 | 0.0187 to 0.0321     |          0.0231 |   0.0253 |          0.0276 |   0.0253 | 0.0031
 50% 0.050 0.025   128 |           100 | 0.0188 to 0.0349     |          0.0231 |   0.0251 |          0.0272 |   0.0253 | 0.0033
 25% 0.010 0.013     4 |           100 | 0.0088 to 0.0170     |          0.0112 |   0.0125 |          0.0138 |   0.0125 | 0.0018
 25% 0.010 0.013    16 |           100 | 0.0101 to 0.0142     |          0.0118 |   0.0124 |          0.0131 |   0.0124 | 0.0010
 25% 0.010 0.013   128 |           100 | 0.0115 to 0.0133     |          0.0123 |   0.0125 |          0.0127 |   0.0125 | 0.0003
 25% 0.030 0.013     4 |           100 | 0.0085 to 0.0177     |          0.0115 |   0.0124 |          0.0131 |   0.0124 | 0.0016
 25% 0.030 0.013    16 |           100 | 0.0106 to 0.0158     |          0.0119 |   0.0125 |          0.0130 |   0.0125 | 0.0010
 25% 0.030 0.013   128 |           100 | 0.0116 to 0.0132     |          0.0123 |   0.0126 |          0.0128 |   0.0126 | 0.0003
 25% 0.050 0.013     4 |           100 | 0.0085 to 0.0177     |          0.0115 |   0.0124 |          0.0138 |   0.0125 | 0.0018
 25% 0.050 0.013    16 |           100 | 0.0084 to 0.0187     |          0.0114 |   0.0125 |          0.0136 |   0.0126 | 0.0018
 25% 0.050 0.013   128 |           100 | 0.0082 to 0.0206     |          0.0107 |   0.0119 |          0.0134 |   0.0121 | 0.0020

sensitivity statistics:
Nul(% max) #pval #tests | # exps        | range                | 25th percentile |   median | 75th percentile |     mean | stddev
------------------------|---------------|----------------------|-----------------|----------|-----------------|----------|-------
100% 0.010 0.050     4 |           100 | 0.0000 to 0.0000     |          0.0000 |   0.0000 |          0.0000 |   0.0000 | 0.0000
100% 0.010 0.050    16 |           100 | 0.0000 to 0.0000     |          0.0000 |   0.0000 |          0.0000 |   0.0000 | 0.0000
100% 0.010 0.050   128 |           100 | 0.0000 to 0.0000     |          0.0000 |   0.0000 |          0.0000 |   0.0000 | 0.0000
100% 0.030 0.050     4 |           100 | 0.0000 to 0.0000     |          0.0000 |   0.0000 |          0.0000 |   0.0000 | 0.0000
100% 0.030 0.050    16 |           100 | 0.0000 to 0.0000     |          0.0000 |   0.0000 |          0.0000 |   0.0000 | 0.0000
100% 0.030 0.050   128 |           100 | 0.0000 to 0.0000     |          0.0000 |   0.0000 |          0.0000 |   0.0000 | 0.0000
100% 0.050 0.050     4 |           100 | 0.0000 to 0.0000     |          0.0000 |   0.0000 |          0.0000 |   0.0000 | 0.0000
100% 0.050 0.050    16 |           100 | 0.0000 to 0.0000     |          0.0000 |   0.0000 |          0.0000 |   0.0000 | 0.0000
100% 0.050 0.050   128 |           100 | 0.0000 to 0.0000     |          0.0000 |   0.0000 |          0.0000 |   0.0000 | 0.0000
 75% 0.010 0.038     4 |           100 | 1.0000 to 1.0000     |          1.0000 |   1.0000 |          1.0000 |   1.0000 | 0.0000
 75% 0.010 0.038    16 |           100 | 1.0000 to 1.0000     |          1.0000 |   1.0000 |          1.0000 |   1.0000 | 0.0000
 75% 0.010 0.038   128 |           100 | 1.0000 to 1.0000     |          1.0000 |   1.0000 |          1.0000 |   1.0000 | 0.0000
 75% 0.030 0.038     4 |           100 | 0.4090 to 0.4830     |          0.4367 |   0.4460 |          0.4590 |   0.4468 | 0.0148
 75% 0.030 0.038    16 |           100 | 0.1970 to 0.2330     |          0.2062 |   0.2121 |          0.2181 |   0.2127 | 0.0086
 75% 0.030 0.038   128 |           100 | 0.0335 to 0.0447     |          0.0383 |   0.0397 |          0.0416 |   0.0400 | 0.0023
 75% 0.050 0.038     4 |           100 | 0.2190 to 0.2950     |          0.2578 |   0.2680 |          0.2770 |   0.2677 | 0.0141
 75% 0.050 0.038    16 |           100 | 0.0872 to 0.1133     |          0.0953 |   0.0990 |          0.1036 |   0.0992 | 0.0059
 75% 0.050 0.038   128 |           100 | 0.0129 to 0.0185     |          0.0143 |   0.0150 |          0.0158 |   0.0150 | 0.0010
 50% 0.010 0.025     4 |           100 | 1.0000 to 1.0000     |          1.0000 |   1.0000 |          1.0000 |   1.0000 | 0.0000
 50% 0.010 0.025    16 |           100 | 1.0000 to 1.0000     |          1.0000 |   1.0000 |          1.0000 |   1.0000 | 0.0000
 50% 0.010 0.025   128 |           100 | 1.0000 to 1.0000     |          1.0000 |   1.0000 |          1.0000 |   1.0000 | 0.0000
 50% 0.030 0.025     4 |           100 | 0.7530 to 0.8110     |          0.7750 |   0.7815 |          0.7887 |   0.7817 | 0.0115
 50% 0.030 0.025    16 |           100 | 0.6008 to 0.6597     |          0.6209 |   0.6288 |          0.6365 |   0.6286 | 0.0121
 50% 0.030 0.025   128 |           100 | 0.2677 to 0.3110     |          0.2843 |   0.2890 |          0.2934 |   0.2882 | 0.0083
 50% 0.050 0.025     4 |           100 | 0.3645 to 0.4400     |          0.3893 |   0.3978 |          0.4076 |   0.3991 | 0.0136
 50% 0.050 0.025    16 |           100 | 0.1643 to 0.2001     |          0.1752 |   0.1796 |          0.1852 |   0.1805 | 0.0076
 50% 0.050 0.025   128 |           100 | 0.0284 to 0.0365     |          0.0310 |   0.0320 |          0.0331 |   0.0320 | 0.0016
 25% 0.010 0.013     4 |           100 | 1.0000 to 1.0000     |          1.0000 |   1.0000 |          1.0000 |   1.0000 | 0.0000
 25% 0.010 0.013    16 |           100 | 1.0000 to 1.0000     |          1.0000 |   1.0000 |          1.0000 |   1.0000 | 0.0000
 25% 0.010 0.013   128 |           100 | 1.0000 to 1.0000     |          1.0000 |   1.0000 |          1.0000 |   1.0000 | 0.0000
 25% 0.030 0.013     4 |           100 | 1.0000 to 1.0000     |          1.0000 |   1.0000 |          1.0000 |   1.0000 | 0.0000
 25% 0.030 0.013    16 |           100 | 1.0000 to 1.0000     |          1.0000 |   1.0000 |          1.0000 |   1.0000 | 0.0000
 25% 0.030 0.013   128 |           100 | 1.0000 to 1.0000     |          1.0000 |   1.0000 |          1.0000 |   1.0000 | 0.0000
 25% 0.050 0.013     4 |           100 | 0.5860 to 0.6493     |          0.6057 |   0.6142 |          0.6234 |   0.6145 | 0.0128
 25% 0.050 0.013    16 |           100 | 0.3530 to 0.4032     |          0.3736 |   0.3788 |          0.3853 |   0.3794 | 0.0097
 25% 0.050 0.013   128 |           100 | 0.0956 to 0.1133     |          0.1016 |   0.1040 |          0.1073 |   0.1046 | 0.0042

specificity statistics:
Nul(% max) #pval #tests | # exps        | range                | 25th percentile |   median | 75th percentile |     mean | stddev
------------------------|---------------|----------------------|-----------------|----------|-----------------|----------|-------
100% 0.010 0.050     4 |           100 | 0.9802 to 0.9902     |          0.9852 |   0.9868 |          0.9875 |   0.9864 | 0.0019
100% 0.010 0.050    16 |           100 | 0.9952 to 0.9976     |          0.9964 |   0.9966 |          0.9970 |   0.9967 | 0.0005
100% 0.010 0.050   128 |           100 | 0.9994 to 0.9997     |          0.9995 |   0.9996 |          0.9996 |   0.9996 | 0.0001
100% 0.030 0.050     4 |           100 | 0.9822 to 0.9910     |          0.9855 |   0.9866 |          0.9878 |   0.9867 | 0.0018
100% 0.030 0.050    16 |           100 | 0.9949 to 0.9976     |          0.9962 |   0.9965 |          0.9968 |   0.9965 | 0.0005
100% 0.030 0.050   128 |           100 | 0.9994 to 0.9997     |          0.9995 |   0.9996 |          0.9996 |   0.9996 | 0.0001
100% 0.050 0.050     4 |           100 | 0.9810 to 0.9915     |          0.9852 |   0.9865 |          0.9878 |   0.9865 | 0.0020
100% 0.050 0.050    16 |           100 | 0.9951 to 0.9976     |          0.9964 |   0.9967 |          0.9970 |   0.9966 | 0.0005
100% 0.050 0.050   128 |           100 | 0.9994 to 0.9997     |          0.9995 |   0.9996 |          0.9996 |   0.9996 | 0.0001
 75% 0.010 0.038     4 |           100 | 0.9657 to 0.9810     |          0.9713 |   0.9738 |          0.9757 |   0.9735 | 0.0032
 75% 0.010 0.038    16 |           100 | 0.9802 to 0.9871     |          0.9830 |   0.9838 |          0.9846 |   0.9837 | 0.0013
 75% 0.010 0.038   128 |           100 | 0.9855 to 0.9874     |          0.9864 |   0.9866 |          0.9868 |   0.9866 | 0.0004
 75% 0.030 0.038     4 |           100 | 0.9683 to 0.9837     |          0.9740 |   0.9758 |          0.9773 |   0.9758 | 0.0027
 75% 0.030 0.038    16 |           100 | 0.9894 to 0.9938     |          0.9912 |   0.9918 |          0.9925 |   0.9919 | 0.0009
 75% 0.030 0.038   128 |           100 | 0.9984 to 0.9991     |          0.9986 |   0.9988 |          0.9989 |   0.9987 | 0.0002
 75% 0.050 0.038     4 |           100 | 0.9730 to 0.9863     |          0.9786 |   0.9803 |          0.9823 |   0.9804 | 0.0027
 75% 0.050 0.038    16 |           100 | 0.9923 to 0.9963     |          0.9939 |   0.9944 |          0.9950 |   0.9945 | 0.0008
 75% 0.050 0.038   128 |           100 | 0.9989 to 0.9995     |          0.9991 |   0.9992 |          0.9993 |   0.9992 | 0.0001
 50% 0.010 0.025     4 |           100 | 0.9465 to 0.9695     |          0.9592 |   0.9617 |          0.9650 |   0.9616 | 0.0047
 50% 0.010 0.025    16 |           100 | 0.9677 to 0.9786     |          0.9698 |   0.9710 |          0.9724 |   0.9712 | 0.0019
 50% 0.010 0.025   128 |           100 | 0.9722 to 0.9755     |          0.9735 |   0.9740 |          0.9743 |   0.9739 | 0.0007
 50% 0.030 0.025     4 |           100 | 0.9525 to 0.9760     |          0.9580 |   0.9623 |          0.9646 |   0.9620 | 0.0044
 50% 0.030 0.025    16 |           100 | 0.9696 to 0.9785     |          0.9731 |   0.9745 |          0.9755 |   0.9744 | 0.0019
 50% 0.030 0.025   128 |           100 | 0.9894 to 0.9918     |          0.9901 |   0.9905 |          0.9907 |   0.9905 | 0.0005
 50% 0.050 0.025     4 |           100 | 0.9595 to 0.9780     |          0.9660 |   0.9690 |          0.9725 |   0.9691 | 0.0041
 50% 0.050 0.025    16 |           100 | 0.9854 to 0.9919     |          0.9884 |   0.9893 |          0.9900 |   0.9893 | 0.0012
 50% 0.050 0.025   128 |           100 | 0.9980 to 0.9988     |          0.9982 |   0.9983 |          0.9985 |   0.9983 | 0.0002
 25% 0.010 0.013     4 |           100 | 0.9320 to 0.9650     |          0.9450 |   0.9500 |          0.9550 |   0.9501 | 0.0071
 25% 0.010 0.013    16 |           100 | 0.9533 to 0.9667     |          0.9570 |   0.9591 |          0.9613 |   0.9593 | 0.0034
 25% 0.010 0.013   128 |           100 | 0.9593 to 0.9647     |          0.9610 |   0.9617 |          0.9624 |   0.9617 | 0.0010
 25% 0.030 0.013     4 |           100 | 0.9290 to 0.9660     |          0.9477 |   0.9505 |          0.9540 |   0.9502 | 0.0065
 25% 0.030 0.013    16 |           100 | 0.9483 to 0.9653     |          0.9574 |   0.9591 |          0.9608 |   0.9590 | 0.0032
 25% 0.030 0.013   128 |           100 | 0.9595 to 0.9643     |          0.9608 |   0.9614 |          0.9621 |   0.9615 | 0.0010
 25% 0.050 0.013     4 |           100 | 0.9290 to 0.9660     |          0.9450 |   0.9505 |          0.9540 |   0.9500 | 0.0071
 25% 0.050 0.013    16 |           100 | 0.9695 to 0.9828     |          0.9745 |   0.9760 |          0.9775 |   0.9761 | 0.0025
 25% 0.050 0.013   128 |           100 | 0.9931 to 0.9955     |          0.9942 |   0.9945 |          0.9948 |   0.9945 | 0.0005

pos_pred_val statistics:
Nul(% max) #pval #tests | # exps        | range                | 25th percentile |   median | 75th percentile |     mean | stddev
------------------------|---------------|----------------------|-----------------|----------|-----------------|----------|-------
100% 0.010 0.050     4 |           100 | 0.0000 to 0.0000     |          0.0000 |   0.0000 |          0.0000 |   0.0000 | 0.0000
100% 0.010 0.050    16 |           100 | 0.0000 to 0.0000     |          0.0000 |   0.0000 |          0.0000 |   0.0000 | 0.0000
100% 0.010 0.050   128 |           100 | 0.0000 to 0.0000     |          0.0000 |   0.0000 |          0.0000 |   0.0000 | 0.0000
100% 0.030 0.050     4 |           100 | 0.0000 to 0.0000     |          0.0000 |   0.0000 |          0.0000 |   0.0000 | 0.0000
100% 0.030 0.050    16 |           100 | 0.0000 to 0.0000     |          0.0000 |   0.0000 |          0.0000 |   0.0000 | 0.0000
100% 0.030 0.050   128 |           100 | 0.0000 to 0.0000     |          0.0000 |   0.0000 |          0.0000 |   0.0000 | 0.0000
100% 0.050 0.050     4 |           100 | 0.0000 to 0.0000     |          0.0000 |   0.0000 |          0.0000 |   0.0000 | 0.0000
100% 0.050 0.050    16 |           100 | 0.0000 to 0.0000     |          0.0000 |   0.0000 |          0.0000 |   0.0000 | 0.0000
100% 0.050 0.050   128 |           100 | 0.0000 to 0.0000     |          0.0000 |   0.0000 |          0.0000 |   0.0000 | 0.0000
 75% 0.010 0.038     4 |           100 | 0.9492 to 0.9732     |          0.9585 |   0.9620 |          0.9651 |   0.9617 | 0.0046
 75% 0.010 0.038    16 |           100 | 0.9555 to 0.9702     |          0.9610 |   0.9627 |          0.9642 |   0.9626 | 0.0030
 75% 0.010 0.038   128 |           100 | 0.9596 to 0.9647     |          0.9619 |   0.9626 |          0.9632 |   0.9625 | 0.0010
 75% 0.030 0.038     4 |           100 | 0.3852 to 0.4487     |          0.4054 |   0.4138 |          0.4245 |   0.4148 | 0.0138
 75% 0.030 0.038    16 |           100 | 0.3818 to 0.4490     |          0.4080 |   0.4172 |          0.4254 |   0.4164 | 0.0143
 75% 0.030 0.038   128 |           100 | 0.3692 to 0.4667     |          0.4081 |   0.4158 |          0.4240 |   0.4161 | 0.0150
 75% 0.050 0.038     4 |           100 | 0.2033 to 0.2750     |          0.2393 |   0.2496 |          0.2583 |   0.2488 | 0.0134
 75% 0.050 0.038    16 |           100 | 0.2251 to 0.2773     |          0.2405 |   0.2481 |          0.2580 |   0.2495 | 0.0117
 75% 0.050 0.038   128 |           100 | 0.2234 to 0.2945     |          0.2400 |   0.2527 |          0.2599 |   0.2508 | 0.0129
 50% 0.010 0.025     4 |           100 | 0.9647 to 0.9800     |          0.9732 |   0.9750 |          0.9772 |   0.9748 | 0.0031
 50% 0.010 0.025    16 |           100 | 0.9719 to 0.9813     |          0.9739 |   0.9748 |          0.9760 |   0.9750 | 0.0016
 50% 0.010 0.025   128 |           100 | 0.9734 to 0.9764     |          0.9745 |   0.9751 |          0.9753 |   0.9750 | 0.0006
 50% 0.030 0.025     4 |           100 | 0.7928 to 0.8442     |          0.8141 |   0.8210 |          0.8289 |   0.8208 | 0.0108
 50% 0.030 0.025    16 |           100 | 0.8044 to 0.8664     |          0.8242 |   0.8339 |          0.8418 |   0.8333 | 0.0115
 50% 0.030 0.025   128 |           100 | 0.8011 to 0.8646     |          0.8267 |   0.8352 |          0.8404 |   0.8339 | 0.0113
 50% 0.050 0.025     4 |           100 | 0.4652 to 0.5472     |          0.4900 |   0.5001 |          0.5160 |   0.5019 | 0.0163
 50% 0.050 0.025    16 |           100 | 0.4652 to 0.5502     |          0.4913 |   0.5001 |          0.5105 |   0.5009 | 0.0160
 50% 0.050 0.025   128 |           100 | 0.4599 to 0.5427     |          0.4931 |   0.5001 |          0.5098 |   0.5008 | 0.0145
 25% 0.010 0.013     4 |           100 | 0.9830 to 0.9912     |          0.9862 |   0.9875 |          0.9888 |   0.9875 | 0.0018
 25% 0.010 0.013    16 |           100 | 0.9858 to 0.9899     |          0.9869 |   0.9876 |          0.9882 |   0.9876 | 0.0010
 25% 0.010 0.013   128 |           100 | 0.9867 to 0.9885     |          0.9873 |   0.9875 |          0.9877 |   0.9875 | 0.0003
 25% 0.030 0.013     4 |           100 | 0.9822 to 0.9915     |          0.9869 |   0.9876 |          0.9885 |   0.9876 | 0.0016
 25% 0.030 0.013    16 |           100 | 0.9842 to 0.9894     |          0.9870 |   0.9875 |          0.9881 |   0.9875 | 0.0010
 25% 0.030 0.013   128 |           100 | 0.9868 to 0.9884     |          0.9872 |   0.9874 |          0.9877 |   0.9874 | 0.0003
 25% 0.050 0.013     4 |           100 | 0.7222 to 0.7983     |          0.7409 |   0.7524 |          0.7614 |   0.7516 | 0.0148
 25% 0.050 0.013    16 |           100 | 0.7286 to 0.7795     |          0.7413 |   0.7515 |          0.7611 |   0.7517 | 0.0129
 25% 0.050 0.013   128 |           100 | 0.7197 to 0.7782     |          0.7393 |   0.7493 |          0.7581 |   0.7491 | 0.0132

neg_pred_val statistics:
Nul(% max) #pval #tests | # exps        | range                | 25th percentile |   median | 75th percentile |     mean | stddev
------------------------|---------------|----------------------|-----------------|----------|-----------------|----------|-------
100% 0.010 0.050     4 |           100 | 1.0000 to 1.0000     |          1.0000 |   1.0000 |          1.0000 |   1.0000 | 0.0000
100% 0.010 0.050    16 |           100 | 1.0000 to 1.0000     |          1.0000 |   1.0000 |          1.0000 |   1.0000 | 0.0000
100% 0.010 0.050   128 |           100 | 1.0000 to 1.0000     |          1.0000 |   1.0000 |          1.0000 |   1.0000 | 0.0000
100% 0.030 0.050     4 |           100 | 0.9990 to 1.0000     |          1.0000 |   1.0000 |          1.0000 |   1.0000 | 0.0001
100% 0.030 0.050    16 |           100 | 1.0000 to 1.0000     |          1.0000 |   1.0000 |          1.0000 |   1.0000 | 0.0000
100% 0.030 0.050   128 |           100 | 1.0000 to 1.0000     |          1.0000 |   1.0000 |          1.0000 |   1.0000 | 0.0000
100% 0.050 0.050     4 |           100 | 1.0000 to 1.0000     |          1.0000 |   1.0000 |          1.0000 |   1.0000 | 0.0000
100% 0.050 0.050    16 |           100 | 1.0000 to 1.0000     |          1.0000 |   1.0000 |          1.0000 |   1.0000 | 0.0000
100% 0.050 0.050   128 |           100 | 1.0000 to 1.0000     |          1.0000 |   1.0000 |          1.0000 |   1.0000 | 0.0000
 75% 0.010 0.038     4 |           100 | 0.9990 to 1.0000     |          1.0000 |   1.0000 |          1.0000 |   0.9999 | 0.0003
 75% 0.010 0.038    16 |           100 | 1.0000 to 1.0000     |          1.0000 |   1.0000 |          1.0000 |   1.0000 | 0.0000
 75% 0.010 0.038   128 |           100 | 1.0000 to 1.0000     |          1.0000 |   1.0000 |          1.0000 |   1.0000 | 0.0000
 75% 0.030 0.038     4 |           100 | 0.8518 to 0.8705     |          0.8586 |   0.8608 |          0.8636 |   0.8611 | 0.0037
 75% 0.030 0.038    16 |           100 | 0.7925 to 0.8008     |          0.7949 |   0.7963 |          0.7976 |   0.7964 | 0.0020
 75% 0.030 0.038   128 |           100 | 0.7563 to 0.7585     |          0.7573 |   0.7575 |          0.7579 |   0.7576 | 0.0004
 75% 0.050 0.038     4 |           100 | 0.8032 to 0.8228     |          0.8127 |   0.8149 |          0.8176 |   0.8151 | 0.0035
 75% 0.050 0.038    16 |           100 | 0.7679 to 0.7734     |          0.7694 |   0.7703 |          0.7713 |   0.7703 | 0.0013
 75% 0.050 0.038   128 |           100 | 0.7524 to 0.7534     |          0.7526 |   0.7527 |          0.7529 |   0.7527 | 0.0002
 50% 0.010 0.025     4 |           100 | 0.9930 to 1.0000     |          0.9960 |   0.9980 |          0.9990 |   0.9974 | 0.0017
 50% 0.010 0.025    16 |           100 | 1.0000 to 1.0000     |          1.0000 |   1.0000 |          1.0000 |   1.0000 | 0.0000
 50% 0.010 0.025   128 |           100 | 1.0000 to 1.0000     |          1.0000 |   1.0000 |          1.0000 |   1.0000 | 0.0000
 50% 0.030 0.025     4 |           100 | 0.8615 to 0.8947     |          0.8740 |   0.8772 |          0.8815 |   0.8777 | 0.0063
 50% 0.030 0.025    16 |           100 | 0.7651 to 0.7949     |          0.7753 |   0.7790 |          0.7832 |   0.7794 | 0.0063
 50% 0.030 0.025   128 |           100 | 0.5903 to 0.6083     |          0.5965 |   0.5985 |          0.6006 |   0.5985 | 0.0035
 50% 0.050 0.025     4 |           100 | 0.6543 to 0.6915     |          0.6692 |   0.6734 |          0.6780 |   0.6736 | 0.0067
 50% 0.050 0.025    16 |           100 | 0.5524 to 0.5665     |          0.5570 |   0.5584 |          0.5608 |   0.5590 | 0.0029
 50% 0.050 0.025   128 |           100 | 0.5072 to 0.5093     |          0.5078 |   0.5081 |          0.5083 |   0.5081 | 0.0004
 25% 0.010 0.013     4 |           100 | 0.9320 to 0.9650     |          0.9450 |   0.9500 |          0.9550 |   0.9501 | 0.0071
 25% 0.010 0.013    16 |           100 | 0.9990 to 1.0000     |          1.0000 |   1.0000 |          1.0000 |   1.0000 | 0.0001
 25% 0.010 0.013   128 |           100 | 1.0000 to 1.0000     |          1.0000 |   1.0000 |          1.0000 |   1.0000 | 0.0000
 25% 0.030 0.013     4 |           100 | 0.9290 to 0.9660     |          0.9477 |   0.9505 |          0.9540 |   0.9502 | 0.0065
 25% 0.030 0.013    16 |           100 | 1.0000 to 1.0000     |          1.0000 |   1.0000 |          1.0000 |   1.0000 | 0.0000
 25% 0.030 0.013   128 |           100 | 1.0000 to 1.0000     |          1.0000 |   1.0000 |          1.0000 |   1.0000 | 0.0000
 25% 0.050 0.013     4 |           100 | 0.5715 to 0.6162     |          0.5875 |   0.5931 |          0.6002 |   0.5936 | 0.0097
 25% 0.050 0.013    16 |           100 | 0.3931 to 0.4207     |          0.4035 |   0.4072 |          0.4115 |   0.4075 | 0.0057
 25% 0.050 0.013   128 |           100 | 0.2718 to 0.2765     |          0.2732 |   0.2737 |          0.2748 |   0.2739 | 0.0011
  ELAPSED TIME: 0:25:02.968424 Reports and Plots Completed
