  ELAPSED TIME: 2:41:35.487315 Simulations Completed

WRITTEN: 2017-07-22:

  RANDOM SEED = 0xaed8be15 = 2,933,440,021
alpha(0.05) method(fdr_bh)
SETTINGS AND GO-DAG VERSION:
    Multitest Params: alpha(0.05) method(fdr_bh)
    GO-DAG version:   go-basic.obo: fmt(1.2) rel(2017-06-30) 48,928 GO Terms

ASSOCIATION INFORMATION:
    GOC Validation Date: 05/19/2017 $
    Submission Date: 5/19/2017
    gaf-version: 2.0
    Project_name: Mouse Genome Informatics (MGI)
    URL: http://www.informatics.jax.org/
    Contact Email: mgi-help@jax.org
    Funding: NHGRI of US National Institutes of Health
    software version: $Revision$
    date: 05/18/2017 $

18,647 GENES  IN ASSOCIATION
17,276 GO IDs IN ASSOCIATION
18,647 GENES  IN POPULATION
22,025 population genes (user)
18,647 population genes in assc.
   85% population genes coverage in assc.
   124 study genes (user)
   124 study genes in assc.
16,305 population genes - study buffer

TITLE: Assc: Rand True Nulls (View Enriched)
SIMULATION PARAMETERS:
    randomize_truenull_assc rand_noprune_enriched_ntn2
    perc_nulls      [100, 75, 50, 25, 0]
    num_genes_list  [4, 16, 64, 124]
    num_experiments 20
    num_sims        20


Summary of genes mean values and standard errors for 20 sets of experiments

nul% #tests          fdr_actual         sensitivity         specificity        pos_pred_val        neg_pred_val
---- ------ ------------------- ------------------- ------------------- ------------------- -------------------
100%      4  0.0025 +/-0.000000  0.0000 +/-0.000000  0.9988 +/-0.000000  0.0000 +/-0.000000  1.0000 +/-0.000000
100%     16  0.0000 +/-0.000000  0.0000 +/-0.000000  1.0000 +/-0.000000  0.0000 +/-0.000000  1.0000 +/-0.000000
100%     64  0.0025 +/-0.000000  0.0000 +/-0.000000  0.9999 +/-0.000000  0.0000 +/-0.000000  1.0000 +/-0.000000
100%    124  0.0200 +/-0.000000  0.0000 +/-0.000000  0.9983 +/-0.000000  0.0000 +/-0.000000  1.0000 +/-0.000000
 75%      4  0.0013 +/-0.000000  0.0025 +/-0.000000  0.9992 +/-0.000000  0.0013 +/-0.000000  0.7506 +/-0.000000
 75%     16  0.0187 +/-0.000000  0.4400 +/-0.000000  0.9931 +/-0.000000  0.5513 +/-0.000000  0.8537 +/-0.000000
 75%     64  0.0375 +/-0.000000  0.9364 +/-0.000000  0.9861 +/-0.000000  0.9625 +/-0.000000  0.9797 +/-0.000000
 75%    124  0.0613 +/-0.000000  0.9777 +/-0.000000  0.9773 +/-0.000000  0.9387 +/-0.000000  0.9926 +/-0.000000
 50%      4  0.0058 +/-0.000000  0.3900 +/-0.000000  0.9925 +/-0.000000  0.3867 +/-0.000000  0.6937 +/-0.000000
 50%     16  0.0197 +/-0.000000  0.8869 +/-0.000000  0.9784 +/-0.000000  0.9778 +/-0.000000  0.9098 +/-0.000000
 50%     64  0.0424 +/-0.000000  0.9889 +/-0.000000  0.9544 +/-0.000000  0.9576 +/-0.000000  0.9889 +/-0.000000
 50%    124  0.0559 +/-0.000000  0.9922 +/-0.000000  0.9400 +/-0.000000  0.9441 +/-0.000000  0.9919 +/-0.000000
 25%      4  0.0025 +/-0.000000  0.5825 +/-0.000000  0.9900 +/-0.000000  0.7375 +/-0.000000  0.5588 +/-0.000000
 25%     16  0.0083 +/-0.000000  0.9648 +/-0.000000  0.9731 +/-0.000000  0.9917 +/-0.000000  0.9222 +/-0.000000
 25%     64  0.0239 +/-0.000000  0.9947 +/-0.000000  0.9253 +/-0.000000  0.9761 +/-0.000000  0.9843 +/-0.000000
 25%    124  0.0337 +/-0.000000  0.9986 +/-0.000000  0.8944 +/-0.000000  0.9663 +/-0.000000  0.9956 +/-0.000000
  0%      4  0.0000 +/-0.000000  0.7425 +/-0.000000  0.0000 +/-0.000000  0.9325 +/-0.000000  0.0000 +/-0.000000
  0%     16  0.0000 +/-0.000000  0.9814 +/-0.000000  0.0000 +/-0.000000  1.0000 +/-0.000000  0.0000 +/-0.000000
  0%     64  0.0000 +/-0.000000  0.9982 +/-0.000000  0.0000 +/-0.000000  1.0000 +/-0.000000  0.0000 +/-0.000000
  0%    124  0.0000 +/-0.000000  0.9999 +/-0.000000  0.0000 +/-0.000000  1.0000 +/-0.000000  0.0000 +/-0.000000


Summary of goids mean values and standard errors for 20 sets of experiments

nul% #tests          fdr_actual         sensitivity         specificity        pos_pred_val        neg_pred_val
---- ------ ------------------- ------------------- ------------------- ------------------- -------------------
100%      4  0.0025 +/-0.000000  0.0000 +/-0.000000  1.0000 +/-0.000000  0.0000 +/-0.000000  1.0000 +/-0.000000
100%     16  0.0000 +/-0.000000  0.0000 +/-0.000000  1.0000 +/-0.000000  0.0000 +/-0.000000  1.0000 +/-0.000000
100%     64  0.0025 +/-0.000000  0.0000 +/-0.000000  1.0000 +/-0.000000  0.0000 +/-0.000000  1.0000 +/-0.000000
100%    124  0.0200 +/-0.000000  0.0000 +/-0.000000  1.0000 +/-0.000000  0.0000 +/-0.000000  1.0000 +/-0.000000
 75%      4  0.0025 +/-0.000000  0.0000 +/-0.000000  1.0000 +/-0.000000  0.0000 +/-0.000000  0.9731 +/-0.000000
 75%     16  0.2924 +/-0.000000  0.2020 +/-0.000000  0.9945 +/-0.000000  0.2776 +/-0.000000  0.9851 +/-0.000000
 75%     64  0.6694 +/-0.000000  0.4657 +/-0.000000  0.9881 +/-0.000000  0.3306 +/-0.000000  0.9951 +/-0.000000
 75%    124  0.8117 +/-0.000000  0.5410 +/-0.000000  0.9848 +/-0.000000  0.1883 +/-0.000000  0.9971 +/-0.000000
 50%      4  0.1711 +/-0.000000  0.2442 +/-0.000000  0.9942 +/-0.000000  0.2214 +/-0.000000  0.9606 +/-0.000000
 50%     16  0.6229 +/-0.000000  0.4607 +/-0.000000  0.9743 +/-0.000000  0.3746 +/-0.000000  0.9858 +/-0.000000
 50%     64  0.8677 +/-0.000000  0.6395 +/-0.000000  0.9517 +/-0.000000  0.1323 +/-0.000000  0.9959 +/-0.000000
 50%    124  0.9035 +/-0.000000  0.7174 +/-0.000000  0.9516 +/-0.000000  0.0965 +/-0.000000  0.9980 +/-0.000000
 25%      4  0.3201 +/-0.000000  0.2816 +/-0.000000  0.9833 +/-0.000000  0.4199 +/-0.000000  0.9421 +/-0.000000
 25%     16  0.7355 +/-0.000000  0.5643 +/-0.000000  0.9466 +/-0.000000  0.2645 +/-0.000000  0.9861 +/-0.000000
 25%     64  0.9086 +/-0.000000  0.7338 +/-0.000000  0.9103 +/-0.000000  0.0914 +/-0.000000  0.9965 +/-0.000000
 25%    124  0.9410 +/-0.000000  0.8417 +/-0.000000  0.9014 +/-0.000000  0.0590 +/-0.000000  0.9987 +/-0.000000
  0%      4  0.4090 +/-0.000000  0.3714 +/-0.000000  0.9683 +/-0.000000  0.5235 +/-0.000000  0.9257 +/-0.000000
  0%     16  0.8182 +/-0.000000  0.5964 +/-0.000000  0.9071 +/-0.000000  0.1818 +/-0.000000  0.9846 +/-0.000000
  0%     64  0.9299 +/-0.000000  0.8100 +/-0.000000  0.8585 +/-0.000000  0.0701 +/-0.000000  0.9971 +/-0.000000
  0%    124  0.9570 +/-0.000000  0.9294 +/-0.000000  0.8378 +/-0.000000  0.0430 +/-0.000000  0.9993 +/-0.000000


fdr_actual statistics:
Nul(% max) #pval #tests | # exps        | range                | 25th percentile |   median | 75th percentile |     mean | stddev
-----------------------|---------------|----------------------|-----------------|----------|-----------------|----------|-------
100% 0.050     4 |            20 | 0.0000 to 0.0500     |          0.0000 |   0.0000 |          0.0000 |   0.0025 | 0.0112
100% 0.050    16 |            20 | 0.0000 to 0.0000     |          0.0000 |   0.0000 |          0.0000 |   0.0000 | 0.0000
100% 0.050    64 |            20 | 0.0000 to 0.0500     |          0.0000 |   0.0000 |          0.0000 |   0.0025 | 0.0112
100% 0.050   124 |            20 | 0.0000 to 0.1000     |          0.0000 |   0.0000 |          0.0500 |   0.0200 | 0.0340
 75% 0.038     4 |            20 | 0.0000 to 0.0250     |          0.0000 |   0.0000 |          0.0000 |   0.0013 | 0.0056
 75% 0.038    16 |            20 | 0.0000 to 0.0567     |          0.0000 |   0.0112 |          0.0375 |   0.0187 | 0.0185
 75% 0.038    64 |            20 | 0.0157 to 0.0687     |          0.0296 |   0.0358 |          0.0416 |   0.0375 | 0.0138
 75% 0.038   124 |            20 | 0.0360 to 0.0772     |          0.0551 |   0.0644 |          0.0696 |   0.0613 | 0.0113
 50% 0.025     4 |            20 | 0.0000 to 0.0250     |          0.0000 |   0.0000 |          0.0167 |   0.0058 | 0.0094
 50% 0.025    16 |            20 | 0.0000 to 0.0464     |          0.0116 |   0.0194 |          0.0251 |   0.0197 | 0.0115
 50% 0.025    64 |            20 | 0.0283 to 0.0531     |          0.0381 |   0.0426 |          0.0472 |   0.0424 | 0.0067
 50% 0.025   124 |            20 | 0.0444 to 0.0753     |          0.0501 |   0.0555 |          0.0580 |   0.0559 | 0.0072
 25% 0.013     4 |            20 | 0.0000 to 0.0125     |          0.0000 |   0.0000 |          0.0000 |   0.0025 | 0.0051
 25% 0.013    16 |            20 | 0.0000 to 0.0196     |          0.0038 |   0.0077 |          0.0119 |   0.0083 | 0.0055
 25% 0.013    64 |            20 | 0.0151 to 0.0358     |          0.0191 |   0.0247 |          0.0275 |   0.0239 | 0.0060
 25% 0.013   124 |            20 | 0.0280 to 0.0404     |          0.0319 |   0.0327 |          0.0362 |   0.0337 | 0.0034
  0% 0.000     4 |            20 | 0.0000 to 0.0000     |          0.0000 |   0.0000 |          0.0000 |   0.0000 | 0.0000
  0% 0.000    16 |            20 | 0.0000 to 0.0000     |          0.0000 |   0.0000 |          0.0000 |   0.0000 | 0.0000
  0% 0.000    64 |            20 | 0.0000 to 0.0000     |          0.0000 |   0.0000 |          0.0000 |   0.0000 | 0.0000
  0% 0.000   124 |            20 | 0.0000 to 0.0000     |          0.0000 |   0.0000 |          0.0000 |   0.0000 | 0.0000

sensitivity statistics:
Nul(% max) #pval #tests | # exps        | range                | 25th percentile |   median | 75th percentile |     mean | stddev
-----------------------|---------------|----------------------|-----------------|----------|-----------------|----------|-------
100% 0.050     4 |            20 | 0.0000 to 0.0000     |          0.0000 |   0.0000 |          0.0000 |   0.0000 | 0.0000
100% 0.050    16 |            20 | 0.0000 to 0.0000     |          0.0000 |   0.0000 |          0.0000 |   0.0000 | 0.0000
100% 0.050    64 |            20 | 0.0000 to 0.0000     |          0.0000 |   0.0000 |          0.0000 |   0.0000 | 0.0000
100% 0.050   124 |            20 | 0.0000 to 0.0000     |          0.0000 |   0.0000 |          0.0000 |   0.0000 | 0.0000
 75% 0.038     4 |            20 | 0.0000 to 0.0500     |          0.0000 |   0.0000 |          0.0000 |   0.0025 | 0.0112
 75% 0.038    16 |            20 | 0.2375 to 0.6875     |          0.3688 |   0.4375 |          0.4937 |   0.4400 | 0.1127
 75% 0.038    64 |            20 | 0.8719 to 0.9594     |          0.9336 |   0.9375 |          0.9469 |   0.9364 | 0.0183
 75% 0.038   124 |            20 | 0.9645 to 0.9887     |          0.9738 |   0.9782 |          0.9806 |   0.9777 | 0.0065
 50% 0.025     4 |            20 | 0.1500 to 0.6500     |          0.3500 |   0.4000 |          0.4500 |   0.3900 | 0.0971
 50% 0.025    16 |            20 | 0.8313 to 0.9313     |          0.8688 |   0.8844 |          0.9062 |   0.8869 | 0.0252
 50% 0.025    64 |            20 | 0.9766 to 0.9969     |          0.9875 |   0.9891 |          0.9922 |   0.9889 | 0.0049
 50% 0.025   124 |            20 | 0.9895 to 0.9952     |          0.9911 |   0.9919 |          0.9938 |   0.9922 | 0.0017
 25% 0.013     4 |            20 | 0.3500 to 0.7500     |          0.5333 |   0.5833 |          0.6417 |   0.5825 | 0.0904
 25% 0.013    16 |            20 | 0.9458 to 0.9875     |          0.9573 |   0.9625 |          0.9708 |   0.9648 | 0.0104
 25% 0.013    64 |            20 | 0.9854 to 0.9990     |          0.9938 |   0.9948 |          0.9969 |   0.9947 | 0.0030
 25% 0.013   124 |            20 | 0.9968 to 1.0000     |          0.9984 |   0.9989 |          0.9989 |   0.9986 | 0.0008
  0% 0.000     4 |            20 | 0.5750 to 0.8250     |          0.7219 |   0.7562 |          0.7750 |   0.7425 | 0.0585
  0% 0.000    16 |            20 | 0.9625 to 0.9938     |          0.9742 |   0.9844 |          0.9875 |   0.9814 | 0.0089
  0% 0.000    64 |            20 | 0.9961 to 1.0000     |          0.9975 |   0.9984 |          0.9992 |   0.9982 | 0.0011
  0% 0.000   124 |            20 | 0.9992 to 1.0000     |          0.9996 |   1.0000 |          1.0000 |   0.9999 | 0.0002

specificity statistics:
Nul(% max) #pval #tests | # exps        | range                | 25th percentile |   median | 75th percentile |     mean | stddev
-----------------------|---------------|----------------------|-----------------|----------|-----------------|----------|-------
100% 0.050     4 |            20 | 0.9750 to 1.0000     |          1.0000 |   1.0000 |          1.0000 |   0.9988 | 0.0056
100% 0.050    16 |            20 | 1.0000 to 1.0000     |          1.0000 |   1.0000 |          1.0000 |   1.0000 | 0.0000
100% 0.050    64 |            20 | 0.9977 to 1.0000     |          1.0000 |   1.0000 |          1.0000 |   0.9999 | 0.0005
100% 0.050   124 |            20 | 0.9734 to 1.0000     |          0.9988 |   1.0000 |          1.0000 |   0.9983 | 0.0059
 75% 0.038     4 |            20 | 0.9833 to 1.0000     |          1.0000 |   1.0000 |          1.0000 |   0.9992 | 0.0037
 75% 0.038    16 |            20 | 0.9750 to 1.0000     |          0.9917 |   0.9958 |          1.0000 |   0.9931 | 0.0071
 75% 0.038    64 |            20 | 0.9708 to 0.9948     |          0.9854 |   0.9875 |          0.9896 |   0.9861 | 0.0060
 75% 0.038   124 |            20 | 0.9710 to 0.9876     |          0.9741 |   0.9761 |          0.9801 |   0.9773 | 0.0046
 50% 0.025     4 |            20 | 0.9750 to 1.0000     |          0.9750 |   1.0000 |          1.0000 |   0.9925 | 0.0118
 50% 0.025    16 |            20 | 0.9437 to 1.0000     |          0.9734 |   0.9812 |          0.9875 |   0.9784 | 0.0132
 50% 0.025    64 |            20 | 0.9422 to 0.9703     |          0.9496 |   0.9539 |          0.9594 |   0.9544 | 0.0076
 50% 0.025   124 |            20 | 0.9177 to 0.9532     |          0.9379 |   0.9407 |          0.9468 |   0.9400 | 0.0083
 25% 0.013     4 |            20 | 0.9500 to 1.0000     |          1.0000 |   1.0000 |          1.0000 |   0.9900 | 0.0205
 25% 0.013    16 |            20 | 0.9375 to 1.0000     |          0.9625 |   0.9750 |          0.9875 |   0.9731 | 0.0178
 25% 0.013    64 |            20 | 0.8875 to 0.9531     |          0.9141 |   0.9234 |          0.9406 |   0.9253 | 0.0191
 25% 0.013   124 |            20 | 0.8726 to 0.9129     |          0.8863 |   0.8976 |          0.9000 |   0.8944 | 0.0109
  0% 0.000     4 |            20 | 0.0000 to 0.0000     |          0.0000 |   0.0000 |          0.0000 |   0.0000 | 0.0000
  0% 0.000    16 |            20 | 0.0000 to 0.0000     |          0.0000 |   0.0000 |          0.0000 |   0.0000 | 0.0000
  0% 0.000    64 |            20 | 0.0000 to 0.0000     |          0.0000 |   0.0000 |          0.0000 |   0.0000 | 0.0000
  0% 0.000   124 |            20 | 0.0000 to 0.0000     |          0.0000 |   0.0000 |          0.0000 |   0.0000 | 0.0000

pos_pred_val statistics:
Nul(% max) #pval #tests | # exps        | range                | 25th percentile |   median | 75th percentile |     mean | stddev
-----------------------|---------------|----------------------|-----------------|----------|-----------------|----------|-------
100% 0.050     4 |            20 | 0.0000 to 0.0000     |          0.0000 |   0.0000 |          0.0000 |   0.0000 | 0.0000
100% 0.050    16 |            20 | 0.0000 to 0.0000     |          0.0000 |   0.0000 |          0.0000 |   0.0000 | 0.0000
100% 0.050    64 |            20 | 0.0000 to 0.0000     |          0.0000 |   0.0000 |          0.0000 |   0.0000 | 0.0000
100% 0.050   124 |            20 | 0.0000 to 0.0000     |          0.0000 |   0.0000 |          0.0000 |   0.0000 | 0.0000
 75% 0.038     4 |            20 | 0.0000 to 0.0250     |          0.0000 |   0.0000 |          0.0000 |   0.0013 | 0.0056
 75% 0.038    16 |            20 | 0.3000 to 0.8333     |          0.4800 |   0.5388 |          0.6121 |   0.5513 | 0.1370
 75% 0.038    64 |            20 | 0.9313 to 0.9843     |          0.9584 |   0.9642 |          0.9704 |   0.9625 | 0.0138
 75% 0.038   124 |            20 | 0.9228 to 0.9640     |          0.9304 |   0.9356 |          0.9449 |   0.9387 | 0.0113
 50% 0.025     4 |            20 | 0.1500 to 0.6333     |          0.3458 |   0.4000 |          0.4375 |   0.3867 | 0.0947
 50% 0.025    16 |            20 | 0.9382 to 1.0000     |          0.9724 |   0.9803 |          0.9842 |   0.9778 | 0.0146
 50% 0.025    64 |            20 | 0.9469 to 0.9717     |          0.9528 |   0.9574 |          0.9619 |   0.9576 | 0.0067
 50% 0.025   124 |            20 | 0.9247 to 0.9556     |          0.9420 |   0.9445 |          0.9499 |   0.9441 | 0.0072
 25% 0.013     4 |            20 | 0.5000 to 0.9000     |          0.6875 |   0.7188 |          0.8406 |   0.7375 | 0.1048
 25% 0.013    16 |            20 | 0.9804 to 1.0000     |          0.9881 |   0.9923 |          0.9962 |   0.9917 | 0.0055
 25% 0.013    64 |            20 | 0.9642 to 0.9849     |          0.9725 |   0.9753 |          0.9809 |   0.9761 | 0.0060
 25% 0.013   124 |            20 | 0.9596 to 0.9720     |          0.9638 |   0.9673 |          0.9681 |   0.9663 | 0.0034
  0% 0.000     4 |            20 | 0.8000 to 1.0000     |          0.9000 |   0.9500 |          1.0000 |   0.9325 | 0.0613
  0% 0.000    16 |            20 | 1.0000 to 1.0000     |          1.0000 |   1.0000 |          1.0000 |   1.0000 | 0.0000
  0% 0.000    64 |            20 | 1.0000 to 1.0000     |          1.0000 |   1.0000 |          1.0000 |   1.0000 | 0.0000
  0% 0.000   124 |            20 | 1.0000 to 1.0000     |          1.0000 |   1.0000 |          1.0000 |   1.0000 | 0.0000

neg_pred_val statistics:
Nul(% max) #pval #tests | # exps        | range                | 25th percentile |   median | 75th percentile |     mean | stddev
-----------------------|---------------|----------------------|-----------------|----------|-----------------|----------|-------
100% 0.050     4 |            20 | 1.0000 to 1.0000     |          1.0000 |   1.0000 |          1.0000 |   1.0000 | 0.0000
100% 0.050    16 |            20 | 1.0000 to 1.0000     |          1.0000 |   1.0000 |          1.0000 |   1.0000 | 0.0000
100% 0.050    64 |            20 | 1.0000 to 1.0000     |          1.0000 |   1.0000 |          1.0000 |   1.0000 | 0.0000
100% 0.050   124 |            20 | 1.0000 to 1.0000     |          1.0000 |   1.0000 |          1.0000 |   1.0000 | 0.0000
 75% 0.038     4 |            20 | 0.7500 to 0.7625     |          0.7500 |   0.7500 |          0.7500 |   0.7506 | 0.0028
 75% 0.038    16 |            20 | 0.8069 to 0.9134     |          0.8367 |   0.8530 |          0.8666 |   0.8537 | 0.0267
 75% 0.038    64 |            20 | 0.9606 to 0.9869     |          0.9786 |   0.9802 |          0.9828 |   0.9797 | 0.0055
 75% 0.038   124 |            20 | 0.9882 to 0.9962     |          0.9915 |   0.9927 |          0.9935 |   0.9926 | 0.0021
 50% 0.025     4 |            20 | 0.5750 to 0.8250     |          0.6750 |   0.7000 |          0.7250 |   0.6937 | 0.0479
 50% 0.025    16 |            20 | 0.8744 to 0.9412     |          0.8970 |   0.9081 |          0.9228 |   0.9098 | 0.0165
 50% 0.025    64 |            20 | 0.9773 to 0.9970     |          0.9874 |   0.9891 |          0.9921 |   0.9889 | 0.0048
 50% 0.025   124 |            20 | 0.9891 to 0.9948     |          0.9907 |   0.9916 |          0.9936 |   0.9919 | 0.0018
 25% 0.013     4 |            20 | 0.4000 to 0.6625     |          0.5312 |   0.5625 |          0.6000 |   0.5588 | 0.0582
 25% 0.013    16 |            20 | 0.8794 to 0.9700     |          0.9032 |   0.9229 |          0.9353 |   0.9222 | 0.0233
 25% 0.013    64 |            20 | 0.9577 to 0.9967     |          0.9815 |   0.9847 |          0.9906 |   0.9843 | 0.0086
 25% 0.013   124 |            20 | 0.9895 to 1.0000     |          0.9945 |   0.9964 |          0.9967 |   0.9956 | 0.0026
  0% 0.000     4 |            20 | 0.0000 to 0.0000     |          0.0000 |   0.0000 |          0.0000 |   0.0000 | 0.0000
  0% 0.000    16 |            20 | 0.0000 to 0.0000     |          0.0000 |   0.0000 |          0.0000 |   0.0000 | 0.0000
  0% 0.000    64 |            20 | 0.0000 to 0.0000     |          0.0000 |   0.0000 |          0.0000 |   0.0000 | 0.0000
  0% 0.000   124 |            20 | 0.0000 to 0.0000     |          0.0000 |   0.0000 |          0.0000 |   0.0000 | 0.0000
  ELAPSED TIME: 2:41:40.921197 Simulations complete. Reports and plots generated.
