  ELAPSED TIME: 2:13:00.314204 Simulations Completed

WRITTEN: 2017-07-22:

  RANDOM SEED = 0x6e8312b2 = 1,854,083,762
alpha(0.05) method(fdr_bh)
SETTINGS AND GO-DAG VERSION:
    Multitest Params: alpha(0.05) method(fdr_bh)
    GO-DAG version:   go-basic.obo: fmt(1.2) rel(2017-06-30) 48,928 GO Terms

ASSOCIATION INFORMATION:
    GOC Validation Date: 05/19/2017 $
    Submission Date: 5/19/2017
    gaf-version: 2.0
    Project_name: Mouse Genome Informatics (MGI)
    URL: http://www.informatics.jax.org/
    Contact Email: mgi-help@jax.org
    Funding: NHGRI of US National Institutes of Health
    software version: $Revision$
    date: 05/18/2017 $

18,647 GENES  IN ASSOCIATION
17,276 GO IDs IN ASSOCIATION
18,647 GENES  IN POPULATION
22,025 population genes (user)
18,647 population genes in assc.
   85% population genes coverage in assc.
   124 study genes (user)
   124 study genes in assc.
16,305 population genes - study buffer

TITLE: Assc: Orig True Nulls (View Enriched)
SIMULATION PARAMETERS:
    randomize_truenull_assc orig_noprune_enriched_ntn2
    perc_nulls      [100, 75, 50, 25, 0]
    num_genes_list  [4, 16, 64, 124]
    num_experiments 20
    num_sims        20


Summary of genes mean values and standard errors for 20 sets of experiments

nul% #tests          fdr_actual         sensitivity         specificity        pos_pred_val        neg_pred_val
---- ------ ------------------- ------------------- ------------------- ------------------- -------------------
100%      4  0.0025 +/-0.000000  0.0000 +/-0.000000  0.9988 +/-0.000000  0.0000 +/-0.000000  1.0000 +/-0.000000
100%     16  0.0000 +/-0.000000  0.0000 +/-0.000000  1.0000 +/-0.000000  0.0000 +/-0.000000  1.0000 +/-0.000000
100%     64  0.0000 +/-0.000000  0.0000 +/-0.000000  1.0000 +/-0.000000  0.0000 +/-0.000000  1.0000 +/-0.000000
100%    124  0.0025 +/-0.000000  0.0000 +/-0.000000  0.9999 +/-0.000000  0.0000 +/-0.000000  1.0000 +/-0.000000
 75%      4  0.0050 +/-0.000000  0.0000 +/-0.000000  0.9967 +/-0.000000  0.0000 +/-0.000000  0.7488 +/-0.000000
 75%     16  0.0022 +/-0.000000  0.0756 +/-0.000000  0.9994 +/-0.000000  0.0952 +/-0.000000  0.7677 +/-0.000000
 75%     64  0.0005 +/-0.000000  0.7352 +/-0.000000  0.9998 +/-0.000000  0.9995 +/-0.000000  0.9207 +/-0.000000
 75%    124  0.0014 +/-0.000000  0.8969 +/-0.000000  0.9995 +/-0.000000  0.9986 +/-0.000000  0.9672 +/-0.000000
 50%      4  0.0025 +/-0.000000  0.0150 +/-0.000000  0.9975 +/-0.000000  0.0150 +/-0.000000  0.5062 +/-0.000000
 50%     16  0.0020 +/-0.000000  0.4806 +/-0.000000  0.9978 +/-0.000000  0.8255 +/-0.000000  0.6795 +/-0.000000
 50%     64  0.0026 +/-0.000000  0.9235 +/-0.000000  0.9973 +/-0.000000  0.9974 +/-0.000000  0.9309 +/-0.000000
 50%    124  0.0017 +/-0.000000  0.9651 +/-0.000000  0.9982 +/-0.000000  0.9983 +/-0.000000  0.9666 +/-0.000000
 25%      4  0.0013 +/-0.000000  0.1100 +/-0.000000  0.9975 +/-0.000000  0.1237 +/-0.000000  0.3213 +/-0.000000
 25%     16  0.0013 +/-0.000000  0.7610 +/-0.000000  0.9969 +/-0.000000  0.9987 +/-0.000000  0.6276 +/-0.000000
 25%     64  0.0013 +/-0.000000  0.9588 +/-0.000000  0.9961 +/-0.000000  0.9987 +/-0.000000  0.8941 +/-0.000000
 25%    124  0.0016 +/-0.000000  0.9822 +/-0.000000  0.9952 +/-0.000000  0.9984 +/-0.000000  0.9502 +/-0.000000
  0%      4  0.0000 +/-0.000000  0.2225 +/-0.000000  0.0000 +/-0.000000  0.3150 +/-0.000000  0.0000 +/-0.000000
  0%     16  0.0000 +/-0.000000  0.8627 +/-0.000000  0.0000 +/-0.000000  1.0000 +/-0.000000  0.0000 +/-0.000000
  0%     64  0.0000 +/-0.000000  0.9735 +/-0.000000  0.0000 +/-0.000000  1.0000 +/-0.000000  0.0000 +/-0.000000
  0%    124  0.0000 +/-0.000000  1.0000 +/-0.000000  0.0000 +/-0.000000  1.0000 +/-0.000000  0.0000 +/-0.000000


Summary of goids mean values and standard errors for 20 sets of experiments

nul% #tests          fdr_actual         sensitivity         specificity        pos_pred_val        neg_pred_val
---- ------ ------------------- ------------------- ------------------- ------------------- -------------------
100%      4  0.0025 +/-0.000000  0.0000 +/-0.000000  0.9999 +/-0.000000  0.0000 +/-0.000000  1.0000 +/-0.000000
100%     16  0.0000 +/-0.000000  0.0000 +/-0.000000  1.0000 +/-0.000000  0.0000 +/-0.000000  1.0000 +/-0.000000
100%     64  0.0000 +/-0.000000  0.0000 +/-0.000000  1.0000 +/-0.000000  0.0000 +/-0.000000  1.0000 +/-0.000000
100%    124  0.0025 +/-0.000000  0.0000 +/-0.000000  1.0000 +/-0.000000  0.0000 +/-0.000000  1.0000 +/-0.000000
 75%      4  0.0050 +/-0.000000  0.0000 +/-0.000000  0.9999 +/-0.000000  0.0000 +/-0.000000  0.9711 +/-0.000000
 75%     16  0.0038 +/-0.000000  0.0473 +/-0.000000  1.0000 +/-0.000000  0.0937 +/-0.000000  0.9803 +/-0.000000
 75%     64  0.0008 +/-0.000000  0.3822 +/-0.000000  1.0000 +/-0.000000  0.9992 +/-0.000000  0.9929 +/-0.000000
 75%    124  0.0037 +/-0.000000  0.4877 +/-0.000000  1.0000 +/-0.000000  0.9963 +/-0.000000  0.9959 +/-0.000000
 50%      4  0.0050 +/-0.000000  0.0054 +/-0.000000  1.0000 +/-0.000000  0.0125 +/-0.000000  0.9446 +/-0.000000
 50%     16  0.0058 +/-0.000000  0.2466 +/-0.000000  0.9999 +/-0.000000  0.8217 +/-0.000000  0.9781 +/-0.000000
 50%     64  0.0086 +/-0.000000  0.5668 +/-0.000000  0.9999 +/-0.000000  0.9914 +/-0.000000  0.9946 +/-0.000000
 50%    124  0.0073 +/-0.000000  0.6950 +/-0.000000  1.0000 +/-0.000000  0.9927 +/-0.000000  0.9974 +/-0.000000
 25%      4  0.0125 +/-0.000000  0.0817 +/-0.000000  0.9998 +/-0.000000  0.1125 +/-0.000000  0.9261 +/-0.000000
 25%     16  0.0209 +/-0.000000  0.4125 +/-0.000000  0.9997 +/-0.000000  0.9791 +/-0.000000  0.9808 +/-0.000000
 25%     64  0.0093 +/-0.000000  0.6703 +/-0.000000  0.9999 +/-0.000000  0.9907 +/-0.000000  0.9958 +/-0.000000
 25%    124  0.0117 +/-0.000000  0.7895 +/-0.000000  0.9999 +/-0.000000  0.9883 +/-0.000000  0.9983 +/-0.000000
  0%      4  0.0154 +/-0.000000  0.1368 +/-0.000000  0.9971 +/-0.000000  0.2996 +/-0.000000  0.9146 +/-0.000000
  0%     16  0.0300 +/-0.000000  0.4997 +/-0.000000  0.9994 +/-0.000000  0.9700 +/-0.000000  0.9825 +/-0.000000
  0%     64  0.0109 +/-0.000000  0.7468 +/-0.000000  0.9999 +/-0.000000  0.9891 +/-0.000000  0.9967 +/-0.000000
  0%    124  0.0000 +/-0.000000  1.0000 +/-0.000000  1.0000 +/-0.000000  1.0000 +/-0.000000  1.0000 +/-0.000000


fdr_actual statistics:
Nul(% max) #pval #tests | # exps        | range                | 25th percentile |   median | 75th percentile |     mean | stddev
-----------------------|---------------|----------------------|-----------------|----------|-----------------|----------|-------
100% 0.050     4 |            20 | 0.0000 to 0.0500     |          0.0000 |   0.0000 |          0.0000 |   0.0025 | 0.0112
100% 0.050    16 |            20 | 0.0000 to 0.0000     |          0.0000 |   0.0000 |          0.0000 |   0.0000 | 0.0000
100% 0.050    64 |            20 | 0.0000 to 0.0000     |          0.0000 |   0.0000 |          0.0000 |   0.0000 | 0.0000
100% 0.050   124 |            20 | 0.0000 to 0.0500     |          0.0000 |   0.0000 |          0.0000 |   0.0025 | 0.0112
 75% 0.038     4 |            20 | 0.0000 to 0.0500     |          0.0000 |   0.0000 |          0.0000 |   0.0050 | 0.0154
 75% 0.038    16 |            20 | 0.0000 to 0.0250     |          0.0000 |   0.0000 |          0.0000 |   0.0022 | 0.0070
 75% 0.038    64 |            20 | 0.0000 to 0.0100     |          0.0000 |   0.0000 |          0.0000 |   0.0005 | 0.0022
 75% 0.038   124 |            20 | 0.0000 to 0.0069     |          0.0000 |   0.0000 |          0.0021 |   0.0014 | 0.0025
 50% 0.025     4 |            20 | 0.0000 to 0.0250     |          0.0000 |   0.0000 |          0.0000 |   0.0025 | 0.0077
 50% 0.025    16 |            20 | 0.0000 to 0.0187     |          0.0000 |   0.0000 |          0.0000 |   0.0020 | 0.0053
 50% 0.025    64 |            20 | 0.0000 to 0.0129     |          0.0000 |   0.0008 |          0.0036 |   0.0026 | 0.0038
 50% 0.025   124 |            20 | 0.0000 to 0.0070     |          0.0000 |   0.0008 |          0.0026 |   0.0017 | 0.0023
 25% 0.013     4 |            20 | 0.0000 to 0.0250     |          0.0000 |   0.0000 |          0.0000 |   0.0013 | 0.0056
 25% 0.013    16 |            20 | 0.0000 to 0.0063     |          0.0000 |   0.0000 |          0.0010 |   0.0013 | 0.0024
 25% 0.013    64 |            20 | 0.0000 to 0.0051     |          0.0000 |   0.0010 |          0.0013 |   0.0013 | 0.0014
 25% 0.013   124 |            20 | 0.0000 to 0.0088     |          0.0005 |   0.0011 |          0.0018 |   0.0016 | 0.0019
  0% 0.000     4 |            20 | 0.0000 to 0.0000     |          0.0000 |   0.0000 |          0.0000 |   0.0000 | 0.0000
  0% 0.000    16 |            20 | 0.0000 to 0.0000     |          0.0000 |   0.0000 |          0.0000 |   0.0000 | 0.0000
  0% 0.000    64 |            20 | 0.0000 to 0.0000     |          0.0000 |   0.0000 |          0.0000 |   0.0000 | 0.0000
  0% 0.000   124 |            20 | 0.0000 to 0.0000     |          0.0000 |   0.0000 |          0.0000 |   0.0000 | 0.0000

sensitivity statistics:
Nul(% max) #pval #tests | # exps        | range                | 25th percentile |   median | 75th percentile |     mean | stddev
-----------------------|---------------|----------------------|-----------------|----------|-----------------|----------|-------
100% 0.050     4 |            20 | 0.0000 to 0.0000     |          0.0000 |   0.0000 |          0.0000 |   0.0000 | 0.0000
100% 0.050    16 |            20 | 0.0000 to 0.0000     |          0.0000 |   0.0000 |          0.0000 |   0.0000 | 0.0000
100% 0.050    64 |            20 | 0.0000 to 0.0000     |          0.0000 |   0.0000 |          0.0000 |   0.0000 | 0.0000
100% 0.050   124 |            20 | 0.0000 to 0.0000     |          0.0000 |   0.0000 |          0.0000 |   0.0000 | 0.0000
 75% 0.038     4 |            20 | 0.0000 to 0.0000     |          0.0000 |   0.0000 |          0.0000 |   0.0000 | 0.0000
 75% 0.038    16 |            20 | 0.0000 to 0.1500     |          0.0375 |   0.0812 |          0.1125 |   0.0756 | 0.0430
 75% 0.038    64 |            20 | 0.6750 to 0.8125     |          0.7156 |   0.7266 |          0.7547 |   0.7352 | 0.0343
 75% 0.038   124 |            20 | 0.8726 to 0.9339     |          0.8867 |   0.8968 |          0.9024 |   0.8969 | 0.0145
 50% 0.025     4 |            20 | 0.0000 to 0.1000     |          0.0000 |   0.0000 |          0.0250 |   0.0150 | 0.0274
 50% 0.025    16 |            20 | 0.4000 to 0.6438     |          0.4422 |   0.4719 |          0.5062 |   0.4806 | 0.0588
 50% 0.025    64 |            20 | 0.9031 to 0.9406     |          0.9168 |   0.9219 |          0.9305 |   0.9235 | 0.0104
 50% 0.025   124 |            20 | 0.9556 to 0.9774     |          0.9621 |   0.9649 |          0.9688 |   0.9651 | 0.0051
 25% 0.013     4 |            20 | 0.0000 to 0.2500     |          0.0500 |   0.1250 |          0.1333 |   0.1100 | 0.0629
 25% 0.013    16 |            20 | 0.7125 to 0.8167     |          0.7469 |   0.7583 |          0.7760 |   0.7610 | 0.0266
 25% 0.013    64 |            20 | 0.9490 to 0.9677     |          0.9552 |   0.9583 |          0.9620 |   0.9588 | 0.0050
 25% 0.013   124 |            20 | 0.9758 to 0.9871     |          0.9801 |   0.9828 |          0.9839 |   0.9822 | 0.0026
  0% 0.000     4 |            20 | 0.0750 to 0.4500     |          0.1844 |   0.2188 |          0.2625 |   0.2225 | 0.0815
  0% 0.000    16 |            20 | 0.8156 to 0.9062     |          0.8500 |   0.8594 |          0.8758 |   0.8627 | 0.0232
  0% 0.000    64 |            20 | 0.9672 to 0.9789     |          0.9709 |   0.9738 |          0.9768 |   0.9735 | 0.0038
  0% 0.000   124 |            20 | 1.0000 to 1.0000     |          1.0000 |   1.0000 |          1.0000 |   1.0000 | 0.0000

specificity statistics:
Nul(% max) #pval #tests | # exps        | range                | 25th percentile |   median | 75th percentile |     mean | stddev
-----------------------|---------------|----------------------|-----------------|----------|-----------------|----------|-------
100% 0.050     4 |            20 | 0.9750 to 1.0000     |          1.0000 |   1.0000 |          1.0000 |   0.9988 | 0.0056
100% 0.050    16 |            20 | 1.0000 to 1.0000     |          1.0000 |   1.0000 |          1.0000 |   1.0000 | 0.0000
100% 0.050    64 |            20 | 1.0000 to 1.0000     |          1.0000 |   1.0000 |          1.0000 |   1.0000 | 0.0000
100% 0.050   124 |            20 | 0.9988 to 1.0000     |          1.0000 |   1.0000 |          1.0000 |   0.9999 | 0.0003
 75% 0.038     4 |            20 | 0.9667 to 1.0000     |          1.0000 |   1.0000 |          1.0000 |   0.9967 | 0.0103
 75% 0.038    16 |            20 | 0.9917 to 1.0000     |          1.0000 |   1.0000 |          1.0000 |   0.9994 | 0.0020
 75% 0.038    64 |            20 | 0.9969 to 1.0000     |          1.0000 |   1.0000 |          1.0000 |   0.9998 | 0.0007
 75% 0.038   124 |            20 | 0.9973 to 1.0000     |          0.9993 |   1.0000 |          1.0000 |   0.9995 | 0.0009
 50% 0.025     4 |            20 | 0.9750 to 1.0000     |          1.0000 |   1.0000 |          1.0000 |   0.9975 | 0.0077
 50% 0.025    16 |            20 | 0.9812 to 1.0000     |          1.0000 |   1.0000 |          1.0000 |   0.9978 | 0.0058
 50% 0.025    64 |            20 | 0.9859 to 1.0000     |          0.9965 |   0.9992 |          1.0000 |   0.9973 | 0.0040
 50% 0.025   124 |            20 | 0.9927 to 1.0000     |          0.9974 |   0.9992 |          1.0000 |   0.9982 | 0.0024
 25% 0.013     4 |            20 | 0.9500 to 1.0000     |          1.0000 |   1.0000 |          1.0000 |   0.9975 | 0.0112
 25% 0.013    16 |            20 | 0.9875 to 1.0000     |          0.9969 |   1.0000 |          1.0000 |   0.9969 | 0.0056
 25% 0.013    64 |            20 | 0.9844 to 1.0000     |          0.9961 |   0.9969 |          1.0000 |   0.9961 | 0.0043
 25% 0.013   124 |            20 | 0.9726 to 1.0000     |          0.9948 |   0.9968 |          0.9984 |   0.9952 | 0.0060
  0% 0.000     4 |            20 | 0.0000 to 0.0000     |          0.0000 |   0.0000 |          0.0000 |   0.0000 | 0.0000
  0% 0.000    16 |            20 | 0.0000 to 0.0000     |          0.0000 |   0.0000 |          0.0000 |   0.0000 | 0.0000
  0% 0.000    64 |            20 | 0.0000 to 0.0000     |          0.0000 |   0.0000 |          0.0000 |   0.0000 | 0.0000
  0% 0.000   124 |            20 | 0.0000 to 0.0000     |          0.0000 |   0.0000 |          0.0000 |   0.0000 | 0.0000

pos_pred_val statistics:
Nul(% max) #pval #tests | # exps        | range                | 25th percentile |   median | 75th percentile |     mean | stddev
-----------------------|---------------|----------------------|-----------------|----------|-----------------|----------|-------
100% 0.050     4 |            20 | 0.0000 to 0.0000     |          0.0000 |   0.0000 |          0.0000 |   0.0000 | 0.0000
100% 0.050    16 |            20 | 0.0000 to 0.0000     |          0.0000 |   0.0000 |          0.0000 |   0.0000 | 0.0000
100% 0.050    64 |            20 | 0.0000 to 0.0000     |          0.0000 |   0.0000 |          0.0000 |   0.0000 | 0.0000
100% 0.050   124 |            20 | 0.0000 to 0.0000     |          0.0000 |   0.0000 |          0.0000 |   0.0000 | 0.0000
 75% 0.038     4 |            20 | 0.0000 to 0.0000     |          0.0000 |   0.0000 |          0.0000 |   0.0000 | 0.0000
 75% 0.038    16 |            20 | 0.0000 to 0.2000     |          0.0500 |   0.1000 |          0.1500 |   0.0952 | 0.0550
 75% 0.038    64 |            20 | 0.9900 to 1.0000     |          1.0000 |   1.0000 |          1.0000 |   0.9995 | 0.0022
 75% 0.038   124 |            20 | 0.9931 to 1.0000     |          0.9979 |   1.0000 |          1.0000 |   0.9986 | 0.0025
 50% 0.025     4 |            20 | 0.0000 to 0.1000     |          0.0000 |   0.0000 |          0.0250 |   0.0150 | 0.0274
 50% 0.025    16 |            20 | 0.6312 to 1.0000     |          0.7875 |   0.8500 |          0.8625 |   0.8255 | 0.0869
 50% 0.025    64 |            20 | 0.9871 to 1.0000     |          0.9964 |   0.9992 |          1.0000 |   0.9974 | 0.0038
 50% 0.025   124 |            20 | 0.9930 to 1.0000     |          0.9974 |   0.9992 |          1.0000 |   0.9983 | 0.0023
 25% 0.013     4 |            20 | 0.0000 to 0.3000     |          0.0500 |   0.1500 |          0.1500 |   0.1237 | 0.0732
 25% 0.013    16 |            20 | 0.9938 to 1.0000     |          0.9990 |   1.0000 |          1.0000 |   0.9987 | 0.0024
 25% 0.013    64 |            20 | 0.9949 to 1.0000     |          0.9987 |   0.9990 |          1.0000 |   0.9987 | 0.0014
 25% 0.013   124 |            20 | 0.9912 to 1.0000     |          0.9982 |   0.9989 |          0.9995 |   0.9984 | 0.0019
  0% 0.000     4 |            20 | 0.1000 to 0.6000     |          0.2500 |   0.3000 |          0.3625 |   0.3150 | 0.1113
  0% 0.000    16 |            20 | 1.0000 to 1.0000     |          1.0000 |   1.0000 |          1.0000 |   1.0000 | 0.0000
  0% 0.000    64 |            20 | 1.0000 to 1.0000     |          1.0000 |   1.0000 |          1.0000 |   1.0000 | 0.0000
  0% 0.000   124 |            20 | 1.0000 to 1.0000     |          1.0000 |   1.0000 |          1.0000 |   1.0000 | 0.0000

neg_pred_val statistics:
Nul(% max) #pval #tests | # exps        | range                | 25th percentile |   median | 75th percentile |     mean | stddev
-----------------------|---------------|----------------------|-----------------|----------|-----------------|----------|-------
100% 0.050     4 |            20 | 1.0000 to 1.0000     |          1.0000 |   1.0000 |          1.0000 |   1.0000 | 0.0000
100% 0.050    16 |            20 | 1.0000 to 1.0000     |          1.0000 |   1.0000 |          1.0000 |   1.0000 | 0.0000
100% 0.050    64 |            20 | 1.0000 to 1.0000     |          1.0000 |   1.0000 |          1.0000 |   1.0000 | 0.0000
100% 0.050   124 |            20 | 1.0000 to 1.0000     |          1.0000 |   1.0000 |          1.0000 |   1.0000 | 0.0000
 75% 0.038     4 |            20 | 0.7375 to 0.7500     |          0.7500 |   0.7500 |          0.7500 |   0.7488 | 0.0038
 75% 0.038    16 |            20 | 0.7500 to 0.7846     |          0.7587 |   0.7682 |          0.7760 |   0.7677 | 0.0102
 75% 0.038    64 |            20 | 0.9032 to 0.9428     |          0.9154 |   0.9182 |          0.9261 |   0.9207 | 0.0096
 75% 0.038   124 |            20 | 0.9596 to 0.9785     |          0.9641 |   0.9671 |          0.9687 |   0.9672 | 0.0045
 50% 0.025     4 |            20 | 0.5000 to 0.5500     |          0.5000 |   0.5000 |          0.5000 |   0.5062 | 0.0138
 50% 0.025    16 |            20 | 0.6524 to 0.7573     |          0.6589 |   0.6731 |          0.6901 |   0.6795 | 0.0274
 50% 0.025    64 |            20 | 0.9149 to 0.9453     |          0.9257 |   0.9290 |          0.9363 |   0.9309 | 0.0087
 50% 0.025   124 |            20 | 0.9581 to 0.9780     |          0.9638 |   0.9664 |          0.9699 |   0.9666 | 0.0047
 25% 0.013     4 |            20 | 0.2500 to 0.4000     |          0.2875 |   0.3313 |          0.3375 |   0.3213 | 0.0410
 25% 0.013    16 |            20 | 0.5683 to 0.7040     |          0.6054 |   0.6211 |          0.6381 |   0.6276 | 0.0345
 25% 0.013    64 |            20 | 0.8708 to 0.9163     |          0.8869 |   0.8924 |          0.9016 |   0.8941 | 0.0119
 25% 0.013   124 |            20 | 0.9330 to 0.9620     |          0.9446 |   0.9516 |          0.9549 |   0.9502 | 0.0069
  0% 0.000     4 |            20 | 0.0000 to 0.0000     |          0.0000 |   0.0000 |          0.0000 |   0.0000 | 0.0000
  0% 0.000    16 |            20 | 0.0000 to 0.0000     |          0.0000 |   0.0000 |          0.0000 |   0.0000 | 0.0000
  0% 0.000    64 |            20 | 0.0000 to 0.0000     |          0.0000 |   0.0000 |          0.0000 |   0.0000 | 0.0000
  0% 0.000   124 |            20 | 0.0000 to 0.0000     |          0.0000 |   0.0000 |          0.0000 |   0.0000 | 0.0000
  ELAPSED TIME: 2:13:05.882161 Simulations complete. Reports and plots generated.
