  ELAPSED TIME: 2:29:30.534869 Simulations Completed

WRITTEN: 2017-07-21:

  RANDOM SEED = 0x954e6739 = 2,504,943,417
alpha(0.05) method(fdr_bh)
SETTINGS AND GO-DAG VERSION:
    Multitest Params: alpha(0.05) method(fdr_bh)
    GO-DAG version:   go-basic.obo: fmt(1.2) rel(2017-06-30) 48,928 GO Terms

ASSOCIATION INFORMATION:
    GOC Validation Date: 05/19/2017 $
    Submission Date: 5/19/2017
    gaf-version: 2.0
    Project_name: Mouse Genome Informatics (MGI)
    URL: http://www.informatics.jax.org/
    Contact Email: mgi-help@jax.org
    Funding: NHGRI of US National Institutes of Health
    software version: $Revision$
    date: 05/18/2017 $

18,647 GENES  IN ASSOCIATION
17,276 GO IDs IN ASSOCIATION
18,647 GENES  IN POPULATION
22,025 population genes (user)
18,647 population genes in assc.
   85% population genes coverage in assc.
   124 study genes (user)
   124 study genes in assc.
16,305 population genes - study buffer

TITLE: Assc: Orig True Nulls
SIMULATION PARAMETERS:
    randomize_truenull_assc orig_noprune_ntn2
    perc_nulls      [100, 75, 50, 25, 0]
    num_genes_list  [4, 16, 64, 124]
    num_experiments 20
    num_sims        20


Summary of genes mean values and standard errors for 20 sets of experiments

nul% #tests          fdr_actual         sensitivity         specificity        pos_pred_val        neg_pred_val
---- ------ ------------------- ------------------- ------------------- ------------------- -------------------
100%      4  0.0000 +/-0.000000  0.0000 +/-0.000000  1.0000 +/-0.000000  0.0000 +/-0.000000  1.0000 +/-0.000000
100%     16  0.0025 +/-0.000000  0.0000 +/-0.000000  0.9995 +/-0.000000  0.0000 +/-0.000000  1.0000 +/-0.000000
100%     64  0.0050 +/-0.000000  0.0000 +/-0.000000  0.9998 +/-0.000000  0.0000 +/-0.000000  1.0000 +/-0.000000
100%    124  0.0025 +/-0.000000  0.0000 +/-0.000000  0.9999 +/-0.000000  0.0000 +/-0.000000  1.0000 +/-0.000000
 75%      4  0.0000 +/-0.000000  0.0000 +/-0.000000  1.0000 +/-0.000000  0.0000 +/-0.000000  0.7500 +/-0.000000
 75%     16  0.0063 +/-0.000000  0.0794 +/-0.000000  0.9988 +/-0.000000  0.0963 +/-0.000000  0.7686 +/-0.000000
 75%     64  0.0017 +/-0.000000  0.7347 +/-0.000000  0.9995 +/-0.000000  0.9983 +/-0.000000  0.9206 +/-0.000000
 75%    124  0.0140 +/-0.000000  0.8940 +/-0.000000  0.9928 +/-0.000000  0.9860 +/-0.000000  0.9661 +/-0.000000
 50%      4  0.0000 +/-0.000000  0.0150 +/-0.000000  1.0000 +/-0.000000  0.0150 +/-0.000000  0.5075 +/-0.000000
 50%     16  0.0007 +/-0.000000  0.4800 +/-0.000000  0.9994 +/-0.000000  0.8193 +/-0.000000  0.6818 +/-0.000000
 50%     64  0.0156 +/-0.000000  0.9237 +/-0.000000  0.9827 +/-0.000000  0.9844 +/-0.000000  0.9296 +/-0.000000
 50%    124  0.1914 +/-0.000000  0.9630 +/-0.000000  0.7496 +/-0.000000  0.8086 +/-0.000000  0.9522 +/-0.000000
 25%      4  0.0000 +/-0.000000  0.1492 +/-0.000000  1.0000 +/-0.000000  0.1625 +/-0.000000  0.3519 +/-0.000000
 25%     16  0.0010 +/-0.000000  0.7410 +/-0.000000  0.9975 +/-0.000000  0.9990 +/-0.000000  0.6059 +/-0.000000
 25%     64  0.0903 +/-0.000000  0.9593 +/-0.000000  0.7064 +/-0.000000  0.9097 +/-0.000000  0.8577 +/-0.000000
 25%    124  0.1257 +/-0.000000  0.9821 +/-0.000000  0.5741 +/-0.000000  0.8743 +/-0.000000  0.9155 +/-0.000000
  0%      4  0.0000 +/-0.000000  0.2375 +/-0.000000  0.0000 +/-0.000000  0.3225 +/-0.000000  0.0000 +/-0.000000
  0%     16  0.0000 +/-0.000000  0.8633 +/-0.000000  0.0000 +/-0.000000  1.0000 +/-0.000000  0.0000 +/-0.000000
  0%     64  0.0000 +/-0.000000  0.9739 +/-0.000000  0.0000 +/-0.000000  1.0000 +/-0.000000  0.0000 +/-0.000000
  0%    124  0.0000 +/-0.000000  1.0000 +/-0.000000  0.0000 +/-0.000000  1.0000 +/-0.000000  0.0000 +/-0.000000


Summary of goids mean values and standard errors for 20 sets of experiments

nul% #tests          fdr_actual         sensitivity         specificity        pos_pred_val        neg_pred_val
---- ------ ------------------- ------------------- ------------------- ------------------- -------------------
100%      4  0.0000 +/-0.000000  0.0000 +/-0.000000  1.0000 +/-0.000000  0.0000 +/-0.000000  1.0000 +/-0.000000
100%     16  0.0025 +/-0.000000  0.0000 +/-0.000000  1.0000 +/-0.000000  0.0000 +/-0.000000  1.0000 +/-0.000000
100%     64  0.0050 +/-0.000000  0.0000 +/-0.000000  1.0000 +/-0.000000  0.0000 +/-0.000000  1.0000 +/-0.000000
100%    124  0.0025 +/-0.000000  0.0000 +/-0.000000  1.0000 +/-0.000000  0.0000 +/-0.000000  1.0000 +/-0.000000
 75%      4  0.0000 +/-0.000000  0.0000 +/-0.000000  1.0000 +/-0.000000  0.0000 +/-0.000000  0.9696 +/-0.000000
 75%     16  0.0075 +/-0.000000  0.0498 +/-0.000000  1.0000 +/-0.000000  0.0950 +/-0.000000  0.9805 +/-0.000000
 75%     64  0.0029 +/-0.000000  0.3835 +/-0.000000  1.0000 +/-0.000000  0.9971 +/-0.000000  0.9930 +/-0.000000
 75%    124  0.0112 +/-0.000000  0.4745 +/-0.000000  0.9999 +/-0.000000  0.9888 +/-0.000000  0.9959 +/-0.000000
 50%      4  0.0050 +/-0.000000  0.0058 +/-0.000000  0.9998 +/-0.000000  0.0100 +/-0.000000  0.9443 +/-0.000000
 50%     16  0.0096 +/-0.000000  0.2524 +/-0.000000  0.9999 +/-0.000000  0.8104 +/-0.000000  0.9788 +/-0.000000
 50%     64  0.0253 +/-0.000000  0.5583 +/-0.000000  0.9998 +/-0.000000  0.9747 +/-0.000000  0.9944 +/-0.000000
 50%    124  0.1438 +/-0.000000  0.6906 +/-0.000000  0.9990 +/-0.000000  0.8562 +/-0.000000  0.9974 +/-0.000000
 25%      4  0.0112 +/-0.000000  0.1294 +/-0.000000  0.9998 +/-0.000000  0.1512 +/-0.000000  0.9312 +/-0.000000
 25%     16  0.0172 +/-0.000000  0.4084 +/-0.000000  0.9997 +/-0.000000  0.9828 +/-0.000000  0.9808 +/-0.000000
 25%     64  0.1894 +/-0.000000  0.6665 +/-0.000000  0.9979 +/-0.000000  0.8106 +/-0.000000  0.9956 +/-0.000000
 25%    124  0.2453 +/-0.000000  0.8020 +/-0.000000  0.9979 +/-0.000000  0.7547 +/-0.000000  0.9984 +/-0.000000
  0%      4  0.0117 +/-0.000000  0.1519 +/-0.000000  0.9998 +/-0.000000  0.3108 +/-0.000000  0.9133 +/-0.000000
  0%     16  0.0276 +/-0.000000  0.5084 +/-0.000000  0.9994 +/-0.000000  0.9724 +/-0.000000  0.9826 +/-0.000000
  0%     64  0.0126 +/-0.000000  0.7444 +/-0.000000  0.9999 +/-0.000000  0.9874 +/-0.000000  0.9967 +/-0.000000
  0%    124  0.0000 +/-0.000000  1.0000 +/-0.000000  1.0000 +/-0.000000  1.0000 +/-0.000000  1.0000 +/-0.000000


fdr_actual statistics:
Nul(% max) #pval #tests | # exps        | range                | 25th percentile |   median | 75th percentile |     mean | stddev
-----------------------|---------------|----------------------|-----------------|----------|-----------------|----------|-------
100% 0.050     4 |            20 | 0.0000 to 0.0000     |          0.0000 |   0.0000 |          0.0000 |   0.0000 | 0.0000
100% 0.050    16 |            20 | 0.0000 to 0.0500     |          0.0000 |   0.0000 |          0.0000 |   0.0025 | 0.0112
100% 0.050    64 |            20 | 0.0000 to 0.0500     |          0.0000 |   0.0000 |          0.0000 |   0.0050 | 0.0154
100% 0.050   124 |            20 | 0.0000 to 0.0500     |          0.0000 |   0.0000 |          0.0000 |   0.0025 | 0.0112
 75% 0.038     4 |            20 | 0.0000 to 0.0000     |          0.0000 |   0.0000 |          0.0000 |   0.0000 | 0.0000
 75% 0.038    16 |            20 | 0.0000 to 0.0500     |          0.0000 |   0.0000 |          0.0000 |   0.0063 | 0.0160
 75% 0.038    64 |            20 | 0.0000 to 0.0105     |          0.0000 |   0.0000 |          0.0000 |   0.0017 | 0.0037
 75% 0.038   124 |            20 | 0.0000 to 0.0476     |          0.0000 |   0.0122 |          0.0223 |   0.0140 | 0.0152
 50% 0.025     4 |            20 | 0.0000 to 0.0000     |          0.0000 |   0.0000 |          0.0000 |   0.0000 | 0.0000
 50% 0.025    16 |            20 | 0.0000 to 0.0071     |          0.0000 |   0.0000 |          0.0000 |   0.0007 | 0.0021
 50% 0.025    64 |            20 | 0.0000 to 0.0312     |          0.0114 |   0.0162 |          0.0207 |   0.0156 | 0.0074
 50% 0.025   124 |            20 | 0.1121 to 0.2201     |          0.1801 |   0.1984 |          0.2101 |   0.1914 | 0.0255
 25% 0.013     4 |            20 | 0.0000 to 0.0000     |          0.0000 |   0.0000 |          0.0000 |   0.0000 | 0.0000
 25% 0.013    16 |            20 | 0.0000 to 0.0100     |          0.0000 |   0.0000 |          0.0000 |   0.0010 | 0.0026
 25% 0.013    64 |            20 | 0.0729 to 0.1053     |          0.0880 |   0.0903 |          0.0940 |   0.0903 | 0.0076
 25% 0.013   124 |            20 | 0.1170 to 0.1381     |          0.1228 |   0.1253 |          0.1284 |   0.1257 | 0.0054
  0% 0.000     4 |            20 | 0.0000 to 0.0000     |          0.0000 |   0.0000 |          0.0000 |   0.0000 | 0.0000
  0% 0.000    16 |            20 | 0.0000 to 0.0000     |          0.0000 |   0.0000 |          0.0000 |   0.0000 | 0.0000
  0% 0.000    64 |            20 | 0.0000 to 0.0000     |          0.0000 |   0.0000 |          0.0000 |   0.0000 | 0.0000
  0% 0.000   124 |            20 | 0.0000 to 0.0000     |          0.0000 |   0.0000 |          0.0000 |   0.0000 | 0.0000

sensitivity statistics:
Nul(% max) #pval #tests | # exps        | range                | 25th percentile |   median | 75th percentile |     mean | stddev
-----------------------|---------------|----------------------|-----------------|----------|-----------------|----------|-------
100% 0.050     4 |            20 | 0.0000 to 0.0000     |          0.0000 |   0.0000 |          0.0000 |   0.0000 | 0.0000
100% 0.050    16 |            20 | 0.0000 to 0.0000     |          0.0000 |   0.0000 |          0.0000 |   0.0000 | 0.0000
100% 0.050    64 |            20 | 0.0000 to 0.0000     |          0.0000 |   0.0000 |          0.0000 |   0.0000 | 0.0000
100% 0.050   124 |            20 | 0.0000 to 0.0000     |          0.0000 |   0.0000 |          0.0000 |   0.0000 | 0.0000
 75% 0.038     4 |            20 | 0.0000 to 0.0000     |          0.0000 |   0.0000 |          0.0000 |   0.0000 | 0.0000
 75% 0.038    16 |            20 | 0.0000 to 0.1750     |          0.0469 |   0.0750 |          0.1125 |   0.0794 | 0.0485
 75% 0.038    64 |            20 | 0.6406 to 0.8375     |          0.6961 |   0.7437 |          0.7547 |   0.7347 | 0.0460
 75% 0.038   124 |            20 | 0.8677 to 0.9226     |          0.8835 |   0.8944 |          0.9036 |   0.8940 | 0.0159
 50% 0.025     4 |            20 | 0.0000 to 0.0500     |          0.0000 |   0.0000 |          0.0500 |   0.0150 | 0.0235
 50% 0.025    16 |            20 | 0.4000 to 0.5563     |          0.4375 |   0.4781 |          0.5203 |   0.4800 | 0.0483
 50% 0.025    64 |            20 | 0.9031 to 0.9375     |          0.9199 |   0.9234 |          0.9285 |   0.9237 | 0.0089
 50% 0.025   124 |            20 | 0.9524 to 0.9685     |          0.9613 |   0.9629 |          0.9661 |   0.9630 | 0.0039
 25% 0.013     4 |            20 | 0.0000 to 0.3167     |          0.0958 |   0.1333 |          0.2500 |   0.1492 | 0.0954
 25% 0.013    16 |            20 | 0.6417 to 0.8000     |          0.7146 |   0.7479 |          0.7594 |   0.7410 | 0.0393
 25% 0.013    64 |            20 | 0.9479 to 0.9760     |          0.9547 |   0.9594 |          0.9635 |   0.9593 | 0.0069
 25% 0.013   124 |            20 | 0.9753 to 0.9876     |          0.9810 |   0.9817 |          0.9840 |   0.9821 | 0.0030
  0% 0.000     4 |            20 | 0.0625 to 0.4000     |          0.1969 |   0.2437 |          0.2688 |   0.2375 | 0.0797
  0% 0.000    16 |            20 | 0.7844 to 0.9094     |          0.8492 |   0.8703 |          0.8836 |   0.8633 | 0.0337
  0% 0.000    64 |            20 | 0.9656 to 0.9852     |          0.9697 |   0.9742 |          0.9775 |   0.9739 | 0.0054
  0% 0.000   124 |            20 | 1.0000 to 1.0000     |          1.0000 |   1.0000 |          1.0000 |   1.0000 | 0.0000

specificity statistics:
Nul(% max) #pval #tests | # exps        | range                | 25th percentile |   median | 75th percentile |     mean | stddev
-----------------------|---------------|----------------------|-----------------|----------|-----------------|----------|-------
100% 0.050     4 |            20 | 1.0000 to 1.0000     |          1.0000 |   1.0000 |          1.0000 |   1.0000 | 0.0000
100% 0.050    16 |            20 | 0.9906 to 1.0000     |          1.0000 |   1.0000 |          1.0000 |   0.9995 | 0.0021
100% 0.050    64 |            20 | 0.9977 to 1.0000     |          1.0000 |   1.0000 |          1.0000 |   0.9998 | 0.0007
100% 0.050   124 |            20 | 0.9984 to 1.0000     |          1.0000 |   1.0000 |          1.0000 |   0.9999 | 0.0004
 75% 0.038     4 |            20 | 1.0000 to 1.0000     |          1.0000 |   1.0000 |          1.0000 |   1.0000 | 0.0000
 75% 0.038    16 |            20 | 0.9917 to 1.0000     |          1.0000 |   1.0000 |          1.0000 |   0.9988 | 0.0031
 75% 0.038    64 |            20 | 0.9958 to 1.0000     |          1.0000 |   1.0000 |          1.0000 |   0.9995 | 0.0012
 75% 0.038   124 |            20 | 0.9758 to 1.0000     |          0.9876 |   0.9949 |          1.0000 |   0.9928 | 0.0080
 50% 0.025     4 |            20 | 1.0000 to 1.0000     |          1.0000 |   1.0000 |          1.0000 |   1.0000 | 0.0000
 50% 0.025    16 |            20 | 0.9938 to 1.0000     |          1.0000 |   1.0000 |          1.0000 |   0.9994 | 0.0019
 50% 0.025    64 |            20 | 0.9656 to 1.0000     |          0.9777 |   0.9828 |          0.9875 |   0.9827 | 0.0080
 50% 0.025   124 |            20 | 0.7121 to 0.8556     |          0.7246 |   0.7383 |          0.7647 |   0.7496 | 0.0342
 25% 0.013     4 |            20 | 1.0000 to 1.0000     |          1.0000 |   1.0000 |          1.0000 |   1.0000 | 0.0000
 25% 0.013    16 |            20 | 0.9750 to 1.0000     |          1.0000 |   1.0000 |          1.0000 |   0.9975 | 0.0065
 25% 0.013    64 |            20 | 0.6531 to 0.7656     |          0.6953 |   0.7063 |          0.7164 |   0.7064 | 0.0253
 25% 0.013   124 |            20 | 0.5274 to 0.6048     |          0.5641 |   0.5750 |          0.5855 |   0.5741 | 0.0198
  0% 0.000     4 |            20 | 0.0000 to 0.0000     |          0.0000 |   0.0000 |          0.0000 |   0.0000 | 0.0000
  0% 0.000    16 |            20 | 0.0000 to 0.0000     |          0.0000 |   0.0000 |          0.0000 |   0.0000 | 0.0000
  0% 0.000    64 |            20 | 0.0000 to 0.0000     |          0.0000 |   0.0000 |          0.0000 |   0.0000 | 0.0000
  0% 0.000   124 |            20 | 0.0000 to 0.0000     |          0.0000 |   0.0000 |          0.0000 |   0.0000 | 0.0000

pos_pred_val statistics:
Nul(% max) #pval #tests | # exps        | range                | 25th percentile |   median | 75th percentile |     mean | stddev
-----------------------|---------------|----------------------|-----------------|----------|-----------------|----------|-------
100% 0.050     4 |            20 | 0.0000 to 0.0000     |          0.0000 |   0.0000 |          0.0000 |   0.0000 | 0.0000
100% 0.050    16 |            20 | 0.0000 to 0.0000     |          0.0000 |   0.0000 |          0.0000 |   0.0000 | 0.0000
100% 0.050    64 |            20 | 0.0000 to 0.0000     |          0.0000 |   0.0000 |          0.0000 |   0.0000 | 0.0000
100% 0.050   124 |            20 | 0.0000 to 0.0000     |          0.0000 |   0.0000 |          0.0000 |   0.0000 | 0.0000
 75% 0.038     4 |            20 | 0.0000 to 0.0000     |          0.0000 |   0.0000 |          0.0000 |   0.0000 | 0.0000
 75% 0.038    16 |            20 | 0.0000 to 0.2000     |          0.0500 |   0.1000 |          0.1500 |   0.0963 | 0.0586
 75% 0.038    64 |            20 | 0.9895 to 1.0000     |          1.0000 |   1.0000 |          1.0000 |   0.9983 | 0.0037
 75% 0.038   124 |            20 | 0.9524 to 1.0000     |          0.9777 |   0.9878 |          1.0000 |   0.9860 | 0.0152
 50% 0.025     4 |            20 | 0.0000 to 0.0500     |          0.0000 |   0.0000 |          0.0500 |   0.0150 | 0.0235
 50% 0.025    16 |            20 | 0.7000 to 0.9929     |          0.7500 |   0.8219 |          0.8500 |   0.8193 | 0.0740
 50% 0.025    64 |            20 | 0.9688 to 1.0000     |          0.9793 |   0.9838 |          0.9886 |   0.9844 | 0.0074
 50% 0.025   124 |            20 | 0.7799 to 0.8879     |          0.7899 |   0.8016 |          0.8199 |   0.8086 | 0.0255
 25% 0.013     4 |            20 | 0.0000 to 0.3500     |          0.1000 |   0.1500 |          0.3000 |   0.1625 | 0.1062
 25% 0.013    16 |            20 | 0.9900 to 1.0000     |          1.0000 |   1.0000 |          1.0000 |   0.9990 | 0.0026
 25% 0.013    64 |            20 | 0.8947 to 0.9271     |          0.9060 |   0.9097 |          0.9120 |   0.9097 | 0.0076
 25% 0.013   124 |            20 | 0.8619 to 0.8830     |          0.8716 |   0.8747 |          0.8772 |   0.8743 | 0.0054
  0% 0.000     4 |            20 | 0.1000 to 0.5500     |          0.2875 |   0.3500 |          0.3500 |   0.3225 | 0.1045
  0% 0.000    16 |            20 | 1.0000 to 1.0000     |          1.0000 |   1.0000 |          1.0000 |   1.0000 | 0.0000
  0% 0.000    64 |            20 | 1.0000 to 1.0000     |          1.0000 |   1.0000 |          1.0000 |   1.0000 | 0.0000
  0% 0.000   124 |            20 | 1.0000 to 1.0000     |          1.0000 |   1.0000 |          1.0000 |   1.0000 | 0.0000

neg_pred_val statistics:
Nul(% max) #pval #tests | # exps        | range                | 25th percentile |   median | 75th percentile |     mean | stddev
-----------------------|---------------|----------------------|-----------------|----------|-----------------|----------|-------
100% 0.050     4 |            20 | 1.0000 to 1.0000     |          1.0000 |   1.0000 |          1.0000 |   1.0000 | 0.0000
100% 0.050    16 |            20 | 1.0000 to 1.0000     |          1.0000 |   1.0000 |          1.0000 |   1.0000 | 0.0000
100% 0.050    64 |            20 | 1.0000 to 1.0000     |          1.0000 |   1.0000 |          1.0000 |   1.0000 | 0.0000
100% 0.050   124 |            20 | 1.0000 to 1.0000     |          1.0000 |   1.0000 |          1.0000 |   1.0000 | 0.0000
 75% 0.038     4 |            20 | 0.7500 to 0.7500     |          0.7500 |   0.7500 |          0.7500 |   0.7500 | 0.0000
 75% 0.038    16 |            20 | 0.7500 to 0.7923     |          0.7602 |   0.7673 |          0.7760 |   0.7686 | 0.0116
 75% 0.038    64 |            20 | 0.8953 to 0.9495     |          0.9101 |   0.9228 |          0.9267 |   0.9206 | 0.0128
 75% 0.038   124 |            20 | 0.9581 to 0.9750     |          0.9628 |   0.9660 |          0.9693 |   0.9661 | 0.0050
 50% 0.025     4 |            20 | 0.5000 to 0.5250     |          0.5000 |   0.5000 |          0.5250 |   0.5075 | 0.0118
 50% 0.025    16 |            20 | 0.6403 to 0.7314     |          0.6648 |   0.6799 |          0.6956 |   0.6818 | 0.0234
 50% 0.025    64 |            20 | 0.9142 to 0.9417     |          0.9256 |   0.9289 |          0.9349 |   0.9296 | 0.0076
 50% 0.025   124 |            20 | 0.9394 to 0.9635     |          0.9490 |   0.9521 |          0.9547 |   0.9522 | 0.0054
 25% 0.013     4 |            20 | 0.2500 to 0.4750     |          0.3188 |   0.3375 |          0.4000 |   0.3519 | 0.0649
 25% 0.013    16 |            20 | 0.5200 to 0.6652     |          0.5854 |   0.6056 |          0.6331 |   0.6059 | 0.0360
 25% 0.013    64 |            20 | 0.8211 to 0.9162     |          0.8425 |   0.8609 |          0.8666 |   0.8577 | 0.0223
 25% 0.013   124 |            20 | 0.8827 to 0.9424     |          0.9067 |   0.9145 |          0.9245 |   0.9155 | 0.0148
  0% 0.000     4 |            20 | 0.0000 to 0.0000     |          0.0000 |   0.0000 |          0.0000 |   0.0000 | 0.0000
  0% 0.000    16 |            20 | 0.0000 to 0.0000     |          0.0000 |   0.0000 |          0.0000 |   0.0000 | 0.0000
  0% 0.000    64 |            20 | 0.0000 to 0.0000     |          0.0000 |   0.0000 |          0.0000 |   0.0000 | 0.0000
  0% 0.000   124 |            20 | 0.0000 to 0.0000     |          0.0000 |   0.0000 |          0.0000 |   0.0000 | 0.0000
  ELAPSED TIME: 2:29:36.188102 Simulations complete. Reports and plots generated.
