  RANDOM SEED = 0xd4e6451f = 3,571,860,767
num_pvalsims     100
max_sigpvals     [0.01, 0.03, 0.05]
multi_params     {'alpha': 0.05, 'method': 'fdr_bh'}
perc_nulls       [100, 75, 50, 25]
seed             None
num_experiments  100
num_hypoths_list [32, 128, 512]

fdr_actual statistics:
Nul(% max) #pval #tests | # exps        | range                | 25th percentile |   median | 75th percentile |     mean | stddev
------------------------|---------------|----------------------|-----------------|----------|-----------------|----------|-------
100% 0.010 0.050    32 |           100 | 0.0000 to 0.1100     |          0.0375 |   0.0500 |          0.0600 |   0.0490 | 0.0208
100% 0.010 0.050   128 |           100 | 0.0000 to 0.1100     |          0.0375 |   0.0500 |          0.0600 |   0.0492 | 0.0223
100% 0.010 0.050   512 |           100 | 0.0000 to 0.1200     |          0.0400 |   0.0500 |          0.0700 |   0.0526 | 0.0212
100% 0.030 0.050    32 |           100 | 0.0100 to 0.1300     |          0.0300 |   0.0500 |          0.0600 |   0.0487 | 0.0213
100% 0.030 0.050   128 |           100 | 0.0100 to 0.1100     |          0.0400 |   0.0500 |          0.0700 |   0.0512 | 0.0218
100% 0.030 0.050   512 |           100 | 0.0100 to 0.1200     |          0.0400 |   0.0500 |          0.0625 |   0.0527 | 0.0209
100% 0.050 0.050    32 |           100 | 0.0100 to 0.1200     |          0.0400 |   0.0500 |          0.0600 |   0.0520 | 0.0214
100% 0.050 0.050   128 |           100 | 0.0100 to 0.1200     |          0.0400 |   0.0500 |          0.0625 |   0.0521 | 0.0232
100% 0.050 0.050   512 |           100 | 0.0000 to 0.1000     |          0.0400 |   0.0500 |          0.0700 |   0.0508 | 0.0214
 75% 0.010 0.038    32 |           100 | 0.0209 to 0.0532     |          0.0318 |   0.0370 |          0.0418 |   0.0369 | 0.0066
 75% 0.010 0.038   128 |           100 | 0.0312 to 0.0446     |          0.0356 |   0.0376 |          0.0399 |   0.0377 | 0.0030
 75% 0.010 0.038   512 |           100 | 0.0342 to 0.0431     |          0.0368 |   0.0376 |          0.0389 |   0.0378 | 0.0017
 75% 0.030 0.038    32 |           100 | 0.0087 to 0.0827     |          0.0263 |   0.0348 |          0.0464 |   0.0363 | 0.0137
 75% 0.030 0.038   128 |           100 | 0.0057 to 0.0829     |          0.0242 |   0.0340 |          0.0452 |   0.0367 | 0.0170
 75% 0.030 0.038   512 |           100 | 0.0069 to 0.0789     |          0.0263 |   0.0333 |          0.0431 |   0.0348 | 0.0132
 75% 0.050 0.038    32 |           100 | 0.0067 to 0.0858     |          0.0248 |   0.0341 |          0.0442 |   0.0359 | 0.0152
 75% 0.050 0.038   128 |           100 | 0.0050 to 0.0770     |          0.0253 |   0.0375 |          0.0490 |   0.0384 | 0.0164
 75% 0.050 0.038   512 |           100 | 0.0000 to 0.0987     |          0.0250 |   0.0352 |          0.0515 |   0.0387 | 0.0202
 50% 0.010 0.025    32 |           100 | 0.0171 to 0.0411     |          0.0230 |   0.0256 |          0.0276 |   0.0256 | 0.0041
 50% 0.010 0.025   128 |           100 | 0.0201 to 0.0296     |          0.0235 |   0.0251 |          0.0263 |   0.0250 | 0.0020
 50% 0.010 0.025   512 |           100 | 0.0226 to 0.0274     |          0.0244 |   0.0251 |          0.0257 |   0.0250 | 0.0009
 50% 0.030 0.025    32 |           100 | 0.0148 to 0.0400     |          0.0205 |   0.0239 |          0.0281 |   0.0245 | 0.0052
 50% 0.030 0.025   128 |           100 | 0.0116 to 0.0440     |          0.0208 |   0.0235 |          0.0270 |   0.0244 | 0.0054
 50% 0.030 0.025   512 |           100 | 0.0131 to 0.0428     |          0.0202 |   0.0232 |          0.0284 |   0.0244 | 0.0062
 50% 0.050 0.025    32 |           100 | 0.0047 to 0.0599     |          0.0162 |   0.0224 |          0.0315 |   0.0250 | 0.0113
 50% 0.050 0.025   128 |           100 | 0.0066 to 0.0593     |          0.0191 |   0.0250 |          0.0336 |   0.0265 | 0.0107
 50% 0.050 0.025   512 |           100 | 0.0057 to 0.0481     |          0.0178 |   0.0222 |          0.0309 |   0.0238 | 0.0097
 25% 0.010 0.013    32 |           100 | 0.0079 to 0.0178     |          0.0112 |   0.0125 |          0.0139 |   0.0124 | 0.0020
 25% 0.010 0.013   128 |           100 | 0.0092 to 0.0162     |          0.0115 |   0.0124 |          0.0133 |   0.0125 | 0.0012
 25% 0.010 0.013   512 |           100 | 0.0114 to 0.0141     |          0.0122 |   0.0125 |          0.0128 |   0.0125 | 0.0005
 25% 0.030 0.013    32 |           100 | 0.0079 to 0.0185     |          0.0111 |   0.0123 |          0.0134 |   0.0122 | 0.0019
 25% 0.030 0.013   128 |           100 | 0.0098 to 0.0148     |          0.0118 |   0.0124 |          0.0131 |   0.0124 | 0.0011
 25% 0.030 0.013   512 |           100 | 0.0112 to 0.0143     |          0.0123 |   0.0126 |          0.0131 |   0.0127 | 0.0006
 25% 0.050 0.013    32 |           100 | 0.0021 to 0.0296     |          0.0087 |   0.0108 |          0.0142 |   0.0119 | 0.0053
 25% 0.050 0.013   128 |           100 | 0.0030 to 0.0266     |          0.0085 |   0.0108 |          0.0143 |   0.0118 | 0.0050
 25% 0.050 0.013   512 |           100 | 0.0033 to 0.0284     |          0.0083 |   0.0110 |          0.0158 |   0.0126 | 0.0059
nul% maxSig #tests fdr_actual frr_actual sensitivity specificity pos_pred_val neg_pred_val
---- ------ ------ ---------- ---------- ---------- ---------- ---------- ----------
100%  0.010     32     0.0490     0.0000     0.0000     0.9983     0.0000     1.0000
100%  0.010    128     0.0492     0.0000     0.0000     0.9996     0.0000     1.0000
100%  0.010    512     0.0526     0.0000     0.0000     0.9999     0.0000     1.0000
100%  0.030     32     0.0487     0.0000     0.0000     0.9983     0.0000     1.0000
100%  0.030    128     0.0512     0.0000     0.0000     0.9996     0.0000     1.0000
100%  0.030    512     0.0527     0.0000     0.0000     0.9999     0.0000     1.0000
100%  0.050     32     0.0520     0.0000     0.0000     0.9982     0.0000     1.0000
100%  0.050    128     0.0521     0.0000     0.0000     0.9996     0.0000     1.0000
100%  0.050    512     0.0508     0.0000     0.0000     0.9999     0.0000     1.0000
 75%  0.010     32     0.0369     0.0000     1.0000     0.9856     0.9631     1.0000
 75%  0.010    128     0.0377     0.0000     1.0000     0.9865     0.9623     1.0000
 75%  0.010    512     0.0378     0.0000     1.0000     0.9868     0.9622     1.0000
 75%  0.030     32     0.0363     0.2239     0.1277     0.9954     0.4174     0.7761
 75%  0.030    128     0.0367     0.2425     0.0396     0.9988     0.4157     0.7575
 75%  0.030    512     0.0348     0.2481     0.0106     0.9997     0.4174     0.7519
 75%  0.050     32     0.0359     0.2398     0.0530     0.9972     0.2450     0.7602
 75%  0.050    128     0.0384     0.2474     0.0144     0.9992     0.2463     0.7526
 75%  0.050    512     0.0387     0.2493     0.0038     0.9998     0.2475     0.7507
 50%  0.010     32     0.0256     0.0000     1.0000     0.9721     0.9744     1.0000
 50%  0.010    128     0.0250     0.0000     1.0000     0.9740     0.9750     1.0000
 50%  0.010    512     0.0250     0.0000     1.0000     0.9742     0.9750     1.0000
 50%  0.030     32     0.0245     0.2842     0.5212     0.9804     0.8340     0.7158
 50%  0.030    128     0.0244     0.4015     0.2884     0.9904     0.8323     0.5985
 50%  0.030    512     0.0244     0.4667     0.1169     0.9964     0.8340     0.5333
 50%  0.050     32     0.0250     0.4693     0.1062     0.9939     0.4948     0.5307
 50%  0.050    128     0.0265     0.4920     0.0317     0.9983     0.4977     0.5080
 50%  0.050    512     0.0238     0.4979     0.0086     0.9996     0.5035     0.5021
 25%  0.010     32     0.0124     0.0000     1.0000     0.9607     0.9876     1.0000
 25%  0.010    128     0.0125     0.0000     1.0000     0.9618     0.9875     1.0000
 25%  0.010    512     0.0125     0.0000     1.0000     0.9620     0.9875     1.0000
 25%  0.030     32     0.0122     0.0000     1.0000     0.9613     0.9878     1.0000
 25%  0.030    128     0.0124     0.0000     1.0000     0.9618     0.9876     1.0000
 25%  0.030    512     0.0127     0.0000     1.0000     0.9614     0.9873     1.0000
 25%  0.050     32     0.0119     0.6645     0.2622     0.9848     0.7526     0.3355
 25%  0.050    128     0.0118     0.7256     0.1063     0.9945     0.7445     0.2744
 25%  0.050    512     0.0126     0.7438     0.0320     0.9984     0.7487     0.2562
  RANDOM SEED = 0xb55e1ead = 3,042,844,333
num_pvalsims     100
max_sigpvals     [0.01, 0.03, 0.05]
multi_params     {'alpha': 0.05, 'method': 'fdr_bh'}
perc_nulls       [100, 75, 50, 25]
seed             None
num_experiments  100
num_hypoths_list [4, 8, 16]

fdr_actual statistics:
Nul(% max) #pval #tests | # exps        | range                | 25th percentile |   median | 75th percentile |     mean | stddev
------------------------|---------------|----------------------|-----------------|----------|-----------------|----------|-------
100% 0.010 0.050     4 |           100 | 0.0100 to 0.1100     |          0.0400 |   0.0500 |          0.0600 |   0.0474 | 0.0185
100% 0.010 0.050     8 |           100 | 0.0000 to 0.1300     |          0.0300 |   0.0500 |          0.0600 |   0.0488 | 0.0208
100% 0.010 0.050    16 |           100 | 0.0100 to 0.1000     |          0.0400 |   0.0500 |          0.0600 |   0.0491 | 0.0194
100% 0.030 0.050     4 |           100 | 0.0000 to 0.1200     |          0.0400 |   0.0500 |          0.0700 |   0.0535 | 0.0213
100% 0.030 0.050     8 |           100 | 0.0000 to 0.1100     |          0.0300 |   0.0500 |          0.0700 |   0.0493 | 0.0236
100% 0.030 0.050    16 |           100 | 0.0100 to 0.1100     |          0.0300 |   0.0500 |          0.0700 |   0.0514 | 0.0227
100% 0.050 0.050     4 |           100 | 0.0100 to 0.1000     |          0.0400 |   0.0500 |          0.0600 |   0.0499 | 0.0204
100% 0.050 0.050     8 |           100 | 0.0000 to 0.1000     |          0.0300 |   0.0500 |          0.0600 |   0.0489 | 0.0215
100% 0.050 0.050    16 |           100 | 0.0100 to 0.1100     |          0.0300 |   0.0500 |          0.0625 |   0.0504 | 0.0216
 75% 0.010 0.038     4 |           100 | 0.0100 to 0.0717     |          0.0300 |   0.0350 |          0.0454 |   0.0374 | 0.0130
 75% 0.010 0.038     8 |           100 | 0.0033 to 0.0633     |          0.0300 |   0.0358 |          0.0417 |   0.0367 | 0.0115
 75% 0.010 0.038    16 |           100 | 0.0173 to 0.0616     |          0.0326 |   0.0367 |          0.0426 |   0.0374 | 0.0076
 75% 0.030 0.038     4 |           100 | 0.0000 to 0.0667     |          0.0292 |   0.0350 |          0.0454 |   0.0363 | 0.0142
 75% 0.030 0.038     8 |           100 | 0.0083 to 0.0617     |          0.0296 |   0.0383 |          0.0467 |   0.0377 | 0.0126
 75% 0.030 0.038    16 |           100 | 0.0100 to 0.0798     |          0.0280 |   0.0377 |          0.0481 |   0.0387 | 0.0144
 75% 0.050 0.038     4 |           100 | 0.0000 to 0.1050     |          0.0267 |   0.0350 |          0.0450 |   0.0375 | 0.0162
 75% 0.050 0.038     8 |           100 | 0.0083 to 0.0850     |          0.0300 |   0.0383 |          0.0500 |   0.0410 | 0.0158
 75% 0.050 0.038    16 |           100 | 0.0083 to 0.0843     |          0.0275 |   0.0350 |          0.0500 |   0.0383 | 0.0164
 50% 0.010 0.025     4 |           100 | 0.0100 to 0.0533     |          0.0196 |   0.0242 |          0.0300 |   0.0250 | 0.0091
 50% 0.010 0.025     8 |           100 | 0.0100 to 0.0433     |          0.0187 |   0.0233 |          0.0288 |   0.0246 | 0.0073
 50% 0.010 0.025    16 |           100 | 0.0142 to 0.0364     |          0.0218 |   0.0255 |          0.0289 |   0.0255 | 0.0050
 50% 0.030 0.025     4 |           100 | 0.0067 to 0.0467     |          0.0200 |   0.0233 |          0.0300 |   0.0259 | 0.0086
 50% 0.030 0.025     8 |           100 | 0.0120 to 0.0413     |          0.0200 |   0.0240 |          0.0293 |   0.0248 | 0.0066
 50% 0.030 0.025    16 |           100 | 0.0098 to 0.0474     |          0.0191 |   0.0233 |          0.0283 |   0.0240 | 0.0068
 50% 0.050 0.025     4 |           100 | 0.0033 to 0.0567     |          0.0183 |   0.0233 |          0.0283 |   0.0239 | 0.0095
 50% 0.050 0.025     8 |           100 | 0.0020 to 0.0451     |          0.0170 |   0.0243 |          0.0329 |   0.0247 | 0.0104
 50% 0.050 0.025    16 |           100 | 0.0033 to 0.0616     |          0.0175 |   0.0254 |          0.0362 |   0.0271 | 0.0131
 25% 0.010 0.013     4 |           100 | 0.0000 to 0.0300     |          0.0100 |   0.0125 |          0.0150 |   0.0123 | 0.0052
 25% 0.010 0.013     8 |           100 | 0.0043 to 0.0229     |          0.0094 |   0.0114 |          0.0146 |   0.0120 | 0.0038
 25% 0.010 0.013    16 |           100 | 0.0066 to 0.0253     |          0.0100 |   0.0123 |          0.0139 |   0.0125 | 0.0031
 25% 0.030 0.013     4 |           100 | 0.0025 to 0.0275     |          0.0100 |   0.0125 |          0.0175 |   0.0138 | 0.0059
 25% 0.030 0.013     8 |           100 | 0.0043 to 0.0225     |          0.0100 |   0.0129 |          0.0154 |   0.0126 | 0.0040
 25% 0.030 0.013    16 |           100 | 0.0076 to 0.0208     |          0.0108 |   0.0131 |          0.0154 |   0.0132 | 0.0031
 25% 0.050 0.013     4 |           100 | 0.0025 to 0.0225     |          0.0075 |   0.0125 |          0.0150 |   0.0120 | 0.0051
 25% 0.050 0.013     8 |           100 | 0.0017 to 0.0262     |          0.0085 |   0.0132 |          0.0159 |   0.0130 | 0.0055
 25% 0.050 0.013    16 |           100 | 0.0010 to 0.0319     |          0.0089 |   0.0112 |          0.0147 |   0.0125 | 0.0056
nul% maxSig #tests fdr_actual frr_actual sensitivity specificity pos_pred_val neg_pred_val
---- ------ ------ ---------- ---------- ---------- ---------- ---------- ----------
100%  0.010      4     0.0474     0.0000     0.0000     0.9873     0.0000     1.0000
100%  0.010      8     0.0488     0.0000     0.0000     0.9933     0.0000     1.0000
100%  0.010     16     0.0491     0.0000     0.0000     0.9966     0.0000     1.0000
100%  0.030      4     0.0535     0.0000     0.0000     0.9856     0.0000     1.0000
100%  0.030      8     0.0493     0.0000     0.0000     0.9932     0.0000     1.0000
100%  0.030     16     0.0514     0.0000     0.0000     0.9965     0.0000     1.0000
100%  0.050      4     0.0499     0.0000     0.0000     0.9866     0.0000     1.0000
100%  0.050      8     0.0489     0.0000     0.0000     0.9934     0.0000     1.0000
100%  0.050     16     0.0504     0.0000     0.0000     0.9965     0.0000     1.0000
 75%  0.010      4     0.0374     0.0000     1.0000     0.9744     0.9626     1.0000
 75%  0.010      8     0.0367     0.0000     1.0000     0.9809     0.9633     1.0000
 75%  0.010     16     0.0374     0.0000     1.0000     0.9837     0.9626     1.0000
 75%  0.030      4     0.0363     0.1377     0.4514     0.9768     0.4213     0.8622
 75%  0.030      8     0.0377     0.1741     0.3246     0.9854     0.4176     0.8259
 75%  0.030     16     0.0387     0.2034     0.2137     0.9918     0.4209     0.7966
 75%  0.050      4     0.0375     0.1832     0.2731     0.9797     0.2529     0.8165
 75%  0.050      8     0.0410     0.2116     0.1741     0.9884     0.2559     0.7884
 75%  0.050     16     0.0383     0.2300     0.0985     0.9942     0.2514     0.7700
 50%  0.010      4     0.0250     0.0000     1.0000     0.9618     0.9750     0.9977
 50%  0.010      8     0.0246     0.0000     1.0000     0.9686     0.9754     0.9999
 50%  0.010     16     0.0255     0.0000     1.0000     0.9705     0.9745     1.0000
 50%  0.030      4     0.0259     0.1204     0.7808     0.9606     0.8195     0.8774
 50%  0.030      8     0.0248     0.1640     0.7161     0.9683     0.8266     0.8359
 50%  0.030     16     0.0240     0.2197     0.6309     0.9760     0.8376     0.7803
 50%  0.050      4     0.0239     0.3250     0.3965     0.9706     0.5014     0.6725
 50%  0.050      8     0.0247     0.3962     0.2743     0.9816     0.4923     0.6038
 50%  0.050     16     0.0271     0.4426     0.1762     0.9891     0.4991     0.5574
 25%  0.010      4     0.0123     0.0000     1.0000     0.9508     0.9877     0.9508
 25%  0.010      8     0.0120     0.0000     1.0000     0.9578     0.9880     0.9978
 25%  0.010     16     0.0125     0.0000     1.0000     0.9590     0.9875     1.0000
 25%  0.030      4     0.0138     0.0000     1.0000     0.9449     0.9862     0.9449
 25%  0.030      8     0.0126     0.0000     1.0000     0.9555     0.9874     0.9972
 25%  0.030     16     0.0132     0.0000     1.0000     0.9565     0.9868     1.0000
 25%  0.050      4     0.0120     0.3591     0.6104     0.9520     0.7490     0.5929
 25%  0.050      8     0.0130     0.4866     0.5010     0.9632     0.7496     0.5100
 25%  0.050     16     0.0125     0.5935     0.3778     0.9765     0.7483     0.4065
HMS: 0:11:27.093182
