  ELAPSED TIME: 4:59:04.468619 Simulations Completed

WRITTEN: 2017-10-31:

  RANDOM SEED = 0x5e0de008 = 1,577,967,624
alpha(0.05) method(fdr_bh) propagate_counts(False)
SETTINGS AND GO-DAG VERSION:
    Multitest Params: alpha(0.05) method(fdr_bh) propagate_counts(False)
    GO-DAG version:   go-basic.obo: fmt(1.2) rel(2017-06-30) 46,830 GO Terms

ASSOCIATION INFORMATION:
    GOC Validation Date: 05/19/2017 $
    Submission Date: 5/19/2017
    gaf-version: 2.0
    Project_name: Mouse Genome Informatics (MGI)
    URL: http://www.informatics.jax.org/
    Contact Email: mgi-help@jax.org
    Funding: NHGRI of US National Institutes of Health
    software version: $Revision$
    date: 05/18/2017 $

18,647 GENES  IN ASSOCIATION
17,276 GO IDs IN ASSOCIATION
18,647 GENES  IN POPULATION
22,025 population genes (user)
18,647 population genes in assc.
   85% population genes coverage in assc.
   124 study genes (user)
   124 study genes in assc.
16,305 population genes - study buffer

TITLE: HR genes returned in GOEA enrichments
SIMULATION PARAMETERS:
    randomize_truenull_assc orig_noprune_enriched_ntn2
    perc_nulls      [100, 75, 50, 25, 0]
    num_genes_list  [4, 8, 16, 20, 48, 64, 96, 124]
    num_experiments 20
    num_sims        20


Summary of genes mean values and standard errors for 40 sets of experiments

nul% #tests          fdr_actual         sensitivity         specificity        pos_pred_val        neg_pred_val
---- ------ ------------------- ------------------- ------------------- ------------------- -------------------
100%      4  0.0025 +/-0.000000  0.0000 +/-0.000000  0.9988 +/-0.000000  0.0000 +/-0.000000  1.0000 +/-0.000000
100%      8  0.0050 +/-0.000000  0.0000 +/-0.000000  0.9988 +/-0.000000  0.0000 +/-0.000000  1.0000 +/-0.000000
100%     16  0.0050 +/-0.000000  0.0000 +/-0.000000  0.9994 +/-0.000000  0.0000 +/-0.000000  1.0000 +/-0.000000
100%     20  0.0050 +/-0.000000  0.0000 +/-0.000000  0.9992 +/-0.000000  0.0000 +/-0.000000  1.0000 +/-0.000000
100%     48  0.0025 +/-0.000000  0.0000 +/-0.000000  0.9997 +/-0.000000  0.0000 +/-0.000000  1.0000 +/-0.000000
100%     64  0.0025 +/-0.000000  0.0000 +/-0.000000  0.9995 +/-0.000000  0.0000 +/-0.000000  1.0000 +/-0.000000
100%     96  0.0075 +/-0.000000  0.0000 +/-0.000000  0.9996 +/-0.000000  0.0000 +/-0.000000  1.0000 +/-0.000000
100%    124  0.0050 +/-0.000000  0.0000 +/-0.000000  0.9998 +/-0.000000  0.0000 +/-0.000000  1.0000 +/-0.000000
 75%      4  0.0038 +/-0.000000  0.0025 +/-0.000000  0.9975 +/-0.000000  0.0013 +/-0.000000  0.7500 +/-0.000000
 75%      8  0.0038 +/-0.000000  0.0088 +/-0.000000  0.9983 +/-0.000000  0.0088 +/-0.000000  0.7517 +/-0.000000
 75%     16  0.0040 +/-0.000000  0.0837 +/-0.000000  0.9992 +/-0.000000  0.0985 +/-0.000000  0.7699 +/-0.000000
 75%     20  0.0038 +/-0.000000  0.0985 +/-0.000000  0.9995 +/-0.000000  0.1263 +/-0.000000  0.7730 +/-0.000000
 75%     48  0.0005 +/-0.000000  0.5138 +/-0.000000  0.9999 +/-0.000000  0.9245 +/-0.000000  0.8639 +/-0.000000
 75%     64  0.0024 +/-0.000000  0.7211 +/-0.000000  0.9992 +/-0.000000  0.9976 +/-0.000000  0.9168 +/-0.000000
 75%     96  0.0008 +/-0.000000  0.8247 +/-0.000000  0.9997 +/-0.000000  0.9992 +/-0.000000  0.9459 +/-0.000000
 75%    124  0.0017 +/-0.000000  0.8841 +/-0.000000  0.9995 +/-0.000000  0.9983 +/-0.000000  0.9633 +/-0.000000
 50%      4  0.0013 +/-0.000000  0.0087 +/-0.000000  0.9988 +/-0.000000  0.0087 +/-0.000000  0.5038 +/-0.000000
 50%      8  0.0019 +/-0.000000  0.2300 +/-0.000000  0.9988 +/-0.000000  0.2981 +/-0.000000  0.5951 +/-0.000000
 50%     16  0.0016 +/-0.000000  0.4872 +/-0.000000  0.9988 +/-0.000000  0.8534 +/-0.000000  0.6801 +/-0.000000
 50%     20  0.0028 +/-0.000000  0.6150 +/-0.000000  0.9978 +/-0.000000  0.9122 +/-0.000000  0.7429 +/-0.000000
 50%     48  0.0016 +/-0.000000  0.8889 +/-0.000000  0.9984 +/-0.000000  0.9984 +/-0.000000  0.9035 +/-0.000000
 50%     64  0.0016 +/-0.000000  0.9289 +/-0.000000  0.9984 +/-0.000000  0.9984 +/-0.000000  0.9353 +/-0.000000
 50%     96  0.0019 +/-0.000000  0.9496 +/-0.000000  0.9980 +/-0.000000  0.9981 +/-0.000000  0.9527 +/-0.000000
 50%    124  0.0019 +/-0.000000  0.9631 +/-0.000000  0.9980 +/-0.000000  0.9981 +/-0.000000  0.9648 +/-0.000000
 25%      4  0.0013 +/-0.000000  0.1192 +/-0.000000  0.9975 +/-0.000000  0.1363 +/-0.000000  0.3256 +/-0.000000
 25%      8  0.0000 +/-0.000000  0.4617 +/-0.000000  1.0000 +/-0.000000  0.7625 +/-0.000000  0.4328 +/-0.000000
 25%     16  0.0021 +/-0.000000  0.7469 +/-0.000000  0.9944 +/-0.000000  0.9979 +/-0.000000  0.6139 +/-0.000000
 25%     20  0.0005 +/-0.000000  0.8327 +/-0.000000  0.9985 +/-0.000000  0.9995 +/-0.000000  0.7013 +/-0.000000
 25%     48  0.0009 +/-0.000000  0.9389 +/-0.000000  0.9975 +/-0.000000  0.9991 +/-0.000000  0.8528 +/-0.000000
 25%     64  0.0011 +/-0.000000  0.9557 +/-0.000000  0.9967 +/-0.000000  0.9989 +/-0.000000  0.8870 +/-0.000000
 25%     96  0.0016 +/-0.000000  0.9778 +/-0.000000  0.9950 +/-0.000000  0.9984 +/-0.000000  0.9398 +/-0.000000
 25%    124  0.0023 +/-0.000000  0.9828 +/-0.000000  0.9930 +/-0.000000  0.9977 +/-0.000000  0.9517 +/-0.000000
  0%      4  0.0000 +/-0.000000  0.2300 +/-0.000000  0.0000 +/-0.000000  0.3200 +/-0.000000  0.0000 +/-0.000000
  0%      8  0.0000 +/-0.000000  0.6219 +/-0.000000  0.0000 +/-0.000000  0.9525 +/-0.000000  0.0000 +/-0.000000
  0%     16  0.0000 +/-0.000000  0.8642 +/-0.000000  0.0000 +/-0.000000  1.0000 +/-0.000000  0.0000 +/-0.000000
  0%     20  0.0000 +/-0.000000  0.9044 +/-0.000000  0.0000 +/-0.000000  1.0000 +/-0.000000  0.0000 +/-0.000000
  0%     48  0.0000 +/-0.000000  0.9609 +/-0.000000  0.0000 +/-0.000000  1.0000 +/-0.000000  0.0000 +/-0.000000
  0%     64  0.0000 +/-0.000000  0.9747 +/-0.000000  0.0000 +/-0.000000  1.0000 +/-0.000000  0.0000 +/-0.000000
  0%     96  0.0000 +/-0.000000  0.9923 +/-0.000000  0.0000 +/-0.000000  1.0000 +/-0.000000  0.0000 +/-0.000000
  0%    124  0.0000 +/-0.000000  1.0000 +/-0.000000  0.0000 +/-0.000000  1.0000 +/-0.000000  0.0000 +/-0.000000


Summary of goids mean values and standard errors for 40 sets of experiments

nul% #tests          fdr_actual         sensitivity         specificity        pos_pred_val        neg_pred_val
---- ------ ------------------- ------------------- ------------------- ------------------- -------------------
100%      4  0.0025 +/-0.000000  0.0000 +/-0.000000  1.0000 +/-0.000000  0.0000 +/-0.000000  1.0000 +/-0.000000
100%      8  0.0050 +/-0.000000  0.0000 +/-0.000000  1.0000 +/-0.000000  0.0000 +/-0.000000  1.0000 +/-0.000000
100%     16  0.0050 +/-0.000000  0.0000 +/-0.000000  1.0000 +/-0.000000  0.0000 +/-0.000000  1.0000 +/-0.000000
100%     20  0.0050 +/-0.000000  0.0000 +/-0.000000  0.9999 +/-0.000000  0.0000 +/-0.000000  1.0000 +/-0.000000
100%     48  0.0025 +/-0.000000  0.0000 +/-0.000000  1.0000 +/-0.000000  0.0000 +/-0.000000  1.0000 +/-0.000000
100%     64  0.0025 +/-0.000000  0.0000 +/-0.000000  1.0000 +/-0.000000  0.0000 +/-0.000000  1.0000 +/-0.000000
100%     96  0.0075 +/-0.000000  0.0000 +/-0.000000  1.0000 +/-0.000000  0.0000 +/-0.000000  1.0000 +/-0.000000
100%    124  0.0050 +/-0.000000  0.0000 +/-0.000000  1.0000 +/-0.000000  0.0000 +/-0.000000  1.0000 +/-0.000000
 75%      4  0.0050 +/-0.000000  0.0000 +/-0.000000  0.9999 +/-0.000000  0.0000 +/-0.000000  0.9703 +/-0.000000
 75%      8  0.0063 +/-0.000000  0.0075 +/-0.000000  0.9999 +/-0.000000  0.0063 +/-0.000000  0.9749 +/-0.000000
 75%     16  0.0063 +/-0.000000  0.0613 +/-0.000000  0.9999 +/-0.000000  0.0963 +/-0.000000  0.9806 +/-0.000000
 75%     20  0.0050 +/-0.000000  0.0603 +/-0.000000  0.9999 +/-0.000000  0.1250 +/-0.000000  0.9827 +/-0.000000
 75%     48  0.0008 +/-0.000000  0.2395 +/-0.000000  1.0000 +/-0.000000  0.9242 +/-0.000000  0.9900 +/-0.000000
 75%     64  0.0058 +/-0.000000  0.3612 +/-0.000000  1.0000 +/-0.000000  0.9942 +/-0.000000  0.9927 +/-0.000000
 75%     96  0.0024 +/-0.000000  0.4210 +/-0.000000  1.0000 +/-0.000000  0.9976 +/-0.000000  0.9946 +/-0.000000
 75%    124  0.0053 +/-0.000000  0.4740 +/-0.000000  1.0000 +/-0.000000  0.9947 +/-0.000000  0.9958 +/-0.000000
 50%      4  0.0075 +/-0.000000  0.0008 +/-0.000000  0.9999 +/-0.000000  0.0025 +/-0.000000  0.9467 +/-0.000000
 50%      8  0.0093 +/-0.000000  0.1512 +/-0.000000  0.9999 +/-0.000000  0.2907 +/-0.000000  0.9654 +/-0.000000
 50%     16  0.0083 +/-0.000000  0.2490 +/-0.000000  0.9999 +/-0.000000  0.8467 +/-0.000000  0.9780 +/-0.000000
 50%     20  0.0089 +/-0.000000  0.3199 +/-0.000000  0.9999 +/-0.000000  0.9061 +/-0.000000  0.9821 +/-0.000000
 50%     48  0.0070 +/-0.000000  0.4968 +/-0.000000  0.9999 +/-0.000000  0.9930 +/-0.000000  0.9924 +/-0.000000
 50%     64  0.0058 +/-0.000000  0.5713 +/-0.000000  0.9999 +/-0.000000  0.9942 +/-0.000000  0.9947 +/-0.000000
 50%     96  0.0059 +/-0.000000  0.6319 +/-0.000000  1.0000 +/-0.000000  0.9941 +/-0.000000  0.9963 +/-0.000000
 50%    124  0.0068 +/-0.000000  0.6911 +/-0.000000  1.0000 +/-0.000000  0.9932 +/-0.000000  0.9974 +/-0.000000
 25%      4  0.0198 +/-0.000000  0.0917 +/-0.000000  0.9995 +/-0.000000  0.1177 +/-0.000000  0.9310 +/-0.000000
 25%      8  0.0044 +/-0.000000  0.2635 +/-0.000000  0.9999 +/-0.000000  0.7581 +/-0.000000  0.9615 +/-0.000000
 25%     16  0.0212 +/-0.000000  0.4115 +/-0.000000  0.9997 +/-0.000000  0.9788 +/-0.000000  0.9811 +/-0.000000
 25%     20  0.0213 +/-0.000000  0.4665 +/-0.000000  0.9996 +/-0.000000  0.9787 +/-0.000000  0.9849 +/-0.000000
 25%     48  0.0082 +/-0.000000  0.5993 +/-0.000000  0.9999 +/-0.000000  0.9918 +/-0.000000  0.9937 +/-0.000000
 25%     64  0.0072 +/-0.000000  0.6658 +/-0.000000  0.9999 +/-0.000000  0.9928 +/-0.000000  0.9956 +/-0.000000
 25%     96  0.0110 +/-0.000000  0.7706 +/-0.000000  0.9999 +/-0.000000  0.9890 +/-0.000000  0.9978 +/-0.000000
 25%    124  0.0151 +/-0.000000  0.7966 +/-0.000000  0.9999 +/-0.000000  0.9849 +/-0.000000  0.9984 +/-0.000000
  0%      4  0.0196 +/-0.000000  0.1388 +/-0.000000  0.9969 +/-0.000000  0.3004 +/-0.000000  0.9117 +/-0.000000
  0%      8  0.0281 +/-0.000000  0.3458 +/-0.000000  0.9993 +/-0.000000  0.9244 +/-0.000000  0.9621 +/-0.000000
  0%     16  0.0321 +/-0.000000  0.5035 +/-0.000000  0.9994 +/-0.000000  0.9679 +/-0.000000  0.9828 +/-0.000000
  0%     20  0.0343 +/-0.000000  0.5318 +/-0.000000  0.9994 +/-0.000000  0.9657 +/-0.000000  0.9859 +/-0.000000
  0%     48  0.0221 +/-0.000000  0.7004 +/-0.000000  0.9997 +/-0.000000  0.9779 +/-0.000000  0.9952 +/-0.000000
  0%     64  0.0121 +/-0.000000  0.7547 +/-0.000000  0.9999 +/-0.000000  0.9879 +/-0.000000  0.9968 +/-0.000000
  0%     96  0.0000 +/-0.000000  0.8789 +/-0.000000  1.0000 +/-0.000000  1.0000 +/-0.000000  0.9988 +/-0.000000
  0%    124  0.0000 +/-0.000000  1.0000 +/-0.000000  1.0000 +/-0.000000  1.0000 +/-0.000000  1.0000 +/-0.000000


fdr_actual statistics:
Nul(% max) #pval #tests | # exps        | range                | 25th percentile |   median | 75th percentile |     mean | stddev
-----------------------|---------------|----------------------|-----------------|----------|-----------------|----------|-------
100% 0.050     4 |            20 | 0.0000 to 0.0500     |          0.0000 |   0.0000 |          0.0000 |   0.0025 | 0.0112
100% 0.050     8 |            20 | 0.0000 to 0.0500     |          0.0000 |   0.0000 |          0.0000 |   0.0050 | 0.0154
100% 0.050    16 |            20 | 0.0000 to 0.0500     |          0.0000 |   0.0000 |          0.0000 |   0.0050 | 0.0154
100% 0.050    20 |            20 | 0.0000 to 0.0500     |          0.0000 |   0.0000 |          0.0000 |   0.0050 | 0.0154
100% 0.050    48 |            20 | 0.0000 to 0.0500     |          0.0000 |   0.0000 |          0.0000 |   0.0025 | 0.0112
100% 0.050    64 |            20 | 0.0000 to 0.0500     |          0.0000 |   0.0000 |          0.0000 |   0.0025 | 0.0112
100% 0.050    96 |            20 | 0.0000 to 0.1000     |          0.0000 |   0.0000 |          0.0000 |   0.0075 | 0.0245
100% 0.050   124 |            20 | 0.0000 to 0.0500     |          0.0000 |   0.0000 |          0.0000 |   0.0050 | 0.0154
 75% 0.038     4 |            20 | 0.0000 to 0.0500     |          0.0000 |   0.0000 |          0.0000 |   0.0038 | 0.0122
 75% 0.038     8 |            20 | 0.0000 to 0.0500     |          0.0000 |   0.0000 |          0.0000 |   0.0038 | 0.0122
 75% 0.038    16 |            20 | 0.0000 to 0.0500     |          0.0000 |   0.0000 |          0.0000 |   0.0040 | 0.0117
 75% 0.038    20 |            20 | 0.0000 to 0.0500     |          0.0000 |   0.0000 |          0.0000 |   0.0038 | 0.0122
 75% 0.038    48 |            20 | 0.0000 to 0.0091     |          0.0000 |   0.0000 |          0.0000 |   0.0005 | 0.0020
 75% 0.038    64 |            20 | 0.0000 to 0.0184     |          0.0000 |   0.0000 |          0.0010 |   0.0024 | 0.0051
 75% 0.038    96 |            20 | 0.0000 to 0.0063     |          0.0000 |   0.0000 |          0.0000 |   0.0008 | 0.0021
 75% 0.038   124 |            20 | 0.0000 to 0.0077     |          0.0000 |   0.0000 |          0.0023 |   0.0017 | 0.0029
 50% 0.025     4 |            20 | 0.0000 to 0.0250     |          0.0000 |   0.0000 |          0.0000 |   0.0013 | 0.0056
 50% 0.025     8 |            20 | 0.0000 to 0.0250     |          0.0000 |   0.0000 |          0.0000 |   0.0019 | 0.0061
 50% 0.025    16 |            20 | 0.0000 to 0.0100     |          0.0000 |   0.0000 |          0.0000 |   0.0016 | 0.0034
 50% 0.025    20 |            20 | 0.0000 to 0.0196     |          0.0000 |   0.0000 |          0.0014 |   0.0028 | 0.0055
 50% 0.025    48 |            20 | 0.0000 to 0.0081     |          0.0000 |   0.0000 |          0.0041 |   0.0016 | 0.0025
 50% 0.025    64 |            20 | 0.0000 to 0.0063     |          0.0000 |   0.0008 |          0.0021 |   0.0016 | 0.0020
 50% 0.025    96 |            20 | 0.0000 to 0.0071     |          0.0000 |   0.0015 |          0.0034 |   0.0019 | 0.0022
 50% 0.025   124 |            20 | 0.0000 to 0.0082     |          0.0000 |   0.0008 |          0.0026 |   0.0019 | 0.0026
 25% 0.013     4 |            20 | 0.0000 to 0.0250     |          0.0000 |   0.0000 |          0.0000 |   0.0013 | 0.0056
 25% 0.013     8 |            20 | 0.0000 to 0.0000     |          0.0000 |   0.0000 |          0.0000 |   0.0000 | 0.0000
 25% 0.013    16 |            20 | 0.0000 to 0.0111     |          0.0000 |   0.0000 |          0.0042 |   0.0021 | 0.0034
 25% 0.013    20 |            20 | 0.0000 to 0.0071     |          0.0000 |   0.0000 |          0.0000 |   0.0005 | 0.0017
 25% 0.013    48 |            20 | 0.0000 to 0.0043     |          0.0000 |   0.0000 |          0.0014 |   0.0009 | 0.0012
 25% 0.013    64 |            20 | 0.0000 to 0.0032     |          0.0000 |   0.0011 |          0.0021 |   0.0011 | 0.0012
 25% 0.013    96 |            20 | 0.0000 to 0.0046     |          0.0007 |   0.0014 |          0.0021 |   0.0016 | 0.0013
 25% 0.013   124 |            20 | 0.0000 to 0.0078     |          0.0015 |   0.0021 |          0.0032 |   0.0023 | 0.0018
  0% 0.000     4 |            20 | 0.0000 to 0.0000     |          0.0000 |   0.0000 |          0.0000 |   0.0000 | 0.0000
  0% 0.000     8 |            20 | 0.0000 to 0.0000     |          0.0000 |   0.0000 |          0.0000 |   0.0000 | 0.0000
  0% 0.000    16 |            20 | 0.0000 to 0.0000     |          0.0000 |   0.0000 |          0.0000 |   0.0000 | 0.0000
  0% 0.000    20 |            20 | 0.0000 to 0.0000     |          0.0000 |   0.0000 |          0.0000 |   0.0000 | 0.0000
  0% 0.000    48 |            20 | 0.0000 to 0.0000     |          0.0000 |   0.0000 |          0.0000 |   0.0000 | 0.0000
  0% 0.000    64 |            20 | 0.0000 to 0.0000     |          0.0000 |   0.0000 |          0.0000 |   0.0000 | 0.0000
  0% 0.000    96 |            20 | 0.0000 to 0.0000     |          0.0000 |   0.0000 |          0.0000 |   0.0000 | 0.0000
  0% 0.000   124 |            20 | 0.0000 to 0.0000     |          0.0000 |   0.0000 |          0.0000 |   0.0000 | 0.0000

sensitivity statistics:
Nul(% max) #pval #tests | # exps        | range                | 25th percentile |   median | 75th percentile |     mean | stddev
-----------------------|---------------|----------------------|-----------------|----------|-----------------|----------|-------
100% 0.050     4 |            20 | 0.0000 to 0.0000     |          0.0000 |   0.0000 |          0.0000 |   0.0000 | 0.0000
100% 0.050     8 |            20 | 0.0000 to 0.0000     |          0.0000 |   0.0000 |          0.0000 |   0.0000 | 0.0000
100% 0.050    16 |            20 | 0.0000 to 0.0000     |          0.0000 |   0.0000 |          0.0000 |   0.0000 | 0.0000
100% 0.050    20 |            20 | 0.0000 to 0.0000     |          0.0000 |   0.0000 |          0.0000 |   0.0000 | 0.0000
100% 0.050    48 |            20 | 0.0000 to 0.0000     |          0.0000 |   0.0000 |          0.0000 |   0.0000 | 0.0000
100% 0.050    64 |            20 | 0.0000 to 0.0000     |          0.0000 |   0.0000 |          0.0000 |   0.0000 | 0.0000
100% 0.050    96 |            20 | 0.0000 to 0.0000     |          0.0000 |   0.0000 |          0.0000 |   0.0000 | 0.0000
100% 0.050   124 |            20 | 0.0000 to 0.0000     |          0.0000 |   0.0000 |          0.0000 |   0.0000 | 0.0000
 75% 0.038     4 |            20 | 0.0000 to 0.0500     |          0.0000 |   0.0000 |          0.0000 |   0.0025 | 0.0112
 75% 0.038     8 |            20 | 0.0000 to 0.0500     |          0.0000 |   0.0000 |          0.0000 |   0.0088 | 0.0186
 75% 0.038    16 |            20 | 0.0000 to 0.2250     |          0.0375 |   0.0750 |          0.1281 |   0.0837 | 0.0606
 75% 0.038    20 |            20 | 0.0400 to 0.1700     |          0.0700 |   0.0800 |          0.1225 |   0.0985 | 0.0395
 75% 0.038    48 |            20 | 0.4458 to 0.5833     |          0.4896 |   0.5167 |          0.5292 |   0.5138 | 0.0357
 75% 0.038    64 |            20 | 0.6625 to 0.7906     |          0.7047 |   0.7188 |          0.7422 |   0.7211 | 0.0328
 75% 0.038    96 |            20 | 0.7813 to 0.8625     |          0.8016 |   0.8313 |          0.8417 |   0.8247 | 0.0256
 75% 0.038   124 |            20 | 0.8581 to 0.9226     |          0.8710 |   0.8839 |          0.8899 |   0.8841 | 0.0167
 50% 0.025     4 |            20 | 0.0000 to 0.0500     |          0.0000 |   0.0000 |          0.0000 |   0.0087 | 0.0186
 50% 0.025     8 |            20 | 0.0750 to 0.4125     |          0.1719 |   0.2250 |          0.2719 |   0.2300 | 0.0894
 50% 0.025    16 |            20 | 0.3125 to 0.5938     |          0.4453 |   0.4969 |          0.5375 |   0.4872 | 0.0706
 50% 0.025    20 |            20 | 0.5000 to 0.6850     |          0.6000 |   0.6275 |          0.6412 |   0.6150 | 0.0505
 50% 0.025    48 |            20 | 0.8646 to 0.9167     |          0.8781 |   0.8885 |          0.8995 |   0.8889 | 0.0162
 50% 0.025    64 |            20 | 0.9031 to 0.9437     |          0.9238 |   0.9313 |          0.9348 |   0.9289 | 0.0101
 50% 0.025    96 |            20 | 0.9385 to 0.9625     |          0.9456 |   0.9479 |          0.9547 |   0.9496 | 0.0068
 50% 0.025   124 |            20 | 0.9573 to 0.9702     |          0.9611 |   0.9625 |          0.9647 |   0.9631 | 0.0030
 25% 0.013     4 |            20 | 0.0000 to 0.2833     |          0.0500 |   0.1083 |          0.1708 |   0.1192 | 0.0891
 25% 0.013     8 |            20 | 0.3583 to 0.5750     |          0.4146 |   0.4500 |          0.4979 |   0.4617 | 0.0650
 25% 0.013    16 |            20 | 0.6750 to 0.8208     |          0.7375 |   0.7500 |          0.7708 |   0.7469 | 0.0333
 25% 0.013    20 |            20 | 0.7767 to 0.9000     |          0.8133 |   0.8300 |          0.8475 |   0.8327 | 0.0333
 25% 0.013    48 |            20 | 0.9208 to 0.9625     |          0.9330 |   0.9382 |          0.9444 |   0.9389 | 0.0100
 25% 0.013    64 |            20 | 0.9479 to 0.9625     |          0.9529 |   0.9552 |          0.9594 |   0.9557 | 0.0042
 25% 0.013    96 |            20 | 0.9687 to 0.9882     |          0.9747 |   0.9771 |          0.9828 |   0.9778 | 0.0052
 25% 0.013   124 |            20 | 0.9796 to 0.9860     |          0.9812 |   0.9828 |          0.9844 |   0.9828 | 0.0021
  0% 0.000     4 |            20 | 0.1000 to 0.3375     |          0.1938 |   0.2313 |          0.2906 |   0.2300 | 0.0716
  0% 0.000     8 |            20 | 0.5188 to 0.6875     |          0.5922 |   0.6188 |          0.6578 |   0.6219 | 0.0431
  0% 0.000    16 |            20 | 0.8313 to 0.8938     |          0.8453 |   0.8656 |          0.8820 |   0.8642 | 0.0208
  0% 0.000    20 |            20 | 0.8675 to 0.9350     |          0.8900 |   0.9050 |          0.9181 |   0.9044 | 0.0181
  0% 0.000    48 |            20 | 0.9458 to 0.9688     |          0.9557 |   0.9625 |          0.9656 |   0.9609 | 0.0062
  0% 0.000    64 |            20 | 0.9672 to 0.9812     |          0.9695 |   0.9754 |          0.9785 |   0.9747 | 0.0048
  0% 0.000    96 |            20 | 0.9885 to 0.9953     |          0.9910 |   0.9924 |          0.9938 |   0.9923 | 0.0019
  0% 0.000   124 |            20 | 1.0000 to 1.0000     |          1.0000 |   1.0000 |          1.0000 |   1.0000 | 0.0000

specificity statistics:
Nul(% max) #pval #tests | # exps        | range                | 25th percentile |   median | 75th percentile |     mean | stddev
-----------------------|---------------|----------------------|-----------------|----------|-----------------|----------|-------
100% 0.050     4 |            20 | 0.9750 to 1.0000     |          1.0000 |   1.0000 |          1.0000 |   0.9988 | 0.0056
100% 0.050     8 |            20 | 0.9875 to 1.0000     |          1.0000 |   1.0000 |          1.0000 |   0.9988 | 0.0038
100% 0.050    16 |            20 | 0.9938 to 1.0000     |          1.0000 |   1.0000 |          1.0000 |   0.9994 | 0.0019
100% 0.050    20 |            20 | 0.9900 to 1.0000     |          1.0000 |   1.0000 |          1.0000 |   0.9992 | 0.0024
100% 0.050    48 |            20 | 0.9948 to 1.0000     |          1.0000 |   1.0000 |          1.0000 |   0.9997 | 0.0012
100% 0.050    64 |            20 | 0.9906 to 1.0000     |          1.0000 |   1.0000 |          1.0000 |   0.9995 | 0.0021
100% 0.050    96 |            20 | 0.9943 to 1.0000     |          1.0000 |   1.0000 |          1.0000 |   0.9996 | 0.0014
100% 0.050   124 |            20 | 0.9976 to 1.0000     |          1.0000 |   1.0000 |          1.0000 |   0.9998 | 0.0006
 75% 0.038     4 |            20 | 0.9667 to 1.0000     |          1.0000 |   1.0000 |          1.0000 |   0.9975 | 0.0082
 75% 0.038     8 |            20 | 0.9750 to 1.0000     |          1.0000 |   1.0000 |          1.0000 |   0.9983 | 0.0058
 75% 0.038    16 |            20 | 0.9917 to 1.0000     |          1.0000 |   1.0000 |          1.0000 |   0.9992 | 0.0022
 75% 0.038    20 |            20 | 0.9933 to 1.0000     |          1.0000 |   1.0000 |          1.0000 |   0.9995 | 0.0016
 75% 0.038    48 |            20 | 0.9972 to 1.0000     |          1.0000 |   1.0000 |          1.0000 |   0.9999 | 0.0006
 75% 0.038    64 |            20 | 0.9927 to 1.0000     |          0.9997 |   1.0000 |          1.0000 |   0.9992 | 0.0019
 75% 0.038    96 |            20 | 0.9979 to 1.0000     |          1.0000 |   1.0000 |          1.0000 |   0.9997 | 0.0007
 75% 0.038   124 |            20 | 0.9973 to 1.0000     |          0.9992 |   1.0000 |          1.0000 |   0.9995 | 0.0009
 50% 0.025     4 |            20 | 0.9750 to 1.0000     |          1.0000 |   1.0000 |          1.0000 |   0.9988 | 0.0056
 50% 0.025     8 |            20 | 0.9875 to 1.0000     |          1.0000 |   1.0000 |          1.0000 |   0.9988 | 0.0038
 50% 0.025    16 |            20 | 0.9938 to 1.0000     |          1.0000 |   1.0000 |          1.0000 |   0.9988 | 0.0026
 50% 0.025    20 |            20 | 0.9850 to 1.0000     |          0.9988 |   1.0000 |          1.0000 |   0.9978 | 0.0044
 50% 0.025    48 |            20 | 0.9917 to 1.0000     |          0.9958 |   1.0000 |          1.0000 |   0.9984 | 0.0024
 50% 0.025    64 |            20 | 0.9938 to 1.0000     |          0.9980 |   0.9992 |          1.0000 |   0.9984 | 0.0020
 50% 0.025    96 |            20 | 0.9917 to 1.0000     |          0.9966 |   0.9984 |          1.0000 |   0.9980 | 0.0023
 50% 0.025   124 |            20 | 0.9911 to 1.0000     |          0.9974 |   0.9992 |          1.0000 |   0.9980 | 0.0028
 25% 0.013     4 |            20 | 0.9500 to 1.0000     |          1.0000 |   1.0000 |          1.0000 |   0.9975 | 0.0112
 25% 0.013     8 |            20 | 1.0000 to 1.0000     |          1.0000 |   1.0000 |          1.0000 |   1.0000 | 0.0000
 25% 0.013    16 |            20 | 0.9750 to 1.0000     |          0.9875 |   1.0000 |          1.0000 |   0.9944 | 0.0086
 25% 0.013    20 |            20 | 0.9800 to 1.0000     |          1.0000 |   1.0000 |          1.0000 |   0.9985 | 0.0049
 25% 0.013    48 |            20 | 0.9875 to 1.0000     |          0.9958 |   1.0000 |          1.0000 |   0.9975 | 0.0034
 25% 0.013    64 |            20 | 0.9906 to 1.0000     |          0.9938 |   0.9969 |          1.0000 |   0.9967 | 0.0036
 25% 0.013    96 |            20 | 0.9854 to 1.0000     |          0.9938 |   0.9958 |          0.9979 |   0.9950 | 0.0040
 25% 0.013   124 |            20 | 0.9758 to 1.0000     |          0.9903 |   0.9935 |          0.9956 |   0.9930 | 0.0056
  0% 0.000     4 |            20 | 0.0000 to 0.0000     |          0.0000 |   0.0000 |          0.0000 |   0.0000 | 0.0000
  0% 0.000     8 |            20 | 0.0000 to 0.0000     |          0.0000 |   0.0000 |          0.0000 |   0.0000 | 0.0000
  0% 0.000    16 |            20 | 0.0000 to 0.0000     |          0.0000 |   0.0000 |          0.0000 |   0.0000 | 0.0000
  0% 0.000    20 |            20 | 0.0000 to 0.0000     |          0.0000 |   0.0000 |          0.0000 |   0.0000 | 0.0000
  0% 0.000    48 |            20 | 0.0000 to 0.0000     |          0.0000 |   0.0000 |          0.0000 |   0.0000 | 0.0000
  0% 0.000    64 |            20 | 0.0000 to 0.0000     |          0.0000 |   0.0000 |          0.0000 |   0.0000 | 0.0000
  0% 0.000    96 |            20 | 0.0000 to 0.0000     |          0.0000 |   0.0000 |          0.0000 |   0.0000 | 0.0000
  0% 0.000   124 |            20 | 0.0000 to 0.0000     |          0.0000 |   0.0000 |          0.0000 |   0.0000 | 0.0000

pos_pred_val statistics:
Nul(% max) #pval #tests | # exps        | range                | 25th percentile |   median | 75th percentile |     mean | stddev
-----------------------|---------------|----------------------|-----------------|----------|-----------------|----------|-------
100% 0.050     4 |            20 | 0.0000 to 0.0000     |          0.0000 |   0.0000 |          0.0000 |   0.0000 | 0.0000
100% 0.050     8 |            20 | 0.0000 to 0.0000     |          0.0000 |   0.0000 |          0.0000 |   0.0000 | 0.0000
100% 0.050    16 |            20 | 0.0000 to 0.0000     |          0.0000 |   0.0000 |          0.0000 |   0.0000 | 0.0000
100% 0.050    20 |            20 | 0.0000 to 0.0000     |          0.0000 |   0.0000 |          0.0000 |   0.0000 | 0.0000
100% 0.050    48 |            20 | 0.0000 to 0.0000     |          0.0000 |   0.0000 |          0.0000 |   0.0000 | 0.0000
100% 0.050    64 |            20 | 0.0000 to 0.0000     |          0.0000 |   0.0000 |          0.0000 |   0.0000 | 0.0000
100% 0.050    96 |            20 | 0.0000 to 0.0000     |          0.0000 |   0.0000 |          0.0000 |   0.0000 | 0.0000
100% 0.050   124 |            20 | 0.0000 to 0.0000     |          0.0000 |   0.0000 |          0.0000 |   0.0000 | 0.0000
 75% 0.038     4 |            20 | 0.0000 to 0.0250     |          0.0000 |   0.0000 |          0.0000 |   0.0013 | 0.0056
 75% 0.038     8 |            20 | 0.0000 to 0.0500     |          0.0000 |   0.0000 |          0.0000 |   0.0088 | 0.0186
 75% 0.038    16 |            20 | 0.0000 to 0.2500     |          0.0500 |   0.1000 |          0.1500 |   0.0985 | 0.0691
 75% 0.038    20 |            20 | 0.0500 to 0.2250     |          0.1000 |   0.1000 |          0.1500 |   0.1263 | 0.0497
 75% 0.038    48 |            20 | 0.8500 to 1.0000     |          0.9000 |   0.9000 |          0.9500 |   0.9245 | 0.0447
 75% 0.038    64 |            20 | 0.9816 to 1.0000     |          0.9990 |   1.0000 |          1.0000 |   0.9976 | 0.0051
 75% 0.038    96 |            20 | 0.9938 to 1.0000     |          1.0000 |   1.0000 |          1.0000 |   0.9992 | 0.0021
 75% 0.038   124 |            20 | 0.9923 to 1.0000     |          0.9977 |   1.0000 |          1.0000 |   0.9983 | 0.0029
 50% 0.025     4 |            20 | 0.0000 to 0.0500     |          0.0000 |   0.0000 |          0.0000 |   0.0087 | 0.0186
 50% 0.025     8 |            20 | 0.1000 to 0.5500     |          0.2281 |   0.3000 |          0.3625 |   0.2981 | 0.1134
 50% 0.025    16 |            20 | 0.6000 to 1.0000     |          0.7984 |   0.8719 |          0.9425 |   0.8534 | 0.1119
 50% 0.025    20 |            20 | 0.7400 to 1.0000     |          0.8951 |   0.9417 |          0.9500 |   0.9122 | 0.0696
 50% 0.025    48 |            20 | 0.9919 to 1.0000     |          0.9959 |   1.0000 |          1.0000 |   0.9984 | 0.0025
 50% 0.025    64 |            20 | 0.9937 to 1.0000     |          0.9979 |   0.9992 |          1.0000 |   0.9984 | 0.0020
 50% 0.025    96 |            20 | 0.9929 to 1.0000     |          0.9966 |   0.9985 |          1.0000 |   0.9981 | 0.0022
 50% 0.025   124 |            20 | 0.9918 to 1.0000     |          0.9974 |   0.9992 |          1.0000 |   0.9981 | 0.0026
 25% 0.013     4 |            20 | 0.0000 to 0.3000     |          0.0500 |   0.1250 |          0.2063 |   0.1363 | 0.1011
 25% 0.013     8 |            20 | 0.6000 to 0.9000     |          0.7000 |   0.7500 |          0.8125 |   0.7625 | 0.0930
 25% 0.013    16 |            20 | 0.9889 to 1.0000     |          0.9958 |   1.0000 |          1.0000 |   0.9979 | 0.0034
 25% 0.013    20 |            20 | 0.9929 to 1.0000     |          1.0000 |   1.0000 |          1.0000 |   0.9995 | 0.0017
 25% 0.013    48 |            20 | 0.9957 to 1.0000     |          0.9986 |   1.0000 |          1.0000 |   0.9991 | 0.0012
 25% 0.013    64 |            20 | 0.9968 to 1.0000     |          0.9979 |   0.9989 |          1.0000 |   0.9989 | 0.0012
 25% 0.013    96 |            20 | 0.9954 to 1.0000     |          0.9979 |   0.9986 |          0.9993 |   0.9984 | 0.0013
 25% 0.013   124 |            20 | 0.9922 to 1.0000     |          0.9968 |   0.9979 |          0.9985 |   0.9977 | 0.0018
  0% 0.000     4 |            20 | 0.1500 to 0.4500     |          0.2500 |   0.3250 |          0.4000 |   0.3200 | 0.1005
  0% 0.000     8 |            20 | 0.8500 to 1.0000     |          0.9000 |   0.9500 |          1.0000 |   0.9525 | 0.0525
  0% 0.000    16 |            20 | 1.0000 to 1.0000     |          1.0000 |   1.0000 |          1.0000 |   1.0000 | 0.0000
  0% 0.000    20 |            20 | 1.0000 to 1.0000     |          1.0000 |   1.0000 |          1.0000 |   1.0000 | 0.0000
  0% 0.000    48 |            20 | 1.0000 to 1.0000     |          1.0000 |   1.0000 |          1.0000 |   1.0000 | 0.0000
  0% 0.000    64 |            20 | 1.0000 to 1.0000     |          1.0000 |   1.0000 |          1.0000 |   1.0000 | 0.0000
  0% 0.000    96 |            20 | 1.0000 to 1.0000     |          1.0000 |   1.0000 |          1.0000 |   1.0000 | 0.0000
  0% 0.000   124 |            20 | 1.0000 to 1.0000     |          1.0000 |   1.0000 |          1.0000 |   1.0000 | 0.0000

neg_pred_val statistics:
Nul(% max) #pval #tests | # exps        | range                | 25th percentile |   median | 75th percentile |     mean | stddev
-----------------------|---------------|----------------------|-----------------|----------|-----------------|----------|-------
100% 0.050     4 |            20 | 1.0000 to 1.0000     |          1.0000 |   1.0000 |          1.0000 |   1.0000 | 0.0000
100% 0.050     8 |            20 | 1.0000 to 1.0000     |          1.0000 |   1.0000 |          1.0000 |   1.0000 | 0.0000
100% 0.050    16 |            20 | 1.0000 to 1.0000     |          1.0000 |   1.0000 |          1.0000 |   1.0000 | 0.0000
100% 0.050    20 |            20 | 1.0000 to 1.0000     |          1.0000 |   1.0000 |          1.0000 |   1.0000 | 0.0000
100% 0.050    48 |            20 | 1.0000 to 1.0000     |          1.0000 |   1.0000 |          1.0000 |   1.0000 | 0.0000
100% 0.050    64 |            20 | 1.0000 to 1.0000     |          1.0000 |   1.0000 |          1.0000 |   1.0000 | 0.0000
100% 0.050    96 |            20 | 1.0000 to 1.0000     |          1.0000 |   1.0000 |          1.0000 |   1.0000 | 0.0000
100% 0.050   124 |            20 | 1.0000 to 1.0000     |          1.0000 |   1.0000 |          1.0000 |   1.0000 | 0.0000
 75% 0.038     4 |            20 | 0.7375 to 0.7625     |          0.7500 |   0.7500 |          0.7500 |   0.7500 | 0.0041
 75% 0.038     8 |            20 | 0.7425 to 0.7625     |          0.7500 |   0.7500 |          0.7500 |   0.7517 | 0.0050
 75% 0.038    16 |            20 | 0.7500 to 0.8048     |          0.7587 |   0.7676 |          0.7800 |   0.7699 | 0.0147
 75% 0.038    20 |            20 | 0.7594 to 0.7906     |          0.7665 |   0.7689 |          0.7791 |   0.7730 | 0.0094
 75% 0.038    48 |            20 | 0.8472 to 0.8830     |          0.8582 |   0.8645 |          0.8668 |   0.8639 | 0.0090
 75% 0.038    64 |            20 | 0.9007 to 0.9374     |          0.9115 |   0.9155 |          0.9225 |   0.9168 | 0.0093
 75% 0.038    96 |            20 | 0.9332 to 0.9573     |          0.9391 |   0.9474 |          0.9506 |   0.9459 | 0.0075
 75% 0.038   124 |            20 | 0.9555 to 0.9752     |          0.9593 |   0.9633 |          0.9650 |   0.9633 | 0.0051
 50% 0.025     4 |            20 | 0.5000 to 0.5250     |          0.5000 |   0.5000 |          0.5000 |   0.5038 | 0.0092
 50% 0.025     8 |            20 | 0.5300 to 0.6650     |          0.5742 |   0.5942 |          0.6125 |   0.5951 | 0.0378
 50% 0.025    16 |            20 | 0.6106 to 0.7257     |          0.6632 |   0.6856 |          0.6978 |   0.6801 | 0.0288
 50% 0.025    20 |            20 | 0.6941 to 0.7785     |          0.7257 |   0.7496 |          0.7585 |   0.7429 | 0.0228
 50% 0.025    48 |            20 | 0.8841 to 0.9258     |          0.8956 |   0.9022 |          0.9114 |   0.9035 | 0.0127
 50% 0.025    64 |            20 | 0.9126 to 0.9471     |          0.9310 |   0.9371 |          0.9403 |   0.9353 | 0.0085
 50% 0.025    96 |            20 | 0.9427 to 0.9643     |          0.9491 |   0.9512 |          0.9574 |   0.9527 | 0.0061
 50% 0.025   124 |            20 | 0.9593 to 0.9715     |          0.9629 |   0.9642 |          0.9663 |   0.9648 | 0.0028
 25% 0.013     4 |            20 | 0.2500 to 0.4500     |          0.2875 |   0.3187 |          0.3500 |   0.3256 | 0.0595
 25% 0.013     8 |            20 | 0.3617 to 0.5050     |          0.4071 |   0.4217 |          0.4573 |   0.4328 | 0.0381
 25% 0.013    16 |            20 | 0.5369 to 0.6857     |          0.6061 |   0.6168 |          0.6338 |   0.6139 | 0.0332
 25% 0.013    20 |            20 | 0.6375 to 0.7967     |          0.6769 |   0.6957 |          0.7162 |   0.7013 | 0.0434
 25% 0.013    48 |            20 | 0.8143 to 0.9033     |          0.8380 |   0.8519 |          0.8656 |   0.8528 | 0.0214
 25% 0.013    64 |            20 | 0.8700 to 0.9025     |          0.8796 |   0.8868 |          0.8944 |   0.8870 | 0.0093
 25% 0.013    96 |            20 | 0.9175 to 0.9670     |          0.9314 |   0.9382 |          0.9528 |   0.9398 | 0.0133
 25% 0.013   124 |            20 | 0.9432 to 0.9604     |          0.9469 |   0.9511 |          0.9564 |   0.9517 | 0.0056
  0% 0.000     4 |            20 | 0.0000 to 0.0000     |          0.0000 |   0.0000 |          0.0000 |   0.0000 | 0.0000
  0% 0.000     8 |            20 | 0.0000 to 0.0000     |          0.0000 |   0.0000 |          0.0000 |   0.0000 | 0.0000
  0% 0.000    16 |            20 | 0.0000 to 0.0000     |          0.0000 |   0.0000 |          0.0000 |   0.0000 | 0.0000
  0% 0.000    20 |            20 | 0.0000 to 0.0000     |          0.0000 |   0.0000 |          0.0000 |   0.0000 | 0.0000
  0% 0.000    48 |            20 | 0.0000 to 0.0000     |          0.0000 |   0.0000 |          0.0000 |   0.0000 | 0.0000
  0% 0.000    64 |            20 | 0.0000 to 0.0000     |          0.0000 |   0.0000 |          0.0000 |   0.0000 | 0.0000
  0% 0.000    96 |            20 | 0.0000 to 0.0000     |          0.0000 |   0.0000 |          0.0000 |   0.0000 | 0.0000
  0% 0.000   124 |            20 | 0.0000 to 0.0000     |          0.0000 |   0.0000 |          0.0000 |   0.0000 | 0.0000
  ELAPSED TIME: 4:59:11.938998 Simulations complete. Reports and plots generated.
