  ELAPSED TIME: 6:11:56.274761 Simulations Completed

WRITTEN: 2017-11-06:

  RANDOM SEED = 0xd05b5585 = 3,495,646,597
alpha(0.05) method(fdr_bh) propagate_counts(False)
SETTINGS AND GO-DAG VERSION:
    Multitest Params: alpha(0.05) method(fdr_bh) propagate_counts(False)
    GO-DAG version:   go-basic.obo: fmt(1.2) rel(2017-06-30) 46,830 GO Terms

ASSOCIATION INFORMATION:
    GOC Validation Date: 05/19/2017 $
    Submission Date: 5/19/2017
    gaf-version: 2.0
    Project_name: Mouse Genome Informatics (MGI)
    URL: http://www.informatics.jax.org/
    Contact Email: mgi-help@jax.org
    Funding: NHGRI of US National Institutes of Health
    software version: $Revision$
    date: 05/18/2017 $

18,647 GENES  IN ASSOCIATION
17,276 GO IDs IN ASSOCIATION
18,647 GENES  IN POPULATION
22,025 population genes (user)
18,647 population genes in assc.
   85% population genes coverage in assc.
   124 study genes (user)
   124 study genes in assc.
16,305 population genes - study buffer

TITLE: Stress Tests: Random Annotations; View Enriched
SIMULATION PARAMETERS:
    randomize_truenull_assc rand_noprune_enriched_ntn2
    perc_nulls      [100, 75, 50, 25, 0]
    num_genes_list  [4, 8, 16, 20, 48, 64, 80, 96, 112, 124]
    num_experiments 20
    num_sims        20


Summary of genes mean values and standard errors for 50 sets of experiments

nul% #tests          fdr_actual         sensitivity         specificity        pos_pred_val        neg_pred_val
---- ------ ------------------- ------------------- ------------------- ------------------- -------------------
100%      4  0.0025 +/-0.000000  0.0000 +/-0.000000  0.9988 +/-0.000000  0.0000 +/-0.000000  1.0000 +/-0.000000
100%      8  0.0050 +/-0.000000  0.0000 +/-0.000000  0.9981 +/-0.000000  0.0000 +/-0.000000  1.0000 +/-0.000000
100%     16  0.0025 +/-0.000000  0.0000 +/-0.000000  0.9997 +/-0.000000  0.0000 +/-0.000000  1.0000 +/-0.000000
100%     20  0.0075 +/-0.000000  0.0000 +/-0.000000  0.9991 +/-0.000000  0.0000 +/-0.000000  1.0000 +/-0.000000
100%     48  0.0050 +/-0.000000  0.0000 +/-0.000000  0.9997 +/-0.000000  0.0000 +/-0.000000  1.0000 +/-0.000000
100%     64  0.0025 +/-0.000000  0.0000 +/-0.000000  0.9998 +/-0.000000  0.0000 +/-0.000000  1.0000 +/-0.000000
100%     80  0.0100 +/-0.000000  0.0000 +/-0.000000  0.9992 +/-0.000000  0.0000 +/-0.000000  1.0000 +/-0.000000
100%     96  0.0025 +/-0.000000  0.0000 +/-0.000000  0.9999 +/-0.000000  0.0000 +/-0.000000  1.0000 +/-0.000000
100%    112  0.0125 +/-0.000000  0.0000 +/-0.000000  0.9995 +/-0.000000  0.0000 +/-0.000000  1.0000 +/-0.000000
100%    124  0.0150 +/-0.000000  0.0000 +/-0.000000  0.9995 +/-0.000000  0.0000 +/-0.000000  1.0000 +/-0.000000
 75%      4  0.0075 +/-0.000000  0.0150 +/-0.000000  0.9950 +/-0.000000  0.0075 +/-0.000000  0.7537 +/-0.000000
 75%      8  0.0117 +/-0.000000  0.2850 +/-0.000000  0.9950 +/-0.000000  0.2808 +/-0.000000  0.8206 +/-0.000000
 75%     16  0.0295 +/-0.000000  0.4694 +/-0.000000  0.9900 +/-0.000000  0.5930 +/-0.000000  0.8600 +/-0.000000
 75%     20  0.0231 +/-0.000000  0.5070 +/-0.000000  0.9918 +/-0.000000  0.6319 +/-0.000000  0.8692 +/-0.000000
 75%     48  0.0406 +/-0.000000  0.8898 +/-0.000000  0.9850 +/-0.000000  0.9594 +/-0.000000  0.9655 +/-0.000000
 75%     64  0.0468 +/-0.000000  0.9275 +/-0.000000  0.9830 +/-0.000000  0.9532 +/-0.000000  0.9769 +/-0.000000
 75%     80  0.0490 +/-0.000000  0.9591 +/-0.000000  0.9822 +/-0.000000  0.9510 +/-0.000000  0.9867 +/-0.000000
 75%     96  0.0515 +/-0.000000  0.9674 +/-0.000000  0.9812 +/-0.000000  0.9485 +/-0.000000  0.9892 +/-0.000000
 75%    112  0.0597 +/-0.000000  0.9719 +/-0.000000  0.9782 +/-0.000000  0.9403 +/-0.000000  0.9907 +/-0.000000
 75%    124  0.0582 +/-0.000000  0.9761 +/-0.000000  0.9788 +/-0.000000  0.9418 +/-0.000000  0.9921 +/-0.000000
 50%      4  0.0046 +/-0.000000  0.3513 +/-0.000000  0.9938 +/-0.000000  0.3479 +/-0.000000  0.6750 +/-0.000000
 50%      8  0.0134 +/-0.000000  0.6500 +/-0.000000  0.9850 +/-0.000000  0.8366 +/-0.000000  0.7803 +/-0.000000
 50%     16  0.0190 +/-0.000000  0.8794 +/-0.000000  0.9784 +/-0.000000  0.9710 +/-0.000000  0.9067 +/-0.000000
 50%     20  0.0214 +/-0.000000  0.9248 +/-0.000000  0.9772 +/-0.000000  0.9786 +/-0.000000  0.9355 +/-0.000000
 50%     48  0.0364 +/-0.000000  0.9818 +/-0.000000  0.9607 +/-0.000000  0.9636 +/-0.000000  0.9821 +/-0.000000
 50%     64  0.0411 +/-0.000000  0.9887 +/-0.000000  0.9560 +/-0.000000  0.9589 +/-0.000000  0.9886 +/-0.000000
 50%     80  0.0483 +/-0.000000  0.9898 +/-0.000000  0.9480 +/-0.000000  0.9517 +/-0.000000  0.9897 +/-0.000000
 50%     96  0.0542 +/-0.000000  0.9914 +/-0.000000  0.9416 +/-0.000000  0.9458 +/-0.000000  0.9912 +/-0.000000
 50%    112  0.0550 +/-0.000000  0.9925 +/-0.000000  0.9407 +/-0.000000  0.9450 +/-0.000000  0.9922 +/-0.000000
 50%    124  0.0569 +/-0.000000  0.9926 +/-0.000000  0.9388 +/-0.000000  0.9431 +/-0.000000  0.9923 +/-0.000000
 25%      4  0.0029 +/-0.000000  0.5925 +/-0.000000  0.9900 +/-0.000000  0.7271 +/-0.000000  0.5837 +/-0.000000
 25%      8  0.0054 +/-0.000000  0.8604 +/-0.000000  0.9825 +/-0.000000  0.9896 +/-0.000000  0.7745 +/-0.000000
 25%     16  0.0093 +/-0.000000  0.9650 +/-0.000000  0.9700 +/-0.000000  0.9907 +/-0.000000  0.9218 +/-0.000000
 25%     20  0.0106 +/-0.000000  0.9758 +/-0.000000  0.9665 +/-0.000000  0.9894 +/-0.000000  0.9454 +/-0.000000
 25%     48  0.0199 +/-0.000000  0.9931 +/-0.000000  0.9377 +/-0.000000  0.9801 +/-0.000000  0.9799 +/-0.000000
 25%     64  0.0249 +/-0.000000  0.9951 +/-0.000000  0.9220 +/-0.000000  0.9751 +/-0.000000  0.9851 +/-0.000000
 25%     80  0.0265 +/-0.000000  0.9965 +/-0.000000  0.9174 +/-0.000000  0.9735 +/-0.000000  0.9894 +/-0.000000
 25%     96  0.0308 +/-0.000000  0.9978 +/-0.000000  0.9034 +/-0.000000  0.9692 +/-0.000000  0.9933 +/-0.000000
 25%    112  0.0307 +/-0.000000  0.9982 +/-0.000000  0.9041 +/-0.000000  0.9693 +/-0.000000  0.9943 +/-0.000000
 25%    124  0.0330 +/-0.000000  0.9985 +/-0.000000  0.8967 +/-0.000000  0.9670 +/-0.000000  0.9951 +/-0.000000
  0%      4  0.0000 +/-0.000000  0.7294 +/-0.000000  0.0000 +/-0.000000  0.9225 +/-0.000000  0.0000 +/-0.000000
  0%      8  0.0000 +/-0.000000  0.9275 +/-0.000000  0.0000 +/-0.000000  1.0000 +/-0.000000  0.0000 +/-0.000000
  0%     16  0.0000 +/-0.000000  0.9809 +/-0.000000  0.0000 +/-0.000000  1.0000 +/-0.000000  0.0000 +/-0.000000
  0%     20  0.0000 +/-0.000000  0.9882 +/-0.000000  0.0000 +/-0.000000  1.0000 +/-0.000000  0.0000 +/-0.000000
  0%     48  0.0000 +/-0.000000  0.9975 +/-0.000000  0.0000 +/-0.000000  1.0000 +/-0.000000  0.0000 +/-0.000000
  0%     64  0.0000 +/-0.000000  0.9982 +/-0.000000  0.0000 +/-0.000000  1.0000 +/-0.000000  0.0000 +/-0.000000
  0%     80  0.0000 +/-0.000000  0.9984 +/-0.000000  0.0000 +/-0.000000  1.0000 +/-0.000000  0.0000 +/-0.000000
  0%     96  0.0000 +/-0.000000  0.9993 +/-0.000000  0.0000 +/-0.000000  1.0000 +/-0.000000  0.0000 +/-0.000000
  0%    112  0.0000 +/-0.000000  0.9996 +/-0.000000  0.0000 +/-0.000000  1.0000 +/-0.000000  0.0000 +/-0.000000
  0%    124  0.0000 +/-0.000000  0.9998 +/-0.000000  0.0000 +/-0.000000  1.0000 +/-0.000000  0.0000 +/-0.000000


Summary of goids mean values and standard errors for 50 sets of experiments

nul% #tests          fdr_actual         sensitivity         specificity        pos_pred_val        neg_pred_val
---- ------ ------------------- ------------------- ------------------- ------------------- -------------------
100%      4  0.0025 +/-0.000000  0.0000 +/-0.000000  1.0000 +/-0.000000  0.0000 +/-0.000000  1.0000 +/-0.000000
100%      8  0.0050 +/-0.000000  0.0000 +/-0.000000  1.0000 +/-0.000000  0.0000 +/-0.000000  1.0000 +/-0.000000
100%     16  0.0025 +/-0.000000  0.0000 +/-0.000000  1.0000 +/-0.000000  0.0000 +/-0.000000  1.0000 +/-0.000000
100%     20  0.0075 +/-0.000000  0.0000 +/-0.000000  1.0000 +/-0.000000  0.0000 +/-0.000000  1.0000 +/-0.000000
100%     48  0.0050 +/-0.000000  0.0000 +/-0.000000  1.0000 +/-0.000000  0.0000 +/-0.000000  1.0000 +/-0.000000
100%     64  0.0025 +/-0.000000  0.0000 +/-0.000000  1.0000 +/-0.000000  0.0000 +/-0.000000  1.0000 +/-0.000000
100%     80  0.0100 +/-0.000000  0.0000 +/-0.000000  1.0000 +/-0.000000  0.0000 +/-0.000000  1.0000 +/-0.000000
100%     96  0.0025 +/-0.000000  0.0000 +/-0.000000  1.0000 +/-0.000000  0.0000 +/-0.000000  1.0000 +/-0.000000
100%    112  0.0125 +/-0.000000  0.0000 +/-0.000000  1.0000 +/-0.000000  0.0000 +/-0.000000  1.0000 +/-0.000000
100%    124  0.0150 +/-0.000000  0.0000 +/-0.000000  1.0000 +/-0.000000  0.0000 +/-0.000000  1.0000 +/-0.000000
 75%      4  0.0150 +/-0.000000  0.0000 +/-0.000000  0.9998 +/-0.000000  0.0000 +/-0.000000  0.9738 +/-0.000000
 75%      8  0.1313 +/-0.000000  0.1613 +/-0.000000  0.9981 +/-0.000000  0.1612 +/-0.000000  0.9815 +/-0.000000
 75%     16  0.3199 +/-0.000000  0.2082 +/-0.000000  0.9945 +/-0.000000  0.3026 +/-0.000000  0.9862 +/-0.000000
 75%     20  0.2973 +/-0.000000  0.2432 +/-0.000000  0.9938 +/-0.000000  0.3577 +/-0.000000  0.9871 +/-0.000000
 75%     48  0.6001 +/-0.000000  0.4307 +/-0.000000  0.9886 +/-0.000000  0.3999 +/-0.000000  0.9939 +/-0.000000
 75%     64  0.6718 +/-0.000000  0.4698 +/-0.000000  0.9874 +/-0.000000  0.3282 +/-0.000000  0.9952 +/-0.000000
 75%     80  0.7290 +/-0.000000  0.4972 +/-0.000000  0.9865 +/-0.000000  0.2710 +/-0.000000  0.9959 +/-0.000000
 75%     96  0.7715 +/-0.000000  0.4945 +/-0.000000  0.9855 +/-0.000000  0.2285 +/-0.000000  0.9963 +/-0.000000
 75%    112  0.7979 +/-0.000000  0.5236 +/-0.000000  0.9849 +/-0.000000  0.2021 +/-0.000000  0.9968 +/-0.000000
 75%    124  0.8098 +/-0.000000  0.5264 +/-0.000000  0.9849 +/-0.000000  0.1902 +/-0.000000  0.9970 +/-0.000000
 50%      4  0.1700 +/-0.000000  0.1912 +/-0.000000  0.9960 +/-0.000000  0.1825 +/-0.000000  0.9559 +/-0.000000
 50%      8  0.4361 +/-0.000000  0.3126 +/-0.000000  0.9858 +/-0.000000  0.4139 +/-0.000000  0.9746 +/-0.000000
 50%     16  0.6055 +/-0.000000  0.4561 +/-0.000000  0.9737 +/-0.000000  0.3845 +/-0.000000  0.9857 +/-0.000000
 50%     20  0.6894 +/-0.000000  0.5055 +/-0.000000  0.9692 +/-0.000000  0.3106 +/-0.000000  0.9886 +/-0.000000
 50%     48  0.8345 +/-0.000000  0.5968 +/-0.000000  0.9573 +/-0.000000  0.1655 +/-0.000000  0.9946 +/-0.000000
 50%     64  0.8686 +/-0.000000  0.6271 +/-0.000000  0.9520 +/-0.000000  0.1314 +/-0.000000  0.9958 +/-0.000000
 50%     80  0.8784 +/-0.000000  0.6525 +/-0.000000  0.9524 +/-0.000000  0.1216 +/-0.000000  0.9966 +/-0.000000
 50%     96  0.8930 +/-0.000000  0.6826 +/-0.000000  0.9505 +/-0.000000  0.1070 +/-0.000000  0.9973 +/-0.000000
 50%    112  0.8985 +/-0.000000  0.7036 +/-0.000000  0.9515 +/-0.000000  0.1015 +/-0.000000  0.9977 +/-0.000000
 50%    124  0.9064 +/-0.000000  0.7102 +/-0.000000  0.9502 +/-0.000000  0.0936 +/-0.000000  0.9979 +/-0.000000
 25%      4  0.3326 +/-0.000000  0.2853 +/-0.000000  0.9834 +/-0.000000  0.3974 +/-0.000000  0.9438 +/-0.000000
 25%      8  0.5767 +/-0.000000  0.4332 +/-0.000000  0.9652 +/-0.000000  0.4183 +/-0.000000  0.9715 +/-0.000000
 25%     16  0.7519 +/-0.000000  0.5658 +/-0.000000  0.9432 +/-0.000000  0.2481 +/-0.000000  0.9866 +/-0.000000
 25%     20  0.7817 +/-0.000000  0.5965 +/-0.000000  0.9401 +/-0.000000  0.2183 +/-0.000000  0.9890 +/-0.000000
 25%     48  0.8948 +/-0.000000  0.6949 +/-0.000000  0.9153 +/-0.000000  0.1052 +/-0.000000  0.9953 +/-0.000000
 25%     64  0.9111 +/-0.000000  0.7294 +/-0.000000  0.9099 +/-0.000000  0.0889 +/-0.000000  0.9965 +/-0.000000
 25%     80  0.9237 +/-0.000000  0.7750 +/-0.000000  0.9039 +/-0.000000  0.0763 +/-0.000000  0.9975 +/-0.000000
 25%     96  0.9324 +/-0.000000  0.7889 +/-0.000000  0.9036 +/-0.000000  0.0676 +/-0.000000  0.9980 +/-0.000000
 25%    112  0.9378 +/-0.000000  0.8168 +/-0.000000  0.9033 +/-0.000000  0.0622 +/-0.000000  0.9984 +/-0.000000
 25%    124  0.9419 +/-0.000000  0.8370 +/-0.000000  0.9010 +/-0.000000  0.0581 +/-0.000000  0.9987 +/-0.000000
  0%      4  0.4045 +/-0.000000  0.3784 +/-0.000000  0.9684 +/-0.000000  0.5180 +/-0.000000  0.9266 +/-0.000000
  0%      8  0.6541 +/-0.000000  0.5186 +/-0.000000  0.9374 +/-0.000000  0.3459 +/-0.000000  0.9692 +/-0.000000
  0%     16  0.8155 +/-0.000000  0.6037 +/-0.000000  0.9067 +/-0.000000  0.1845 +/-0.000000  0.9847 +/-0.000000
  0%     20  0.8381 +/-0.000000  0.6427 +/-0.000000  0.8971 +/-0.000000  0.1619 +/-0.000000  0.9877 +/-0.000000
  0%     48  0.9161 +/-0.000000  0.7598 +/-0.000000  0.8663 +/-0.000000  0.0839 +/-0.000000  0.9955 +/-0.000000
  0%     64  0.9324 +/-0.000000  0.7957 +/-0.000000  0.8559 +/-0.000000  0.0676 +/-0.000000  0.9969 +/-0.000000
  0%     80  0.9412 +/-0.000000  0.8417 +/-0.000000  0.8510 +/-0.000000  0.0588 +/-0.000000  0.9979 +/-0.000000
  0%     96  0.9487 +/-0.000000  0.8776 +/-0.000000  0.8448 +/-0.000000  0.0513 +/-0.000000  0.9986 +/-0.000000
  0%    112  0.9545 +/-0.000000  0.9052 +/-0.000000  0.8395 +/-0.000000  0.0455 +/-0.000000  0.9990 +/-0.000000
  0%    124  0.9572 +/-0.000000  0.9319 +/-0.000000  0.8368 +/-0.000000  0.0428 +/-0.000000  0.9994 +/-0.000000


fdr_actual statistics:
Nul(% max) #pval #tests | # exps        | range                | 25th percentile |   median | 75th percentile |     mean | stddev
-----------------------|---------------|----------------------|-----------------|----------|-----------------|----------|-------
100% 0.050     4 |            20 | 0.0000 to 0.0500     |          0.0000 |   0.0000 |          0.0000 |   0.0025 | 0.0112
100% 0.050     8 |            20 | 0.0000 to 0.0500     |          0.0000 |   0.0000 |          0.0000 |   0.0050 | 0.0154
100% 0.050    16 |            20 | 0.0000 to 0.0500     |          0.0000 |   0.0000 |          0.0000 |   0.0025 | 0.0112
100% 0.050    20 |            20 | 0.0000 to 0.0500     |          0.0000 |   0.0000 |          0.0000 |   0.0075 | 0.0183
100% 0.050    48 |            20 | 0.0000 to 0.0500     |          0.0000 |   0.0000 |          0.0000 |   0.0050 | 0.0154
100% 0.050    64 |            20 | 0.0000 to 0.0500     |          0.0000 |   0.0000 |          0.0000 |   0.0025 | 0.0112
100% 0.050    80 |            20 | 0.0000 to 0.0500     |          0.0000 |   0.0000 |          0.0000 |   0.0100 | 0.0205
100% 0.050    96 |            20 | 0.0000 to 0.0500     |          0.0000 |   0.0000 |          0.0000 |   0.0025 | 0.0112
100% 0.050   112 |            20 | 0.0000 to 0.0500     |          0.0000 |   0.0000 |          0.0125 |   0.0125 | 0.0222
100% 0.050   124 |            20 | 0.0000 to 0.1000     |          0.0000 |   0.0000 |          0.0125 |   0.0150 | 0.0286
 75% 0.038     4 |            20 | 0.0000 to 0.0500     |          0.0000 |   0.0000 |          0.0063 |   0.0075 | 0.0143
 75% 0.038     8 |            20 | 0.0000 to 0.0500     |          0.0000 |   0.0000 |          0.0250 |   0.0117 | 0.0147
 75% 0.038    16 |            20 | 0.0000 to 0.0773     |          0.0075 |   0.0312 |          0.0452 |   0.0295 | 0.0230
 75% 0.038    20 |            20 | 0.0083 to 0.0451     |          0.0161 |   0.0204 |          0.0319 |   0.0231 | 0.0114
 75% 0.038    48 |            20 | 0.0038 to 0.0760     |          0.0329 |   0.0389 |          0.0507 |   0.0406 | 0.0175
 75% 0.038    64 |            20 | 0.0278 to 0.0744     |          0.0365 |   0.0464 |          0.0522 |   0.0468 | 0.0122
 75% 0.038    80 |            20 | 0.0269 to 0.0788     |          0.0408 |   0.0449 |          0.0593 |   0.0490 | 0.0140
 75% 0.038    96 |            20 | 0.0317 to 0.0736     |          0.0462 |   0.0520 |          0.0562 |   0.0515 | 0.0103
 75% 0.038   112 |            20 | 0.0314 to 0.0880     |          0.0508 |   0.0594 |          0.0654 |   0.0597 | 0.0149
 75% 0.038   124 |            20 | 0.0352 to 0.0757     |          0.0530 |   0.0576 |          0.0632 |   0.0582 | 0.0093
 50% 0.025     4 |            20 | 0.0000 to 0.0250     |          0.0000 |   0.0000 |          0.0042 |   0.0046 | 0.0083
 50% 0.025     8 |            20 | 0.0000 to 0.0292     |          0.0000 |   0.0146 |          0.0217 |   0.0134 | 0.0106
 50% 0.025    16 |            20 | 0.0000 to 0.0357     |          0.0118 |   0.0161 |          0.0289 |   0.0190 | 0.0107
 50% 0.025    20 |            20 | 0.0091 to 0.0411     |          0.0151 |   0.0215 |          0.0238 |   0.0214 | 0.0088
 50% 0.025    48 |            20 | 0.0120 to 0.0549     |          0.0332 |   0.0361 |          0.0411 |   0.0364 | 0.0097
 50% 0.025    64 |            20 | 0.0307 to 0.0548     |          0.0376 |   0.0408 |          0.0460 |   0.0411 | 0.0063
 50% 0.025    80 |            20 | 0.0330 to 0.0657     |          0.0416 |   0.0474 |          0.0541 |   0.0483 | 0.0084
 50% 0.025    96 |            20 | 0.0416 to 0.0619     |          0.0517 |   0.0555 |          0.0589 |   0.0542 | 0.0061
 50% 0.025   112 |            20 | 0.0423 to 0.0742     |          0.0503 |   0.0529 |          0.0596 |   0.0550 | 0.0089
 50% 0.025   124 |            20 | 0.0437 to 0.0709     |          0.0516 |   0.0565 |          0.0633 |   0.0569 | 0.0075
 25% 0.013     4 |            20 | 0.0000 to 0.0292     |          0.0000 |   0.0000 |          0.0000 |   0.0029 | 0.0077
 25% 0.013     8 |            20 | 0.0000 to 0.0214     |          0.0000 |   0.0000 |          0.0085 |   0.0054 | 0.0071
 25% 0.013    16 |            20 | 0.0000 to 0.0311     |          0.0038 |   0.0077 |          0.0131 |   0.0093 | 0.0086
 25% 0.013    20 |            20 | 0.0031 to 0.0215     |          0.0057 |   0.0123 |          0.0139 |   0.0106 | 0.0057
 25% 0.013    48 |            20 | 0.0108 to 0.0352     |          0.0156 |   0.0193 |          0.0229 |   0.0199 | 0.0066
 25% 0.013    64 |            20 | 0.0162 to 0.0376     |          0.0201 |   0.0246 |          0.0283 |   0.0249 | 0.0055
 25% 0.013    80 |            20 | 0.0162 to 0.0342     |          0.0237 |   0.0269 |          0.0291 |   0.0265 | 0.0047
 25% 0.013    96 |            20 | 0.0252 to 0.0363     |          0.0294 |   0.0305 |          0.0319 |   0.0308 | 0.0024
 25% 0.013   112 |            20 | 0.0215 to 0.0391     |          0.0270 |   0.0306 |          0.0348 |   0.0307 | 0.0045
 25% 0.013   124 |            20 | 0.0249 to 0.0434     |          0.0305 |   0.0319 |          0.0361 |   0.0330 | 0.0043
  0% 0.000     4 |            20 | 0.0000 to 0.0000     |          0.0000 |   0.0000 |          0.0000 |   0.0000 | 0.0000
  0% 0.000     8 |            20 | 0.0000 to 0.0000     |          0.0000 |   0.0000 |          0.0000 |   0.0000 | 0.0000
  0% 0.000    16 |            20 | 0.0000 to 0.0000     |          0.0000 |   0.0000 |          0.0000 |   0.0000 | 0.0000
  0% 0.000    20 |            20 | 0.0000 to 0.0000     |          0.0000 |   0.0000 |          0.0000 |   0.0000 | 0.0000
  0% 0.000    48 |            20 | 0.0000 to 0.0000     |          0.0000 |   0.0000 |          0.0000 |   0.0000 | 0.0000
  0% 0.000    64 |            20 | 0.0000 to 0.0000     |          0.0000 |   0.0000 |          0.0000 |   0.0000 | 0.0000
  0% 0.000    80 |            20 | 0.0000 to 0.0000     |          0.0000 |   0.0000 |          0.0000 |   0.0000 | 0.0000
  0% 0.000    96 |            20 | 0.0000 to 0.0000     |          0.0000 |   0.0000 |          0.0000 |   0.0000 | 0.0000
  0% 0.000   112 |            20 | 0.0000 to 0.0000     |          0.0000 |   0.0000 |          0.0000 |   0.0000 | 0.0000
  0% 0.000   124 |            20 | 0.0000 to 0.0000     |          0.0000 |   0.0000 |          0.0000 |   0.0000 | 0.0000

sensitivity statistics:
Nul(% max) #pval #tests | # exps        | range                | 25th percentile |   median | 75th percentile |     mean | stddev
-----------------------|---------------|----------------------|-----------------|----------|-----------------|----------|-------
100% 0.050     4 |            20 | 0.0000 to 0.0000     |          0.0000 |   0.0000 |          0.0000 |   0.0000 | 0.0000
100% 0.050     8 |            20 | 0.0000 to 0.0000     |          0.0000 |   0.0000 |          0.0000 |   0.0000 | 0.0000
100% 0.050    16 |            20 | 0.0000 to 0.0000     |          0.0000 |   0.0000 |          0.0000 |   0.0000 | 0.0000
100% 0.050    20 |            20 | 0.0000 to 0.0000     |          0.0000 |   0.0000 |          0.0000 |   0.0000 | 0.0000
100% 0.050    48 |            20 | 0.0000 to 0.0000     |          0.0000 |   0.0000 |          0.0000 |   0.0000 | 0.0000
100% 0.050    64 |            20 | 0.0000 to 0.0000     |          0.0000 |   0.0000 |          0.0000 |   0.0000 | 0.0000
100% 0.050    80 |            20 | 0.0000 to 0.0000     |          0.0000 |   0.0000 |          0.0000 |   0.0000 | 0.0000
100% 0.050    96 |            20 | 0.0000 to 0.0000     |          0.0000 |   0.0000 |          0.0000 |   0.0000 | 0.0000
100% 0.050   112 |            20 | 0.0000 to 0.0000     |          0.0000 |   0.0000 |          0.0000 |   0.0000 | 0.0000
100% 0.050   124 |            20 | 0.0000 to 0.0000     |          0.0000 |   0.0000 |          0.0000 |   0.0000 | 0.0000
 75% 0.038     4 |            20 | 0.0000 to 0.1000     |          0.0000 |   0.0000 |          0.0125 |   0.0150 | 0.0286
 75% 0.038     8 |            20 | 0.1250 to 0.4500     |          0.2188 |   0.2750 |          0.3562 |   0.2850 | 0.0871
 75% 0.038    16 |            20 | 0.2125 to 0.6750     |          0.4219 |   0.4938 |          0.5187 |   0.4694 | 0.1020
 75% 0.038    20 |            20 | 0.2200 to 0.6500     |          0.4700 |   0.5250 |          0.5525 |   0.5070 | 0.0978
 75% 0.038    48 |            20 | 0.8417 to 0.9375     |          0.8771 |   0.8854 |          0.9031 |   0.8898 | 0.0258
 75% 0.038    64 |            20 | 0.8938 to 0.9594     |          0.9172 |   0.9266 |          0.9391 |   0.9275 | 0.0183
 75% 0.038    80 |            20 | 0.9400 to 0.9775     |          0.9444 |   0.9625 |          0.9681 |   0.9591 | 0.0125
 75% 0.038    96 |            20 | 0.9375 to 0.9833     |          0.9641 |   0.9677 |          0.9755 |   0.9674 | 0.0107
 75% 0.038   112 |            20 | 0.9571 to 0.9857     |          0.9661 |   0.9723 |          0.9768 |   0.9719 | 0.0080
 75% 0.038   124 |            20 | 0.9629 to 0.9887     |          0.9726 |   0.9766 |          0.9806 |   0.9761 | 0.0064
 50% 0.025     4 |            20 | 0.1500 to 0.5500     |          0.3000 |   0.3500 |          0.4000 |   0.3513 | 0.1021
 50% 0.025     8 |            20 | 0.4500 to 0.8000     |          0.6125 |   0.6562 |          0.7000 |   0.6500 | 0.0856
 50% 0.025    16 |            20 | 0.8313 to 0.9313     |          0.8641 |   0.8844 |          0.8953 |   0.8794 | 0.0291
 50% 0.025    20 |            20 | 0.8750 to 0.9850     |          0.9137 |   0.9275 |          0.9413 |   0.9248 | 0.0255
 50% 0.025    48 |            20 | 0.9708 to 0.9938     |          0.9750 |   0.9833 |          0.9859 |   0.9818 | 0.0067
 50% 0.025    64 |            20 | 0.9828 to 0.9922     |          0.9871 |   0.9898 |          0.9906 |   0.9887 | 0.0030
 50% 0.025    80 |            20 | 0.9800 to 0.9963     |          0.9884 |   0.9913 |          0.9925 |   0.9898 | 0.0043
 50% 0.025    96 |            20 | 0.9854 to 0.9958     |          0.9896 |   0.9917 |          0.9938 |   0.9914 | 0.0027
 50% 0.025   112 |            20 | 0.9848 to 0.9973     |          0.9920 |   0.9929 |          0.9940 |   0.9925 | 0.0029
 50% 0.025   124 |            20 | 0.9887 to 0.9968     |          0.9911 |   0.9927 |          0.9935 |   0.9926 | 0.0020
 25% 0.013     4 |            20 | 0.3833 to 0.7000     |          0.5583 |   0.6000 |          0.6417 |   0.5925 | 0.0805
 25% 0.013     8 |            20 | 0.7833 to 0.9167     |          0.8375 |   0.8667 |          0.8917 |   0.8604 | 0.0365
 25% 0.013    16 |            20 | 0.9417 to 0.9917     |          0.9625 |   0.9646 |          0.9708 |   0.9650 | 0.0115
 25% 0.013    20 |            20 | 0.9467 to 0.9967     |          0.9692 |   0.9767 |          0.9842 |   0.9758 | 0.0124
 25% 0.013    48 |            20 | 0.9847 to 1.0000     |          0.9913 |   0.9938 |          0.9958 |   0.9931 | 0.0041
 25% 0.013    64 |            20 | 0.9917 to 0.9990     |          0.9938 |   0.9948 |          0.9961 |   0.9951 | 0.0019
 25% 0.013    80 |            20 | 0.9908 to 1.0000     |          0.9950 |   0.9963 |          0.9977 |   0.9965 | 0.0022
 25% 0.013    96 |            20 | 0.9951 to 0.9993     |          0.9977 |   0.9979 |          0.9986 |   0.9978 | 0.0011
 25% 0.013   112 |            20 | 0.9964 to 0.9994     |          0.9976 |   0.9982 |          0.9988 |   0.9982 | 0.0009
 25% 0.013   124 |            20 | 0.9962 to 1.0000     |          0.9978 |   0.9984 |          0.9995 |   0.9985 | 0.0009
  0% 0.000     4 |            20 | 0.6500 to 0.8375     |          0.7000 |   0.7250 |          0.7781 |   0.7294 | 0.0551
  0% 0.000     8 |            20 | 0.8812 to 0.9625     |          0.9062 |   0.9313 |          0.9437 |   0.9275 | 0.0235
  0% 0.000    16 |            20 | 0.9594 to 0.9938     |          0.9758 |   0.9844 |          0.9875 |   0.9809 | 0.0100
  0% 0.000    20 |            20 | 0.9800 to 0.9950     |          0.9869 |   0.9875 |          0.9900 |   0.9882 | 0.0040
  0% 0.000    48 |            20 | 0.9948 to 1.0000     |          0.9969 |   0.9979 |          0.9982 |   0.9975 | 0.0013
  0% 0.000    64 |            20 | 0.9953 to 1.0000     |          0.9975 |   0.9980 |          0.9992 |   0.9982 | 0.0013
  0% 0.000    80 |            20 | 0.9963 to 1.0000     |          0.9975 |   0.9984 |          0.9994 |   0.9984 | 0.0011
  0% 0.000    96 |            20 | 0.9979 to 1.0000     |          0.9990 |   0.9995 |          0.9995 |   0.9993 | 0.0006
  0% 0.000   112 |            20 | 0.9987 to 1.0000     |          0.9996 |   0.9996 |          1.0000 |   0.9996 | 0.0004
  0% 0.000   124 |            20 | 0.9992 to 1.0000     |          0.9996 |   1.0000 |          1.0000 |   0.9998 | 0.0003

specificity statistics:
Nul(% max) #pval #tests | # exps        | range                | 25th percentile |   median | 75th percentile |     mean | stddev
-----------------------|---------------|----------------------|-----------------|----------|-----------------|----------|-------
100% 0.050     4 |            20 | 0.9750 to 1.0000     |          1.0000 |   1.0000 |          1.0000 |   0.9988 | 0.0056
100% 0.050     8 |            20 | 0.9750 to 1.0000     |          1.0000 |   1.0000 |          1.0000 |   0.9981 | 0.0061
100% 0.050    16 |            20 | 0.9938 to 1.0000     |          1.0000 |   1.0000 |          1.0000 |   0.9997 | 0.0014
100% 0.050    20 |            20 | 0.9925 to 1.0000     |          1.0000 |   1.0000 |          1.0000 |   0.9991 | 0.0022
100% 0.050    48 |            20 | 0.9969 to 1.0000     |          1.0000 |   1.0000 |          1.0000 |   0.9997 | 0.0010
100% 0.050    64 |            20 | 0.9961 to 1.0000     |          1.0000 |   1.0000 |          1.0000 |   0.9998 | 0.0009
100% 0.050    80 |            20 | 0.9900 to 1.0000     |          1.0000 |   1.0000 |          1.0000 |   0.9992 | 0.0023
100% 0.050    96 |            20 | 0.9974 to 1.0000     |          1.0000 |   1.0000 |          1.0000 |   0.9999 | 0.0006
100% 0.050   112 |            20 | 0.9969 to 1.0000     |          0.9997 |   1.0000 |          1.0000 |   0.9995 | 0.0010
100% 0.050   124 |            20 | 0.9972 to 1.0000     |          0.9997 |   1.0000 |          1.0000 |   0.9995 | 0.0010
 75% 0.038     4 |            20 | 0.9667 to 1.0000     |          0.9958 |   1.0000 |          1.0000 |   0.9950 | 0.0095
 75% 0.038     8 |            20 | 0.9750 to 1.0000     |          0.9917 |   1.0000 |          1.0000 |   0.9950 | 0.0068
 75% 0.038    16 |            20 | 0.9625 to 1.0000     |          0.9875 |   0.9896 |          0.9969 |   0.9900 | 0.0091
 75% 0.038    20 |            20 | 0.9833 to 0.9967     |          0.9892 |   0.9933 |          0.9967 |   0.9918 | 0.0045
 75% 0.038    48 |            20 | 0.9681 to 0.9986     |          0.9819 |   0.9861 |          0.9878 |   0.9850 | 0.0070
 75% 0.038    64 |            20 | 0.9729 to 0.9896     |          0.9792 |   0.9833 |          0.9865 |   0.9830 | 0.0045
 75% 0.038    80 |            20 | 0.9692 to 0.9908     |          0.9785 |   0.9842 |          0.9854 |   0.9822 | 0.0057
 75% 0.038    96 |            20 | 0.9729 to 0.9889     |          0.9799 |   0.9812 |          0.9830 |   0.9812 | 0.0039
 75% 0.038   112 |            20 | 0.9673 to 0.9887     |          0.9759 |   0.9780 |          0.9815 |   0.9782 | 0.0058
 75% 0.038   124 |            20 | 0.9720 to 0.9876     |          0.9770 |   0.9790 |          0.9812 |   0.9788 | 0.0036
 50% 0.025     4 |            20 | 0.9750 to 1.0000     |          0.9938 |   1.0000 |          1.0000 |   0.9938 | 0.0111
 50% 0.025     8 |            20 | 0.9625 to 1.0000     |          0.9750 |   0.9875 |          1.0000 |   0.9850 | 0.0132
 50% 0.025    16 |            20 | 0.9563 to 1.0000     |          0.9625 |   0.9812 |          0.9875 |   0.9784 | 0.0129
 50% 0.025    20 |            20 | 0.9550 to 0.9900     |          0.9750 |   0.9775 |          0.9850 |   0.9772 | 0.0095
 50% 0.025    48 |            20 | 0.9375 to 0.9875     |          0.9557 |   0.9615 |          0.9646 |   0.9607 | 0.0112
 50% 0.025    64 |            20 | 0.9406 to 0.9672     |          0.9500 |   0.9563 |          0.9598 |   0.9560 | 0.0071
 50% 0.025    80 |            20 | 0.9288 to 0.9650     |          0.9419 |   0.9494 |          0.9550 |   0.9480 | 0.0094
 50% 0.025    96 |            20 | 0.9333 to 0.9563     |          0.9354 |   0.9401 |          0.9448 |   0.9416 | 0.0070
 50% 0.025   112 |            20 | 0.9179 to 0.9554     |          0.9346 |   0.9433 |          0.9462 |   0.9407 | 0.0103
 50% 0.025   124 |            20 | 0.9226 to 0.9540     |          0.9321 |   0.9395 |          0.9448 |   0.9388 | 0.0086
 25% 0.013     4 |            20 | 0.9000 to 1.0000     |          1.0000 |   1.0000 |          1.0000 |   0.9900 | 0.0262
 25% 0.013     8 |            20 | 0.9250 to 1.0000     |          0.9750 |   1.0000 |          1.0000 |   0.9825 | 0.0231
 25% 0.013    16 |            20 | 0.9000 to 1.0000     |          0.9594 |   0.9750 |          0.9875 |   0.9700 | 0.0276
 25% 0.013    20 |            20 | 0.9300 to 0.9900     |          0.9575 |   0.9600 |          0.9825 |   0.9665 | 0.0181
 25% 0.013    48 |            20 | 0.8875 to 0.9667     |          0.9292 |   0.9396 |          0.9510 |   0.9377 | 0.0212
 25% 0.013    64 |            20 | 0.8812 to 0.9500     |          0.9109 |   0.9234 |          0.9375 |   0.9220 | 0.0176
 25% 0.013    80 |            20 | 0.8925 to 0.9500     |          0.9087 |   0.9162 |          0.9256 |   0.9174 | 0.0149
 25% 0.013    96 |            20 | 0.8854 to 0.9208     |          0.9000 |   0.9042 |          0.9083 |   0.9034 | 0.0077
 25% 0.013   112 |            20 | 0.8768 to 0.9339     |          0.8906 |   0.9045 |          0.9161 |   0.9041 | 0.0146
 25% 0.013   124 |            20 | 0.8629 to 0.9226     |          0.8867 |   0.9000 |          0.9048 |   0.8967 | 0.0141
  0% 0.000     4 |            20 | 0.0000 to 0.0000     |          0.0000 |   0.0000 |          0.0000 |   0.0000 | 0.0000
  0% 0.000     8 |            20 | 0.0000 to 0.0000     |          0.0000 |   0.0000 |          0.0000 |   0.0000 | 0.0000
  0% 0.000    16 |            20 | 0.0000 to 0.0000     |          0.0000 |   0.0000 |          0.0000 |   0.0000 | 0.0000
  0% 0.000    20 |            20 | 0.0000 to 0.0000     |          0.0000 |   0.0000 |          0.0000 |   0.0000 | 0.0000
  0% 0.000    48 |            20 | 0.0000 to 0.0000     |          0.0000 |   0.0000 |          0.0000 |   0.0000 | 0.0000
  0% 0.000    64 |            20 | 0.0000 to 0.0000     |          0.0000 |   0.0000 |          0.0000 |   0.0000 | 0.0000
  0% 0.000    80 |            20 | 0.0000 to 0.0000     |          0.0000 |   0.0000 |          0.0000 |   0.0000 | 0.0000
  0% 0.000    96 |            20 | 0.0000 to 0.0000     |          0.0000 |   0.0000 |          0.0000 |   0.0000 | 0.0000
  0% 0.000   112 |            20 | 0.0000 to 0.0000     |          0.0000 |   0.0000 |          0.0000 |   0.0000 | 0.0000
  0% 0.000   124 |            20 | 0.0000 to 0.0000     |          0.0000 |   0.0000 |          0.0000 |   0.0000 | 0.0000

pos_pred_val statistics:
Nul(% max) #pval #tests | # exps        | range                | 25th percentile |   median | 75th percentile |     mean | stddev
-----------------------|---------------|----------------------|-----------------|----------|-----------------|----------|-------
100% 0.050     4 |            20 | 0.0000 to 0.0000     |          0.0000 |   0.0000 |          0.0000 |   0.0000 | 0.0000
100% 0.050     8 |            20 | 0.0000 to 0.0000     |          0.0000 |   0.0000 |          0.0000 |   0.0000 | 0.0000
100% 0.050    16 |            20 | 0.0000 to 0.0000     |          0.0000 |   0.0000 |          0.0000 |   0.0000 | 0.0000
100% 0.050    20 |            20 | 0.0000 to 0.0000     |          0.0000 |   0.0000 |          0.0000 |   0.0000 | 0.0000
100% 0.050    48 |            20 | 0.0000 to 0.0000     |          0.0000 |   0.0000 |          0.0000 |   0.0000 | 0.0000
100% 0.050    64 |            20 | 0.0000 to 0.0000     |          0.0000 |   0.0000 |          0.0000 |   0.0000 | 0.0000
100% 0.050    80 |            20 | 0.0000 to 0.0000     |          0.0000 |   0.0000 |          0.0000 |   0.0000 | 0.0000
100% 0.050    96 |            20 | 0.0000 to 0.0000     |          0.0000 |   0.0000 |          0.0000 |   0.0000 | 0.0000
100% 0.050   112 |            20 | 0.0000 to 0.0000     |          0.0000 |   0.0000 |          0.0000 |   0.0000 | 0.0000
100% 0.050   124 |            20 | 0.0000 to 0.0000     |          0.0000 |   0.0000 |          0.0000 |   0.0000 | 0.0000
 75% 0.038     4 |            20 | 0.0000 to 0.0500     |          0.0000 |   0.0000 |          0.0063 |   0.0075 | 0.0143
 75% 0.038     8 |            20 | 0.1250 to 0.4500     |          0.2188 |   0.2625 |          0.3562 |   0.2808 | 0.0867
 75% 0.038    16 |            20 | 0.2233 to 0.7675     |          0.5500 |   0.6062 |          0.6590 |   0.5930 | 0.1199
 75% 0.038    20 |            20 | 0.3250 to 0.8192     |          0.5995 |   0.6400 |          0.6872 |   0.6319 | 0.1091
 75% 0.038    48 |            20 | 0.9240 to 0.9962     |          0.9493 |   0.9611 |          0.9671 |   0.9594 | 0.0175
 75% 0.038    64 |            20 | 0.9256 to 0.9722     |          0.9478 |   0.9536 |          0.9635 |   0.9532 | 0.0122
 75% 0.038    80 |            20 | 0.9212 to 0.9731     |          0.9407 |   0.9551 |          0.9592 |   0.9510 | 0.0140
 75% 0.038    96 |            20 | 0.9264 to 0.9683     |          0.9438 |   0.9480 |          0.9538 |   0.9485 | 0.0103
 75% 0.038   112 |            20 | 0.9120 to 0.9686     |          0.9346 |   0.9406 |          0.9492 |   0.9403 | 0.0149
 75% 0.038   124 |            20 | 0.9243 to 0.9648     |          0.9368 |   0.9424 |          0.9470 |   0.9418 | 0.0093
 50% 0.025     4 |            20 | 0.1500 to 0.5500     |          0.2958 |   0.3500 |          0.4000 |   0.3479 | 0.1024
 50% 0.025     8 |            20 | 0.6286 to 1.0000     |          0.7883 |   0.8500 |          0.8844 |   0.8366 | 0.0896
 50% 0.025    16 |            20 | 0.9171 to 0.9944     |          0.9650 |   0.9775 |          0.9852 |   0.9710 | 0.0207
 50% 0.025    20 |            20 | 0.9589 to 0.9909     |          0.9762 |   0.9785 |          0.9849 |   0.9786 | 0.0088
 50% 0.025    48 |            20 | 0.9451 to 0.9880     |          0.9589 |   0.9639 |          0.9668 |   0.9636 | 0.0097
 50% 0.025    64 |            20 | 0.9452 to 0.9693     |          0.9540 |   0.9592 |          0.9624 |   0.9589 | 0.0063
 50% 0.025    80 |            20 | 0.9343 to 0.9670     |          0.9459 |   0.9526 |          0.9584 |   0.9517 | 0.0084
 50% 0.025    96 |            20 | 0.9381 to 0.9584     |          0.9411 |   0.9445 |          0.9483 |   0.9458 | 0.0061
 50% 0.025   112 |            20 | 0.9258 to 0.9577     |          0.9404 |   0.9471 |          0.9497 |   0.9450 | 0.0089
 50% 0.025   124 |            20 | 0.9291 to 0.9563     |          0.9367 |   0.9435 |          0.9484 |   0.9431 | 0.0075
 25% 0.013     4 |            20 | 0.5500 to 0.9000     |          0.6500 |   0.7354 |          0.8000 |   0.7271 | 0.0861
 25% 0.013     8 |            20 | 0.8929 to 1.0000     |          0.9871 |   1.0000 |          1.0000 |   0.9896 | 0.0238
 25% 0.013    16 |            20 | 0.9689 to 1.0000     |          0.9869 |   0.9923 |          0.9962 |   0.9907 | 0.0086
 25% 0.013    20 |            20 | 0.9785 to 0.9969     |          0.9861 |   0.9877 |          0.9943 |   0.9894 | 0.0057
 25% 0.013    48 |            20 | 0.9648 to 0.9892     |          0.9771 |   0.9807 |          0.9844 |   0.9801 | 0.0066
 25% 0.013    64 |            20 | 0.9624 to 0.9838     |          0.9717 |   0.9754 |          0.9799 |   0.9751 | 0.0055
 25% 0.013    80 |            20 | 0.9658 to 0.9838     |          0.9709 |   0.9731 |          0.9763 |   0.9735 | 0.0047
 25% 0.013    96 |            20 | 0.9637 to 0.9748     |          0.9681 |   0.9695 |          0.9706 |   0.9692 | 0.0024
 25% 0.013   112 |            20 | 0.9609 to 0.9785     |          0.9652 |   0.9694 |          0.9730 |   0.9693 | 0.0045
 25% 0.013   124 |            20 | 0.9566 to 0.9751     |          0.9639 |   0.9681 |          0.9695 |   0.9670 | 0.0043
  0% 0.000     4 |            20 | 0.8500 to 1.0000     |          0.9000 |   0.9250 |          0.9500 |   0.9225 | 0.0444
  0% 0.000     8 |            20 | 1.0000 to 1.0000     |          1.0000 |   1.0000 |          1.0000 |   1.0000 | 0.0000
  0% 0.000    16 |            20 | 1.0000 to 1.0000     |          1.0000 |   1.0000 |          1.0000 |   1.0000 | 0.0000
  0% 0.000    20 |            20 | 1.0000 to 1.0000     |          1.0000 |   1.0000 |          1.0000 |   1.0000 | 0.0000
  0% 0.000    48 |            20 | 1.0000 to 1.0000     |          1.0000 |   1.0000 |          1.0000 |   1.0000 | 0.0000
  0% 0.000    64 |            20 | 1.0000 to 1.0000     |          1.0000 |   1.0000 |          1.0000 |   1.0000 | 0.0000
  0% 0.000    80 |            20 | 1.0000 to 1.0000     |          1.0000 |   1.0000 |          1.0000 |   1.0000 | 0.0000
  0% 0.000    96 |            20 | 1.0000 to 1.0000     |          1.0000 |   1.0000 |          1.0000 |   1.0000 | 0.0000
  0% 0.000   112 |            20 | 1.0000 to 1.0000     |          1.0000 |   1.0000 |          1.0000 |   1.0000 | 0.0000
  0% 0.000   124 |            20 | 1.0000 to 1.0000     |          1.0000 |   1.0000 |          1.0000 |   1.0000 | 0.0000

neg_pred_val statistics:
Nul(% max) #pval #tests | # exps        | range                | 25th percentile |   median | 75th percentile |     mean | stddev
-----------------------|---------------|----------------------|-----------------|----------|-----------------|----------|-------
100% 0.050     4 |            20 | 1.0000 to 1.0000     |          1.0000 |   1.0000 |          1.0000 |   1.0000 | 0.0000
100% 0.050     8 |            20 | 1.0000 to 1.0000     |          1.0000 |   1.0000 |          1.0000 |   1.0000 | 0.0000
100% 0.050    16 |            20 | 1.0000 to 1.0000     |          1.0000 |   1.0000 |          1.0000 |   1.0000 | 0.0000
100% 0.050    20 |            20 | 1.0000 to 1.0000     |          1.0000 |   1.0000 |          1.0000 |   1.0000 | 0.0000
100% 0.050    48 |            20 | 1.0000 to 1.0000     |          1.0000 |   1.0000 |          1.0000 |   1.0000 | 0.0000
100% 0.050    64 |            20 | 1.0000 to 1.0000     |          1.0000 |   1.0000 |          1.0000 |   1.0000 | 0.0000
100% 0.050    80 |            20 | 1.0000 to 1.0000     |          1.0000 |   1.0000 |          1.0000 |   1.0000 | 0.0000
100% 0.050    96 |            20 | 1.0000 to 1.0000     |          1.0000 |   1.0000 |          1.0000 |   1.0000 | 0.0000
100% 0.050   112 |            20 | 1.0000 to 1.0000     |          1.0000 |   1.0000 |          1.0000 |   1.0000 | 0.0000
100% 0.050   124 |            20 | 1.0000 to 1.0000     |          1.0000 |   1.0000 |          1.0000 |   1.0000 | 0.0000
 75% 0.038     4 |            20 | 0.7500 to 0.7750     |          0.7500 |   0.7500 |          0.7531 |   0.7537 | 0.0071
 75% 0.038     8 |            20 | 0.7792 to 0.8625     |          0.8031 |   0.8167 |          0.8385 |   0.8206 | 0.0221
 75% 0.038    16 |            20 | 0.8010 to 0.9118     |          0.8480 |   0.8646 |          0.8722 |   0.8600 | 0.0248
 75% 0.038    20 |            20 | 0.7997 to 0.9020     |          0.8617 |   0.8733 |          0.8811 |   0.8692 | 0.0239
 75% 0.038    48 |            20 | 0.9504 to 0.9798     |          0.9613 |   0.9641 |          0.9701 |   0.9655 | 0.0077
 75% 0.038    64 |            20 | 0.9665 to 0.9868     |          0.9737 |   0.9764 |          0.9805 |   0.9769 | 0.0056
 75% 0.038    80 |            20 | 0.9808 to 0.9925     |          0.9820 |   0.9877 |          0.9896 |   0.9867 | 0.0039
 75% 0.038    96 |            20 | 0.9797 to 0.9945     |          0.9881 |   0.9893 |          0.9918 |   0.9892 | 0.0035
 75% 0.038   112 |            20 | 0.9861 to 0.9953     |          0.9890 |   0.9908 |          0.9923 |   0.9907 | 0.0026
 75% 0.038   124 |            20 | 0.9877 to 0.9962     |          0.9909 |   0.9923 |          0.9935 |   0.9921 | 0.0021
 50% 0.025     4 |            20 | 0.5750 to 0.7750     |          0.6500 |   0.6750 |          0.7000 |   0.6750 | 0.0513
 50% 0.025     8 |            20 | 0.6850 to 0.8533     |          0.7571 |   0.7875 |          0.8094 |   0.7803 | 0.0444
 50% 0.025    16 |            20 | 0.8808 to 0.9423     |          0.8912 |   0.9060 |          0.9188 |   0.9067 | 0.0181
 50% 0.025    20 |            20 | 0.8997 to 0.9855     |          0.9254 |   0.9366 |          0.9486 |   0.9355 | 0.0202
 50% 0.025    48 |            20 | 0.9718 to 0.9940     |          0.9754 |   0.9839 |          0.9862 |   0.9821 | 0.0065
 50% 0.025    64 |            20 | 0.9830 to 0.9922     |          0.9868 |   0.9898 |          0.9907 |   0.9886 | 0.0029
 50% 0.025    80 |            20 | 0.9800 to 0.9962     |          0.9883 |   0.9910 |          0.9922 |   0.9897 | 0.0043
 50% 0.025    96 |            20 | 0.9851 to 0.9958     |          0.9892 |   0.9914 |          0.9934 |   0.9912 | 0.0028
 50% 0.025   112 |            20 | 0.9846 to 0.9973     |          0.9917 |   0.9927 |          0.9938 |   0.9922 | 0.0029
 50% 0.025   124 |            20 | 0.9883 to 0.9966     |          0.9909 |   0.9924 |          0.9934 |   0.9923 | 0.0020
 25% 0.013     4 |            20 | 0.4125 to 0.6750     |          0.5594 |   0.5875 |          0.6281 |   0.5837 | 0.0648
 25% 0.013     8 |            20 | 0.6983 to 0.8583     |          0.7487 |   0.7658 |          0.8104 |   0.7745 | 0.0465
 25% 0.013    16 |            20 | 0.8733 to 0.9800     |          0.9146 |   0.9210 |          0.9333 |   0.9218 | 0.0215
 25% 0.013    20 |            20 | 0.8958 to 0.9917     |          0.9269 |   0.9471 |          0.9592 |   0.9454 | 0.0242
 25% 0.013    48 |            20 | 0.9544 to 1.0000     |          0.9747 |   0.9815 |          0.9870 |   0.9799 | 0.0118
 25% 0.013    64 |            20 | 0.9748 to 0.9971     |          0.9814 |   0.9844 |          0.9886 |   0.9851 | 0.0056
 25% 0.013    80 |            20 | 0.9772 to 1.0000     |          0.9851 |   0.9885 |          0.9928 |   0.9894 | 0.0060
 25% 0.013    96 |            20 | 0.9846 to 0.9980     |          0.9927 |   0.9936 |          0.9953 |   0.9933 | 0.0036
 25% 0.013   112 |            20 | 0.9881 to 0.9981     |          0.9924 |   0.9944 |          0.9964 |   0.9943 | 0.0028
 25% 0.013   124 |            20 | 0.9880 to 1.0000     |          0.9931 |   0.9949 |          0.9981 |   0.9951 | 0.0031
  0% 0.000     4 |            20 | 0.0000 to 0.0000     |          0.0000 |   0.0000 |          0.0000 |   0.0000 | 0.0000
  0% 0.000     8 |            20 | 0.0000 to 0.0000     |          0.0000 |   0.0000 |          0.0000 |   0.0000 | 0.0000
  0% 0.000    16 |            20 | 0.0000 to 0.0000     |          0.0000 |   0.0000 |          0.0000 |   0.0000 | 0.0000
  0% 0.000    20 |            20 | 0.0000 to 0.0000     |          0.0000 |   0.0000 |          0.0000 |   0.0000 | 0.0000
  0% 0.000    48 |            20 | 0.0000 to 0.0000     |          0.0000 |   0.0000 |          0.0000 |   0.0000 | 0.0000
  0% 0.000    64 |            20 | 0.0000 to 0.0000     |          0.0000 |   0.0000 |          0.0000 |   0.0000 | 0.0000
  0% 0.000    80 |            20 | 0.0000 to 0.0000     |          0.0000 |   0.0000 |          0.0000 |   0.0000 | 0.0000
  0% 0.000    96 |            20 | 0.0000 to 0.0000     |          0.0000 |   0.0000 |          0.0000 |   0.0000 | 0.0000
  0% 0.000   112 |            20 | 0.0000 to 0.0000     |          0.0000 |   0.0000 |          0.0000 |   0.0000 | 0.0000
  0% 0.000   124 |            20 | 0.0000 to 0.0000     |          0.0000 |   0.0000 |          0.0000 |   0.0000 | 0.0000
  ELAPSED TIME: 6:12:06.043745 Simulations complete. Reports and plots generated.
