  ELAPSED TIME: 9:39:48.191009 Simulations Completed

WRITTEN: 2017-10-31:

  RANDOM SEED = 0xdb458dc2 = 3,678,768,578
alpha(0.05) method(fdr_bh) propagate_counts(False)
SETTINGS AND GO-DAG VERSION:
    Multitest Params: alpha(0.05) method(fdr_bh) propagate_counts(False)
    GO-DAG version:   go-basic.obo: fmt(1.2) rel(2017-06-30) 46,830 GO Terms

ASSOCIATION INFORMATION:
    GOC Validation Date: 05/19/2017 $
    Submission Date: 5/19/2017
    gaf-version: 2.0
    Project_name: Mouse Genome Informatics (MGI)
    URL: http://www.informatics.jax.org/
    Contact Email: mgi-help@jax.org
    Funding: NHGRI of US National Institutes of Health
    software version: $Revision$
    date: 05/18/2017 $

18,647 GENES  IN ASSOCIATION
21,286 GO IDs IN ASSOCIATION
18,647 GENES  IN POPULATION
22,025 population genes (user)
18,647 population genes in assc.
   85% population genes coverage in assc.
   124 study genes (user)
   124 study genes in assc.
16,305 population genes - study buffer

TITLE: Annotations with all parent GO IDs added
SIMULATION PARAMETERS:
    randomize_truenull_assc orig_noprune_enriched_ntn2
    perc_nulls      [100, 75, 50, 25, 0]
    num_genes_list  [4, 8, 16, 20, 48, 64, 96, 124]
    num_experiments 20
    num_sims        20


Summary of genes mean values and standard errors for 40 sets of experiments

nul% #tests          fdr_actual         sensitivity         specificity        pos_pred_val        neg_pred_val
---- ------ ------------------- ------------------- ------------------- ------------------- -------------------
100%      4  0.0000 +/-0.000000  0.0000 +/-0.000000  1.0000 +/-0.000000  0.0000 +/-0.000000  1.0000 +/-0.000000
100%      8  0.0025 +/-0.000000  0.0000 +/-0.000000  0.9988 +/-0.000000  0.0000 +/-0.000000  1.0000 +/-0.000000
100%     16  0.0025 +/-0.000000  0.0000 +/-0.000000  0.9997 +/-0.000000  0.0000 +/-0.000000  1.0000 +/-0.000000
100%     20  0.0100 +/-0.000000  0.0000 +/-0.000000  0.9988 +/-0.000000  0.0000 +/-0.000000  1.0000 +/-0.000000
100%     48  0.0075 +/-0.000000  0.0000 +/-0.000000  0.9995 +/-0.000000  0.0000 +/-0.000000  1.0000 +/-0.000000
100%     64  0.0000 +/-0.000000  0.0000 +/-0.000000  1.0000 +/-0.000000  0.0000 +/-0.000000  1.0000 +/-0.000000
100%     96  0.0025 +/-0.000000  0.0000 +/-0.000000  0.9999 +/-0.000000  0.0000 +/-0.000000  1.0000 +/-0.000000
100%    124  0.0025 +/-0.000000  0.0000 +/-0.000000  0.9999 +/-0.000000  0.0000 +/-0.000000  1.0000 +/-0.000000
 75%      4  0.0000 +/-0.000000  0.0000 +/-0.000000  1.0000 +/-0.000000  0.0000 +/-0.000000  0.7500 +/-0.000000
 75%      8  0.0013 +/-0.000000  0.0013 +/-0.000000  0.9996 +/-0.000000  0.0013 +/-0.000000  0.7502 +/-0.000000
 75%     16  0.0013 +/-0.000000  0.1550 +/-0.000000  0.9994 +/-0.000000  0.1537 +/-0.000000  0.7888 +/-0.000000
 75%     20  0.0021 +/-0.000000  1.0000 +/-0.000000  0.9990 +/-0.000000  0.9979 +/-0.000000  1.0000 +/-0.000000
 75%     48  0.0021 +/-0.000000  1.0000 +/-0.000000  0.9992 +/-0.000000  0.9979 +/-0.000000  1.0000 +/-0.000000
 75%     64  0.0014 +/-0.000000  1.0000 +/-0.000000  0.9995 +/-0.000000  0.9986 +/-0.000000  1.0000 +/-0.000000
 75%     96  0.0033 +/-0.000000  1.0000 +/-0.000000  0.9987 +/-0.000000  0.9967 +/-0.000000  1.0000 +/-0.000000
 75%    124  0.0032 +/-0.000000  1.0000 +/-0.000000  0.9988 +/-0.000000  0.9968 +/-0.000000  1.0000 +/-0.000000
 50%      4  0.0000 +/-0.000000  0.0150 +/-0.000000  1.0000 +/-0.000000  0.0150 +/-0.000000  0.5075 +/-0.000000
 50%      8  0.0018 +/-0.000000  1.0000 +/-0.000000  0.9975 +/-0.000000  0.9982 +/-0.000000  1.0000 +/-0.000000
 50%     16  0.0013 +/-0.000000  1.0000 +/-0.000000  0.9984 +/-0.000000  0.9987 +/-0.000000  1.0000 +/-0.000000
 50%     20  0.0029 +/-0.000000  1.0000 +/-0.000000  0.9965 +/-0.000000  0.9971 +/-0.000000  1.0000 +/-0.000000
 50%     48  0.0056 +/-0.000000  1.0000 +/-0.000000  0.9933 +/-0.000000  0.9944 +/-0.000000  1.0000 +/-0.000000
 50%     64  0.0046 +/-0.000000  1.0000 +/-0.000000  0.9945 +/-0.000000  0.9954 +/-0.000000  1.0000 +/-0.000000
 50%     96  0.0061 +/-0.000000  1.0000 +/-0.000000  0.9934 +/-0.000000  0.9939 +/-0.000000  1.0000 +/-0.000000
 50%    124  0.0061 +/-0.000000  1.0000 +/-0.000000  0.9933 +/-0.000000  0.9939 +/-0.000000  1.0000 +/-0.000000
 25%      4  0.0013 +/-0.000000  1.0000 +/-0.000000  0.9950 +/-0.000000  0.9988 +/-0.000000  0.9950 +/-0.000000
 25%      8  0.0006 +/-0.000000  1.0000 +/-0.000000  0.9975 +/-0.000000  0.9994 +/-0.000000  0.9975 +/-0.000000
 25%     16  0.0023 +/-0.000000  1.0000 +/-0.000000  0.9925 +/-0.000000  0.9977 +/-0.000000  1.0000 +/-0.000000
 25%     20  0.0014 +/-0.000000  1.0000 +/-0.000000  0.9955 +/-0.000000  0.9986 +/-0.000000  1.0000 +/-0.000000
 25%     48  0.0045 +/-0.000000  1.0000 +/-0.000000  0.9856 +/-0.000000  0.9955 +/-0.000000  1.0000 +/-0.000000
 25%     64  0.0043 +/-0.000000  1.0000 +/-0.000000  0.9864 +/-0.000000  0.9957 +/-0.000000  1.0000 +/-0.000000
 25%     96  0.0084 +/-0.000000  1.0000 +/-0.000000  0.9730 +/-0.000000  0.9916 +/-0.000000  1.0000 +/-0.000000
 25%    124  0.0070 +/-0.000000  1.0000 +/-0.000000  0.9773 +/-0.000000  0.9930 +/-0.000000  1.0000 +/-0.000000
  0%      4  0.0000 +/-0.000000  1.0000 +/-0.000000  0.0000 +/-0.000000  1.0000 +/-0.000000  0.0000 +/-0.000000
  0%      8  0.0000 +/-0.000000  1.0000 +/-0.000000  0.0000 +/-0.000000  1.0000 +/-0.000000  0.0000 +/-0.000000
  0%     16  0.0000 +/-0.000000  1.0000 +/-0.000000  0.0000 +/-0.000000  1.0000 +/-0.000000  0.0000 +/-0.000000
  0%     20  0.0000 +/-0.000000  1.0000 +/-0.000000  0.0000 +/-0.000000  1.0000 +/-0.000000  0.0000 +/-0.000000
  0%     48  0.0000 +/-0.000000  1.0000 +/-0.000000  0.0000 +/-0.000000  1.0000 +/-0.000000  0.0000 +/-0.000000
  0%     64  0.0000 +/-0.000000  1.0000 +/-0.000000  0.0000 +/-0.000000  1.0000 +/-0.000000  0.0000 +/-0.000000
  0%     96  0.0000 +/-0.000000  1.0000 +/-0.000000  0.0000 +/-0.000000  1.0000 +/-0.000000  0.0000 +/-0.000000
  0%    124  0.0000 +/-0.000000  1.0000 +/-0.000000  0.0000 +/-0.000000  1.0000 +/-0.000000  0.0000 +/-0.000000


Summary of goids mean values and standard errors for 40 sets of experiments

nul% #tests          fdr_actual         sensitivity         specificity        pos_pred_val        neg_pred_val
---- ------ ------------------- ------------------- ------------------- ------------------- -------------------
100%      4  0.0000 +/-0.000000  0.0000 +/-0.000000  1.0000 +/-0.000000  0.0000 +/-0.000000  1.0000 +/-0.000000
100%      8  0.0025 +/-0.000000  0.0000 +/-0.000000  1.0000 +/-0.000000  0.0000 +/-0.000000  1.0000 +/-0.000000
100%     16  0.0025 +/-0.000000  0.0000 +/-0.000000  1.0000 +/-0.000000  0.0000 +/-0.000000  1.0000 +/-0.000000
100%     20  0.0100 +/-0.000000  0.0000 +/-0.000000  1.0000 +/-0.000000  0.0000 +/-0.000000  1.0000 +/-0.000000
100%     48  0.0075 +/-0.000000  0.0000 +/-0.000000  1.0000 +/-0.000000  0.0000 +/-0.000000  1.0000 +/-0.000000
100%     64  0.0000 +/-0.000000  0.0000 +/-0.000000  1.0000 +/-0.000000  0.0000 +/-0.000000  1.0000 +/-0.000000
100%     96  0.0025 +/-0.000000  0.0000 +/-0.000000  1.0000 +/-0.000000  0.0000 +/-0.000000  1.0000 +/-0.000000
100%    124  0.0025 +/-0.000000  0.0000 +/-0.000000  1.0000 +/-0.000000  0.0000 +/-0.000000  1.0000 +/-0.000000
 75%      4  0.0000 +/-0.000000  0.0000 +/-0.000000  1.0000 +/-0.000000  0.0000 +/-0.000000  0.9873 +/-0.000000
 75%      8  0.0025 +/-0.000000  0.0000 +/-0.000000  1.0000 +/-0.000000  0.0000 +/-0.000000  0.9900 +/-0.000000
 75%     16  0.0035 +/-0.000000  0.0807 +/-0.000000  1.0000 +/-0.000000  0.1515 +/-0.000000  0.9928 +/-0.000000
 75%     20  0.0052 +/-0.000000  0.2649 +/-0.000000  1.0000 +/-0.000000  0.9948 +/-0.000000  0.9946 +/-0.000000
 75%     48  0.0052 +/-0.000000  0.3717 +/-0.000000  1.0000 +/-0.000000  0.9948 +/-0.000000  0.9968 +/-0.000000
 75%     64  0.0049 +/-0.000000  0.4748 +/-0.000000  1.0000 +/-0.000000  0.9951 +/-0.000000  0.9977 +/-0.000000
 75%     96  0.0086 +/-0.000000  0.6295 +/-0.000000  1.0000 +/-0.000000  0.9914 +/-0.000000  0.9986 +/-0.000000
 75%    124  0.0073 +/-0.000000  0.6643 +/-0.000000  1.0000 +/-0.000000  0.9927 +/-0.000000  0.9989 +/-0.000000
 50%      4  0.0050 +/-0.000000  0.0025 +/-0.000000  1.0000 +/-0.000000  0.0100 +/-0.000000  0.9799 +/-0.000000
 50%      8  0.0071 +/-0.000000  0.3237 +/-0.000000  1.0000 +/-0.000000  0.9929 +/-0.000000  0.9904 +/-0.000000
 50%     16  0.0042 +/-0.000000  0.3904 +/-0.000000  1.0000 +/-0.000000  0.9958 +/-0.000000  0.9941 +/-0.000000
 50%     20  0.0128 +/-0.000000  0.4252 +/-0.000000  0.9999 +/-0.000000  0.9872 +/-0.000000  0.9951 +/-0.000000
 50%     48  0.0142 +/-0.000000  0.6755 +/-0.000000  0.9999 +/-0.000000  0.9858 +/-0.000000  0.9982 +/-0.000000
 50%     64  0.0152 +/-0.000000  0.7444 +/-0.000000  0.9999 +/-0.000000  0.9848 +/-0.000000  0.9988 +/-0.000000
 50%     96  0.0263 +/-0.000000  0.7884 +/-0.000000  0.9999 +/-0.000000  0.9737 +/-0.000000  0.9992 +/-0.000000
 50%    124  0.0291 +/-0.000000  0.8262 +/-0.000000  0.9999 +/-0.000000  0.9709 +/-0.000000  0.9994 +/-0.000000
 25%      4  0.0077 +/-0.000000  0.3198 +/-0.000000  0.9999 +/-0.000000  0.9923 +/-0.000000  0.9783 +/-0.000000
 25%      8  0.0107 +/-0.000000  0.3419 +/-0.000000  0.9999 +/-0.000000  0.9892 +/-0.000000  0.9885 +/-0.000000
 25%     16  0.0172 +/-0.000000  0.5849 +/-0.000000  0.9999 +/-0.000000  0.9828 +/-0.000000  0.9955 +/-0.000000
 25%     20  0.0175 +/-0.000000  0.6278 +/-0.000000  0.9999 +/-0.000000  0.9825 +/-0.000000  0.9966 +/-0.000000
 25%     48  0.0241 +/-0.000000  0.7959 +/-0.000000  0.9999 +/-0.000000  0.9759 +/-0.000000  0.9988 +/-0.000000
 25%     64  0.0264 +/-0.000000  0.8429 +/-0.000000  0.9999 +/-0.000000  0.9736 +/-0.000000  0.9992 +/-0.000000
 25%     96  0.0500 +/-0.000000  0.9019 +/-0.000000  0.9998 +/-0.000000  0.9500 +/-0.000000  0.9996 +/-0.000000
 25%    124  0.0465 +/-0.000000  0.9375 +/-0.000000  0.9998 +/-0.000000  0.9535 +/-0.000000  0.9998 +/-0.000000
  0%      4  0.0191 +/-0.000000  0.3383 +/-0.000000  0.9996 +/-0.000000  0.9809 +/-0.000000  0.9720 +/-0.000000
  0%      8  0.0370 +/-0.000000  0.4494 +/-0.000000  0.9997 +/-0.000000  0.9630 +/-0.000000  0.9876 +/-0.000000
  0%     16  0.0558 +/-0.000000  0.7093 +/-0.000000  0.9993 +/-0.000000  0.9442 +/-0.000000  0.9963 +/-0.000000
  0%     20  0.0536 +/-0.000000  0.7476 +/-0.000000  0.9994 +/-0.000000  0.9464 +/-0.000000  0.9974 +/-0.000000
  0%     48  0.0787 +/-0.000000  0.8562 +/-0.000000  0.9995 +/-0.000000  0.9213 +/-0.000000  0.9991 +/-0.000000
  0%     64  0.0694 +/-0.000000  0.9154 +/-0.000000  0.9996 +/-0.000000  0.9306 +/-0.000000  0.9996 +/-0.000000
  0%     96  0.0090 +/-0.000000  0.9850 +/-0.000000  1.0000 +/-0.000000  0.9910 +/-0.000000  0.9999 +/-0.000000
  0%    124  0.0000 +/-0.000000  1.0000 +/-0.000000  1.0000 +/-0.000000  1.0000 +/-0.000000  1.0000 +/-0.000000


fdr_actual statistics:
Nul(% max) #pval #tests | # exps        | range                | 25th percentile |   median | 75th percentile |     mean | stddev
-----------------------|---------------|----------------------|-----------------|----------|-----------------|----------|-------
100% 0.050     4 |            20 | 0.0000 to 0.0000     |          0.0000 |   0.0000 |          0.0000 |   0.0000 | 0.0000
100% 0.050     8 |            20 | 0.0000 to 0.0500     |          0.0000 |   0.0000 |          0.0000 |   0.0025 | 0.0112
100% 0.050    16 |            20 | 0.0000 to 0.0500     |          0.0000 |   0.0000 |          0.0000 |   0.0025 | 0.0112
100% 0.050    20 |            20 | 0.0000 to 0.0500     |          0.0000 |   0.0000 |          0.0000 |   0.0100 | 0.0205
100% 0.050    48 |            20 | 0.0000 to 0.0500     |          0.0000 |   0.0000 |          0.0000 |   0.0075 | 0.0183
100% 0.050    64 |            20 | 0.0000 to 0.0000     |          0.0000 |   0.0000 |          0.0000 |   0.0000 | 0.0000
100% 0.050    96 |            20 | 0.0000 to 0.0500     |          0.0000 |   0.0000 |          0.0000 |   0.0025 | 0.0112
100% 0.050   124 |            20 | 0.0000 to 0.0500     |          0.0000 |   0.0000 |          0.0000 |   0.0025 | 0.0112
 75% 0.038     4 |            20 | 0.0000 to 0.0000     |          0.0000 |   0.0000 |          0.0000 |   0.0000 | 0.0000
 75% 0.038     8 |            20 | 0.0000 to 0.0250     |          0.0000 |   0.0000 |          0.0000 |   0.0013 | 0.0056
 75% 0.038    16 |            20 | 0.0000 to 0.0167     |          0.0000 |   0.0000 |          0.0000 |   0.0013 | 0.0042
 75% 0.038    20 |            20 | 0.0000 to 0.0187     |          0.0000 |   0.0000 |          0.0000 |   0.0021 | 0.0053
 75% 0.038    48 |            20 | 0.0000 to 0.0100     |          0.0000 |   0.0000 |          0.0038 |   0.0021 | 0.0036
 75% 0.038    64 |            20 | 0.0000 to 0.0111     |          0.0000 |   0.0000 |          0.0007 |   0.0014 | 0.0029
 75% 0.038    96 |            20 | 0.0000 to 0.0205     |          0.0000 |   0.0000 |          0.0044 |   0.0033 | 0.0052
 75% 0.038   124 |            20 | 0.0000 to 0.0131     |          0.0000 |   0.0000 |          0.0056 |   0.0032 | 0.0045
 50% 0.025     4 |            20 | 0.0000 to 0.0000     |          0.0000 |   0.0000 |          0.0000 |   0.0000 | 0.0000
 50% 0.025     8 |            20 | 0.0000 to 0.0167     |          0.0000 |   0.0000 |          0.0000 |   0.0018 | 0.0046
 50% 0.025    16 |            20 | 0.0000 to 0.0100     |          0.0000 |   0.0000 |          0.0000 |   0.0013 | 0.0029
 50% 0.025    20 |            20 | 0.0000 to 0.0115     |          0.0000 |   0.0000 |          0.0055 |   0.0029 | 0.0040
 50% 0.025    48 |            20 | 0.0000 to 0.0192     |          0.0020 |   0.0038 |          0.0092 |   0.0056 | 0.0055
 50% 0.025    64 |            20 | 0.0000 to 0.0256     |          0.0000 |   0.0022 |          0.0045 |   0.0046 | 0.0067
 50% 0.025    96 |            20 | 0.0000 to 0.0134     |          0.0028 |   0.0055 |          0.0086 |   0.0061 | 0.0042
 50% 0.025   124 |            20 | 0.0000 to 0.0191     |          0.0016 |   0.0062 |          0.0086 |   0.0061 | 0.0046
 25% 0.013     4 |            20 | 0.0000 to 0.0125     |          0.0000 |   0.0000 |          0.0000 |   0.0013 | 0.0038
 25% 0.013     8 |            20 | 0.0000 to 0.0125     |          0.0000 |   0.0000 |          0.0000 |   0.0006 | 0.0028
 25% 0.013    16 |            20 | 0.0000 to 0.0110     |          0.0000 |   0.0000 |          0.0038 |   0.0023 | 0.0033
 25% 0.013    20 |            20 | 0.0000 to 0.0090     |          0.0000 |   0.0000 |          0.0031 |   0.0014 | 0.0025
 25% 0.013    48 |            20 | 0.0000 to 0.0101     |          0.0023 |   0.0046 |          0.0065 |   0.0045 | 0.0030
 25% 0.013    64 |            20 | 0.0010 to 0.0108     |          0.0020 |   0.0040 |          0.0063 |   0.0043 | 0.0027
 25% 0.013    96 |            20 | 0.0014 to 0.0170     |          0.0054 |   0.0079 |          0.0104 |   0.0084 | 0.0044
 25% 0.013   124 |            20 | 0.0026 to 0.0139     |          0.0042 |   0.0064 |          0.0087 |   0.0070 | 0.0034
  0% 0.000     4 |            20 | 0.0000 to 0.0000     |          0.0000 |   0.0000 |          0.0000 |   0.0000 | 0.0000
  0% 0.000     8 |            20 | 0.0000 to 0.0000     |          0.0000 |   0.0000 |          0.0000 |   0.0000 | 0.0000
  0% 0.000    16 |            20 | 0.0000 to 0.0000     |          0.0000 |   0.0000 |          0.0000 |   0.0000 | 0.0000
  0% 0.000    20 |            20 | 0.0000 to 0.0000     |          0.0000 |   0.0000 |          0.0000 |   0.0000 | 0.0000
  0% 0.000    48 |            20 | 0.0000 to 0.0000     |          0.0000 |   0.0000 |          0.0000 |   0.0000 | 0.0000
  0% 0.000    64 |            20 | 0.0000 to 0.0000     |          0.0000 |   0.0000 |          0.0000 |   0.0000 | 0.0000
  0% 0.000    96 |            20 | 0.0000 to 0.0000     |          0.0000 |   0.0000 |          0.0000 |   0.0000 | 0.0000
  0% 0.000   124 |            20 | 0.0000 to 0.0000     |          0.0000 |   0.0000 |          0.0000 |   0.0000 | 0.0000

sensitivity statistics:
Nul(% max) #pval #tests | # exps        | range                | 25th percentile |   median | 75th percentile |     mean | stddev
-----------------------|---------------|----------------------|-----------------|----------|-----------------|----------|-------
100% 0.050     4 |            20 | 0.0000 to 0.0000     |          0.0000 |   0.0000 |          0.0000 |   0.0000 | 0.0000
100% 0.050     8 |            20 | 0.0000 to 0.0000     |          0.0000 |   0.0000 |          0.0000 |   0.0000 | 0.0000
100% 0.050    16 |            20 | 0.0000 to 0.0000     |          0.0000 |   0.0000 |          0.0000 |   0.0000 | 0.0000
100% 0.050    20 |            20 | 0.0000 to 0.0000     |          0.0000 |   0.0000 |          0.0000 |   0.0000 | 0.0000
100% 0.050    48 |            20 | 0.0000 to 0.0000     |          0.0000 |   0.0000 |          0.0000 |   0.0000 | 0.0000
100% 0.050    64 |            20 | 0.0000 to 0.0000     |          0.0000 |   0.0000 |          0.0000 |   0.0000 | 0.0000
100% 0.050    96 |            20 | 0.0000 to 0.0000     |          0.0000 |   0.0000 |          0.0000 |   0.0000 | 0.0000
100% 0.050   124 |            20 | 0.0000 to 0.0000     |          0.0000 |   0.0000 |          0.0000 |   0.0000 | 0.0000
 75% 0.038     4 |            20 | 0.0000 to 0.0000     |          0.0000 |   0.0000 |          0.0000 |   0.0000 | 0.0000
 75% 0.038     8 |            20 | 0.0000 to 0.0250     |          0.0000 |   0.0000 |          0.0000 |   0.0013 | 0.0056
 75% 0.038    16 |            20 | 0.0000 to 0.3000     |          0.1000 |   0.1500 |          0.2000 |   0.1550 | 0.0887
 75% 0.038    20 |            20 | 1.0000 to 1.0000     |          1.0000 |   1.0000 |          1.0000 |   1.0000 | 0.0000
 75% 0.038    48 |            20 | 1.0000 to 1.0000     |          1.0000 |   1.0000 |          1.0000 |   1.0000 | 0.0000
 75% 0.038    64 |            20 | 1.0000 to 1.0000     |          1.0000 |   1.0000 |          1.0000 |   1.0000 | 0.0000
 75% 0.038    96 |            20 | 1.0000 to 1.0000     |          1.0000 |   1.0000 |          1.0000 |   1.0000 | 0.0000
 75% 0.038   124 |            20 | 1.0000 to 1.0000     |          1.0000 |   1.0000 |          1.0000 |   1.0000 | 0.0000
 50% 0.025     4 |            20 | 0.0000 to 0.1000     |          0.0000 |   0.0000 |          0.0125 |   0.0150 | 0.0286
 50% 0.025     8 |            20 | 1.0000 to 1.0000     |          1.0000 |   1.0000 |          1.0000 |   1.0000 | 0.0000
 50% 0.025    16 |            20 | 1.0000 to 1.0000     |          1.0000 |   1.0000 |          1.0000 |   1.0000 | 0.0000
 50% 0.025    20 |            20 | 1.0000 to 1.0000     |          1.0000 |   1.0000 |          1.0000 |   1.0000 | 0.0000
 50% 0.025    48 |            20 | 1.0000 to 1.0000     |          1.0000 |   1.0000 |          1.0000 |   1.0000 | 0.0000
 50% 0.025    64 |            20 | 1.0000 to 1.0000     |          1.0000 |   1.0000 |          1.0000 |   1.0000 | 0.0000
 50% 0.025    96 |            20 | 1.0000 to 1.0000     |          1.0000 |   1.0000 |          1.0000 |   1.0000 | 0.0000
 50% 0.025   124 |            20 | 1.0000 to 1.0000     |          1.0000 |   1.0000 |          1.0000 |   1.0000 | 0.0000
 25% 0.013     4 |            20 | 1.0000 to 1.0000     |          1.0000 |   1.0000 |          1.0000 |   1.0000 | 0.0000
 25% 0.013     8 |            20 | 1.0000 to 1.0000     |          1.0000 |   1.0000 |          1.0000 |   1.0000 | 0.0000
 25% 0.013    16 |            20 | 1.0000 to 1.0000     |          1.0000 |   1.0000 |          1.0000 |   1.0000 | 0.0000
 25% 0.013    20 |            20 | 1.0000 to 1.0000     |          1.0000 |   1.0000 |          1.0000 |   1.0000 | 0.0000
 25% 0.013    48 |            20 | 1.0000 to 1.0000     |          1.0000 |   1.0000 |          1.0000 |   1.0000 | 0.0000
 25% 0.013    64 |            20 | 1.0000 to 1.0000     |          1.0000 |   1.0000 |          1.0000 |   1.0000 | 0.0000
 25% 0.013    96 |            20 | 1.0000 to 1.0000     |          1.0000 |   1.0000 |          1.0000 |   1.0000 | 0.0000
 25% 0.013   124 |            20 | 1.0000 to 1.0000     |          1.0000 |   1.0000 |          1.0000 |   1.0000 | 0.0000
  0% 0.000     4 |            20 | 1.0000 to 1.0000     |          1.0000 |   1.0000 |          1.0000 |   1.0000 | 0.0000
  0% 0.000     8 |            20 | 1.0000 to 1.0000     |          1.0000 |   1.0000 |          1.0000 |   1.0000 | 0.0000
  0% 0.000    16 |            20 | 1.0000 to 1.0000     |          1.0000 |   1.0000 |          1.0000 |   1.0000 | 0.0000
  0% 0.000    20 |            20 | 1.0000 to 1.0000     |          1.0000 |   1.0000 |          1.0000 |   1.0000 | 0.0000
  0% 0.000    48 |            20 | 1.0000 to 1.0000     |          1.0000 |   1.0000 |          1.0000 |   1.0000 | 0.0000
  0% 0.000    64 |            20 | 1.0000 to 1.0000     |          1.0000 |   1.0000 |          1.0000 |   1.0000 | 0.0000
  0% 0.000    96 |            20 | 1.0000 to 1.0000     |          1.0000 |   1.0000 |          1.0000 |   1.0000 | 0.0000
  0% 0.000   124 |            20 | 1.0000 to 1.0000     |          1.0000 |   1.0000 |          1.0000 |   1.0000 | 0.0000

specificity statistics:
Nul(% max) #pval #tests | # exps        | range                | 25th percentile |   median | 75th percentile |     mean | stddev
-----------------------|---------------|----------------------|-----------------|----------|-----------------|----------|-------
100% 0.050     4 |            20 | 1.0000 to 1.0000     |          1.0000 |   1.0000 |          1.0000 |   1.0000 | 0.0000
100% 0.050     8 |            20 | 0.9750 to 1.0000     |          1.0000 |   1.0000 |          1.0000 |   0.9988 | 0.0056
100% 0.050    16 |            20 | 0.9938 to 1.0000     |          1.0000 |   1.0000 |          1.0000 |   0.9997 | 0.0014
100% 0.050    20 |            20 | 0.9925 to 1.0000     |          1.0000 |   1.0000 |          1.0000 |   0.9988 | 0.0026
100% 0.050    48 |            20 | 0.9958 to 1.0000     |          1.0000 |   1.0000 |          1.0000 |   0.9995 | 0.0013
100% 0.050    64 |            20 | 1.0000 to 1.0000     |          1.0000 |   1.0000 |          1.0000 |   1.0000 | 0.0000
100% 0.050    96 |            20 | 0.9984 to 1.0000     |          1.0000 |   1.0000 |          1.0000 |   0.9999 | 0.0003
100% 0.050   124 |            20 | 0.9972 to 1.0000     |          1.0000 |   1.0000 |          1.0000 |   0.9999 | 0.0006
 75% 0.038     4 |            20 | 1.0000 to 1.0000     |          1.0000 |   1.0000 |          1.0000 |   1.0000 | 0.0000
 75% 0.038     8 |            20 | 0.9917 to 1.0000     |          1.0000 |   1.0000 |          1.0000 |   0.9996 | 0.0019
 75% 0.038    16 |            20 | 0.9917 to 1.0000     |          1.0000 |   1.0000 |          1.0000 |   0.9994 | 0.0020
 75% 0.038    20 |            20 | 0.9900 to 1.0000     |          1.0000 |   1.0000 |          1.0000 |   0.9990 | 0.0027
 75% 0.038    48 |            20 | 0.9958 to 1.0000     |          0.9986 |   1.0000 |          1.0000 |   0.9992 | 0.0015
 75% 0.038    64 |            20 | 0.9958 to 1.0000     |          0.9997 |   1.0000 |          1.0000 |   0.9995 | 0.0011
 75% 0.038    96 |            20 | 0.9903 to 1.0000     |          0.9984 |   1.0000 |          1.0000 |   0.9987 | 0.0023
 75% 0.038   124 |            20 | 0.9941 to 1.0000     |          0.9980 |   1.0000 |          1.0000 |   0.9988 | 0.0018
 50% 0.025     4 |            20 | 1.0000 to 1.0000     |          1.0000 |   1.0000 |          1.0000 |   1.0000 | 0.0000
 50% 0.025     8 |            20 | 0.9750 to 1.0000     |          1.0000 |   1.0000 |          1.0000 |   0.9975 | 0.0065
 50% 0.025    16 |            20 | 0.9875 to 1.0000     |          1.0000 |   1.0000 |          1.0000 |   0.9984 | 0.0034
 50% 0.025    20 |            20 | 0.9850 to 1.0000     |          0.9937 |   1.0000 |          1.0000 |   0.9965 | 0.0049
 50% 0.025    48 |            20 | 0.9688 to 1.0000     |          0.9896 |   0.9958 |          0.9979 |   0.9933 | 0.0077
 50% 0.025    64 |            20 | 0.9609 to 1.0000     |          0.9953 |   0.9977 |          1.0000 |   0.9945 | 0.0093
 50% 0.025    96 |            20 | 0.9854 to 1.0000     |          0.9911 |   0.9943 |          0.9971 |   0.9934 | 0.0047
 50% 0.025   124 |            20 | 0.9734 to 1.0000     |          0.9911 |   0.9935 |          0.9984 |   0.9933 | 0.0059
 25% 0.013     4 |            20 | 0.9500 to 1.0000     |          1.0000 |   1.0000 |          1.0000 |   0.9950 | 0.0154
 25% 0.013     8 |            20 | 0.9500 to 1.0000     |          1.0000 |   1.0000 |          1.0000 |   0.9975 | 0.0112
 25% 0.013    16 |            20 | 0.9625 to 1.0000     |          0.9875 |   1.0000 |          1.0000 |   0.9925 | 0.0110
 25% 0.013    20 |            20 | 0.9700 to 1.0000     |          0.9900 |   1.0000 |          1.0000 |   0.9955 | 0.0083
 25% 0.013    48 |            20 | 0.9667 to 1.0000     |          0.9792 |   0.9854 |          0.9927 |   0.9856 | 0.0097
 25% 0.013    64 |            20 | 0.9656 to 0.9969     |          0.9805 |   0.9875 |          0.9938 |   0.9864 | 0.0087
 25% 0.013    96 |            20 | 0.9437 to 0.9958     |          0.9672 |   0.9750 |          0.9833 |   0.9730 | 0.0150
 25% 0.013   124 |            20 | 0.9500 to 0.9919     |          0.9710 |   0.9798 |          0.9871 |   0.9773 | 0.0120
  0% 0.000     4 |            20 | 0.0000 to 0.0000     |          0.0000 |   0.0000 |          0.0000 |   0.0000 | 0.0000
  0% 0.000     8 |            20 | 0.0000 to 0.0000     |          0.0000 |   0.0000 |          0.0000 |   0.0000 | 0.0000
  0% 0.000    16 |            20 | 0.0000 to 0.0000     |          0.0000 |   0.0000 |          0.0000 |   0.0000 | 0.0000
  0% 0.000    20 |            20 | 0.0000 to 0.0000     |          0.0000 |   0.0000 |          0.0000 |   0.0000 | 0.0000
  0% 0.000    48 |            20 | 0.0000 to 0.0000     |          0.0000 |   0.0000 |          0.0000 |   0.0000 | 0.0000
  0% 0.000    64 |            20 | 0.0000 to 0.0000     |          0.0000 |   0.0000 |          0.0000 |   0.0000 | 0.0000
  0% 0.000    96 |            20 | 0.0000 to 0.0000     |          0.0000 |   0.0000 |          0.0000 |   0.0000 | 0.0000
  0% 0.000   124 |            20 | 0.0000 to 0.0000     |          0.0000 |   0.0000 |          0.0000 |   0.0000 | 0.0000

pos_pred_val statistics:
Nul(% max) #pval #tests | # exps        | range                | 25th percentile |   median | 75th percentile |     mean | stddev
-----------------------|---------------|----------------------|-----------------|----------|-----------------|----------|-------
100% 0.050     4 |            20 | 0.0000 to 0.0000     |          0.0000 |   0.0000 |          0.0000 |   0.0000 | 0.0000
100% 0.050     8 |            20 | 0.0000 to 0.0000     |          0.0000 |   0.0000 |          0.0000 |   0.0000 | 0.0000
100% 0.050    16 |            20 | 0.0000 to 0.0000     |          0.0000 |   0.0000 |          0.0000 |   0.0000 | 0.0000
100% 0.050    20 |            20 | 0.0000 to 0.0000     |          0.0000 |   0.0000 |          0.0000 |   0.0000 | 0.0000
100% 0.050    48 |            20 | 0.0000 to 0.0000     |          0.0000 |   0.0000 |          0.0000 |   0.0000 | 0.0000
100% 0.050    64 |            20 | 0.0000 to 0.0000     |          0.0000 |   0.0000 |          0.0000 |   0.0000 | 0.0000
100% 0.050    96 |            20 | 0.0000 to 0.0000     |          0.0000 |   0.0000 |          0.0000 |   0.0000 | 0.0000
100% 0.050   124 |            20 | 0.0000 to 0.0000     |          0.0000 |   0.0000 |          0.0000 |   0.0000 | 0.0000
 75% 0.038     4 |            20 | 0.0000 to 0.0000     |          0.0000 |   0.0000 |          0.0000 |   0.0000 | 0.0000
 75% 0.038     8 |            20 | 0.0000 to 0.0250     |          0.0000 |   0.0000 |          0.0000 |   0.0013 | 0.0056
 75% 0.038    16 |            20 | 0.0000 to 0.3000     |          0.1000 |   0.1500 |          0.2000 |   0.1537 | 0.0887
 75% 0.038    20 |            20 | 0.9812 to 1.0000     |          1.0000 |   1.0000 |          1.0000 |   0.9979 | 0.0053
 75% 0.038    48 |            20 | 0.9900 to 1.0000     |          0.9962 |   1.0000 |          1.0000 |   0.9979 | 0.0036
 75% 0.038    64 |            20 | 0.9889 to 1.0000     |          0.9993 |   1.0000 |          1.0000 |   0.9986 | 0.0029
 75% 0.038    96 |            20 | 0.9795 to 1.0000     |          0.9956 |   1.0000 |          1.0000 |   0.9967 | 0.0052
 75% 0.038   124 |            20 | 0.9869 to 1.0000     |          0.9944 |   1.0000 |          1.0000 |   0.9968 | 0.0045
 50% 0.025     4 |            20 | 0.0000 to 0.1000     |          0.0000 |   0.0000 |          0.0125 |   0.0150 | 0.0286
 50% 0.025     8 |            20 | 0.9833 to 1.0000     |          1.0000 |   1.0000 |          1.0000 |   0.9982 | 0.0046
 50% 0.025    16 |            20 | 0.9900 to 1.0000     |          1.0000 |   1.0000 |          1.0000 |   0.9987 | 0.0029
 50% 0.025    20 |            20 | 0.9885 to 1.0000     |          0.9945 |   1.0000 |          1.0000 |   0.9971 | 0.0040
 50% 0.025    48 |            20 | 0.9808 to 1.0000     |          0.9908 |   0.9962 |          0.9980 |   0.9944 | 0.0055
 50% 0.025    64 |            20 | 0.9744 to 1.0000     |          0.9955 |   0.9978 |          1.0000 |   0.9954 | 0.0067
 50% 0.025    96 |            20 | 0.9866 to 1.0000     |          0.9914 |   0.9945 |          0.9972 |   0.9939 | 0.0042
 50% 0.025   124 |            20 | 0.9809 to 1.0000     |          0.9914 |   0.9938 |          0.9984 |   0.9939 | 0.0046
 25% 0.013     4 |            20 | 0.9875 to 1.0000     |          1.0000 |   1.0000 |          1.0000 |   0.9988 | 0.0038
 25% 0.013     8 |            20 | 0.9875 to 1.0000     |          1.0000 |   1.0000 |          1.0000 |   0.9994 | 0.0028
 25% 0.013    16 |            20 | 0.9890 to 1.0000     |          0.9962 |   1.0000 |          1.0000 |   0.9977 | 0.0033
 25% 0.013    20 |            20 | 0.9910 to 1.0000     |          0.9969 |   1.0000 |          1.0000 |   0.9986 | 0.0025
 25% 0.013    48 |            20 | 0.9899 to 1.0000     |          0.9935 |   0.9954 |          0.9977 |   0.9955 | 0.0030
 25% 0.013    64 |            20 | 0.9892 to 0.9990     |          0.9937 |   0.9960 |          0.9980 |   0.9957 | 0.0027
 25% 0.013    96 |            20 | 0.9830 to 0.9986     |          0.9896 |   0.9921 |          0.9946 |   0.9916 | 0.0044
 25% 0.013   124 |            20 | 0.9861 to 0.9974     |          0.9913 |   0.9936 |          0.9958 |   0.9930 | 0.0034
  0% 0.000     4 |            20 | 1.0000 to 1.0000     |          1.0000 |   1.0000 |          1.0000 |   1.0000 | 0.0000
  0% 0.000     8 |            20 | 1.0000 to 1.0000     |          1.0000 |   1.0000 |          1.0000 |   1.0000 | 0.0000
  0% 0.000    16 |            20 | 1.0000 to 1.0000     |          1.0000 |   1.0000 |          1.0000 |   1.0000 | 0.0000
  0% 0.000    20 |            20 | 1.0000 to 1.0000     |          1.0000 |   1.0000 |          1.0000 |   1.0000 | 0.0000
  0% 0.000    48 |            20 | 1.0000 to 1.0000     |          1.0000 |   1.0000 |          1.0000 |   1.0000 | 0.0000
  0% 0.000    64 |            20 | 1.0000 to 1.0000     |          1.0000 |   1.0000 |          1.0000 |   1.0000 | 0.0000
  0% 0.000    96 |            20 | 1.0000 to 1.0000     |          1.0000 |   1.0000 |          1.0000 |   1.0000 | 0.0000
  0% 0.000   124 |            20 | 1.0000 to 1.0000     |          1.0000 |   1.0000 |          1.0000 |   1.0000 | 0.0000

neg_pred_val statistics:
Nul(% max) #pval #tests | # exps        | range                | 25th percentile |   median | 75th percentile |     mean | stddev
-----------------------|---------------|----------------------|-----------------|----------|-----------------|----------|-------
100% 0.050     4 |            20 | 1.0000 to 1.0000     |          1.0000 |   1.0000 |          1.0000 |   1.0000 | 0.0000
100% 0.050     8 |            20 | 1.0000 to 1.0000     |          1.0000 |   1.0000 |          1.0000 |   1.0000 | 0.0000
100% 0.050    16 |            20 | 1.0000 to 1.0000     |          1.0000 |   1.0000 |          1.0000 |   1.0000 | 0.0000
100% 0.050    20 |            20 | 1.0000 to 1.0000     |          1.0000 |   1.0000 |          1.0000 |   1.0000 | 0.0000
100% 0.050    48 |            20 | 1.0000 to 1.0000     |          1.0000 |   1.0000 |          1.0000 |   1.0000 | 0.0000
100% 0.050    64 |            20 | 1.0000 to 1.0000     |          1.0000 |   1.0000 |          1.0000 |   1.0000 | 0.0000
100% 0.050    96 |            20 | 1.0000 to 1.0000     |          1.0000 |   1.0000 |          1.0000 |   1.0000 | 0.0000
100% 0.050   124 |            20 | 1.0000 to 1.0000     |          1.0000 |   1.0000 |          1.0000 |   1.0000 | 0.0000
 75% 0.038     4 |            20 | 0.7500 to 0.7500     |          0.7500 |   0.7500 |          0.7500 |   0.7500 | 0.0000
 75% 0.038     8 |            20 | 0.7500 to 0.7542     |          0.7500 |   0.7500 |          0.7500 |   0.7502 | 0.0009
 75% 0.038    16 |            20 | 0.7500 to 0.8250     |          0.7750 |   0.7875 |          0.8000 |   0.7888 | 0.0222
 75% 0.038    20 |            20 | 1.0000 to 1.0000     |          1.0000 |   1.0000 |          1.0000 |   1.0000 | 0.0000
 75% 0.038    48 |            20 | 1.0000 to 1.0000     |          1.0000 |   1.0000 |          1.0000 |   1.0000 | 0.0000
 75% 0.038    64 |            20 | 1.0000 to 1.0000     |          1.0000 |   1.0000 |          1.0000 |   1.0000 | 0.0000
 75% 0.038    96 |            20 | 1.0000 to 1.0000     |          1.0000 |   1.0000 |          1.0000 |   1.0000 | 0.0000
 75% 0.038   124 |            20 | 1.0000 to 1.0000     |          1.0000 |   1.0000 |          1.0000 |   1.0000 | 0.0000
 50% 0.025     4 |            20 | 0.5000 to 0.5500     |          0.5000 |   0.5000 |          0.5062 |   0.5075 | 0.0143
 50% 0.025     8 |            20 | 1.0000 to 1.0000     |          1.0000 |   1.0000 |          1.0000 |   1.0000 | 0.0000
 50% 0.025    16 |            20 | 1.0000 to 1.0000     |          1.0000 |   1.0000 |          1.0000 |   1.0000 | 0.0000
 50% 0.025    20 |            20 | 1.0000 to 1.0000     |          1.0000 |   1.0000 |          1.0000 |   1.0000 | 0.0000
 50% 0.025    48 |            20 | 1.0000 to 1.0000     |          1.0000 |   1.0000 |          1.0000 |   1.0000 | 0.0000
 50% 0.025    64 |            20 | 1.0000 to 1.0000     |          1.0000 |   1.0000 |          1.0000 |   1.0000 | 0.0000
 50% 0.025    96 |            20 | 1.0000 to 1.0000     |          1.0000 |   1.0000 |          1.0000 |   1.0000 | 0.0000
 50% 0.025   124 |            20 | 1.0000 to 1.0000     |          1.0000 |   1.0000 |          1.0000 |   1.0000 | 0.0000
 25% 0.013     4 |            20 | 0.9500 to 1.0000     |          1.0000 |   1.0000 |          1.0000 |   0.9950 | 0.0154
 25% 0.013     8 |            20 | 0.9500 to 1.0000     |          1.0000 |   1.0000 |          1.0000 |   0.9975 | 0.0112
 25% 0.013    16 |            20 | 1.0000 to 1.0000     |          1.0000 |   1.0000 |          1.0000 |   1.0000 | 0.0000
 25% 0.013    20 |            20 | 1.0000 to 1.0000     |          1.0000 |   1.0000 |          1.0000 |   1.0000 | 0.0000
 25% 0.013    48 |            20 | 1.0000 to 1.0000     |          1.0000 |   1.0000 |          1.0000 |   1.0000 | 0.0000
 25% 0.013    64 |            20 | 1.0000 to 1.0000     |          1.0000 |   1.0000 |          1.0000 |   1.0000 | 0.0000
 25% 0.013    96 |            20 | 1.0000 to 1.0000     |          1.0000 |   1.0000 |          1.0000 |   1.0000 | 0.0000
 25% 0.013   124 |            20 | 1.0000 to 1.0000     |          1.0000 |   1.0000 |          1.0000 |   1.0000 | 0.0000
  0% 0.000     4 |            20 | 0.0000 to 0.0000     |          0.0000 |   0.0000 |          0.0000 |   0.0000 | 0.0000
  0% 0.000     8 |            20 | 0.0000 to 0.0000     |          0.0000 |   0.0000 |          0.0000 |   0.0000 | 0.0000
  0% 0.000    16 |            20 | 0.0000 to 0.0000     |          0.0000 |   0.0000 |          0.0000 |   0.0000 | 0.0000
  0% 0.000    20 |            20 | 0.0000 to 0.0000     |          0.0000 |   0.0000 |          0.0000 |   0.0000 | 0.0000
  0% 0.000    48 |            20 | 0.0000 to 0.0000     |          0.0000 |   0.0000 |          0.0000 |   0.0000 | 0.0000
  0% 0.000    64 |            20 | 0.0000 to 0.0000     |          0.0000 |   0.0000 |          0.0000 |   0.0000 | 0.0000
  0% 0.000    96 |            20 | 0.0000 to 0.0000     |          0.0000 |   0.0000 |          0.0000 |   0.0000 | 0.0000
  0% 0.000   124 |            20 | 0.0000 to 0.0000     |          0.0000 |   0.0000 |          0.0000 |   0.0000 | 0.0000
  ELAPSED TIME: 9:39:57.759096 Simulations complete. Reports and plots generated.
