  ELAPSED TIME: 5:45:54.996412 Simulations Completed

WRITTEN: 2017-11-05:

  RANDOM SEED = 0x183ce6fc = 406,644,476
alpha(0.05) method(fdr_bh) propagate_counts(False)
SETTINGS AND GO-DAG VERSION:
    Multitest Params: alpha(0.05) method(fdr_bh) propagate_counts(False)
    GO-DAG version:   go-basic.obo: fmt(1.2) rel(2017-06-30) 46,830 GO Terms

ASSOCIATION INFORMATION:
    GOC Validation Date: 05/19/2017 $
    Submission Date: 5/19/2017
    gaf-version: 2.0
    Project_name: Mouse Genome Informatics (MGI)
    URL: http://www.informatics.jax.org/
    Contact Email: mgi-help@jax.org
    Funding: NHGRI of US National Institutes of Health
    software version: $Revision$
    date: 05/18/2017 $

18,647 GENES  IN ASSOCIATION
17,276 GO IDs IN ASSOCIATION
18,647 GENES  IN POPULATION
22,025 population genes (user)
18,647 population genes in assc.
   85% population genes coverage in assc.
   124 study genes (user)
   124 study genes in assc.
16,305 population genes - study buffer

TITLE: Viewing both over/under-represented enrichments
SIMULATION PARAMETERS:
    randomize_truenull_assc orig_noprune_ntn2
    perc_nulls      [100, 75, 50, 25, 0]
    num_genes_list  [4, 8, 16, 20, 48, 64, 80, 96, 112, 124]
    num_experiments 20
    num_sims        20


Summary of genes mean values and standard errors for 50 sets of experiments

nul% #tests          fdr_actual         sensitivity         specificity        pos_pred_val        neg_pred_val
---- ------ ------------------- ------------------- ------------------- ------------------- -------------------
100%      4  0.0025 +/-0.000000  0.0000 +/-0.000000  0.9981 +/-0.000000  0.0000 +/-0.000000  1.0000 +/-0.000000
100%      8  0.0000 +/-0.000000  0.0000 +/-0.000000  1.0000 +/-0.000000  0.0000 +/-0.000000  1.0000 +/-0.000000
100%     16  0.0025 +/-0.000000  0.0000 +/-0.000000  0.9997 +/-0.000000  0.0000 +/-0.000000  1.0000 +/-0.000000
100%     20  0.0025 +/-0.000000  0.0000 +/-0.000000  0.9996 +/-0.000000  0.0000 +/-0.000000  1.0000 +/-0.000000
100%     48  0.0000 +/-0.000000  0.0000 +/-0.000000  1.0000 +/-0.000000  0.0000 +/-0.000000  1.0000 +/-0.000000
100%     64  0.0025 +/-0.000000  0.0000 +/-0.000000  0.9998 +/-0.000000  0.0000 +/-0.000000  1.0000 +/-0.000000
100%     80  0.0050 +/-0.000000  0.0000 +/-0.000000  0.9997 +/-0.000000  0.0000 +/-0.000000  1.0000 +/-0.000000
100%     96  0.0025 +/-0.000000  0.0000 +/-0.000000  0.9999 +/-0.000000  0.0000 +/-0.000000  1.0000 +/-0.000000
100%    112  0.0075 +/-0.000000  0.0000 +/-0.000000  0.9998 +/-0.000000  0.0000 +/-0.000000  1.0000 +/-0.000000
100%    124  0.0000 +/-0.000000  0.0000 +/-0.000000  1.0000 +/-0.000000  0.0000 +/-0.000000  1.0000 +/-0.000000
 75%      4  0.0025 +/-0.000000  0.0000 +/-0.000000  0.9983 +/-0.000000  0.0000 +/-0.000000  0.7494 +/-0.000000
 75%      8  0.0000 +/-0.000000  0.0000 +/-0.000000  1.0000 +/-0.000000  0.0000 +/-0.000000  0.7500 +/-0.000000
 75%     16  0.0065 +/-0.000000  0.0987 +/-0.000000  0.9985 +/-0.000000  0.1210 +/-0.000000  0.7732 +/-0.000000
 75%     20  0.0041 +/-0.000000  0.0965 +/-0.000000  0.9992 +/-0.000000  0.1184 +/-0.000000  0.7726 +/-0.000000
 75%     48  0.0028 +/-0.000000  0.5206 +/-0.000000  0.9992 +/-0.000000  0.9322 +/-0.000000  0.8656 +/-0.000000
 75%     64  0.0032 +/-0.000000  0.7281 +/-0.000000  0.9991 +/-0.000000  0.9943 +/-0.000000  0.9189 +/-0.000000
 75%     80  0.0017 +/-0.000000  0.8106 +/-0.000000  0.9993 +/-0.000000  0.9983 +/-0.000000  0.9420 +/-0.000000
 75%     96  0.0025 +/-0.000000  0.8313 +/-0.000000  0.9989 +/-0.000000  0.9975 +/-0.000000  0.9480 +/-0.000000
 75%    112  0.0053 +/-0.000000  0.8689 +/-0.000000  0.9975 +/-0.000000  0.9947 +/-0.000000  0.9587 +/-0.000000
 75%    124  0.0146 +/-0.000000  0.8829 +/-0.000000  0.9930 +/-0.000000  0.9854 +/-0.000000  0.9627 +/-0.000000
 50%      4  0.0013 +/-0.000000  0.0112 +/-0.000000  0.9988 +/-0.000000  0.0112 +/-0.000000  0.5050 +/-0.000000
 50%      8  0.0041 +/-0.000000  0.2344 +/-0.000000  0.9969 +/-0.000000  0.3034 +/-0.000000  0.5965 +/-0.000000
 50%     16  0.0013 +/-0.000000  0.4987 +/-0.000000  0.9988 +/-0.000000  0.8712 +/-0.000000  0.6846 +/-0.000000
 50%     20  0.0011 +/-0.000000  0.6112 +/-0.000000  0.9993 +/-0.000000  0.9039 +/-0.000000  0.7420 +/-0.000000
 50%     48  0.0054 +/-0.000000  0.8847 +/-0.000000  0.9944 +/-0.000000  0.9946 +/-0.000000  0.9009 +/-0.000000
 50%     64  0.0136 +/-0.000000  0.9264 +/-0.000000  0.9851 +/-0.000000  0.9864 +/-0.000000  0.9319 +/-0.000000
 50%     80  0.0446 +/-0.000000  0.9417 +/-0.000000  0.9467 +/-0.000000  0.9554 +/-0.000000  0.9428 +/-0.000000
 50%     96  0.1015 +/-0.000000  0.9528 +/-0.000000  0.8726 +/-0.000000  0.8985 +/-0.000000  0.9485 +/-0.000000
 50%    112  0.1569 +/-0.000000  0.9583 +/-0.000000  0.7987 +/-0.000000  0.8431 +/-0.000000  0.9497 +/-0.000000
 50%    124  0.1735 +/-0.000000  0.9663 +/-0.000000  0.7723 +/-0.000000  0.8265 +/-0.000000  0.9581 +/-0.000000
 25%      4  0.0021 +/-0.000000  0.1275 +/-0.000000  0.9950 +/-0.000000  0.1404 +/-0.000000  0.3331 +/-0.000000
 25%      8  0.0020 +/-0.000000  0.4483 +/-0.000000  0.9950 +/-0.000000  0.7305 +/-0.000000  0.4296 +/-0.000000
 25%     16  0.0007 +/-0.000000  0.7502 +/-0.000000  0.9981 +/-0.000000  0.9993 +/-0.000000  0.6169 +/-0.000000
 25%     20  0.0011 +/-0.000000  0.8427 +/-0.000000  0.9970 +/-0.000000  0.9989 +/-0.000000  0.7121 +/-0.000000
 25%     48  0.0498 +/-0.000000  0.9371 +/-0.000000  0.8460 +/-0.000000  0.9502 +/-0.000000  0.8247 +/-0.000000
 25%     64  0.0929 +/-0.000000  0.9557 +/-0.000000  0.6997 +/-0.000000  0.9071 +/-0.000000  0.8463 +/-0.000000
 25%     80  0.1163 +/-0.000000  0.9684 +/-0.000000  0.6146 +/-0.000000  0.8837 +/-0.000000  0.8714 +/-0.000000
 25%     96  0.1218 +/-0.000000  0.9774 +/-0.000000  0.5906 +/-0.000000  0.8782 +/-0.000000  0.9008 +/-0.000000
 25%    112  0.1270 +/-0.000000  0.9795 +/-0.000000  0.5699 +/-0.000000  0.8730 +/-0.000000  0.9051 +/-0.000000
 25%    124  0.1277 +/-0.000000  0.9833 +/-0.000000  0.5660 +/-0.000000  0.8723 +/-0.000000  0.9197 +/-0.000000
  0%      4  0.0000 +/-0.000000  0.2487 +/-0.000000  0.0000 +/-0.000000  0.3400 +/-0.000000  0.0000 +/-0.000000
  0%      8  0.0000 +/-0.000000  0.6175 +/-0.000000  0.0000 +/-0.000000  0.9625 +/-0.000000  0.0000 +/-0.000000
  0%     16  0.0000 +/-0.000000  0.8559 +/-0.000000  0.0000 +/-0.000000  1.0000 +/-0.000000  0.0000 +/-0.000000
  0%     20  0.0000 +/-0.000000  0.8980 +/-0.000000  0.0000 +/-0.000000  1.0000 +/-0.000000  0.0000 +/-0.000000
  0%     48  0.0000 +/-0.000000  0.9596 +/-0.000000  0.0000 +/-0.000000  1.0000 +/-0.000000  0.0000 +/-0.000000
  0%     64  0.0000 +/-0.000000  0.9746 +/-0.000000  0.0000 +/-0.000000  1.0000 +/-0.000000  0.0000 +/-0.000000
  0%     80  0.0000 +/-0.000000  0.9833 +/-0.000000  0.0000 +/-0.000000  1.0000 +/-0.000000  0.0000 +/-0.000000
  0%     96  0.0000 +/-0.000000  0.9914 +/-0.000000  0.0000 +/-0.000000  1.0000 +/-0.000000  0.0000 +/-0.000000
  0%    112  0.0000 +/-0.000000  0.9946 +/-0.000000  0.0000 +/-0.000000  1.0000 +/-0.000000  0.0000 +/-0.000000
  0%    124  0.0000 +/-0.000000  1.0000 +/-0.000000  0.0000 +/-0.000000  1.0000 +/-0.000000  0.0000 +/-0.000000


Summary of goids mean values and standard errors for 50 sets of experiments

nul% #tests          fdr_actual         sensitivity         specificity        pos_pred_val        neg_pred_val
---- ------ ------------------- ------------------- ------------------- ------------------- -------------------
100%      4  0.0025 +/-0.000000  0.0000 +/-0.000000  1.0000 +/-0.000000  0.0000 +/-0.000000  1.0000 +/-0.000000
100%      8  0.0000 +/-0.000000  0.0000 +/-0.000000  1.0000 +/-0.000000  0.0000 +/-0.000000  1.0000 +/-0.000000
100%     16  0.0025 +/-0.000000  0.0000 +/-0.000000  1.0000 +/-0.000000  0.0000 +/-0.000000  1.0000 +/-0.000000
100%     20  0.0025 +/-0.000000  0.0000 +/-0.000000  1.0000 +/-0.000000  0.0000 +/-0.000000  1.0000 +/-0.000000
100%     48  0.0000 +/-0.000000  0.0000 +/-0.000000  1.0000 +/-0.000000  0.0000 +/-0.000000  1.0000 +/-0.000000
100%     64  0.0025 +/-0.000000  0.0000 +/-0.000000  1.0000 +/-0.000000  0.0000 +/-0.000000  1.0000 +/-0.000000
100%     80  0.0050 +/-0.000000  0.0000 +/-0.000000  1.0000 +/-0.000000  0.0000 +/-0.000000  1.0000 +/-0.000000
100%     96  0.0025 +/-0.000000  0.0000 +/-0.000000  1.0000 +/-0.000000  0.0000 +/-0.000000  1.0000 +/-0.000000
100%    112  0.0075 +/-0.000000  0.0000 +/-0.000000  1.0000 +/-0.000000  0.0000 +/-0.000000  1.0000 +/-0.000000
100%    124  0.0000 +/-0.000000  0.0000 +/-0.000000  1.0000 +/-0.000000  0.0000 +/-0.000000  1.0000 +/-0.000000
 75%      4  0.0025 +/-0.000000  0.0000 +/-0.000000  1.0000 +/-0.000000  0.0000 +/-0.000000  0.9675 +/-0.000000
 75%      8  0.0000 +/-0.000000  0.0000 +/-0.000000  1.0000 +/-0.000000  0.0000 +/-0.000000  0.9754 +/-0.000000
 75%     16  0.0075 +/-0.000000  0.0654 +/-0.000000  0.9999 +/-0.000000  0.1200 +/-0.000000  0.9807 +/-0.000000
 75%     20  0.0050 +/-0.000000  0.0605 +/-0.000000  1.0000 +/-0.000000  0.1175 +/-0.000000  0.9814 +/-0.000000
 75%     48  0.0050 +/-0.000000  0.2456 +/-0.000000  1.0000 +/-0.000000  0.9300 +/-0.000000  0.9900 +/-0.000000
 75%     64  0.0060 +/-0.000000  0.3687 +/-0.000000  1.0000 +/-0.000000  0.9915 +/-0.000000  0.9928 +/-0.000000
 75%     80  0.0027 +/-0.000000  0.4159 +/-0.000000  1.0000 +/-0.000000  0.9973 +/-0.000000  0.9940 +/-0.000000
 75%     96  0.0033 +/-0.000000  0.4370 +/-0.000000  1.0000 +/-0.000000  0.9967 +/-0.000000  0.9948 +/-0.000000
 75%    112  0.0047 +/-0.000000  0.4706 +/-0.000000  1.0000 +/-0.000000  0.9953 +/-0.000000  0.9955 +/-0.000000
 75%    124  0.0134 +/-0.000000  0.4703 +/-0.000000  0.9999 +/-0.000000  0.9866 +/-0.000000  0.9958 +/-0.000000
 50%      4  0.0025 +/-0.000000  0.0054 +/-0.000000  1.0000 +/-0.000000  0.0100 +/-0.000000  0.9480 +/-0.000000
 50%      8  0.0067 +/-0.000000  0.1536 +/-0.000000  0.9999 +/-0.000000  0.3008 +/-0.000000  0.9669 +/-0.000000
 50%     16  0.0048 +/-0.000000  0.2535 +/-0.000000  0.9999 +/-0.000000  0.8677 +/-0.000000  0.9789 +/-0.000000
 50%     20  0.0079 +/-0.000000  0.3207 +/-0.000000  0.9999 +/-0.000000  0.8971 +/-0.000000  0.9825 +/-0.000000
 50%     48  0.0103 +/-0.000000  0.5115 +/-0.000000  0.9999 +/-0.000000  0.9897 +/-0.000000  0.9927 +/-0.000000
 50%     64  0.0231 +/-0.000000  0.5607 +/-0.000000  0.9998 +/-0.000000  0.9769 +/-0.000000  0.9945 +/-0.000000
 50%     80  0.0468 +/-0.000000  0.6068 +/-0.000000  0.9996 +/-0.000000  0.9532 +/-0.000000  0.9956 +/-0.000000
 50%     96  0.0824 +/-0.000000  0.6462 +/-0.000000  0.9993 +/-0.000000  0.9176 +/-0.000000  0.9964 +/-0.000000
 50%    112  0.1210 +/-0.000000  0.6612 +/-0.000000  0.9991 +/-0.000000  0.8790 +/-0.000000  0.9970 +/-0.000000
 50%    124  0.1253 +/-0.000000  0.7081 +/-0.000000  0.9991 +/-0.000000  0.8747 +/-0.000000  0.9976 +/-0.000000
 25%      4  0.0168 +/-0.000000  0.1038 +/-0.000000  0.9998 +/-0.000000  0.1257 +/-0.000000  0.9263 +/-0.000000
 25%      8  0.0209 +/-0.000000  0.2503 +/-0.000000  0.9997 +/-0.000000  0.7116 +/-0.000000  0.9607 +/-0.000000
 25%     16  0.0195 +/-0.000000  0.4186 +/-0.000000  0.9997 +/-0.000000  0.9805 +/-0.000000  0.9814 +/-0.000000
 25%     20  0.0214 +/-0.000000  0.4766 +/-0.000000  0.9996 +/-0.000000  0.9786 +/-0.000000  0.9851 +/-0.000000
 25%     48  0.1238 +/-0.000000  0.6003 +/-0.000000  0.9985 +/-0.000000  0.8762 +/-0.000000  0.9935 +/-0.000000
 25%     64  0.2018 +/-0.000000  0.6610 +/-0.000000  0.9978 +/-0.000000  0.7982 +/-0.000000  0.9956 +/-0.000000
 25%     80  0.2176 +/-0.000000  0.7179 +/-0.000000  0.9978 +/-0.000000  0.7824 +/-0.000000  0.9968 +/-0.000000
 25%     96  0.2386 +/-0.000000  0.7743 +/-0.000000  0.9977 +/-0.000000  0.7614 +/-0.000000  0.9978 +/-0.000000
 25%    112  0.2515 +/-0.000000  0.7776 +/-0.000000  0.9977 +/-0.000000  0.7485 +/-0.000000  0.9981 +/-0.000000
 25%    124  0.2443 +/-0.000000  0.8011 +/-0.000000  0.9979 +/-0.000000  0.7557 +/-0.000000  0.9984 +/-0.000000
  0%      4  0.0160 +/-0.000000  0.1583 +/-0.000000  0.9993 +/-0.000000  0.3240 +/-0.000000  0.9111 +/-0.000000
  0%      8  0.0215 +/-0.000000  0.3392 +/-0.000000  0.9995 +/-0.000000  0.9410 +/-0.000000  0.9591 +/-0.000000
  0%     16  0.0263 +/-0.000000  0.4910 +/-0.000000  0.9995 +/-0.000000  0.9737 +/-0.000000  0.9811 +/-0.000000
  0%     20  0.0359 +/-0.000000  0.5340 +/-0.000000  0.9993 +/-0.000000  0.9641 +/-0.000000  0.9865 +/-0.000000
  0%     48  0.0235 +/-0.000000  0.6838 +/-0.000000  0.9997 +/-0.000000  0.9765 +/-0.000000  0.9949 +/-0.000000
  0%     64  0.0134 +/-0.000000  0.7552 +/-0.000000  0.9998 +/-0.000000  0.9866 +/-0.000000  0.9968 +/-0.000000
  0%     80  0.0063 +/-0.000000  0.8125 +/-0.000000  0.9999 +/-0.000000  0.9937 +/-0.000000  0.9979 +/-0.000000
  0%     96  0.0008 +/-0.000000  0.8757 +/-0.000000  1.0000 +/-0.000000  0.9992 +/-0.000000  0.9988 +/-0.000000
  0%    112  0.0000 +/-0.000000  0.9186 +/-0.000000  1.0000 +/-0.000000  1.0000 +/-0.000000  0.9993 +/-0.000000
  0%    124  0.0000 +/-0.000000  1.0000 +/-0.000000  1.0000 +/-0.000000  1.0000 +/-0.000000  1.0000 +/-0.000000


fdr_actual statistics:
Nul(% max) #pval #tests | # exps        | range                | 25th percentile |   median | 75th percentile |     mean | stddev
-----------------------|---------------|----------------------|-----------------|----------|-----------------|----------|-------
100% 0.050     4 |            20 | 0.0000 to 0.0500     |          0.0000 |   0.0000 |          0.0000 |   0.0025 | 0.0112
100% 0.050     8 |            20 | 0.0000 to 0.0000     |          0.0000 |   0.0000 |          0.0000 |   0.0000 | 0.0000
100% 0.050    16 |            20 | 0.0000 to 0.0500     |          0.0000 |   0.0000 |          0.0000 |   0.0025 | 0.0112
100% 0.050    20 |            20 | 0.0000 to 0.0500     |          0.0000 |   0.0000 |          0.0000 |   0.0025 | 0.0112
100% 0.050    48 |            20 | 0.0000 to 0.0000     |          0.0000 |   0.0000 |          0.0000 |   0.0000 | 0.0000
100% 0.050    64 |            20 | 0.0000 to 0.0500     |          0.0000 |   0.0000 |          0.0000 |   0.0025 | 0.0112
100% 0.050    80 |            20 | 0.0000 to 0.0500     |          0.0000 |   0.0000 |          0.0000 |   0.0050 | 0.0154
100% 0.050    96 |            20 | 0.0000 to 0.0500     |          0.0000 |   0.0000 |          0.0000 |   0.0025 | 0.0112
100% 0.050   112 |            20 | 0.0000 to 0.1000     |          0.0000 |   0.0000 |          0.0000 |   0.0075 | 0.0245
100% 0.050   124 |            20 | 0.0000 to 0.0000     |          0.0000 |   0.0000 |          0.0000 |   0.0000 | 0.0000
 75% 0.038     4 |            20 | 0.0000 to 0.0500     |          0.0000 |   0.0000 |          0.0000 |   0.0025 | 0.0112
 75% 0.038     8 |            20 | 0.0000 to 0.0000     |          0.0000 |   0.0000 |          0.0000 |   0.0000 | 0.0000
 75% 0.038    16 |            20 | 0.0000 to 0.1000     |          0.0000 |   0.0000 |          0.0000 |   0.0065 | 0.0225
 75% 0.038    20 |            20 | 0.0000 to 0.0500     |          0.0000 |   0.0000 |          0.0000 |   0.0041 | 0.0120
 75% 0.038    48 |            20 | 0.0000 to 0.0208     |          0.0000 |   0.0000 |          0.0000 |   0.0028 | 0.0064
 75% 0.038    64 |            20 | 0.0000 to 0.0136     |          0.0000 |   0.0000 |          0.0071 |   0.0032 | 0.0047
 75% 0.038    80 |            20 | 0.0000 to 0.0180     |          0.0000 |   0.0000 |          0.0000 |   0.0017 | 0.0045
 75% 0.038    96 |            20 | 0.0000 to 0.0207     |          0.0000 |   0.0000 |          0.0006 |   0.0025 | 0.0061
 75% 0.038   112 |            20 | 0.0000 to 0.0262     |          0.0000 |   0.0000 |          0.0054 |   0.0053 | 0.0095
 75% 0.038   124 |            20 | 0.0000 to 0.0470     |          0.0042 |   0.0169 |          0.0221 |   0.0146 | 0.0125
 50% 0.025     4 |            20 | 0.0000 to 0.0250     |          0.0000 |   0.0000 |          0.0000 |   0.0013 | 0.0056
 50% 0.025     8 |            20 | 0.0000 to 0.0500     |          0.0000 |   0.0000 |          0.0000 |   0.0041 | 0.0120
 50% 0.025    16 |            20 | 0.0000 to 0.0259     |          0.0000 |   0.0000 |          0.0000 |   0.0013 | 0.0058
 50% 0.025    20 |            20 | 0.0000 to 0.0083     |          0.0000 |   0.0000 |          0.0000 |   0.0011 | 0.0026
 50% 0.025    48 |            20 | 0.0000 to 0.0224     |          0.0000 |   0.0035 |          0.0084 |   0.0054 | 0.0065
 50% 0.025    64 |            20 | 0.0000 to 0.0307     |          0.0091 |   0.0106 |          0.0184 |   0.0136 | 0.0082
 50% 0.025    80 |            20 | 0.0000 to 0.0726     |          0.0320 |   0.0456 |          0.0555 |   0.0446 | 0.0174
 50% 0.025    96 |            20 | 0.0421 to 0.1724     |          0.0848 |   0.1005 |          0.1204 |   0.1015 | 0.0372
 50% 0.025   112 |            20 | 0.1128 to 0.2095     |          0.1397 |   0.1584 |          0.1719 |   0.1569 | 0.0262
 50% 0.025   124 |            20 | 0.1170 to 0.2508     |          0.1424 |   0.1709 |          0.1968 |   0.1735 | 0.0368
 25% 0.013     4 |            20 | 0.0000 to 0.0250     |          0.0000 |   0.0000 |          0.0000 |   0.0021 | 0.0066
 25% 0.013     8 |            20 | 0.0000 to 0.0171     |          0.0000 |   0.0000 |          0.0000 |   0.0020 | 0.0050
 25% 0.013    16 |            20 | 0.0000 to 0.0091     |          0.0000 |   0.0000 |          0.0000 |   0.0007 | 0.0022
 25% 0.013    20 |            20 | 0.0000 to 0.0110     |          0.0000 |   0.0000 |          0.0000 |   0.0011 | 0.0027
 25% 0.013    48 |            20 | 0.0302 to 0.0762     |          0.0443 |   0.0480 |          0.0560 |   0.0498 | 0.0101
 25% 0.013    64 |            20 | 0.0736 to 0.1102     |          0.0840 |   0.0937 |          0.1005 |   0.0929 | 0.0101
 25% 0.013    80 |            20 | 0.1032 to 0.1263     |          0.1126 |   0.1167 |          0.1200 |   0.1163 | 0.0059
 25% 0.013    96 |            20 | 0.1101 to 0.1302     |          0.1203 |   0.1229 |          0.1244 |   0.1218 | 0.0044
 25% 0.013   112 |            20 | 0.1169 to 0.1382     |          0.1231 |   0.1264 |          0.1306 |   0.1270 | 0.0052
 25% 0.013   124 |            20 | 0.1184 to 0.1392     |          0.1216 |   0.1266 |          0.1321 |   0.1277 | 0.0067
  0% 0.000     4 |            20 | 0.0000 to 0.0000     |          0.0000 |   0.0000 |          0.0000 |   0.0000 | 0.0000
  0% 0.000     8 |            20 | 0.0000 to 0.0000     |          0.0000 |   0.0000 |          0.0000 |   0.0000 | 0.0000
  0% 0.000    16 |            20 | 0.0000 to 0.0000     |          0.0000 |   0.0000 |          0.0000 |   0.0000 | 0.0000
  0% 0.000    20 |            20 | 0.0000 to 0.0000     |          0.0000 |   0.0000 |          0.0000 |   0.0000 | 0.0000
  0% 0.000    48 |            20 | 0.0000 to 0.0000     |          0.0000 |   0.0000 |          0.0000 |   0.0000 | 0.0000
  0% 0.000    64 |            20 | 0.0000 to 0.0000     |          0.0000 |   0.0000 |          0.0000 |   0.0000 | 0.0000
  0% 0.000    80 |            20 | 0.0000 to 0.0000     |          0.0000 |   0.0000 |          0.0000 |   0.0000 | 0.0000
  0% 0.000    96 |            20 | 0.0000 to 0.0000     |          0.0000 |   0.0000 |          0.0000 |   0.0000 | 0.0000
  0% 0.000   112 |            20 | 0.0000 to 0.0000     |          0.0000 |   0.0000 |          0.0000 |   0.0000 | 0.0000
  0% 0.000   124 |            20 | 0.0000 to 0.0000     |          0.0000 |   0.0000 |          0.0000 |   0.0000 | 0.0000

sensitivity statistics:
Nul(% max) #pval #tests | # exps        | range                | 25th percentile |   median | 75th percentile |     mean | stddev
-----------------------|---------------|----------------------|-----------------|----------|-----------------|----------|-------
100% 0.050     4 |            20 | 0.0000 to 0.0000     |          0.0000 |   0.0000 |          0.0000 |   0.0000 | 0.0000
100% 0.050     8 |            20 | 0.0000 to 0.0000     |          0.0000 |   0.0000 |          0.0000 |   0.0000 | 0.0000
100% 0.050    16 |            20 | 0.0000 to 0.0000     |          0.0000 |   0.0000 |          0.0000 |   0.0000 | 0.0000
100% 0.050    20 |            20 | 0.0000 to 0.0000     |          0.0000 |   0.0000 |          0.0000 |   0.0000 | 0.0000
100% 0.050    48 |            20 | 0.0000 to 0.0000     |          0.0000 |   0.0000 |          0.0000 |   0.0000 | 0.0000
100% 0.050    64 |            20 | 0.0000 to 0.0000     |          0.0000 |   0.0000 |          0.0000 |   0.0000 | 0.0000
100% 0.050    80 |            20 | 0.0000 to 0.0000     |          0.0000 |   0.0000 |          0.0000 |   0.0000 | 0.0000
100% 0.050    96 |            20 | 0.0000 to 0.0000     |          0.0000 |   0.0000 |          0.0000 |   0.0000 | 0.0000
100% 0.050   112 |            20 | 0.0000 to 0.0000     |          0.0000 |   0.0000 |          0.0000 |   0.0000 | 0.0000
100% 0.050   124 |            20 | 0.0000 to 0.0000     |          0.0000 |   0.0000 |          0.0000 |   0.0000 | 0.0000
 75% 0.038     4 |            20 | 0.0000 to 0.0000     |          0.0000 |   0.0000 |          0.0000 |   0.0000 | 0.0000
 75% 0.038     8 |            20 | 0.0000 to 0.0000     |          0.0000 |   0.0000 |          0.0000 |   0.0000 | 0.0000
 75% 0.038    16 |            20 | 0.0000 to 0.2000     |          0.0719 |   0.0875 |          0.1406 |   0.0987 | 0.0576
 75% 0.038    20 |            20 | 0.0400 to 0.2900     |          0.0400 |   0.0750 |          0.1225 |   0.0965 | 0.0669
 75% 0.038    48 |            20 | 0.3958 to 0.5917     |          0.4896 |   0.5125 |          0.5635 |   0.5206 | 0.0509
 75% 0.038    64 |            20 | 0.6906 to 0.7781     |          0.7000 |   0.7281 |          0.7539 |   0.7281 | 0.0296
 75% 0.038    80 |            20 | 0.7300 to 0.8550     |          0.7969 |   0.8113 |          0.8294 |   0.8106 | 0.0303
 75% 0.038    96 |            20 | 0.7917 to 0.8896     |          0.8089 |   0.8365 |          0.8490 |   0.8313 | 0.0277
 75% 0.038   112 |            20 | 0.8286 to 0.9018     |          0.8571 |   0.8696 |          0.8812 |   0.8689 | 0.0200
 75% 0.038   124 |            20 | 0.8371 to 0.9194     |          0.8778 |   0.8855 |          0.8891 |   0.8829 | 0.0167
 50% 0.025     4 |            20 | 0.0000 to 0.1500     |          0.0000 |   0.0000 |          0.0000 |   0.0112 | 0.0349
 50% 0.025     8 |            20 | 0.0750 to 0.3875     |          0.1875 |   0.2188 |          0.3062 |   0.2344 | 0.0847
 50% 0.025    16 |            20 | 0.4125 to 0.6188     |          0.4688 |   0.4875 |          0.5156 |   0.4987 | 0.0505
 50% 0.025    20 |            20 | 0.4550 to 0.7400     |          0.5850 |   0.6125 |          0.6388 |   0.6112 | 0.0580
 50% 0.025    48 |            20 | 0.8375 to 0.9208     |          0.8620 |   0.8917 |          0.9021 |   0.8847 | 0.0237
 50% 0.025    64 |            20 | 0.9172 to 0.9359     |          0.9215 |   0.9266 |          0.9305 |   0.9264 | 0.0059
 50% 0.025    80 |            20 | 0.9213 to 0.9600     |          0.9381 |   0.9419 |          0.9469 |   0.9417 | 0.0088
 50% 0.025    96 |            20 | 0.9406 to 0.9677     |          0.9487 |   0.9521 |          0.9562 |   0.9528 | 0.0065
 50% 0.025   112 |            20 | 0.9500 to 0.9670     |          0.9545 |   0.9589 |          0.9609 |   0.9583 | 0.0044
 50% 0.025   124 |            20 | 0.9532 to 0.9766     |          0.9627 |   0.9669 |          0.9702 |   0.9663 | 0.0057
 25% 0.013     4 |            20 | 0.0333 to 0.2333     |          0.0958 |   0.1083 |          0.1708 |   0.1275 | 0.0557
 25% 0.013     8 |            20 | 0.2917 to 0.5250     |          0.4292 |   0.4625 |          0.4750 |   0.4483 | 0.0568
 25% 0.013    16 |            20 | 0.6958 to 0.8333     |          0.7281 |   0.7521 |          0.7646 |   0.7502 | 0.0349
 25% 0.013    20 |            20 | 0.7933 to 0.8800     |          0.8325 |   0.8433 |          0.8567 |   0.8427 | 0.0201
 25% 0.013    48 |            20 | 0.9194 to 0.9569     |          0.9330 |   0.9361 |          0.9420 |   0.9371 | 0.0089
 25% 0.013    64 |            20 | 0.9427 to 0.9667     |          0.9510 |   0.9578 |          0.9607 |   0.9557 | 0.0070
 25% 0.013    80 |            20 | 0.9608 to 0.9800     |          0.9644 |   0.9683 |          0.9719 |   0.9684 | 0.0058
 25% 0.013    96 |            20 | 0.9687 to 0.9868     |          0.9748 |   0.9778 |          0.9806 |   0.9774 | 0.0042
 25% 0.013   112 |            20 | 0.9744 to 0.9863     |          0.9768 |   0.9789 |          0.9827 |   0.9795 | 0.0035
 25% 0.013   124 |            20 | 0.9790 to 0.9887     |          0.9816 |   0.9833 |          0.9843 |   0.9833 | 0.0026
  0% 0.000     4 |            20 | 0.0750 to 0.3750     |          0.1750 |   0.2500 |          0.3187 |   0.2487 | 0.0848
  0% 0.000     8 |            20 | 0.5062 to 0.6937     |          0.5813 |   0.6188 |          0.6578 |   0.6175 | 0.0536
  0% 0.000    16 |            20 | 0.7969 to 0.8844     |          0.8461 |   0.8625 |          0.8750 |   0.8559 | 0.0237
  0% 0.000    20 |            20 | 0.8625 to 0.9225     |          0.8919 |   0.8975 |          0.9075 |   0.8980 | 0.0151
  0% 0.000    48 |            20 | 0.9521 to 0.9688     |          0.9573 |   0.9594 |          0.9635 |   0.9596 | 0.0045
  0% 0.000    64 |            20 | 0.9688 to 0.9820     |          0.9725 |   0.9742 |          0.9771 |   0.9746 | 0.0037
  0% 0.000    80 |            20 | 0.9781 to 0.9888     |          0.9817 |   0.9831 |          0.9858 |   0.9833 | 0.0031
  0% 0.000    96 |            20 | 0.9865 to 0.9964     |          0.9895 |   0.9911 |          0.9932 |   0.9914 | 0.0025
  0% 0.000   112 |            20 | 0.9911 to 0.9973     |          0.9931 |   0.9949 |          0.9961 |   0.9946 | 0.0020
  0% 0.000   124 |            20 | 1.0000 to 1.0000     |          1.0000 |   1.0000 |          1.0000 |   1.0000 | 0.0000

specificity statistics:
Nul(% max) #pval #tests | # exps        | range                | 25th percentile |   median | 75th percentile |     mean | stddev
-----------------------|---------------|----------------------|-----------------|----------|-----------------|----------|-------
100% 0.050     4 |            20 | 0.9625 to 1.0000     |          1.0000 |   1.0000 |          1.0000 |   0.9981 | 0.0084
100% 0.050     8 |            20 | 1.0000 to 1.0000     |          1.0000 |   1.0000 |          1.0000 |   1.0000 | 0.0000
100% 0.050    16 |            20 | 0.9938 to 1.0000     |          1.0000 |   1.0000 |          1.0000 |   0.9997 | 0.0014
100% 0.050    20 |            20 | 0.9925 to 1.0000     |          1.0000 |   1.0000 |          1.0000 |   0.9996 | 0.0017
100% 0.050    48 |            20 | 1.0000 to 1.0000     |          1.0000 |   1.0000 |          1.0000 |   1.0000 | 0.0000
100% 0.050    64 |            20 | 0.9969 to 1.0000     |          1.0000 |   1.0000 |          1.0000 |   0.9998 | 0.0007
100% 0.050    80 |            20 | 0.9950 to 1.0000     |          1.0000 |   1.0000 |          1.0000 |   0.9997 | 0.0012
100% 0.050    96 |            20 | 0.9979 to 1.0000     |          1.0000 |   1.0000 |          1.0000 |   0.9999 | 0.0005
100% 0.050   112 |            20 | 0.9973 to 1.0000     |          1.0000 |   1.0000 |          1.0000 |   0.9998 | 0.0007
100% 0.050   124 |            20 | 1.0000 to 1.0000     |          1.0000 |   1.0000 |          1.0000 |   1.0000 | 0.0000
 75% 0.038     4 |            20 | 0.9667 to 1.0000     |          1.0000 |   1.0000 |          1.0000 |   0.9983 | 0.0075
 75% 0.038     8 |            20 | 1.0000 to 1.0000     |          1.0000 |   1.0000 |          1.0000 |   1.0000 | 0.0000
 75% 0.038    16 |            20 | 0.9833 to 1.0000     |          1.0000 |   1.0000 |          1.0000 |   0.9985 | 0.0041
 75% 0.038    20 |            20 | 0.9933 to 1.0000     |          1.0000 |   1.0000 |          1.0000 |   0.9992 | 0.0021
 75% 0.038    48 |            20 | 0.9931 to 1.0000     |          1.0000 |   1.0000 |          1.0000 |   0.9992 | 0.0018
 75% 0.038    64 |            20 | 0.9969 to 1.0000     |          0.9979 |   1.0000 |          1.0000 |   0.9991 | 0.0013
 75% 0.038    80 |            20 | 0.9925 to 1.0000     |          1.0000 |   1.0000 |          1.0000 |   0.9993 | 0.0018
 75% 0.038    96 |            20 | 0.9903 to 1.0000     |          0.9998 |   1.0000 |          1.0000 |   0.9989 | 0.0030
 75% 0.038   112 |            20 | 0.9869 to 1.0000     |          0.9984 |   1.0000 |          1.0000 |   0.9975 | 0.0047
 75% 0.038   124 |            20 | 0.9753 to 1.0000     |          0.9882 |   0.9935 |          0.9985 |   0.9930 | 0.0066
 50% 0.025     4 |            20 | 0.9750 to 1.0000     |          1.0000 |   1.0000 |          1.0000 |   0.9988 | 0.0056
 50% 0.025     8 |            20 | 0.9750 to 1.0000     |          1.0000 |   1.0000 |          1.0000 |   0.9969 | 0.0080
 50% 0.025    16 |            20 | 0.9750 to 1.0000     |          1.0000 |   1.0000 |          1.0000 |   0.9988 | 0.0056
 50% 0.025    20 |            20 | 0.9950 to 1.0000     |          1.0000 |   1.0000 |          1.0000 |   0.9993 | 0.0018
 50% 0.025    48 |            20 | 0.9771 to 1.0000     |          0.9911 |   0.9969 |          1.0000 |   0.9944 | 0.0067
 50% 0.025    64 |            20 | 0.9672 to 1.0000     |          0.9793 |   0.9883 |          0.9895 |   0.9851 | 0.0090
 50% 0.025    80 |            20 | 0.9138 to 1.0000     |          0.9344 |   0.9450 |          0.9616 |   0.9467 | 0.0209
 50% 0.025    96 |            20 | 0.7812 to 0.9490     |          0.8516 |   0.8740 |          0.8927 |   0.8726 | 0.0470
 50% 0.025   112 |            20 | 0.7277 to 0.8554     |          0.7804 |   0.7955 |          0.8199 |   0.7987 | 0.0336
 50% 0.025   124 |            20 | 0.6677 to 0.8468     |          0.7401 |   0.7754 |          0.8121 |   0.7723 | 0.0488
 25% 0.013     4 |            20 | 0.9500 to 1.0000     |          1.0000 |   1.0000 |          1.0000 |   0.9950 | 0.0154
 25% 0.013     8 |            20 | 0.9500 to 1.0000     |          1.0000 |   1.0000 |          1.0000 |   0.9950 | 0.0131
 25% 0.013    16 |            20 | 0.9750 to 1.0000     |          1.0000 |   1.0000 |          1.0000 |   0.9981 | 0.0061
 25% 0.013    20 |            20 | 0.9700 to 1.0000     |          1.0000 |   1.0000 |          1.0000 |   0.9970 | 0.0073
 25% 0.013    48 |            20 | 0.7667 to 0.9083     |          0.8292 |   0.8521 |          0.8625 |   0.8460 | 0.0314
 25% 0.013    64 |            20 | 0.6406 to 0.7688     |          0.6781 |   0.6969 |          0.7258 |   0.6997 | 0.0348
 25% 0.013    80 |            20 | 0.5750 to 0.6600     |          0.6000 |   0.6150 |          0.6281 |   0.6146 | 0.0219
 25% 0.013    96 |            20 | 0.5604 to 0.6333     |          0.5792 |   0.5865 |          0.5995 |   0.5906 | 0.0167
 25% 0.013   112 |            20 | 0.5286 to 0.6071     |          0.5563 |   0.5723 |          0.5844 |   0.5699 | 0.0195
 25% 0.013   124 |            20 | 0.5194 to 0.6032     |          0.5480 |   0.5702 |          0.5891 |   0.5660 | 0.0269
  0% 0.000     4 |            20 | 0.0000 to 0.0000     |          0.0000 |   0.0000 |          0.0000 |   0.0000 | 0.0000
  0% 0.000     8 |            20 | 0.0000 to 0.0000     |          0.0000 |   0.0000 |          0.0000 |   0.0000 | 0.0000
  0% 0.000    16 |            20 | 0.0000 to 0.0000     |          0.0000 |   0.0000 |          0.0000 |   0.0000 | 0.0000
  0% 0.000    20 |            20 | 0.0000 to 0.0000     |          0.0000 |   0.0000 |          0.0000 |   0.0000 | 0.0000
  0% 0.000    48 |            20 | 0.0000 to 0.0000     |          0.0000 |   0.0000 |          0.0000 |   0.0000 | 0.0000
  0% 0.000    64 |            20 | 0.0000 to 0.0000     |          0.0000 |   0.0000 |          0.0000 |   0.0000 | 0.0000
  0% 0.000    80 |            20 | 0.0000 to 0.0000     |          0.0000 |   0.0000 |          0.0000 |   0.0000 | 0.0000
  0% 0.000    96 |            20 | 0.0000 to 0.0000     |          0.0000 |   0.0000 |          0.0000 |   0.0000 | 0.0000
  0% 0.000   112 |            20 | 0.0000 to 0.0000     |          0.0000 |   0.0000 |          0.0000 |   0.0000 | 0.0000
  0% 0.000   124 |            20 | 0.0000 to 0.0000     |          0.0000 |   0.0000 |          0.0000 |   0.0000 | 0.0000

pos_pred_val statistics:
Nul(% max) #pval #tests | # exps        | range                | 25th percentile |   median | 75th percentile |     mean | stddev
-----------------------|---------------|----------------------|-----------------|----------|-----------------|----------|-------
100% 0.050     4 |            20 | 0.0000 to 0.0000     |          0.0000 |   0.0000 |          0.0000 |   0.0000 | 0.0000
100% 0.050     8 |            20 | 0.0000 to 0.0000     |          0.0000 |   0.0000 |          0.0000 |   0.0000 | 0.0000
100% 0.050    16 |            20 | 0.0000 to 0.0000     |          0.0000 |   0.0000 |          0.0000 |   0.0000 | 0.0000
100% 0.050    20 |            20 | 0.0000 to 0.0000     |          0.0000 |   0.0000 |          0.0000 |   0.0000 | 0.0000
100% 0.050    48 |            20 | 0.0000 to 0.0000     |          0.0000 |   0.0000 |          0.0000 |   0.0000 | 0.0000
100% 0.050    64 |            20 | 0.0000 to 0.0000     |          0.0000 |   0.0000 |          0.0000 |   0.0000 | 0.0000
100% 0.050    80 |            20 | 0.0000 to 0.0000     |          0.0000 |   0.0000 |          0.0000 |   0.0000 | 0.0000
100% 0.050    96 |            20 | 0.0000 to 0.0000     |          0.0000 |   0.0000 |          0.0000 |   0.0000 | 0.0000
100% 0.050   112 |            20 | 0.0000 to 0.0000     |          0.0000 |   0.0000 |          0.0000 |   0.0000 | 0.0000
100% 0.050   124 |            20 | 0.0000 to 0.0000     |          0.0000 |   0.0000 |          0.0000 |   0.0000 | 0.0000
 75% 0.038     4 |            20 | 0.0000 to 0.0000     |          0.0000 |   0.0000 |          0.0000 |   0.0000 | 0.0000
 75% 0.038     8 |            20 | 0.0000 to 0.0000     |          0.0000 |   0.0000 |          0.0000 |   0.0000 | 0.0000
 75% 0.038    16 |            20 | 0.0000 to 0.2500     |          0.0969 |   0.1000 |          0.1625 |   0.1210 | 0.0716
 75% 0.038    20 |            20 | 0.0500 to 0.3500     |          0.0500 |   0.1000 |          0.1500 |   0.1184 | 0.0802
 75% 0.038    48 |            20 | 0.8000 to 1.0000     |          0.8875 |   0.9500 |          1.0000 |   0.9322 | 0.0675
 75% 0.038    64 |            20 | 0.9500 to 1.0000     |          0.9926 |   1.0000 |          1.0000 |   0.9943 | 0.0114
 75% 0.038    80 |            20 | 0.9820 to 1.0000     |          1.0000 |   1.0000 |          1.0000 |   0.9983 | 0.0045
 75% 0.038    96 |            20 | 0.9793 to 1.0000     |          0.9994 |   1.0000 |          1.0000 |   0.9975 | 0.0061
 75% 0.038   112 |            20 | 0.9738 to 1.0000     |          0.9946 |   1.0000 |          1.0000 |   0.9947 | 0.0095
 75% 0.038   124 |            20 | 0.9530 to 1.0000     |          0.9779 |   0.9831 |          0.9958 |   0.9854 | 0.0125
 50% 0.025     4 |            20 | 0.0000 to 0.1500     |          0.0000 |   0.0000 |          0.0000 |   0.0112 | 0.0349
 50% 0.025     8 |            20 | 0.1000 to 0.5000     |          0.2500 |   0.2750 |          0.3819 |   0.3034 | 0.1097
 50% 0.025    16 |            20 | 0.7500 to 1.0000     |          0.8435 |   0.8750 |          0.9000 |   0.8712 | 0.0603
 50% 0.025    20 |            20 | 0.7944 to 1.0000     |          0.8821 |   0.9000 |          0.9500 |   0.9039 | 0.0585
 50% 0.025    48 |            20 | 0.9776 to 1.0000     |          0.9916 |   0.9965 |          1.0000 |   0.9946 | 0.0065
 50% 0.025    64 |            20 | 0.9693 to 1.0000     |          0.9816 |   0.9894 |          0.9909 |   0.9864 | 0.0082
 50% 0.025    80 |            20 | 0.9274 to 1.0000     |          0.9445 |   0.9544 |          0.9680 |   0.9554 | 0.0174
 50% 0.025    96 |            20 | 0.8276 to 0.9579     |          0.8796 |   0.8995 |          0.9152 |   0.8985 | 0.0372
 50% 0.025   112 |            20 | 0.7905 to 0.8872     |          0.8281 |   0.8416 |          0.8603 |   0.8431 | 0.0262
 50% 0.025   124 |            20 | 0.7492 to 0.8830     |          0.8032 |   0.8291 |          0.8576 |   0.8265 | 0.0368
 25% 0.013     4 |            20 | 0.0500 to 0.2500     |          0.1000 |   0.1125 |          0.2000 |   0.1404 | 0.0642
 25% 0.013     8 |            20 | 0.5000 to 0.8400     |          0.7000 |   0.7500 |          0.8000 |   0.7305 | 0.0810
 25% 0.013    16 |            20 | 0.9909 to 1.0000     |          1.0000 |   1.0000 |          1.0000 |   0.9993 | 0.0022
 25% 0.013    20 |            20 | 0.9890 to 1.0000     |          1.0000 |   1.0000 |          1.0000 |   0.9989 | 0.0027
 25% 0.013    48 |            20 | 0.9238 to 0.9698     |          0.9440 |   0.9520 |          0.9557 |   0.9502 | 0.0101
 25% 0.013    64 |            20 | 0.8898 to 0.9264     |          0.8995 |   0.9063 |          0.9160 |   0.9071 | 0.0101
 25% 0.013    80 |            20 | 0.8737 to 0.8968     |          0.8800 |   0.8833 |          0.8874 |   0.8837 | 0.0059
 25% 0.013    96 |            20 | 0.8698 to 0.8899     |          0.8756 |   0.8771 |          0.8797 |   0.8782 | 0.0044
 25% 0.013   112 |            20 | 0.8618 to 0.8831     |          0.8694 |   0.8736 |          0.8769 |   0.8730 | 0.0052
 25% 0.013   124 |            20 | 0.8608 to 0.8816     |          0.8679 |   0.8734 |          0.8784 |   0.8723 | 0.0067
  0% 0.000     4 |            20 | 0.1000 to 0.5500     |          0.2500 |   0.3500 |          0.4500 |   0.3400 | 0.1188
  0% 0.000     8 |            20 | 0.9000 to 1.0000     |          0.9500 |   0.9500 |          1.0000 |   0.9625 | 0.0358
  0% 0.000    16 |            20 | 1.0000 to 1.0000     |          1.0000 |   1.0000 |          1.0000 |   1.0000 | 0.0000
  0% 0.000    20 |            20 | 1.0000 to 1.0000     |          1.0000 |   1.0000 |          1.0000 |   1.0000 | 0.0000
  0% 0.000    48 |            20 | 1.0000 to 1.0000     |          1.0000 |   1.0000 |          1.0000 |   1.0000 | 0.0000
  0% 0.000    64 |            20 | 1.0000 to 1.0000     |          1.0000 |   1.0000 |          1.0000 |   1.0000 | 0.0000
  0% 0.000    80 |            20 | 1.0000 to 1.0000     |          1.0000 |   1.0000 |          1.0000 |   1.0000 | 0.0000
  0% 0.000    96 |            20 | 1.0000 to 1.0000     |          1.0000 |   1.0000 |          1.0000 |   1.0000 | 0.0000
  0% 0.000   112 |            20 | 1.0000 to 1.0000     |          1.0000 |   1.0000 |          1.0000 |   1.0000 | 0.0000
  0% 0.000   124 |            20 | 1.0000 to 1.0000     |          1.0000 |   1.0000 |          1.0000 |   1.0000 | 0.0000

neg_pred_val statistics:
Nul(% max) #pval #tests | # exps        | range                | 25th percentile |   median | 75th percentile |     mean | stddev
-----------------------|---------------|----------------------|-----------------|----------|-----------------|----------|-------
100% 0.050     4 |            20 | 1.0000 to 1.0000     |          1.0000 |   1.0000 |          1.0000 |   1.0000 | 0.0000
100% 0.050     8 |            20 | 1.0000 to 1.0000     |          1.0000 |   1.0000 |          1.0000 |   1.0000 | 0.0000
100% 0.050    16 |            20 | 1.0000 to 1.0000     |          1.0000 |   1.0000 |          1.0000 |   1.0000 | 0.0000
100% 0.050    20 |            20 | 1.0000 to 1.0000     |          1.0000 |   1.0000 |          1.0000 |   1.0000 | 0.0000
100% 0.050    48 |            20 | 1.0000 to 1.0000     |          1.0000 |   1.0000 |          1.0000 |   1.0000 | 0.0000
100% 0.050    64 |            20 | 1.0000 to 1.0000     |          1.0000 |   1.0000 |          1.0000 |   1.0000 | 0.0000
100% 0.050    80 |            20 | 1.0000 to 1.0000     |          1.0000 |   1.0000 |          1.0000 |   1.0000 | 0.0000
100% 0.050    96 |            20 | 1.0000 to 1.0000     |          1.0000 |   1.0000 |          1.0000 |   1.0000 | 0.0000
100% 0.050   112 |            20 | 1.0000 to 1.0000     |          1.0000 |   1.0000 |          1.0000 |   1.0000 | 0.0000
100% 0.050   124 |            20 | 1.0000 to 1.0000     |          1.0000 |   1.0000 |          1.0000 |   1.0000 | 0.0000
 75% 0.038     4 |            20 | 0.7375 to 0.7500     |          0.7500 |   0.7500 |          0.7500 |   0.7494 | 0.0028
 75% 0.038     8 |            20 | 0.7500 to 0.7500     |          0.7500 |   0.7500 |          0.7500 |   0.7500 | 0.0000
 75% 0.038    16 |            20 | 0.7500 to 0.7971     |          0.7665 |   0.7692 |          0.7839 |   0.7732 | 0.0137
 75% 0.038    20 |            20 | 0.7580 to 0.8187     |          0.7594 |   0.7674 |          0.7789 |   0.7726 | 0.0158
 75% 0.038    48 |            20 | 0.8355 to 0.8834     |          0.8589 |   0.8634 |          0.8765 |   0.8656 | 0.0124
 75% 0.038    64 |            20 | 0.9082 to 0.9335     |          0.9111 |   0.9187 |          0.9264 |   0.9189 | 0.0083
 75% 0.038    80 |            20 | 0.9194 to 0.9545     |          0.9379 |   0.9424 |          0.9473 |   0.9420 | 0.0087
 75% 0.038    96 |            20 | 0.9360 to 0.9653     |          0.9417 |   0.9497 |          0.9529 |   0.9480 | 0.0081
 75% 0.038   112 |            20 | 0.9466 to 0.9686     |          0.9556 |   0.9590 |          0.9623 |   0.9587 | 0.0060
 75% 0.038   124 |            20 | 0.9495 to 0.9741     |          0.9612 |   0.9632 |          0.9648 |   0.9627 | 0.0049
 50% 0.025     4 |            20 | 0.5000 to 0.5750     |          0.5000 |   0.5000 |          0.5000 |   0.5050 | 0.0174
 50% 0.025     8 |            20 | 0.5300 to 0.6633     |          0.5750 |   0.5883 |          0.6283 |   0.5965 | 0.0359
 50% 0.025    16 |            20 | 0.6484 to 0.7345     |          0.6685 |   0.6772 |          0.6988 |   0.6846 | 0.0235
 50% 0.025    20 |            20 | 0.6716 to 0.8102     |          0.7260 |   0.7427 |          0.7514 |   0.7420 | 0.0280
 50% 0.025    48 |            20 | 0.8676 to 0.9303     |          0.8821 |   0.9055 |          0.9147 |   0.9009 | 0.0185
 50% 0.025    64 |            20 | 0.9251 to 0.9407     |          0.9277 |   0.9326 |          0.9357 |   0.9319 | 0.0052
 50% 0.025    80 |            20 | 0.9260 to 0.9577     |          0.9391 |   0.9423 |          0.9470 |   0.9428 | 0.0076
 50% 0.025    96 |            20 | 0.9354 to 0.9663     |          0.9443 |   0.9473 |          0.9512 |   0.9485 | 0.0074
 50% 0.025   112 |            20 | 0.9409 to 0.9612     |          0.9464 |   0.9485 |          0.9528 |   0.9497 | 0.0056
 50% 0.025   124 |            20 | 0.9419 to 0.9675     |          0.9552 |   0.9577 |          0.9639 |   0.9581 | 0.0065
 25% 0.013     4 |            20 | 0.2625 to 0.4125     |          0.3094 |   0.3250 |          0.3531 |   0.3331 | 0.0398
 25% 0.013     8 |            20 | 0.3650 to 0.4850     |          0.4113 |   0.4304 |          0.4496 |   0.4296 | 0.0327
 25% 0.013    16 |            20 | 0.5548 to 0.7063     |          0.5841 |   0.6181 |          0.6437 |   0.6169 | 0.0433
 25% 0.013    20 |            20 | 0.6576 to 0.7715     |          0.6989 |   0.7104 |          0.7254 |   0.7121 | 0.0274
 25% 0.013    48 |            20 | 0.7798 to 0.8748     |          0.8094 |   0.8276 |          0.8372 |   0.8247 | 0.0231
 25% 0.013    64 |            20 | 0.8079 to 0.8752     |          0.8326 |   0.8495 |          0.8559 |   0.8463 | 0.0182
 25% 0.013    80 |            20 | 0.8410 to 0.9140     |          0.8591 |   0.8709 |          0.8895 |   0.8714 | 0.0210
 25% 0.013    96 |            20 | 0.8640 to 0.9377     |          0.8865 |   0.9023 |          0.9136 |   0.9008 | 0.0187
 25% 0.013   112 |            20 | 0.8722 to 0.9356     |          0.8945 |   0.9035 |          0.9200 |   0.9051 | 0.0167
 25% 0.013   124 |            20 | 0.9010 to 0.9431     |          0.9102 |   0.9204 |          0.9267 |   0.9197 | 0.0116
  0% 0.000     4 |            20 | 0.0000 to 0.0000     |          0.0000 |   0.0000 |          0.0000 |   0.0000 | 0.0000
  0% 0.000     8 |            20 | 0.0000 to 0.0000     |          0.0000 |   0.0000 |          0.0000 |   0.0000 | 0.0000
  0% 0.000    16 |            20 | 0.0000 to 0.0000     |          0.0000 |   0.0000 |          0.0000 |   0.0000 | 0.0000
  0% 0.000    20 |            20 | 0.0000 to 0.0000     |          0.0000 |   0.0000 |          0.0000 |   0.0000 | 0.0000
  0% 0.000    48 |            20 | 0.0000 to 0.0000     |          0.0000 |   0.0000 |          0.0000 |   0.0000 | 0.0000
  0% 0.000    64 |            20 | 0.0000 to 0.0000     |          0.0000 |   0.0000 |          0.0000 |   0.0000 | 0.0000
  0% 0.000    80 |            20 | 0.0000 to 0.0000     |          0.0000 |   0.0000 |          0.0000 |   0.0000 | 0.0000
  0% 0.000    96 |            20 | 0.0000 to 0.0000     |          0.0000 |   0.0000 |          0.0000 |   0.0000 | 0.0000
  0% 0.000   112 |            20 | 0.0000 to 0.0000     |          0.0000 |   0.0000 |          0.0000 |   0.0000 | 0.0000
  0% 0.000   124 |            20 | 0.0000 to 0.0000     |          0.0000 |   0.0000 |          0.0000 |   0.0000 | 0.0000
  ELAPSED TIME: 5:46:08.835473 Simulations complete. Reports and plots generated.
