  ELAPSED TIME: 5:22:40.079821 Simulations Completed

WRITTEN: 2017-11-06:

  RANDOM SEED = 0xc5d0e159 = 3,318,800,729
alpha(0.05) method(fdr_bh) propagate_counts(False)
SETTINGS AND GO-DAG VERSION:
    Multitest Params: alpha(0.05) method(fdr_bh) propagate_counts(False)
    GO-DAG version:   go-basic.obo: fmt(1.2) rel(2017-06-30) 46,830 GO Terms

ASSOCIATION INFORMATION:
    GOC Validation Date: 05/19/2017 $
    Submission Date: 5/19/2017
    gaf-version: 2.0
    Project_name: Mouse Genome Informatics (MGI)
    URL: http://www.informatics.jax.org/
    Contact Email: mgi-help@jax.org
    Funding: NHGRI of US National Institutes of Health
    software version: $Revision$
    date: 05/18/2017 $

17,256 GENES  IN ASSOCIATION
17,244 GO IDs IN ASSOCIATION
17,256 GENES  IN POPULATION
22,025 population genes (user)
17,256 population genes in assc.
   78% population genes coverage in assc.
   124 study genes (user)
   124 study genes in assc.
14,914 population genes - study buffer

TITLE: Stress Tests: Random Annotations; Pruned
SIMULATION PARAMETERS:
    randomize_truenull_assc rand_pruned_ntn2
    perc_nulls      [100, 75, 50, 25, 0]
    num_genes_list  [4, 8, 16, 20, 48, 64, 80, 96, 112, 124]
    num_experiments 20
    num_sims        20


Summary of genes mean values and standard errors for 50 sets of experiments

nul% #tests          fdr_actual         sensitivity         specificity        pos_pred_val        neg_pred_val
---- ------ ------------------- ------------------- ------------------- ------------------- -------------------
100%      4  0.0050 +/-0.000000  0.0000 +/-0.000000  0.9975 +/-0.000000  0.0000 +/-0.000000  1.0000 +/-0.000000
100%      8  0.0025 +/-0.000000  0.0000 +/-0.000000  0.9994 +/-0.000000  0.0000 +/-0.000000  1.0000 +/-0.000000
100%     16  0.0100 +/-0.000000  0.0000 +/-0.000000  0.9984 +/-0.000000  0.0000 +/-0.000000  1.0000 +/-0.000000
100%     20  0.0075 +/-0.000000  0.0000 +/-0.000000  0.9991 +/-0.000000  0.0000 +/-0.000000  1.0000 +/-0.000000
100%     48  0.0025 +/-0.000000  0.0000 +/-0.000000  0.9998 +/-0.000000  0.0000 +/-0.000000  1.0000 +/-0.000000
100%     64  0.0050 +/-0.000000  0.0000 +/-0.000000  0.9998 +/-0.000000  0.0000 +/-0.000000  1.0000 +/-0.000000
100%     80  0.0050 +/-0.000000  0.0000 +/-0.000000  0.9998 +/-0.000000  0.0000 +/-0.000000  1.0000 +/-0.000000
100%     96  0.0100 +/-0.000000  0.0000 +/-0.000000  0.9994 +/-0.000000  0.0000 +/-0.000000  1.0000 +/-0.000000
100%    112  0.0075 +/-0.000000  0.0000 +/-0.000000  0.9996 +/-0.000000  0.0000 +/-0.000000  1.0000 +/-0.000000
100%    124  0.0025 +/-0.000000  0.0000 +/-0.000000  0.9999 +/-0.000000  0.0000 +/-0.000000  1.0000 +/-0.000000
 75%      4  0.0013 +/-0.000000  0.0025 +/-0.000000  0.9992 +/-0.000000  0.0013 +/-0.000000  0.7506 +/-0.000000
 75%      8  0.0183 +/-0.000000  0.2062 +/-0.000000  0.9908 +/-0.000000  0.1992 +/-0.000000  0.8005 +/-0.000000
 75%     16  0.0099 +/-0.000000  0.3938 +/-0.000000  0.9967 +/-0.000000  0.5351 +/-0.000000  0.8416 +/-0.000000
 75%     20  0.0183 +/-0.000000  0.4555 +/-0.000000  0.9940 +/-0.000000  0.6117 +/-0.000000  0.8553 +/-0.000000
 75%     48  0.0272 +/-0.000000  0.7950 +/-0.000000  0.9903 +/-0.000000  0.9728 +/-0.000000  0.9381 +/-0.000000
 75%     64  0.0267 +/-0.000000  0.8628 +/-0.000000  0.9909 +/-0.000000  0.9708 +/-0.000000  0.9574 +/-0.000000
 75%     80  0.0316 +/-0.000000  0.9065 +/-0.000000  0.9890 +/-0.000000  0.9684 +/-0.000000  0.9703 +/-0.000000
 75%     96  0.0324 +/-0.000000  0.9223 +/-0.000000  0.9887 +/-0.000000  0.9676 +/-0.000000  0.9750 +/-0.000000
 75%    112  0.0340 +/-0.000000  0.9379 +/-0.000000  0.9882 +/-0.000000  0.9660 +/-0.000000  0.9798 +/-0.000000
 75%    124  0.0345 +/-0.000000  0.9502 +/-0.000000  0.9878 +/-0.000000  0.9655 +/-0.000000  0.9838 +/-0.000000
 50%      4  0.0063 +/-0.000000  0.2663 +/-0.000000  0.9938 +/-0.000000  0.2663 +/-0.000000  0.6300 +/-0.000000
 50%      8  0.0102 +/-0.000000  0.5413 +/-0.000000  0.9906 +/-0.000000  0.7797 +/-0.000000  0.7188 +/-0.000000
 50%     16  0.0162 +/-0.000000  0.8044 +/-0.000000  0.9838 +/-0.000000  0.9738 +/-0.000000  0.8522 +/-0.000000
 50%     20  0.0203 +/-0.000000  0.8538 +/-0.000000  0.9787 +/-0.000000  0.9797 +/-0.000000  0.8841 +/-0.000000
 50%     48  0.0269 +/-0.000000  0.9646 +/-0.000000  0.9716 +/-0.000000  0.9731 +/-0.000000  0.9666 +/-0.000000
 50%     64  0.0318 +/-0.000000  0.9783 +/-0.000000  0.9665 +/-0.000000  0.9682 +/-0.000000  0.9788 +/-0.000000
 50%     80  0.0358 +/-0.000000  0.9829 +/-0.000000  0.9621 +/-0.000000  0.9642 +/-0.000000  0.9832 +/-0.000000
 50%     96  0.0414 +/-0.000000  0.9867 +/-0.000000  0.9562 +/-0.000000  0.9586 +/-0.000000  0.9867 +/-0.000000
 50%    112  0.0444 +/-0.000000  0.9891 +/-0.000000  0.9528 +/-0.000000  0.9556 +/-0.000000  0.9890 +/-0.000000
 50%    124  0.0460 +/-0.000000  0.9904 +/-0.000000  0.9510 +/-0.000000  0.9540 +/-0.000000  0.9903 +/-0.000000
 25%      4  0.0023 +/-0.000000  0.4867 +/-0.000000  0.9925 +/-0.000000  0.6527 +/-0.000000  0.4837 +/-0.000000
 25%      8  0.0046 +/-0.000000  0.7558 +/-0.000000  0.9863 +/-0.000000  0.9779 +/-0.000000  0.6542 +/-0.000000
 25%     16  0.0087 +/-0.000000  0.9083 +/-0.000000  0.9731 +/-0.000000  0.9913 +/-0.000000  0.8204 +/-0.000000
 25%     20  0.0085 +/-0.000000  0.9367 +/-0.000000  0.9735 +/-0.000000  0.9915 +/-0.000000  0.8623 +/-0.000000
 25%     48  0.0163 +/-0.000000  0.9877 +/-0.000000  0.9492 +/-0.000000  0.9837 +/-0.000000  0.9656 +/-0.000000
 25%     64  0.0177 +/-0.000000  0.9917 +/-0.000000  0.9450 +/-0.000000  0.9823 +/-0.000000  0.9761 +/-0.000000
 25%     80  0.0221 +/-0.000000  0.9953 +/-0.000000  0.9314 +/-0.000000  0.9779 +/-0.000000  0.9857 +/-0.000000
 25%     96  0.0239 +/-0.000000  0.9966 +/-0.000000  0.9256 +/-0.000000  0.9761 +/-0.000000  0.9897 +/-0.000000
 25%    112  0.0258 +/-0.000000  0.9978 +/-0.000000  0.9197 +/-0.000000  0.9742 +/-0.000000  0.9930 +/-0.000000
 25%    124  0.0286 +/-0.000000  0.9983 +/-0.000000  0.9109 +/-0.000000  0.9714 +/-0.000000  0.9948 +/-0.000000
  0%      4  0.0000 +/-0.000000  0.6169 +/-0.000000  0.0000 +/-0.000000  0.8625 +/-0.000000  0.0000 +/-0.000000
  0%      8  0.0000 +/-0.000000  0.8538 +/-0.000000  0.0000 +/-0.000000  1.0000 +/-0.000000  0.0000 +/-0.000000
  0%     16  0.0000 +/-0.000000  0.9622 +/-0.000000  0.0000 +/-0.000000  1.0000 +/-0.000000  0.0000 +/-0.000000
  0%     20  0.0000 +/-0.000000  0.9715 +/-0.000000  0.0000 +/-0.000000  1.0000 +/-0.000000  0.0000 +/-0.000000
  0%     48  0.0000 +/-0.000000  0.9939 +/-0.000000  0.0000 +/-0.000000  1.0000 +/-0.000000  0.0000 +/-0.000000
  0%     64  0.0000 +/-0.000000  0.9964 +/-0.000000  0.0000 +/-0.000000  1.0000 +/-0.000000  0.0000 +/-0.000000
  0%     80  0.0000 +/-0.000000  0.9985 +/-0.000000  0.0000 +/-0.000000  1.0000 +/-0.000000  0.0000 +/-0.000000
  0%     96  0.0000 +/-0.000000  0.9988 +/-0.000000  0.0000 +/-0.000000  1.0000 +/-0.000000  0.0000 +/-0.000000
  0%    112  0.0000 +/-0.000000  0.9994 +/-0.000000  0.0000 +/-0.000000  1.0000 +/-0.000000  0.0000 +/-0.000000
  0%    124  0.0000 +/-0.000000  0.9999 +/-0.000000  0.0000 +/-0.000000  1.0000 +/-0.000000  0.0000 +/-0.000000


Summary of goids mean values and standard errors for 50 sets of experiments

nul% #tests          fdr_actual         sensitivity         specificity        pos_pred_val        neg_pred_val
---- ------ ------------------- ------------------- ------------------- ------------------- -------------------
100%      4  0.0050 +/-0.000000  0.0000 +/-0.000000  0.9999 +/-0.000000  0.0000 +/-0.000000  1.0000 +/-0.000000
100%      8  0.0025 +/-0.000000  0.0000 +/-0.000000  1.0000 +/-0.000000  0.0000 +/-0.000000  1.0000 +/-0.000000
100%     16  0.0100 +/-0.000000  0.0000 +/-0.000000  1.0000 +/-0.000000  0.0000 +/-0.000000  1.0000 +/-0.000000
100%     20  0.0075 +/-0.000000  0.0000 +/-0.000000  1.0000 +/-0.000000  0.0000 +/-0.000000  1.0000 +/-0.000000
100%     48  0.0025 +/-0.000000  0.0000 +/-0.000000  1.0000 +/-0.000000  0.0000 +/-0.000000  1.0000 +/-0.000000
100%     64  0.0050 +/-0.000000  0.0000 +/-0.000000  1.0000 +/-0.000000  0.0000 +/-0.000000  1.0000 +/-0.000000
100%     80  0.0050 +/-0.000000  0.0000 +/-0.000000  1.0000 +/-0.000000  0.0000 +/-0.000000  1.0000 +/-0.000000
100%     96  0.0100 +/-0.000000  0.0000 +/-0.000000  1.0000 +/-0.000000  0.0000 +/-0.000000  1.0000 +/-0.000000
100%    112  0.0075 +/-0.000000  0.0000 +/-0.000000  1.0000 +/-0.000000  0.0000 +/-0.000000  1.0000 +/-0.000000
100%    124  0.0025 +/-0.000000  0.0000 +/-0.000000  1.0000 +/-0.000000  0.0000 +/-0.000000  1.0000 +/-0.000000
 75%      4  0.0025 +/-0.000000  0.0000 +/-0.000000  1.0000 +/-0.000000  0.0000 +/-0.000000  0.9666 +/-0.000000
 75%      8  0.0650 +/-0.000000  0.1613 +/-0.000000  0.9988 +/-0.000000  0.1525 +/-0.000000  0.9768 +/-0.000000
 75%     16  0.1536 +/-0.000000  0.2228 +/-0.000000  0.9976 +/-0.000000  0.3914 +/-0.000000  0.9840 +/-0.000000
 75%     20  0.1905 +/-0.000000  0.2450 +/-0.000000  0.9969 +/-0.000000  0.4395 +/-0.000000  0.9863 +/-0.000000
 75%     48  0.2900 +/-0.000000  0.4148 +/-0.000000  0.9950 +/-0.000000  0.7100 +/-0.000000  0.9934 +/-0.000000
 75%     64  0.3588 +/-0.000000  0.4568 +/-0.000000  0.9952 +/-0.000000  0.6387 +/-0.000000  0.9948 +/-0.000000
 75%     80  0.4591 +/-0.000000  0.4892 +/-0.000000  0.9942 +/-0.000000  0.5409 +/-0.000000  0.9958 +/-0.000000
 75%     96  0.5437 +/-0.000000  0.4934 +/-0.000000  0.9940 +/-0.000000  0.4563 +/-0.000000  0.9961 +/-0.000000
 75%    112  0.6102 +/-0.000000  0.5022 +/-0.000000  0.9932 +/-0.000000  0.3898 +/-0.000000  0.9965 +/-0.000000
 75%    124  0.6280 +/-0.000000  0.5336 +/-0.000000  0.9926 +/-0.000000  0.3720 +/-0.000000  0.9969 +/-0.000000
 50%      4  0.0662 +/-0.000000  0.2010 +/-0.000000  0.9980 +/-0.000000  0.2063 +/-0.000000  0.9436 +/-0.000000
 50%      8  0.2163 +/-0.000000  0.3116 +/-0.000000  0.9933 +/-0.000000  0.5737 +/-0.000000  0.9681 +/-0.000000
 50%     16  0.4237 +/-0.000000  0.4303 +/-0.000000  0.9861 +/-0.000000  0.5663 +/-0.000000  0.9830 +/-0.000000
 50%     20  0.4805 +/-0.000000  0.4908 +/-0.000000  0.9833 +/-0.000000  0.5195 +/-0.000000  0.9870 +/-0.000000
 50%     48  0.7063 +/-0.000000  0.5939 +/-0.000000  0.9724 +/-0.000000  0.2937 +/-0.000000  0.9942 +/-0.000000
 50%     64  0.7839 +/-0.000000  0.6159 +/-0.000000  0.9679 +/-0.000000  0.2161 +/-0.000000  0.9954 +/-0.000000
 50%     80  0.8193 +/-0.000000  0.6407 +/-0.000000  0.9647 +/-0.000000  0.1807 +/-0.000000  0.9963 +/-0.000000
 50%     96  0.8496 +/-0.000000  0.6703 +/-0.000000  0.9622 +/-0.000000  0.1504 +/-0.000000  0.9970 +/-0.000000
 50%    112  0.8672 +/-0.000000  0.6892 +/-0.000000  0.9600 +/-0.000000  0.1328 +/-0.000000  0.9975 +/-0.000000
 50%    124  0.8741 +/-0.000000  0.7055 +/-0.000000  0.9601 +/-0.000000  0.1259 +/-0.000000  0.9978 +/-0.000000
 25%      4  0.1297 +/-0.000000  0.3074 +/-0.000000  0.9920 +/-0.000000  0.5253 +/-0.000000  0.9271 +/-0.000000
 25%      8  0.3488 +/-0.000000  0.4312 +/-0.000000  0.9829 +/-0.000000  0.6337 +/-0.000000  0.9666 +/-0.000000
 25%     16  0.5680 +/-0.000000  0.5264 +/-0.000000  0.9688 +/-0.000000  0.4320 +/-0.000000  0.9832 +/-0.000000
 25%     20  0.6393 +/-0.000000  0.5691 +/-0.000000  0.9636 +/-0.000000  0.3607 +/-0.000000  0.9871 +/-0.000000
 25%     48  0.8515 +/-0.000000  0.6921 +/-0.000000  0.9358 +/-0.000000  0.1485 +/-0.000000  0.9951 +/-0.000000
 25%     64  0.8852 +/-0.000000  0.7309 +/-0.000000  0.9266 +/-0.000000  0.1148 +/-0.000000  0.9964 +/-0.000000
 25%     80  0.9059 +/-0.000000  0.7633 +/-0.000000  0.9203 +/-0.000000  0.0941 +/-0.000000  0.9973 +/-0.000000
 25%     96  0.9178 +/-0.000000  0.8008 +/-0.000000  0.9165 +/-0.000000  0.0822 +/-0.000000  0.9980 +/-0.000000
 25%    112  0.9278 +/-0.000000  0.8119 +/-0.000000  0.9132 +/-0.000000  0.0722 +/-0.000000  0.9983 +/-0.000000
 25%    124  0.9339 +/-0.000000  0.8445 +/-0.000000  0.9101 +/-0.000000  0.0661 +/-0.000000  0.9987 +/-0.000000
  0%      4  0.2519 +/-0.000000  0.3537 +/-0.000000  0.9733 +/-0.000000  0.6106 +/-0.000000  0.9077 +/-0.000000
  0%      8  0.4338 +/-0.000000  0.4970 +/-0.000000  0.9687 +/-0.000000  0.5662 +/-0.000000  0.9617 +/-0.000000
  0%     16  0.6842 +/-0.000000  0.6223 +/-0.000000  0.9444 +/-0.000000  0.3158 +/-0.000000  0.9846 +/-0.000000
  0%     20  0.7565 +/-0.000000  0.6117 +/-0.000000  0.9339 +/-0.000000  0.2435 +/-0.000000  0.9872 +/-0.000000
  0%     48  0.8914 +/-0.000000  0.7457 +/-0.000000  0.8917 +/-0.000000  0.1086 +/-0.000000  0.9952 +/-0.000000
  0%     64  0.9197 +/-0.000000  0.7835 +/-0.000000  0.8790 +/-0.000000  0.0803 +/-0.000000  0.9967 +/-0.000000
  0%     80  0.9329 +/-0.000000  0.8347 +/-0.000000  0.8690 +/-0.000000  0.0671 +/-0.000000  0.9979 +/-0.000000
  0%     96  0.9415 +/-0.000000  0.8722 +/-0.000000  0.8622 +/-0.000000  0.0585 +/-0.000000  0.9986 +/-0.000000
  0%    112  0.9489 +/-0.000000  0.9027 +/-0.000000  0.8549 +/-0.000000  0.0511 +/-0.000000  0.9990 +/-0.000000
  0%    124  0.9536 +/-0.000000  0.9342 +/-0.000000  0.8479 +/-0.000000  0.0464 +/-0.000000  0.9994 +/-0.000000


fdr_actual statistics:
Nul(% max) #pval #tests | # exps        | range                | 25th percentile |   median | 75th percentile |     mean | stddev
-----------------------|---------------|----------------------|-----------------|----------|-----------------|----------|-------
100% 0.050     4 |            20 | 0.0000 to 0.0500     |          0.0000 |   0.0000 |          0.0000 |   0.0050 | 0.0154
100% 0.050     8 |            20 | 0.0000 to 0.0500     |          0.0000 |   0.0000 |          0.0000 |   0.0025 | 0.0112
100% 0.050    16 |            20 | 0.0000 to 0.0500     |          0.0000 |   0.0000 |          0.0000 |   0.0100 | 0.0205
100% 0.050    20 |            20 | 0.0000 to 0.0500     |          0.0000 |   0.0000 |          0.0000 |   0.0075 | 0.0183
100% 0.050    48 |            20 | 0.0000 to 0.0500     |          0.0000 |   0.0000 |          0.0000 |   0.0025 | 0.0112
100% 0.050    64 |            20 | 0.0000 to 0.0500     |          0.0000 |   0.0000 |          0.0000 |   0.0050 | 0.0154
100% 0.050    80 |            20 | 0.0000 to 0.0500     |          0.0000 |   0.0000 |          0.0000 |   0.0050 | 0.0154
100% 0.050    96 |            20 | 0.0000 to 0.0500     |          0.0000 |   0.0000 |          0.0000 |   0.0100 | 0.0205
100% 0.050   112 |            20 | 0.0000 to 0.1000     |          0.0000 |   0.0000 |          0.0000 |   0.0075 | 0.0245
100% 0.050   124 |            20 | 0.0000 to 0.0500     |          0.0000 |   0.0000 |          0.0000 |   0.0025 | 0.0112
 75% 0.038     4 |            20 | 0.0000 to 0.0250     |          0.0000 |   0.0000 |          0.0000 |   0.0013 | 0.0056
 75% 0.038     8 |            20 | 0.0000 to 0.0750     |          0.0000 |   0.0083 |          0.0271 |   0.0183 | 0.0224
 75% 0.038    16 |            20 | 0.0000 to 0.0392     |          0.0000 |   0.0100 |          0.0175 |   0.0099 | 0.0112
 75% 0.038    20 |            20 | 0.0000 to 0.0558     |          0.0096 |   0.0134 |          0.0250 |   0.0183 | 0.0164
 75% 0.038    48 |            20 | 0.0084 to 0.0423     |          0.0199 |   0.0275 |          0.0386 |   0.0272 | 0.0112
 75% 0.038    64 |            20 | 0.0132 to 0.0514     |          0.0185 |   0.0251 |          0.0334 |   0.0267 | 0.0100
 75% 0.038    80 |            20 | 0.0144 to 0.0738     |          0.0257 |   0.0290 |          0.0340 |   0.0316 | 0.0124
 75% 0.038    96 |            20 | 0.0141 to 0.0452     |          0.0275 |   0.0322 |          0.0372 |   0.0324 | 0.0084
 75% 0.038   112 |            20 | 0.0157 to 0.0541     |          0.0276 |   0.0355 |          0.0404 |   0.0340 | 0.0111
 75% 0.038   124 |            20 | 0.0157 to 0.0594     |          0.0281 |   0.0337 |          0.0409 |   0.0345 | 0.0112
 50% 0.025     4 |            20 | 0.0000 to 0.0250     |          0.0000 |   0.0000 |          0.0063 |   0.0063 | 0.0111
 50% 0.025     8 |            20 | 0.0000 to 0.0500     |          0.0000 |   0.0000 |          0.0144 |   0.0102 | 0.0156
 50% 0.025    16 |            20 | 0.0063 to 0.0393     |          0.0111 |   0.0126 |          0.0214 |   0.0162 | 0.0091
 50% 0.025    20 |            20 | 0.0000 to 0.0398     |          0.0145 |   0.0183 |          0.0285 |   0.0203 | 0.0110
 50% 0.025    48 |            20 | 0.0123 to 0.0460     |          0.0194 |   0.0274 |          0.0330 |   0.0269 | 0.0092
 50% 0.025    64 |            20 | 0.0209 to 0.0475     |          0.0250 |   0.0314 |          0.0348 |   0.0318 | 0.0082
 50% 0.025    80 |            20 | 0.0207 to 0.0445     |          0.0332 |   0.0374 |          0.0405 |   0.0358 | 0.0065
 50% 0.025    96 |            20 | 0.0270 to 0.0551     |          0.0359 |   0.0420 |          0.0465 |   0.0414 | 0.0077
 50% 0.025   112 |            20 | 0.0331 to 0.0690     |          0.0391 |   0.0420 |          0.0468 |   0.0444 | 0.0084
 50% 0.025   124 |            20 | 0.0356 to 0.0618     |          0.0417 |   0.0444 |          0.0503 |   0.0460 | 0.0071
 25% 0.013     4 |            20 | 0.0000 to 0.0167     |          0.0000 |   0.0000 |          0.0000 |   0.0023 | 0.0057
 25% 0.013     8 |            20 | 0.0000 to 0.0171     |          0.0000 |   0.0000 |          0.0083 |   0.0046 | 0.0058
 25% 0.013    16 |            20 | 0.0000 to 0.0174     |          0.0042 |   0.0086 |          0.0126 |   0.0087 | 0.0051
 25% 0.013    20 |            20 | 0.0000 to 0.0190     |          0.0033 |   0.0092 |          0.0126 |   0.0085 | 0.0050
 25% 0.013    48 |            20 | 0.0095 to 0.0302     |          0.0117 |   0.0149 |          0.0180 |   0.0163 | 0.0061
 25% 0.013    64 |            20 | 0.0083 to 0.0270     |          0.0143 |   0.0181 |          0.0193 |   0.0177 | 0.0046
 25% 0.013    80 |            20 | 0.0179 to 0.0270     |          0.0187 |   0.0221 |          0.0242 |   0.0221 | 0.0030
 25% 0.013    96 |            20 | 0.0196 to 0.0346     |          0.0216 |   0.0235 |          0.0250 |   0.0239 | 0.0035
 25% 0.013   112 |            20 | 0.0185 to 0.0317     |          0.0234 |   0.0262 |          0.0282 |   0.0258 | 0.0037
 25% 0.013   124 |            20 | 0.0204 to 0.0405     |          0.0266 |   0.0291 |          0.0309 |   0.0286 | 0.0043
  0% 0.000     4 |            20 | 0.0000 to 0.0000     |          0.0000 |   0.0000 |          0.0000 |   0.0000 | 0.0000
  0% 0.000     8 |            20 | 0.0000 to 0.0000     |          0.0000 |   0.0000 |          0.0000 |   0.0000 | 0.0000
  0% 0.000    16 |            20 | 0.0000 to 0.0000     |          0.0000 |   0.0000 |          0.0000 |   0.0000 | 0.0000
  0% 0.000    20 |            20 | 0.0000 to 0.0000     |          0.0000 |   0.0000 |          0.0000 |   0.0000 | 0.0000
  0% 0.000    48 |            20 | 0.0000 to 0.0000     |          0.0000 |   0.0000 |          0.0000 |   0.0000 | 0.0000
  0% 0.000    64 |            20 | 0.0000 to 0.0000     |          0.0000 |   0.0000 |          0.0000 |   0.0000 | 0.0000
  0% 0.000    80 |            20 | 0.0000 to 0.0000     |          0.0000 |   0.0000 |          0.0000 |   0.0000 | 0.0000
  0% 0.000    96 |            20 | 0.0000 to 0.0000     |          0.0000 |   0.0000 |          0.0000 |   0.0000 | 0.0000
  0% 0.000   112 |            20 | 0.0000 to 0.0000     |          0.0000 |   0.0000 |          0.0000 |   0.0000 | 0.0000
  0% 0.000   124 |            20 | 0.0000 to 0.0000     |          0.0000 |   0.0000 |          0.0000 |   0.0000 | 0.0000

sensitivity statistics:
Nul(% max) #pval #tests | # exps        | range                | 25th percentile |   median | 75th percentile |     mean | stddev
-----------------------|---------------|----------------------|-----------------|----------|-----------------|----------|-------
100% 0.050     4 |            20 | 0.0000 to 0.0000     |          0.0000 |   0.0000 |          0.0000 |   0.0000 | 0.0000
100% 0.050     8 |            20 | 0.0000 to 0.0000     |          0.0000 |   0.0000 |          0.0000 |   0.0000 | 0.0000
100% 0.050    16 |            20 | 0.0000 to 0.0000     |          0.0000 |   0.0000 |          0.0000 |   0.0000 | 0.0000
100% 0.050    20 |            20 | 0.0000 to 0.0000     |          0.0000 |   0.0000 |          0.0000 |   0.0000 | 0.0000
100% 0.050    48 |            20 | 0.0000 to 0.0000     |          0.0000 |   0.0000 |          0.0000 |   0.0000 | 0.0000
100% 0.050    64 |            20 | 0.0000 to 0.0000     |          0.0000 |   0.0000 |          0.0000 |   0.0000 | 0.0000
100% 0.050    80 |            20 | 0.0000 to 0.0000     |          0.0000 |   0.0000 |          0.0000 |   0.0000 | 0.0000
100% 0.050    96 |            20 | 0.0000 to 0.0000     |          0.0000 |   0.0000 |          0.0000 |   0.0000 | 0.0000
100% 0.050   112 |            20 | 0.0000 to 0.0000     |          0.0000 |   0.0000 |          0.0000 |   0.0000 | 0.0000
100% 0.050   124 |            20 | 0.0000 to 0.0000     |          0.0000 |   0.0000 |          0.0000 |   0.0000 | 0.0000
 75% 0.038     4 |            20 | 0.0000 to 0.0500     |          0.0000 |   0.0000 |          0.0000 |   0.0025 | 0.0112
 75% 0.038     8 |            20 | 0.0250 to 0.3500     |          0.1500 |   0.2000 |          0.2812 |   0.2062 | 0.0906
 75% 0.038    16 |            20 | 0.2125 to 0.6000     |          0.3000 |   0.4125 |          0.4656 |   0.3938 | 0.1034
 75% 0.038    20 |            20 | 0.3100 to 0.5700     |          0.4200 |   0.4650 |          0.5125 |   0.4555 | 0.0724
 75% 0.038    48 |            20 | 0.7375 to 0.8458     |          0.7854 |   0.7937 |          0.8167 |   0.7950 | 0.0255
 75% 0.038    64 |            20 | 0.7781 to 0.9219     |          0.8398 |   0.8656 |          0.8844 |   0.8628 | 0.0331
 75% 0.038    80 |            20 | 0.8550 to 0.9300     |          0.9012 |   0.9088 |          0.9225 |   0.9065 | 0.0207
 75% 0.038    96 |            20 | 0.8729 to 0.9542     |          0.9125 |   0.9229 |          0.9333 |   0.9223 | 0.0191
 75% 0.038   112 |            20 | 0.9161 to 0.9589     |          0.9268 |   0.9402 |          0.9487 |   0.9379 | 0.0129
 75% 0.038   124 |            20 | 0.9274 to 0.9661     |          0.9452 |   0.9524 |          0.9560 |   0.9502 | 0.0111
 50% 0.025     4 |            20 | 0.1250 to 0.3500     |          0.2188 |   0.2875 |          0.3062 |   0.2663 | 0.0690
 50% 0.025     8 |            20 | 0.4125 to 0.6875     |          0.4875 |   0.5563 |          0.5719 |   0.5413 | 0.0670
 50% 0.025    16 |            20 | 0.7188 to 0.8500     |          0.7938 |   0.8094 |          0.8344 |   0.8044 | 0.0406
 50% 0.025    20 |            20 | 0.7850 to 0.9000     |          0.8450 |   0.8575 |          0.8700 |   0.8538 | 0.0291
 50% 0.025    48 |            20 | 0.9437 to 0.9833     |          0.9620 |   0.9646 |          0.9688 |   0.9646 | 0.0104
 50% 0.025    64 |            20 | 0.9672 to 0.9906     |          0.9762 |   0.9781 |          0.9816 |   0.9783 | 0.0059
 50% 0.025    80 |            20 | 0.9700 to 0.9925     |          0.9800 |   0.9825 |          0.9866 |   0.9829 | 0.0056
 50% 0.025    96 |            20 | 0.9792 to 0.9938     |          0.9844 |   0.9865 |          0.9896 |   0.9867 | 0.0037
 50% 0.025   112 |            20 | 0.9830 to 0.9955     |          0.9864 |   0.9884 |          0.9922 |   0.9891 | 0.0038
 50% 0.025   124 |            20 | 0.9847 to 0.9952     |          0.9893 |   0.9903 |          0.9921 |   0.9904 | 0.0026
 25% 0.013     4 |            20 | 0.3667 to 0.6167     |          0.4292 |   0.4833 |          0.5500 |   0.4867 | 0.0745
 25% 0.013     8 |            20 | 0.6500 to 0.8667     |          0.7083 |   0.7542 |          0.7792 |   0.7558 | 0.0548
 25% 0.013    16 |            20 | 0.8500 to 0.9500     |          0.8958 |   0.9042 |          0.9219 |   0.9083 | 0.0235
 25% 0.013    20 |            20 | 0.9067 to 0.9600     |          0.9233 |   0.9367 |          0.9500 |   0.9367 | 0.0164
 25% 0.013    48 |            20 | 0.9833 to 0.9986     |          0.9858 |   0.9875 |          0.9889 |   0.9877 | 0.0038
 25% 0.013    64 |            20 | 0.9844 to 0.9969     |          0.9901 |   0.9922 |          0.9948 |   0.9917 | 0.0040
 25% 0.013    80 |            20 | 0.9908 to 0.9983     |          0.9942 |   0.9958 |          0.9960 |   0.9953 | 0.0021
 25% 0.013    96 |            20 | 0.9951 to 0.9993     |          0.9957 |   0.9969 |          0.9972 |   0.9966 | 0.0012
 25% 0.013   112 |            20 | 0.9946 to 0.9994     |          0.9970 |   0.9979 |          0.9988 |   0.9978 | 0.0011
 25% 0.013   124 |            20 | 0.9962 to 0.9995     |          0.9977 |   0.9984 |          0.9989 |   0.9983 | 0.0009
  0% 0.000     4 |            20 | 0.4125 to 0.8375     |          0.5719 |   0.6188 |          0.6562 |   0.6169 | 0.0881
  0% 0.000     8 |            20 | 0.8250 to 0.8875     |          0.8359 |   0.8500 |          0.8703 |   0.8538 | 0.0208
  0% 0.000    16 |            20 | 0.9437 to 0.9812     |          0.9563 |   0.9609 |          0.9688 |   0.9622 | 0.0101
  0% 0.000    20 |            20 | 0.9550 to 0.9900     |          0.9644 |   0.9700 |          0.9775 |   0.9715 | 0.0107
  0% 0.000    48 |            20 | 0.9896 to 0.9990     |          0.9922 |   0.9938 |          0.9958 |   0.9939 | 0.0028
  0% 0.000    64 |            20 | 0.9938 to 0.9992     |          0.9953 |   0.9965 |          0.9977 |   0.9964 | 0.0017
  0% 0.000    80 |            20 | 0.9969 to 1.0000     |          0.9981 |   0.9988 |          0.9988 |   0.9985 | 0.0008
  0% 0.000    96 |            20 | 0.9974 to 1.0000     |          0.9979 |   0.9990 |          0.9995 |   0.9988 | 0.0009
  0% 0.000   112 |            20 | 0.9982 to 1.0000     |          0.9990 |   0.9996 |          1.0000 |   0.9994 | 0.0006
  0% 0.000   124 |            20 | 0.9992 to 1.0000     |          0.9999 |   1.0000 |          1.0000 |   0.9999 | 0.0003

specificity statistics:
Nul(% max) #pval #tests | # exps        | range                | 25th percentile |   median | 75th percentile |     mean | stddev
-----------------------|---------------|----------------------|-----------------|----------|-----------------|----------|-------
100% 0.050     4 |            20 | 0.9750 to 1.0000     |          1.0000 |   1.0000 |          1.0000 |   0.9975 | 0.0077
100% 0.050     8 |            20 | 0.9875 to 1.0000     |          1.0000 |   1.0000 |          1.0000 |   0.9994 | 0.0028
100% 0.050    16 |            20 | 0.9906 to 1.0000     |          1.0000 |   1.0000 |          1.0000 |   0.9984 | 0.0033
100% 0.050    20 |            20 | 0.9925 to 1.0000     |          1.0000 |   1.0000 |          1.0000 |   0.9991 | 0.0022
100% 0.050    48 |            20 | 0.9969 to 1.0000     |          1.0000 |   1.0000 |          1.0000 |   0.9998 | 0.0007
100% 0.050    64 |            20 | 0.9977 to 1.0000     |          1.0000 |   1.0000 |          1.0000 |   0.9998 | 0.0007
100% 0.050    80 |            20 | 0.9975 to 1.0000     |          1.0000 |   1.0000 |          1.0000 |   0.9998 | 0.0007
100% 0.050    96 |            20 | 0.9958 to 1.0000     |          1.0000 |   1.0000 |          1.0000 |   0.9994 | 0.0013
100% 0.050   112 |            20 | 0.9960 to 1.0000     |          1.0000 |   1.0000 |          1.0000 |   0.9996 | 0.0011
100% 0.050   124 |            20 | 0.9988 to 1.0000     |          1.0000 |   1.0000 |          1.0000 |   0.9999 | 0.0003
 75% 0.038     4 |            20 | 0.9833 to 1.0000     |          1.0000 |   1.0000 |          1.0000 |   0.9992 | 0.0037
 75% 0.038     8 |            20 | 0.9583 to 1.0000     |          0.9833 |   0.9958 |          1.0000 |   0.9908 | 0.0121
 75% 0.038    16 |            20 | 0.9875 to 1.0000     |          0.9958 |   0.9958 |          1.0000 |   0.9967 | 0.0037
 75% 0.038    20 |            20 | 0.9800 to 1.0000     |          0.9925 |   0.9950 |          0.9967 |   0.9940 | 0.0054
 75% 0.038    48 |            20 | 0.9833 to 0.9972     |          0.9861 |   0.9903 |          0.9934 |   0.9903 | 0.0043
 75% 0.038    64 |            20 | 0.9823 to 0.9958     |          0.9893 |   0.9917 |          0.9938 |   0.9909 | 0.0033
 75% 0.038    80 |            20 | 0.9725 to 0.9950     |          0.9881 |   0.9896 |          0.9917 |   0.9890 | 0.0047
 75% 0.038    96 |            20 | 0.9833 to 0.9951     |          0.9870 |   0.9889 |          0.9905 |   0.9887 | 0.0032
 75% 0.038   112 |            20 | 0.9810 to 0.9946     |          0.9859 |   0.9878 |          0.9908 |   0.9882 | 0.0041
 75% 0.038   124 |            20 | 0.9785 to 0.9946     |          0.9859 |   0.9882 |          0.9899 |   0.9878 | 0.0041
 50% 0.025     4 |            20 | 0.9750 to 1.0000     |          0.9938 |   1.0000 |          1.0000 |   0.9938 | 0.0111
 50% 0.025     8 |            20 | 0.9625 to 1.0000     |          0.9844 |   1.0000 |          1.0000 |   0.9906 | 0.0134
 50% 0.025    16 |            20 | 0.9625 to 0.9938     |          0.9797 |   0.9875 |          0.9875 |   0.9838 | 0.0087
 50% 0.025    20 |            20 | 0.9550 to 1.0000     |          0.9700 |   0.9800 |          0.9850 |   0.9787 | 0.0117
 50% 0.025    48 |            20 | 0.9500 to 0.9875     |          0.9646 |   0.9708 |          0.9797 |   0.9716 | 0.0102
 50% 0.025    64 |            20 | 0.9484 to 0.9781     |          0.9637 |   0.9672 |          0.9738 |   0.9665 | 0.0090
 50% 0.025    80 |            20 | 0.9525 to 0.9788     |          0.9572 |   0.9606 |          0.9653 |   0.9621 | 0.0070
 50% 0.025    96 |            20 | 0.9417 to 0.9719     |          0.9500 |   0.9557 |          0.9625 |   0.9562 | 0.0083
 50% 0.025   112 |            20 | 0.9250 to 0.9652     |          0.9500 |   0.9558 |          0.9592 |   0.9528 | 0.0096
 50% 0.025   124 |            20 | 0.9323 to 0.9621     |          0.9466 |   0.9528 |          0.9560 |   0.9510 | 0.0081
 25% 0.013     4 |            20 | 0.9500 to 1.0000     |          1.0000 |   1.0000 |          1.0000 |   0.9925 | 0.0183
 25% 0.013     8 |            20 | 0.9500 to 1.0000     |          0.9750 |   1.0000 |          1.0000 |   0.9863 | 0.0172
 25% 0.013    16 |            20 | 0.9500 to 1.0000     |          0.9625 |   0.9750 |          0.9875 |   0.9731 | 0.0159
 25% 0.013    20 |            20 | 0.9400 to 1.0000     |          0.9600 |   0.9700 |          0.9900 |   0.9735 | 0.0157
 25% 0.013    48 |            20 | 0.9042 to 0.9708     |          0.9437 |   0.9542 |          0.9635 |   0.9492 | 0.0191
 25% 0.013    64 |            20 | 0.9156 to 0.9750     |          0.9398 |   0.9437 |          0.9563 |   0.9450 | 0.0146
 25% 0.013    80 |            20 | 0.9150 to 0.9450     |          0.9244 |   0.9312 |          0.9425 |   0.9314 | 0.0098
 25% 0.013    96 |            20 | 0.8917 to 0.9396     |          0.9224 |   0.9271 |          0.9333 |   0.9256 | 0.0113
 25% 0.013   112 |            20 | 0.9000 to 0.9429     |          0.9121 |   0.9187 |          0.9277 |   0.9197 | 0.0119
 25% 0.013   124 |            20 | 0.8726 to 0.9371     |          0.9032 |   0.9089 |          0.9177 |   0.9109 | 0.0138
  0% 0.000     4 |            20 | 0.0000 to 0.0000     |          0.0000 |   0.0000 |          0.0000 |   0.0000 | 0.0000
  0% 0.000     8 |            20 | 0.0000 to 0.0000     |          0.0000 |   0.0000 |          0.0000 |   0.0000 | 0.0000
  0% 0.000    16 |            20 | 0.0000 to 0.0000     |          0.0000 |   0.0000 |          0.0000 |   0.0000 | 0.0000
  0% 0.000    20 |            20 | 0.0000 to 0.0000     |          0.0000 |   0.0000 |          0.0000 |   0.0000 | 0.0000
  0% 0.000    48 |            20 | 0.0000 to 0.0000     |          0.0000 |   0.0000 |          0.0000 |   0.0000 | 0.0000
  0% 0.000    64 |            20 | 0.0000 to 0.0000     |          0.0000 |   0.0000 |          0.0000 |   0.0000 | 0.0000
  0% 0.000    80 |            20 | 0.0000 to 0.0000     |          0.0000 |   0.0000 |          0.0000 |   0.0000 | 0.0000
  0% 0.000    96 |            20 | 0.0000 to 0.0000     |          0.0000 |   0.0000 |          0.0000 |   0.0000 | 0.0000
  0% 0.000   112 |            20 | 0.0000 to 0.0000     |          0.0000 |   0.0000 |          0.0000 |   0.0000 | 0.0000
  0% 0.000   124 |            20 | 0.0000 to 0.0000     |          0.0000 |   0.0000 |          0.0000 |   0.0000 | 0.0000

pos_pred_val statistics:
Nul(% max) #pval #tests | # exps        | range                | 25th percentile |   median | 75th percentile |     mean | stddev
-----------------------|---------------|----------------------|-----------------|----------|-----------------|----------|-------
100% 0.050     4 |            20 | 0.0000 to 0.0000     |          0.0000 |   0.0000 |          0.0000 |   0.0000 | 0.0000
100% 0.050     8 |            20 | 0.0000 to 0.0000     |          0.0000 |   0.0000 |          0.0000 |   0.0000 | 0.0000
100% 0.050    16 |            20 | 0.0000 to 0.0000     |          0.0000 |   0.0000 |          0.0000 |   0.0000 | 0.0000
100% 0.050    20 |            20 | 0.0000 to 0.0000     |          0.0000 |   0.0000 |          0.0000 |   0.0000 | 0.0000
100% 0.050    48 |            20 | 0.0000 to 0.0000     |          0.0000 |   0.0000 |          0.0000 |   0.0000 | 0.0000
100% 0.050    64 |            20 | 0.0000 to 0.0000     |          0.0000 |   0.0000 |          0.0000 |   0.0000 | 0.0000
100% 0.050    80 |            20 | 0.0000 to 0.0000     |          0.0000 |   0.0000 |          0.0000 |   0.0000 | 0.0000
100% 0.050    96 |            20 | 0.0000 to 0.0000     |          0.0000 |   0.0000 |          0.0000 |   0.0000 | 0.0000
100% 0.050   112 |            20 | 0.0000 to 0.0000     |          0.0000 |   0.0000 |          0.0000 |   0.0000 | 0.0000
100% 0.050   124 |            20 | 0.0000 to 0.0000     |          0.0000 |   0.0000 |          0.0000 |   0.0000 | 0.0000
 75% 0.038     4 |            20 | 0.0000 to 0.0250     |          0.0000 |   0.0000 |          0.0000 |   0.0013 | 0.0056
 75% 0.038     8 |            20 | 0.0250 to 0.3500     |          0.1500 |   0.1917 |          0.2625 |   0.1992 | 0.0909
 75% 0.038    16 |            20 | 0.3000 to 0.8000     |          0.4375 |   0.5388 |          0.6125 |   0.5351 | 0.1287
 75% 0.038    20 |            20 | 0.4750 to 0.7500     |          0.5769 |   0.6292 |          0.6571 |   0.6117 | 0.0817
 75% 0.038    48 |            20 | 0.9577 to 0.9916     |          0.9614 |   0.9725 |          0.9801 |   0.9728 | 0.0112
 75% 0.038    64 |            20 | 0.9330 to 0.9868     |          0.9655 |   0.9727 |          0.9808 |   0.9708 | 0.0132
 75% 0.038    80 |            20 | 0.9262 to 0.9856     |          0.9660 |   0.9710 |          0.9743 |   0.9684 | 0.0124
 75% 0.038    96 |            20 | 0.9548 to 0.9859     |          0.9628 |   0.9678 |          0.9725 |   0.9676 | 0.0084
 75% 0.038   112 |            20 | 0.9459 to 0.9843     |          0.9596 |   0.9645 |          0.9724 |   0.9660 | 0.0111
 75% 0.038   124 |            20 | 0.9406 to 0.9843     |          0.9591 |   0.9663 |          0.9719 |   0.9655 | 0.0112
 50% 0.025     4 |            20 | 0.1250 to 0.3500     |          0.2188 |   0.2875 |          0.3062 |   0.2663 | 0.0690
 50% 0.025     8 |            20 | 0.6500 to 0.9000     |          0.7063 |   0.8000 |          0.8500 |   0.7797 | 0.0801
 50% 0.025    16 |            20 | 0.9264 to 0.9938     |          0.9644 |   0.9828 |          0.9884 |   0.9738 | 0.0211
 50% 0.025    20 |            20 | 0.9602 to 1.0000     |          0.9715 |   0.9817 |          0.9855 |   0.9797 | 0.0110
 50% 0.025    48 |            20 | 0.9540 to 0.9877     |          0.9670 |   0.9726 |          0.9806 |   0.9731 | 0.0092
 50% 0.025    64 |            20 | 0.9525 to 0.9791     |          0.9652 |   0.9686 |          0.9750 |   0.9682 | 0.0082
 50% 0.025    80 |            20 | 0.9555 to 0.9793     |          0.9595 |   0.9626 |          0.9668 |   0.9642 | 0.0065
 50% 0.025    96 |            20 | 0.9449 to 0.9730     |          0.9535 |   0.9580 |          0.9641 |   0.9586 | 0.0077
 50% 0.025   112 |            20 | 0.9310 to 0.9669     |          0.9532 |   0.9580 |          0.9609 |   0.9556 | 0.0084
 50% 0.025   124 |            20 | 0.9382 to 0.9644     |          0.9497 |   0.9556 |          0.9583 |   0.9540 | 0.0071
 25% 0.013     4 |            20 | 0.4833 to 0.8500     |          0.5875 |   0.6500 |          0.7000 |   0.6527 | 0.1007
 25% 0.013     8 |            20 | 0.8845 to 1.0000     |          0.9500 |   0.9929 |          1.0000 |   0.9779 | 0.0326
 25% 0.013    16 |            20 | 0.9826 to 1.0000     |          0.9874 |   0.9914 |          0.9958 |   0.9913 | 0.0051
 25% 0.013    20 |            20 | 0.9810 to 1.0000     |          0.9874 |   0.9908 |          0.9967 |   0.9915 | 0.0050
 25% 0.013    48 |            20 | 0.9698 to 0.9905     |          0.9820 |   0.9851 |          0.9883 |   0.9837 | 0.0061
 25% 0.013    64 |            20 | 0.9730 to 0.9917     |          0.9807 |   0.9819 |          0.9857 |   0.9823 | 0.0046
 25% 0.013    80 |            20 | 0.9730 to 0.9821     |          0.9758 |   0.9779 |          0.9813 |   0.9779 | 0.0030
 25% 0.013    96 |            20 | 0.9654 to 0.9804     |          0.9750 |   0.9765 |          0.9784 |   0.9761 | 0.0035
 25% 0.013   112 |            20 | 0.9683 to 0.9815     |          0.9718 |   0.9738 |          0.9766 |   0.9742 | 0.0037
 25% 0.013   124 |            20 | 0.9595 to 0.9796     |          0.9691 |   0.9709 |          0.9734 |   0.9714 | 0.0043
  0% 0.000     4 |            20 | 0.6500 to 1.0000     |          0.8000 |   0.8500 |          0.9500 |   0.8625 | 0.0972
  0% 0.000     8 |            20 | 1.0000 to 1.0000     |          1.0000 |   1.0000 |          1.0000 |   1.0000 | 0.0000
  0% 0.000    16 |            20 | 1.0000 to 1.0000     |          1.0000 |   1.0000 |          1.0000 |   1.0000 | 0.0000
  0% 0.000    20 |            20 | 1.0000 to 1.0000     |          1.0000 |   1.0000 |          1.0000 |   1.0000 | 0.0000
  0% 0.000    48 |            20 | 1.0000 to 1.0000     |          1.0000 |   1.0000 |          1.0000 |   1.0000 | 0.0000
  0% 0.000    64 |            20 | 1.0000 to 1.0000     |          1.0000 |   1.0000 |          1.0000 |   1.0000 | 0.0000
  0% 0.000    80 |            20 | 1.0000 to 1.0000     |          1.0000 |   1.0000 |          1.0000 |   1.0000 | 0.0000
  0% 0.000    96 |            20 | 1.0000 to 1.0000     |          1.0000 |   1.0000 |          1.0000 |   1.0000 | 0.0000
  0% 0.000   112 |            20 | 1.0000 to 1.0000     |          1.0000 |   1.0000 |          1.0000 |   1.0000 | 0.0000
  0% 0.000   124 |            20 | 1.0000 to 1.0000     |          1.0000 |   1.0000 |          1.0000 |   1.0000 | 0.0000

neg_pred_val statistics:
Nul(% max) #pval #tests | # exps        | range                | 25th percentile |   median | 75th percentile |     mean | stddev
-----------------------|---------------|----------------------|-----------------|----------|-----------------|----------|-------
100% 0.050     4 |            20 | 1.0000 to 1.0000     |          1.0000 |   1.0000 |          1.0000 |   1.0000 | 0.0000
100% 0.050     8 |            20 | 1.0000 to 1.0000     |          1.0000 |   1.0000 |          1.0000 |   1.0000 | 0.0000
100% 0.050    16 |            20 | 1.0000 to 1.0000     |          1.0000 |   1.0000 |          1.0000 |   1.0000 | 0.0000
100% 0.050    20 |            20 | 1.0000 to 1.0000     |          1.0000 |   1.0000 |          1.0000 |   1.0000 | 0.0000
100% 0.050    48 |            20 | 1.0000 to 1.0000     |          1.0000 |   1.0000 |          1.0000 |   1.0000 | 0.0000
100% 0.050    64 |            20 | 1.0000 to 1.0000     |          1.0000 |   1.0000 |          1.0000 |   1.0000 | 0.0000
100% 0.050    80 |            20 | 1.0000 to 1.0000     |          1.0000 |   1.0000 |          1.0000 |   1.0000 | 0.0000
100% 0.050    96 |            20 | 1.0000 to 1.0000     |          1.0000 |   1.0000 |          1.0000 |   1.0000 | 0.0000
100% 0.050   112 |            20 | 1.0000 to 1.0000     |          1.0000 |   1.0000 |          1.0000 |   1.0000 | 0.0000
100% 0.050   124 |            20 | 1.0000 to 1.0000     |          1.0000 |   1.0000 |          1.0000 |   1.0000 | 0.0000
 75% 0.038     4 |            20 | 0.7500 to 0.7625     |          0.7500 |   0.7500 |          0.7500 |   0.7506 | 0.0028
 75% 0.038     8 |            20 | 0.7542 to 0.8375     |          0.7875 |   0.8000 |          0.8169 |   0.8005 | 0.0217
 75% 0.038    16 |            20 | 0.7974 to 0.8912     |          0.8199 |   0.8481 |          0.8600 |   0.8416 | 0.0248
 75% 0.038    20 |            20 | 0.8186 to 0.8854     |          0.8436 |   0.8569 |          0.8681 |   0.8553 | 0.0179
 75% 0.038    48 |            20 | 0.9219 to 0.9528     |          0.9350 |   0.9375 |          0.9446 |   0.9381 | 0.0075
 75% 0.038    64 |            20 | 0.9357 to 0.9750     |          0.9505 |   0.9582 |          0.9633 |   0.9574 | 0.0094
 75% 0.038    80 |            20 | 0.9545 to 0.9775     |          0.9688 |   0.9709 |          0.9753 |   0.9703 | 0.0063
 75% 0.038    96 |            20 | 0.9597 to 0.9852     |          0.9722 |   0.9751 |          0.9783 |   0.9750 | 0.0059
 75% 0.038   112 |            20 | 0.9731 to 0.9865     |          0.9763 |   0.9805 |          0.9833 |   0.9798 | 0.0040
 75% 0.038   124 |            20 | 0.9767 to 0.9889     |          0.9823 |   0.9844 |          0.9857 |   0.9838 | 0.0035
 50% 0.025     4 |            20 | 0.5500 to 0.6750     |          0.6000 |   0.6375 |          0.6500 |   0.6300 | 0.0368
 50% 0.025     8 |            20 | 0.6617 to 0.7975     |          0.6967 |   0.7192 |          0.7381 |   0.7188 | 0.0344
 50% 0.025    16 |            20 | 0.7841 to 0.8860     |          0.8438 |   0.8569 |          0.8710 |   0.8522 | 0.0280
 50% 0.025    20 |            20 | 0.8355 to 0.9175     |          0.8768 |   0.8867 |          0.8940 |   0.8841 | 0.0202
 50% 0.025    48 |            20 | 0.9477 to 0.9840     |          0.9639 |   0.9658 |          0.9703 |   0.9666 | 0.0094
 50% 0.025    64 |            20 | 0.9678 to 0.9908     |          0.9767 |   0.9786 |          0.9819 |   0.9788 | 0.0056
 50% 0.025    80 |            20 | 0.9713 to 0.9924     |          0.9801 |   0.9830 |          0.9865 |   0.9832 | 0.0054
 50% 0.025    96 |            20 | 0.9794 to 0.9937     |          0.9845 |   0.9865 |          0.9894 |   0.9867 | 0.0036
 50% 0.025   112 |            20 | 0.9831 to 0.9956     |          0.9862 |   0.9882 |          0.9921 |   0.9890 | 0.0037
 50% 0.025   124 |            20 | 0.9847 to 0.9951     |          0.9891 |   0.9902 |          0.9920 |   0.9903 | 0.0026
 25% 0.013     4 |            20 | 0.4000 to 0.5750     |          0.4469 |   0.4688 |          0.5281 |   0.4837 | 0.0516
 25% 0.013     8 |            20 | 0.5600 to 0.7617     |          0.6192 |   0.6546 |          0.6787 |   0.6542 | 0.0538
 25% 0.013    16 |            20 | 0.7352 to 0.8961     |          0.7957 |   0.8148 |          0.8478 |   0.8204 | 0.0383
 25% 0.013    20 |            20 | 0.8175 to 0.9086     |          0.8308 |   0.8656 |          0.8840 |   0.8623 | 0.0304
 25% 0.013    48 |            20 | 0.9505 to 0.9958     |          0.9595 |   0.9661 |          0.9682 |   0.9656 | 0.0105
 25% 0.013    64 |            20 | 0.9551 to 0.9906     |          0.9714 |   0.9768 |          0.9844 |   0.9761 | 0.0110
 25% 0.013    80 |            20 | 0.9735 to 0.9952     |          0.9821 |   0.9862 |          0.9883 |   0.9857 | 0.0063
 25% 0.013    96 |            20 | 0.9845 to 0.9980     |          0.9867 |   0.9905 |          0.9913 |   0.9897 | 0.0037
 25% 0.013   112 |            20 | 0.9838 to 0.9981     |          0.9910 |   0.9933 |          0.9961 |   0.9930 | 0.0034
 25% 0.013   124 |            20 | 0.9881 to 0.9984     |          0.9931 |   0.9950 |          0.9966 |   0.9948 | 0.0027
  0% 0.000     4 |            20 | 0.0000 to 0.0000     |          0.0000 |   0.0000 |          0.0000 |   0.0000 | 0.0000
  0% 0.000     8 |            20 | 0.0000 to 0.0000     |          0.0000 |   0.0000 |          0.0000 |   0.0000 | 0.0000
  0% 0.000    16 |            20 | 0.0000 to 0.0000     |          0.0000 |   0.0000 |          0.0000 |   0.0000 | 0.0000
  0% 0.000    20 |            20 | 0.0000 to 0.0000     |          0.0000 |   0.0000 |          0.0000 |   0.0000 | 0.0000
  0% 0.000    48 |            20 | 0.0000 to 0.0000     |          0.0000 |   0.0000 |          0.0000 |   0.0000 | 0.0000
  0% 0.000    64 |            20 | 0.0000 to 0.0000     |          0.0000 |   0.0000 |          0.0000 |   0.0000 | 0.0000
  0% 0.000    80 |            20 | 0.0000 to 0.0000     |          0.0000 |   0.0000 |          0.0000 |   0.0000 | 0.0000
  0% 0.000    96 |            20 | 0.0000 to 0.0000     |          0.0000 |   0.0000 |          0.0000 |   0.0000 | 0.0000
  0% 0.000   112 |            20 | 0.0000 to 0.0000     |          0.0000 |   0.0000 |          0.0000 |   0.0000 | 0.0000
  0% 0.000   124 |            20 | 0.0000 to 0.0000     |          0.0000 |   0.0000 |          0.0000 |   0.0000 | 0.0000
  ELAPSED TIME: 5:22:48.596334 Simulations complete. Reports and plots generated.
